   223    26     0     datakind beginning-row multi-curves
-----------------------------------------------------------------
Calculation of photoelectron diffraction and dichroism
MSCD Parallel  Version 1.37 Yufeng Chen and Michel A Van Hove
Lawrence Berkeley National Laboratory (LBNL), Berkeley, CA 94720
Copyright (c) Van Hove Group 1997-1998. All rights reserved
-----------------------------------------------------------------
 angle-resolved photoemission extended fine structure (ARPEFS)
 multiple scattering calculation of SrTiO3(100)-2p
 calculated by Yosef on Aug 26, 2024

   initial angular momentum (li) = 1   msorder=  8   raorder= 4
   photon polarization angle (polar,azimuth) =(   0.0   0.0 ) (deg)

   radius, depth and lattice constant=  10.0,  15.0 and   3.90 angstrom
   cluster size= 351 atoms and spacings=  0.62  1.25  0.55  1.29 angs
   inner potential=  8.0 V  debye and sample temperature=  71, 300 K
   number of valence electrons=   8     bandgap energy=   0.00 eV
   density of bulk=   7.87 g/cm3     molecular weight= 207.33 amu
   effective weight for kind 1-4 =   55.8   87.6   47.9   16.0 amu
   half aperture angle=    3.0 deg            pathcut=     0.0010

   photoemission azimuthal scan curves
     parameters: curve point theta phi weightc weighte
     columns: phi intensity background chical chiexp
    14   434    1   14   31  434  ncurve npoint nk ntheta nphi nangle
   1    31  14.31   33.0    1.0    0.0   ----------------------------
   41.0    1.3188e-02    1.1312e-02    1.6590e-01    3.1042e-03
   44.0    1.3583e-02    1.1312e-02    2.0082e-01    5.1422e-03
   47.0    1.3609e-02    1.1312e-02    2.0307e-01    6.0804e-03
   50.0    1.3294e-02    1.1312e-02    1.7523e-01    1.5460e-03
   53.0    1.2496e-02    1.1312e-02    1.0474e-01   -1.7336e-03
   56.0    1.1321e-02    1.1312e-02    7.7975e-04   -5.8600e-03
   59.0    9.9985e-03    1.1312e-02   -1.1609e-01   -3.2960e-03
   62.0    8.8279e-03    1.1312e-02   -2.1958e-01   -6.7164e-03
   65.0    8.1901e-03    1.1312e-02   -2.7596e-01   -7.0932e-03
   68.0    7.8356e-03    1.1312e-02   -3.0730e-01   -1.6287e-02
   71.0    8.0712e-03    1.1312e-02   -2.8647e-01   -1.1751e-02
   74.0    8.8054e-03    1.1312e-02   -2.2157e-01   -9.6650e-03
   77.0    9.9050e-03    1.1312e-02   -1.2436e-01    7.9009e-03
   80.0    1.1684e-02    1.1312e-02    3.2903e-02    8.1987e-03
   83.0    1.3743e-02    1.1312e-02    2.1490e-01    1.2098e-02
   86.0    1.5253e-02    1.1312e-02    3.4839e-01    9.3598e-03
   89.0    1.6187e-02    1.1312e-02    4.3101e-01    1.5739e-02
   92.0    1.6037e-02    1.1312e-02    4.1774e-01    1.5328e-02
   95.0    1.4676e-02    1.1312e-02    2.9740e-01    1.3618e-02
   98.0    1.2909e-02    1.1312e-02    1.4117e-01    8.7607e-03
  101.0    1.1043e-02    1.1312e-02   -2.3724e-02    1.9600e-03
  104.0    9.5226e-03    1.1312e-02   -1.5816e-01   -3.8686e-03
  107.0    8.4714e-03    1.1312e-02   -2.5110e-01   -1.4214e-02
  110.0    7.9586e-03    1.1312e-02   -2.9642e-01   -1.6803e-02
  113.0    7.9285e-03    1.1312e-02   -2.9908e-01   -1.2676e-02
  116.0    8.2640e-03    1.1312e-02   -2.6943e-01   -1.0290e-02
  119.0    9.2144e-03    1.1312e-02   -1.8541e-01   -5.8819e-03
  122.0    1.0434e-02    1.1312e-02   -7.7594e-02   -5.0908e-03
  125.0    1.1813e-02    1.1312e-02    4.4295e-02    1.9394e-03
  128.0    1.2892e-02    1.1312e-02    1.3971e-01    8.1195e-03
  131.0    1.3508e-02    1.1312e-02    1.9420e-01    1.2329e-02
   2    31  14.31   36.0    1.0    0.0   ----------------------------
   41.0    1.2163e-02    1.0791e-02    1.2712e-01   -2.7718e-03
   44.0    1.2234e-02    1.0791e-02    1.3373e-01    7.3494e-04
   47.0    1.2453e-02    1.0791e-02    1.5397e-01    6.0242e-03
   50.0    1.2561e-02    1.0791e-02    1.6401e-01    2.3029e-03
   53.0    1.2359e-02    1.0791e-02    1.4524e-01    3.8987e-03
   56.0    1.1474e-02    1.0791e-02    6.3276e-02    2.5493e-03
   59.0    1.0297e-02    1.0791e-02   -4.5828e-02   -7.2133e-04
   62.0    9.3636e-03    1.0791e-02   -1.3230e-01   -7.2975e-03
   65.0    8.6017e-03    1.0791e-02   -2.0290e-01   -1.0496e-02
   68.0    8.1711e-03    1.0791e-02   -2.4281e-01   -9.0570e-03
   71.0    7.9519e-03    1.0791e-02   -2.6312e-01   -4.9885e-03
   74.0    8.0646e-03    1.0791e-02   -2.5268e-01   -5.9065e-03
   77.0    8.7957e-03    1.0791e-02   -1.8493e-01   -1.5394e-04
   80.0    1.0178e-02    1.0791e-02   -5.6868e-02    5.6158e-03
   83.0    1.2004e-02    1.0791e-02    1.1241e-01    1.1736e-02
   86.0    1.3915e-02    1.0791e-02    2.8943e-01    1.3435e-02
   89.0    1.5244e-02    1.0791e-02    4.1259e-01    1.0596e-02
   92.0    1.5020e-02    1.0791e-02    3.9186e-01    6.7110e-03
   95.0    1.3493e-02    1.0791e-02    2.5033e-01    8.0899e-04
   98.0    1.1440e-02    1.0791e-02    6.0073e-02   -3.9120e-03
  101.0    9.7241e-03    1.0791e-02   -9.8896e-02   -7.6427e-03
  104.0    8.4905e-03    1.0791e-02   -2.1321e-01   -8.3040e-03
  107.0    8.0049e-03    1.0791e-02   -2.5820e-01   -4.3132e-03
  110.0    7.9463e-03    1.0791e-02   -2.6364e-01   -5.5952e-04
  113.0    8.3413e-03    1.0791e-02   -2.2703e-01   -4.1757e-04
  116.0    8.9506e-03    1.0791e-02   -1.7057e-01    7.1002e-04
  119.0    9.5654e-03    1.0791e-02   -1.1360e-01   -5.0513e-04
  122.0    1.0818e-02    1.0791e-02    2.5133e-03    2.3088e-03
  125.0    1.1855e-02    1.0791e-02    9.8603e-02   -6.1866e-03
  128.0    1.2441e-02    1.0791e-02    1.5283e-01   -3.1619e-03
  131.0    1.2611e-02    1.0791e-02    1.6861e-01    8.9680e-03
   3    31  14.31   39.0    1.0    0.0   ----------------------------
   41.0    1.1528e-02    1.0091e-02    1.4237e-01   -2.0056e-02
   44.0    1.1409e-02    1.0091e-02    1.3058e-01    3.7725e-03
   47.0    1.1530e-02    1.0091e-02    1.4255e-01    1.3499e-02
   50.0    1.1946e-02    1.0091e-02    1.8376e-01    1.3875e-02
   53.0    1.1887e-02    1.0091e-02    1.7798e-01    1.1491e-02
   56.0    1.1096e-02    1.0091e-02    9.9551e-02    7.1567e-03
   59.0    1.0169e-02    1.0091e-02    7.7264e-03    2.6543e-04
   62.0    9.3773e-03    1.0091e-02   -7.0746e-02   -8.5644e-03
   65.0    8.9156e-03    1.0091e-02   -1.1651e-01   -1.3468e-02
   68.0    8.3389e-03    1.0091e-02   -1.7365e-01   -1.4614e-02
   71.0    7.7428e-03    1.0091e-02   -2.3272e-01   -1.4863e-02
   74.0    7.4364e-03    1.0091e-02   -2.6309e-01   -7.4584e-03
   77.0    7.8141e-03    1.0091e-02   -2.2566e-01    1.4945e-03
   80.0    8.8166e-03    1.0091e-02   -1.2632e-01   -9.7710e-04
   83.0    1.0336e-02    1.0091e-02    2.4273e-02    2.4500e-04
   86.0    1.2361e-02    1.0091e-02    2.2495e-01    5.3324e-03
   89.0    1.3414e-02    1.0091e-02    3.2929e-01    1.9300e-02
   92.0    1.3162e-02    1.0091e-02    3.0427e-01    1.5403e-02
   95.0    1.1676e-02    1.0091e-02    1.5705e-01    8.8049e-03
   98.0    9.7337e-03    1.0091e-02   -3.5432e-02   -1.1573e-03
  101.0    8.3832e-03    1.0091e-02   -1.6926e-01   -6.7856e-04
  104.0    7.6208e-03    1.0091e-02   -2.4481e-01   -2.1186e-03
  107.0    7.4499e-03    1.0091e-02   -2.6174e-01   -2.3207e-03
  110.0    7.9144e-03    1.0091e-02   -2.1572e-01   -5.9719e-03
  113.0    8.5060e-03    1.0091e-02   -1.5709e-01   -6.5078e-03
  116.0    9.0517e-03    1.0091e-02   -1.0302e-01   -3.5371e-03
  119.0    9.6046e-03    1.0091e-02   -4.8225e-02   -3.1239e-03
  122.0    1.0314e-02    1.0091e-02    2.2049e-02   -3.7643e-03
  125.0    1.1443e-02    1.0091e-02    1.3393e-01   -6.4629e-04
  128.0    1.2023e-02    1.0091e-02    1.9142e-01    5.0128e-03
  131.0    1.1829e-02    1.0091e-02    1.7224e-01    4.1769e-03
   4    31  14.31   42.0    1.0    0.0   ----------------------------
   41.0    1.0781e-02    9.5198e-03    1.3248e-01    1.0168e-02
   44.0    1.0707e-02    9.5198e-03    1.2467e-01    8.0147e-03
   47.0    1.0764e-02    9.5198e-03    1.3071e-01    2.2814e-03
   50.0    1.1115e-02    9.5198e-03    1.6760e-01   -1.2264e-03
   53.0    1.0834e-02    9.5198e-03    1.3806e-01   -1.0988e-02
   56.0    1.0074e-02    9.5198e-03    5.8190e-02   -1.5191e-02
   59.0    9.3550e-03    9.5198e-03   -1.7312e-02   -1.5519e-02
   62.0    9.2471e-03    9.5198e-03   -2.8646e-02   -2.8253e-03
   65.0    9.2330e-03    9.5198e-03   -3.0128e-02    3.1515e-03
   68.0    8.9550e-03    9.5198e-03   -5.9329e-02    2.4601e-04
   71.0    8.1168e-03    9.5198e-03   -1.4739e-01   -3.2698e-03
   74.0    7.3471e-03    9.5198e-03   -2.2823e-01   -2.3327e-03
   77.0    7.2302e-03    9.5198e-03   -2.4051e-01    1.3429e-03
   80.0    7.9802e-03    9.5198e-03   -1.6173e-01    7.7585e-03
   83.0    9.2783e-03    9.5198e-03   -2.5375e-02    1.2038e-02
   86.0    1.0947e-02    9.5198e-03    1.4994e-01    1.3179e-02
   89.0    1.2208e-02    9.5198e-03    2.8233e-01    1.5311e-02
   92.0    1.1863e-02    9.5198e-03    2.4616e-01    1.0737e-02
   95.0    1.0391e-02    9.5198e-03    9.1557e-02    7.2184e-03
   98.0    8.7881e-03    9.5198e-03   -7.6862e-02   -4.4528e-03
  101.0    7.5714e-03    9.5198e-03   -2.0467e-01   -8.7694e-03
  104.0    7.1223e-03    9.5198e-03   -2.5185e-01   -1.0042e-02
  107.0    7.5158e-03    9.5198e-03   -2.1051e-01   -8.9936e-03
  110.0    8.4425e-03    9.5198e-03   -1.1317e-01   -3.7287e-03
  113.0    9.0868e-03    9.5198e-03   -4.5494e-02   -3.8640e-03
  116.0    9.3009e-03    9.5198e-03   -2.3001e-02   -3.2039e-03
  119.0    9.1196e-03    9.5198e-03   -4.2040e-02   -8.3227e-03
  122.0    9.5189e-03    9.5198e-03   -9.5069e-05   -4.5142e-03
  125.0    1.0375e-02    9.5198e-03    8.9818e-02   -1.8786e-03
  128.0    1.0946e-02    9.5198e-03    1.4986e-01    6.2753e-03
  131.0    1.0900e-02    9.5198e-03    1.4495e-01    1.1385e-02
   5    31  14.31   45.0    1.0    0.0   ----------------------------
   41.0    8.7447e-03    9.0876e-03   -3.7732e-02    9.6499e-03
   44.0    8.5756e-03    9.0876e-03   -5.6333e-02    9.4217e-03
   47.0    8.5320e-03    9.0876e-03   -6.1135e-02    1.5478e-03
   50.0    8.6784e-03    9.0876e-03   -4.5026e-02   -7.9220e-03
   53.0    8.8165e-03    9.0876e-03   -2.9827e-02   -1.4284e-02
   56.0    8.7482e-03    9.0876e-03   -3.7347e-02   -1.7104e-02
   59.0    8.7755e-03    9.0876e-03   -3.4338e-02   -9.4452e-03
   62.0    9.1684e-03    9.0876e-03    8.8906e-03   -1.0301e-03
   65.0    9.9139e-03    9.0876e-03    9.0928e-02    7.3621e-03
   68.0    9.8264e-03    9.0876e-03    8.1305e-02    9.3578e-03
   71.0    8.6576e-03    9.0876e-03   -4.7312e-02    9.3989e-03
   74.0    7.1638e-03    9.0876e-03   -2.1169e-01    1.3051e-03
   77.0    6.6556e-03    9.0876e-03   -2.6762e-01   -3.3701e-03
   80.0    7.4562e-03    9.0876e-03   -1.7951e-01   -4.1743e-03
   83.0    9.4187e-03    9.0876e-03    3.6433e-02    8.5349e-03
   86.0    1.1758e-02    9.0876e-03    2.9391e-01    1.1771e-02
   89.0    1.3335e-02    9.0876e-03    4.6736e-01    9.7356e-03
   92.0    1.3068e-02    9.0876e-03    4.3800e-01    5.4778e-03
   95.0    1.1122e-02    9.0876e-03    2.2387e-01   -6.3702e-03
   98.0    8.8765e-03    9.0876e-03   -2.3226e-02   -8.0644e-03
  101.0    7.1311e-03    9.0876e-03   -2.1529e-01   -8.1769e-03
  104.0    6.7464e-03    9.0876e-03   -2.5763e-01    5.6158e-04
  107.0    7.7419e-03    9.0876e-03   -1.4808e-01   -7.6727e-04
  110.0    9.2849e-03    9.0876e-03    2.1718e-02   -2.8373e-04
  113.0    9.9774e-03    9.0876e-03    9.7922e-02   -1.1060e-03
  116.0    9.6528e-03    9.0876e-03    6.2196e-02   -5.6280e-03
  119.0    9.0247e-03    9.0876e-03   -6.9185e-03   -5.4558e-03
  122.0    8.7559e-03    9.0876e-03   -3.6497e-02   -4.1155e-03
  125.0    8.7188e-03    9.0876e-03   -4.0582e-02    5.8680e-03
  128.0    8.7221e-03    9.0876e-03   -4.0221e-02    4.9522e-03
  131.0    8.6677e-03    9.0876e-03   -4.6205e-02    2.3497e-03
   6    31  14.31   48.0    1.0    0.0   ----------------------------
   41.0    7.0093e-03    8.4258e-03   -1.6812e-01    4.4107e-03
   44.0    7.0657e-03    8.4258e-03   -1.6143e-01    4.5571e-04
   47.0    7.0582e-03    8.4258e-03   -1.6232e-01   -6.2794e-04
   50.0    7.0147e-03    8.4258e-03   -1.6747e-01    1.7697e-04
   53.0    7.0327e-03    8.4258e-03   -1.6534e-01   -3.4099e-04
   56.0    7.4963e-03    8.4258e-03   -1.1032e-01   -1.5199e-03
   59.0    8.0679e-03    8.4258e-03   -4.2480e-02   -1.6011e-03
   62.0    8.6080e-03    8.4258e-03    2.1618e-02   -7.3124e-04
   65.0    9.1222e-03    8.4258e-03    8.2646e-02   -1.4101e-03
   68.0    8.8743e-03    8.4258e-03    5.3230e-02   -2.4945e-03
   71.0    7.7448e-03    8.4258e-03   -8.0828e-02   -7.3407e-03
   74.0    6.5224e-03    8.4258e-03   -2.2590e-01   -3.6318e-03
   77.0    6.2892e-03    8.4258e-03   -2.5359e-01   -3.7120e-03
   80.0    7.2146e-03    8.4258e-03   -1.4375e-01   -2.3172e-03
   83.0    9.7623e-03    8.4258e-03    1.5862e-01    3.2948e-04
   86.0    1.2738e-02    8.4258e-03    5.1177e-01    8.1627e-03
   89.0    1.4969e-02    8.4258e-03    7.7658e-01    1.6428e-02
   92.0    1.4107e-02    8.4258e-03    6.7427e-01    9.5016e-03
   95.0    1.1853e-02    8.4258e-03    4.0671e-01    1.4639e-03
   98.0    8.7303e-03    8.4258e-03    3.6141e-02   -5.1703e-04
  101.0    6.8647e-03    8.4258e-03   -1.8528e-01    3.9899e-03
  104.0    6.2416e-03    8.4258e-03   -2.5923e-01    1.2036e-03
  107.0    6.9110e-03    8.4258e-03   -1.7978e-01   -1.0791e-03
  110.0    8.2115e-03    8.4258e-03   -2.5439e-02   -7.3283e-03
  113.0    9.0973e-03    8.4258e-03    7.9687e-02   -6.0139e-03
  116.0    8.9362e-03    8.4258e-03    6.0573e-02   -7.2824e-03
  119.0    8.4177e-03    8.4258e-03   -9.6017e-04   -6.4811e-03
  122.0    7.7854e-03    8.4258e-03   -7.6005e-02   -7.1728e-03
  125.0    7.3006e-03    8.4258e-03   -1.3355e-01    1.5359e-03
  128.0    7.0901e-03    8.4258e-03   -1.5852e-01    6.8638e-03
  131.0    7.0646e-03    8.4258e-03   -1.6155e-01    7.0845e-03
   7    31  14.31   51.0    1.0    0.0   ----------------------------
   41.0    8.9955e-03    9.0014e-03   -6.5398e-04    6.2145e-04
   44.0    9.5909e-03    9.0014e-03    6.5491e-02    1.5913e-03
   47.0    9.6901e-03    9.0014e-03    7.6513e-02    4.7454e-03
   50.0    9.1238e-03    9.0014e-03    1.3591e-02    2.5249e-03
   53.0    7.8390e-03    9.0014e-03   -1.2914e-01    1.3933e-04
   56.0    7.1444e-03    9.0014e-03   -2.0631e-01   -6.0418e-03
   59.0    7.6864e-03    9.0014e-03   -1.4609e-01    1.3383e-04
   62.0    8.6517e-03    9.0014e-03   -3.8855e-02   -2.4259e-03
   65.0    8.9072e-03    9.0014e-03   -1.0468e-02   -1.1211e-03
   68.0    8.4066e-03    9.0014e-03   -6.6086e-02   -5.5489e-03
   71.0    7.6338e-03    9.0014e-03   -1.5194e-01   -5.9671e-03
   74.0    6.8395e-03    9.0014e-03   -2.4018e-01   -1.0190e-02
   77.0    6.3624e-03    9.0014e-03   -2.9318e-01   -1.0921e-02
   80.0    7.3741e-03    9.0014e-03   -1.8078e-01   -2.4093e-03
   83.0    1.0068e-02    9.0014e-03    1.1847e-01    8.7924e-03
   86.0    1.3797e-02    9.0014e-03    5.3274e-01    1.6374e-02
   89.0    1.6831e-02    9.0014e-03    8.6982e-01    1.8979e-02
   92.0    1.6016e-02    9.0014e-03    7.7932e-01    1.6052e-02
   95.0    1.2680e-02    9.0014e-03    4.0862e-01    8.1034e-03
   98.0    8.8915e-03    9.0014e-03   -1.2215e-02   -1.5129e-03
  101.0    6.7273e-03    9.0014e-03   -2.5264e-01   -3.8274e-03
  104.0    6.5082e-03    9.0014e-03   -2.7698e-01   -8.5580e-03
  107.0    7.1587e-03    9.0014e-03   -2.0471e-01   -1.0714e-02
  110.0    7.9963e-03    9.0014e-03   -1.1167e-01   -9.2765e-03
  113.0    8.6829e-03    9.0014e-03   -3.5387e-02   -3.0860e-03
  116.0    8.8227e-03    9.0014e-03   -1.9855e-02   -1.7609e-03
  119.0    8.3941e-03    9.0014e-03   -6.7465e-02   -5.8201e-03
  122.0    7.3415e-03    9.0014e-03   -1.8441e-01   -4.1373e-03
  125.0    7.2296e-03    9.0014e-03   -1.9684e-01    3.9265e-03
  128.0    8.3578e-03    9.0014e-03   -7.1503e-02    7.6448e-03
  131.0    9.2966e-03    9.0014e-03    3.2791e-02    3.6930e-03
   8    31  14.31   54.0    1.0    0.0   ----------------------------
   41.0    1.2088e-02    1.0131e-02    1.9316e-01    4.4360e-03
   44.0    1.2976e-02    1.0131e-02    2.8078e-01    2.8608e-03
   47.0    1.2898e-02    1.0131e-02    2.7306e-01   -2.3079e-04
   50.0    1.2236e-02    1.0131e-02    2.0776e-01   -1.4448e-03
   53.0    9.9821e-03    1.0131e-02   -1.4729e-02   -2.5717e-03
   56.0    7.7035e-03    1.0131e-02   -2.3964e-01   -1.3532e-03
   59.0    7.8403e-03    1.0131e-02   -2.2614e-01   -1.4179e-03
   62.0    9.2654e-03    1.0131e-02   -8.5472e-02   -4.1884e-03
   65.0    9.7789e-03    1.0131e-02   -3.4794e-02   -3.5251e-03
   68.0    9.5904e-03    1.0131e-02   -5.3399e-02    9.8855e-04
   71.0    9.5731e-03    1.0131e-02   -5.5106e-02   -1.2738e-03
   74.0    8.6081e-03    1.0131e-02   -1.5035e-01   -2.7056e-03
   77.0    7.2208e-03    1.0131e-02   -2.8729e-01   -6.9628e-03
   80.0    7.3296e-03    1.0131e-02   -2.7654e-01   -4.4340e-03
   83.0    1.0014e-02    1.0131e-02   -1.1616e-02    1.4422e-03
   86.0    1.3465e-02    1.0131e-02    3.2904e-01    7.4981e-03
   89.0    1.6008e-02    1.0131e-02    5.8004e-01    1.7688e-02
   92.0    1.5018e-02    1.0131e-02    4.8233e-01    1.3906e-02
   95.0    1.2190e-02    1.0131e-02    2.0318e-01    8.3605e-03
   98.0    8.9779e-03    1.0131e-02   -1.1385e-01   -1.9311e-03
  101.0    7.3406e-03    1.0131e-02   -2.7546e-01   -3.1866e-03
  104.0    7.6661e-03    1.0131e-02   -2.4333e-01   -6.8944e-03
  107.0    9.1759e-03    1.0131e-02   -9.4313e-02   -6.6263e-03
  110.0    9.4987e-03    1.0131e-02   -6.2452e-02   -8.4492e-03
  113.0    9.7160e-03    1.0131e-02   -4.1000e-02   -4.0497e-03
  116.0    9.8301e-03    1.0131e-02   -2.9733e-02   -2.8092e-05
  119.0    8.8490e-03    1.0131e-02   -1.2657e-01   -1.5038e-03
  122.0    7.5199e-03    1.0131e-02   -2.5776e-01   -3.2159e-03
  125.0    8.2729e-03    1.0131e-02   -1.8343e-01   -2.7408e-03
  128.0    1.0975e-02    1.0131e-02    8.3313e-02    3.6276e-03
  131.0    1.2465e-02    1.0131e-02    2.3031e-01    7.9947e-03
   9    31  14.31   57.0    1.0    0.0   ----------------------------
   41.0    1.3001e-02    1.0372e-02    2.5348e-01    1.2567e-02
   44.0    1.3482e-02    1.0372e-02    2.9983e-01    6.3767e-03
   47.0    1.3637e-02    1.0372e-02    3.1480e-01   -2.3946e-03
   50.0    1.3071e-02    1.0372e-02    2.6022e-01   -5.3885e-03
   53.0    1.0788e-02    1.0372e-02    4.0139e-02   -1.0010e-02
   56.0    7.7714e-03    1.0372e-02   -2.5074e-01   -5.7583e-03
   59.0    7.5857e-03    1.0372e-02   -2.6864e-01    1.3571e-03
   62.0    8.9565e-03    1.0372e-02   -1.3649e-01   -2.6210e-03
   65.0    9.4822e-03    1.0372e-02   -8.5799e-02   -2.8908e-03
   68.0    9.8489e-03    1.0372e-02   -5.0448e-02   -3.6587e-03
   71.0    9.7867e-03    1.0372e-02   -5.6439e-02    3.8281e-03
   74.0    9.3122e-03    1.0372e-02   -1.0219e-01   -5.7243e-03
   77.0    7.8573e-03    1.0372e-02   -2.4246e-01   -1.0366e-02
   80.0    7.2323e-03    1.0372e-02   -3.0272e-01   -1.4722e-02
   83.0    9.4833e-03    1.0372e-02   -8.5692e-02   -3.4963e-03
   86.0    1.3863e-02    1.0372e-02    3.3652e-01    1.5081e-02
   89.0    1.6164e-02    1.0372e-02    5.5844e-01    1.9431e-02
   92.0    1.5727e-02    1.0372e-02    5.1624e-01    2.3208e-02
   95.0    1.2202e-02    1.0372e-02    1.7647e-01    1.0069e-02
   98.0    8.5306e-03    1.0372e-02   -1.7755e-01    7.7529e-03
  101.0    7.0800e-03    1.0372e-02   -3.1740e-01    2.0840e-03
  104.0    8.4022e-03    1.0372e-02   -1.8993e-01    6.7137e-03
  107.0    9.5677e-03    1.0372e-02   -7.7553e-02    6.9251e-03
  110.0    9.7474e-03    1.0372e-02   -6.0234e-02   -2.2722e-03
  113.0    9.7471e-03    1.0372e-02   -6.0258e-02   -1.9696e-02
  116.0    9.3255e-03    1.0372e-02   -1.0091e-01   -2.7700e-02
  119.0    8.5406e-03    1.0372e-02   -1.7658e-01   -2.3501e-02
  122.0    7.4396e-03    1.0372e-02   -2.8273e-01   -1.2739e-02
  125.0    8.4447e-03    1.0372e-02   -1.8582e-01   -2.3082e-03
  128.0    1.1829e-02    1.0372e-02    1.4046e-01    1.2784e-02
  131.0    1.3629e-02    1.0372e-02    3.1397e-01    2.7448e-02
  10    31  14.31   60.0    1.0    0.0   ----------------------------
   41.0    1.1733e-02    9.4500e-03    2.4159e-01    1.7476e-02
   44.0    1.2265e-02    9.4500e-03    2.9789e-01    8.5832e-04
   47.0    1.2240e-02    9.4500e-03    2.9522e-01   -4.0550e-03
   50.0    1.1411e-02    9.4500e-03    2.0754e-01   -8.3646e-03
   53.0    8.8112e-03    9.4500e-03   -6.7604e-02   -5.3732e-03
   56.0    6.6532e-03    9.4500e-03   -2.9596e-01   -5.2254e-03
   59.0    7.4419e-03    9.4500e-03   -2.1250e-01    1.6761e-04
   62.0    8.6561e-03    9.4500e-03   -8.4011e-02   -2.7725e-03
   65.0    8.9052e-03    9.4500e-03   -5.7658e-02   -1.5220e-03
   68.0    8.3733e-03    9.4500e-03   -1.1394e-01   -1.3854e-03
   71.0    8.0170e-03    9.4500e-03   -1.5165e-01   -3.7772e-03
   74.0    7.5278e-03    9.4500e-03   -2.0341e-01   -7.7693e-03
   77.0    6.7404e-03    9.4500e-03   -2.8674e-01   -8.6174e-03
   80.0    6.7623e-03    9.4500e-03   -2.8441e-01   -2.4318e-03
   83.0    9.1623e-03    9.4500e-03   -3.0448e-02    1.7123e-03
   86.0    1.3530e-02    9.4500e-03    4.3177e-01    1.1890e-02
   89.0    1.6810e-02    9.4500e-03    7.7885e-01    1.9569e-02
   92.0    1.6418e-02    9.4500e-03    7.3734e-01    2.3731e-02
   95.0    1.2150e-02    9.4500e-03    2.8573e-01    1.4378e-02
   98.0    7.7631e-03    9.4500e-03   -1.7851e-01   -3.0912e-03
  101.0    6.6055e-03    9.4500e-03   -3.0101e-01   -3.3926e-03
  104.0    7.1026e-03    9.4500e-03   -2.4840e-01    1.1708e-03
  107.0    7.7600e-03    9.4500e-03   -1.7884e-01    3.5387e-04
  110.0    8.1205e-03    9.4500e-03   -1.4069e-01   -9.0578e-03
  113.0    8.5874e-03    9.4500e-03   -9.1281e-02   -1.3404e-02
  116.0    8.9604e-03    9.4500e-03   -5.1814e-02   -1.5780e-02
  119.0    8.5030e-03    9.4500e-03   -1.0022e-01   -1.4447e-02
  122.0    6.9974e-03    9.4500e-03   -2.5954e-01   -1.1050e-02
  125.0    7.1019e-03    9.4500e-03   -2.4848e-01    1.5328e-03
  128.0    9.8888e-03    9.4500e-03    4.6429e-02    9.6482e-03
  131.0    1.1952e-02    9.4500e-03    2.6475e-01    1.9248e-02
  11    31  14.31   63.0    1.0    0.0   ----------------------------
   41.0    9.0304e-03    8.1255e-03    1.1137e-01   -8.7877e-03
   44.0    9.8188e-03    8.1255e-03    2.0840e-01    6.3227e-03
   47.0    9.5091e-03    8.1255e-03    1.7029e-01    8.0485e-03
   50.0    8.6408e-03    8.1255e-03    6.3430e-02    7.4410e-03
   53.0    6.5444e-03    8.1255e-03   -1.9458e-01    1.7707e-03
   56.0    5.6725e-03    8.1255e-03   -3.0188e-01    5.6271e-04
   59.0    7.2931e-03    8.1255e-03   -1.0244e-01   -2.8608e-03
   62.0    8.7024e-03    8.1255e-03    7.1010e-02   -3.0031e-03
   65.0    8.4630e-03    8.1255e-03    4.1539e-02   -4.1783e-03
   68.0    7.6329e-03    8.1255e-03   -6.0616e-02   -7.8430e-03
   71.0    6.4486e-03    8.1255e-03   -2.0637e-01   -1.1741e-02
   74.0    5.7768e-03    8.1255e-03   -2.8905e-01   -1.8046e-02
   77.0    5.6137e-03    8.1255e-03   -3.0913e-01   -1.3212e-02
   80.0    6.2456e-03    8.1255e-03   -2.3135e-01   -1.4869e-03
   83.0    8.4667e-03    8.1255e-03    4.1991e-02    1.7330e-02
   86.0    1.2332e-02    8.1255e-03    5.1776e-01    1.8739e-02
   89.0    1.5057e-02    8.1255e-03    8.5312e-01    1.6933e-02
   92.0    1.4256e-02    8.1255e-03    7.5446e-01    1.6154e-02
   95.0    1.0785e-02    8.1255e-03    3.2730e-01    1.4303e-02
   98.0    7.4572e-03    8.1255e-03   -8.2237e-02    4.6817e-03
  101.0    5.9358e-03    8.1255e-03   -2.6948e-01   -6.1844e-03
  104.0    5.6827e-03    8.1255e-03   -3.0063e-01   -1.2680e-02
  107.0    6.0460e-03    8.1255e-03   -2.5592e-01   -1.1800e-02
  110.0    6.9106e-03    8.1255e-03   -1.4952e-01   -8.0556e-03
  113.0    7.9279e-03    8.1255e-03   -2.4315e-02   -5.4326e-03
  116.0    8.5856e-03    8.1255e-03    5.6630e-02   -1.6039e-03
  119.0    8.4530e-03    8.1255e-03    4.0307e-02   -1.0643e-02
  122.0    6.5434e-03    8.1255e-03   -1.9471e-01   -3.1777e-03
  125.0    5.7323e-03    8.1255e-03   -2.9453e-01    3.5628e-03
  128.0    7.4072e-03    8.1255e-03   -8.8395e-02    1.2397e-02
  131.0    8.9180e-03    8.1255e-03    9.7535e-02    2.5793e-03
  12    31  14.31   66.0    1.0    0.0   ----------------------------
   41.0    7.1888e-03    7.0292e-03    2.2700e-02    2.9049e-03
   44.0    7.2727e-03    7.0292e-03    3.4634e-02    3.9729e-03
   47.0    7.2126e-03    7.0292e-03    2.6085e-02    6.7514e-04
   50.0    6.9184e-03    7.0292e-03   -1.5775e-02    6.4805e-03
   53.0    6.3313e-03    7.0292e-03   -9.9293e-02   -4.3252e-03
   56.0    5.9923e-03    7.0292e-03   -1.4752e-01   -1.9809e-03
   59.0    6.5911e-03    7.0292e-03   -6.2327e-02   -6.2368e-03
   62.0    7.2270e-03    7.0292e-03    2.8129e-02   -3.0664e-03
   65.0    7.3144e-03    7.0292e-03    4.0574e-02   -3.9032e-03
   68.0    7.2764e-03    7.0292e-03    3.5160e-02   -5.7862e-03
   71.0    6.4670e-03    7.0292e-03   -7.9988e-02   -5.3670e-03
   74.0    5.4728e-03    7.0292e-03   -2.2142e-01   -7.1833e-03
   77.0    4.9639e-03    7.0292e-03   -2.9382e-01   -4.4552e-03
   80.0    5.2210e-03    7.0292e-03   -2.5725e-01   -5.9283e-03
   83.0    6.8752e-03    7.0292e-03   -2.1917e-02    1.3460e-03
   86.0    9.9703e-03    7.0292e-03    4.1840e-01    1.0590e-02
   89.0    1.2570e-02    7.0292e-03    7.8817e-01    2.2298e-02
   92.0    1.1900e-02    7.0292e-03    6.9286e-01    2.2379e-02
   95.0    8.9724e-03    7.0292e-03    2.7644e-01    1.9613e-02
   98.0    6.0371e-03    7.0292e-03   -1.4115e-01    7.4622e-03
  101.0    4.9814e-03    7.0292e-03   -2.9133e-01   -6.5072e-03
  104.0    4.9659e-03    7.0292e-03   -2.9354e-01   -1.5040e-02
  107.0    5.6506e-03    7.0292e-03   -1.9613e-01   -1.4782e-02
  110.0    6.8809e-03    7.0292e-03   -2.1107e-02   -6.6614e-03
  113.0    7.2903e-03    7.0292e-03    3.7132e-02   -1.0853e-02
  116.0    7.3391e-03    7.0292e-03    4.4084e-02   -1.1721e-02
  119.0    7.2130e-03    7.0292e-03    2.6147e-02   -5.8572e-03
  122.0    6.4120e-03    7.0292e-03   -8.7813e-02    4.4457e-03
  125.0    5.8872e-03    7.0292e-03   -1.6246e-01    6.4195e-03
  128.0    6.4544e-03    7.0292e-03   -8.1780e-02    3.9635e-03
  131.0    7.0580e-03    7.0292e-03    4.0950e-03    7.1968e-03
  13    31  14.31   69.0    1.0    0.0   ----------------------------
   41.0    7.1440e-03    6.8498e-03    4.2947e-02   -7.9901e-03
   44.0    6.8136e-03    6.8498e-03   -5.2954e-03   -7.3724e-03
   47.0    6.8179e-03    6.8498e-03   -4.6574e-03    1.5296e-04
   50.0    7.1696e-03    6.8498e-03    4.6680e-02    9.6211e-03
   53.0    6.8998e-03    6.8498e-03    7.2948e-03    1.6564e-02
   56.0    6.4038e-03    6.8498e-03   -6.5112e-02    1.2734e-02
   59.0    6.1162e-03    6.8498e-03   -1.0710e-01    1.3720e-03
   62.0    6.4221e-03    6.8498e-03   -6.2436e-02   -4.7163e-03
   65.0    7.1337e-03    6.8498e-03    4.1449e-02   -8.3311e-03
   68.0    7.6472e-03    6.8498e-03    1.1641e-01   -4.1933e-03
   71.0    6.7341e-03    6.8498e-03   -1.6889e-02   -6.9880e-03
   74.0    5.5321e-03    6.8498e-03   -1.9237e-01   -7.8850e-03
   77.0    4.9303e-03    6.8498e-03   -2.8023e-01   -1.3524e-02
   80.0    4.9526e-03    6.8498e-03   -2.7698e-01   -9.8057e-03
   83.0    6.0570e-03    6.8498e-03   -1.1574e-01   -8.7448e-04
   86.0    8.9122e-03    6.8498e-03    3.0108e-01    1.3805e-02
   89.0    1.2012e-02    6.8498e-03    7.5363e-01    1.5660e-02
   92.0    1.1140e-02    6.8498e-03    6.2632e-01    1.3352e-02
   95.0    7.7462e-03    6.8498e-03    1.3086e-01    6.1339e-03
   98.0    5.3336e-03    6.8498e-03   -2.2135e-01    1.6353e-03
  101.0    4.7626e-03    6.8498e-03   -3.0471e-01   -3.6359e-03
  104.0    5.1124e-03    6.8498e-03   -2.5365e-01   -1.4409e-02
  107.0    5.8957e-03    6.8498e-03   -1.3929e-01   -6.9738e-03
  110.0    7.2151e-03    6.8498e-03    5.3331e-02   -2.2755e-03
  113.0    7.6112e-03    6.8498e-03    1.1115e-01    6.2250e-03
  116.0    6.9242e-03    6.8498e-03    1.0862e-02    2.5650e-03
  119.0    6.1764e-03    6.8498e-03   -9.8312e-02   -1.3600e-03
  122.0    6.1636e-03    6.8498e-03   -1.0018e-01   -1.5545e-03
  125.0    6.4182e-03    6.8498e-03   -6.3013e-02    1.9677e-03
  128.0    7.0223e-03    6.8498e-03    2.5175e-02    2.5353e-03
  131.0    7.1246e-03    6.8498e-03    4.0121e-02   -2.4614e-03
  14    31  14.31   72.0    1.0    0.0   ----------------------------
   41.0    6.5965e-03    6.6586e-03   -9.3317e-03    3.5745e-03
   44.0    6.7606e-03    6.6586e-03    1.5313e-02   -6.8070e-03
   47.0    7.0348e-03    6.6586e-03    5.6497e-02   -5.6167e-03
   50.0    6.5586e-03    6.6586e-03   -1.5022e-02    1.0169e-03
   53.0    5.9288e-03    6.6586e-03   -1.0960e-01    5.0937e-03
   56.0    5.2760e-03    6.6586e-03   -2.0764e-01    7.3369e-04
   59.0    5.8933e-03    6.6586e-03   -1.1493e-01    6.2334e-03
   62.0    7.1738e-03    6.6586e-03    7.7375e-02    1.8680e-03
   65.0    8.0292e-03    6.6586e-03    2.0584e-01    5.9861e-03
   68.0    7.5636e-03    6.6586e-03    1.3592e-01    3.5472e-03
   71.0    6.4283e-03    6.6586e-03   -3.4591e-02   -7.0687e-04
   74.0    5.7258e-03    6.6586e-03   -1.4009e-01   -2.6709e-03
   77.0    5.5265e-03    6.6586e-03   -1.7002e-01   -7.6318e-03
   80.0    4.9841e-03    6.6586e-03   -2.5148e-01   -1.2854e-02
   83.0    5.1859e-03    6.6586e-03   -2.2116e-01   -1.2782e-02
   86.0    8.3727e-03    6.6586e-03    2.5743e-01   -7.9746e-03
   89.0    1.1082e-02    6.6586e-03    6.6434e-01    1.0228e-02
   92.0    1.0559e-02    6.6586e-03    5.8576e-01    9.7405e-03
   95.0    7.0290e-03    6.6586e-03    5.5630e-02    1.4480e-02
   98.0    4.9864e-03    6.6586e-03   -2.5114e-01    2.3736e-03
  101.0    5.0487e-03    6.6586e-03   -2.4177e-01    6.2240e-04
  104.0    5.6405e-03    6.6586e-03   -1.5290e-01   -6.1356e-04
  107.0    5.9022e-03    6.6586e-03   -1.1360e-01   -2.5014e-03
  110.0    6.7404e-03    6.6586e-03    1.2278e-02    1.0862e-04
  113.0    7.8678e-03    6.6586e-03    1.8161e-01   -2.9866e-03
  116.0    7.7662e-03    6.6586e-03    1.6634e-01    6.4786e-04
  119.0    6.7359e-03    6.6586e-03    1.1612e-02   -4.2252e-03
  122.0    5.6158e-03    6.6586e-03   -1.5661e-01   -1.2407e-03
  125.0    5.4314e-03    6.6586e-03   -1.8431e-01   -1.8618e-03
  128.0    6.1692e-03    6.6586e-03   -7.3500e-02    3.0257e-03
  131.0    6.8034e-03    6.6586e-03    2.1741e-02    1.1886e-03

fitted parameters ( nfit =  0  nfollow =  0  )

   r-factora =    0.9511   r-factorb =    0.9973

    0     8.00     71.0    3.905           general vinner tdebye lattice
    1  0.15800  0.70711  0.73405  0.73405  layer spacing length units
    2  0.32000  0.50000  0.73405  0.73405  layer spacing length units
    3  0.14000  0.70711  0.73405  0.73405  layer spacing length units
    4  0.33000  0.50000  0.73405  0.73405  layer spacing length units
    5  0.14000  0.70711  0.73405  0.73405  layer spacing length units
    6  0.35699  0.50000  0.73405  0.73405  layer spacing length units
    7  0.15800  0.70711  0.73405  0.73405  layer spacing length units
    8  0.35699  0.50000  0.63700  0.63700  layer spacing length units
    9  0.05900  2.91548  2.23607  2.23607  layer spacing length units
   10  0.39500  0.50000  1.00000  1.00000  layer spacing length units
   11  0.00000  0.50000  1.00000  1.00000  layer spacing length units
   12  0.00000  0.00000  1.00000  1.00000  layer spacing length units
   13  0.49730  0.70711  1.00000  1.00000  layer spacing length units
   14  0.00000  0.00000  1.00000  1.00000  layer spacing length units
   15  0.50615  0.00000  1.00000  1.00000  layer spacing length units
   16  0.00000  0.50000  1.00000  1.00000  layer spacing length units
   17  0.00000  0.50000  1.00000  1.00000  layer spacing length units
                                           unit: lattice constant

   r-factora=sum((chic-chie)*(chic-chie))/(sum(chic*chic+chie*chie)
   r-factorb=sum(chic*chic-chie*chie)/sum(chic*chic+chie*chie)

This calculation took  120 processor minutes on   10 Linux Cluster
     starting on Mon Aug 26 17:04:12 2024
   and ending on Mon Aug 26 17:16:12 2024

