   223    26     0     datakind beginning-row multi-curves
-----------------------------------------------------------------
Calculation of photoelectron diffraction and dichroism
MSCD Parallel  Version 1.37 Yufeng Chen and Michel A Van Hove
Lawrence Berkeley National Laboratory (LBNL), Berkeley, CA 94720
Copyright (c) Van Hove Group 1997-1998. All rights reserved
-----------------------------------------------------------------
 angle-resolved photoemission extended fine structure (ARPEFS)
 multiple scattering calculation of SrTiO3(100)-2p
 calculated by Yosef on Aug 19, 2024

   initial angular momentum (li) = 1   msorder=  8   raorder= 4
   photon polarization angle (polar,azimuth) =(   0.0   0.0 ) (deg)

   radius, depth and lattice constant=  10.0,  15.0 and   3.90 angstrom
   cluster size= 411 atoms and spacings=  0.00  0.00  1.80  1.52 angs
   inner potential=  8.0 V  debye and sample temperature= 162, 300 K
   number of valence electrons=   8     bandgap energy=   1.80 eV
   density of bulk=   7.87 g/cm3     molecular weight= 207.33 amu
   effective weight for kind 1-4 =   55.8   87.6   47.9   16.0 amu
   half aperture angle=    3.0 deg            pathcut=     0.0010

   photoemission azimuthal scan curves
     parameters: curve point theta phi weightc weighte
     columns: phi intensity background chical chiexp
    14   434    1   14   31  434  ncurve npoint nk ntheta nphi nangle
   1    31  14.31   33.0    1.0    0.0   ----------------------------
   41.0    1.6419e-02    1.3237e-02    2.4038e-01    3.1042e-03
   44.0    1.6956e-02    1.3237e-02    2.8090e-01    5.1422e-03
   47.0    1.6284e-02    1.3237e-02    2.3015e-01    6.0804e-03
   50.0    1.5173e-02    1.3237e-02    1.4625e-01    1.5460e-03
   53.0    1.3365e-02    1.3237e-02    9.6353e-03   -1.7336e-03
   56.0    1.1557e-02    1.3237e-02   -1.2696e-01   -5.8600e-03
   59.0    1.0004e-02    1.3237e-02   -2.4423e-01   -3.2960e-03
   62.0    8.9594e-03    1.3237e-02   -3.2318e-01   -6.7164e-03
   65.0    8.5784e-03    1.3237e-02   -3.5196e-01   -7.0932e-03
   68.0    8.3584e-03    1.3237e-02   -3.6858e-01   -1.6287e-02
   71.0    8.7377e-03    1.3237e-02   -3.3992e-01   -1.1751e-02
   74.0    1.0412e-02    1.3237e-02   -2.1345e-01   -9.6650e-03
   77.0    1.2728e-02    1.3237e-02   -3.8516e-02    7.9009e-03
   80.0    1.5065e-02    1.3237e-02    1.3803e-01    8.1987e-03
   83.0    1.7489e-02    1.3237e-02    3.2119e-01    1.2098e-02
   86.0    1.9598e-02    1.3237e-02    4.8047e-01    9.3598e-03
   89.0    2.0910e-02    1.3237e-02    5.7963e-01    1.5739e-02
   92.0    2.0583e-02    1.3237e-02    5.5493e-01    1.5328e-02
   95.0    1.8697e-02    1.3237e-02    4.1244e-01    1.3618e-02
   98.0    1.6800e-02    1.3237e-02    2.6912e-01    8.7607e-03
  101.0    1.4241e-02    1.3237e-02    7.5832e-02    1.9600e-03
  104.0    1.2043e-02    1.3237e-02   -9.0256e-02   -3.8686e-03
  107.0    9.8536e-03    1.3237e-02   -2.5562e-01   -1.4214e-02
  110.0    8.7501e-03    1.3237e-02   -3.3898e-01   -1.6803e-02
  113.0    8.4097e-03    1.3237e-02   -3.6470e-01   -1.2676e-02
  116.0    8.6102e-03    1.3237e-02   -3.4955e-01   -1.0290e-02
  119.0    9.2676e-03    1.3237e-02   -2.9989e-01   -5.8819e-03
  122.0    1.0584e-02    1.3237e-02   -2.0043e-01   -5.0908e-03
  125.0    1.2121e-02    1.3237e-02   -8.4361e-02    1.9394e-03
  128.0    1.4051e-02    1.3237e-02    6.1485e-02    8.1195e-03
  131.0    1.5754e-02    1.3237e-02    1.9012e-01    1.2329e-02
   2    31  14.31   36.0    1.0    0.0   ----------------------------
   41.0    1.4652e-02    1.2310e-02    1.9028e-01   -2.7718e-03
   44.0    1.4068e-02    1.2310e-02    1.4286e-01    7.3494e-04
   47.0    1.4171e-02    1.2310e-02    1.5120e-01    6.0242e-03
   50.0    1.4643e-02    1.2310e-02    1.8953e-01    2.3029e-03
   53.0    1.4033e-02    1.2310e-02    1.4002e-01    3.8987e-03
   56.0    1.2498e-02    1.2310e-02    1.5276e-02    2.5493e-03
   59.0    1.0736e-02    1.2310e-02   -1.2786e-01   -7.2133e-04
   62.0    8.8869e-03    1.2310e-02   -2.7805e-01   -7.2975e-03
   65.0    8.1027e-03    1.2310e-02   -3.4176e-01   -1.0496e-02
   68.0    7.8269e-03    1.2310e-02   -3.6417e-01   -9.0570e-03
   71.0    8.3400e-03    1.2310e-02   -3.2248e-01   -4.9885e-03
   74.0    9.5176e-03    1.2310e-02   -2.2682e-01   -5.9065e-03
   77.0    1.1277e-02    1.2310e-02   -8.3871e-02   -1.5394e-04
   80.0    1.3202e-02    1.2310e-02    7.2520e-02    5.6158e-03
   83.0    1.5456e-02    1.2310e-02    2.5560e-01    1.1736e-02
   86.0    1.6934e-02    1.2310e-02    3.7565e-01    1.3435e-02
   89.0    1.8437e-02    1.2310e-02    4.9777e-01    1.0596e-02
   92.0    1.8109e-02    1.2310e-02    4.7108e-01    6.7110e-03
   95.0    1.6777e-02    1.2310e-02    3.6290e-01    8.0899e-04
   98.0    1.4862e-02    1.2310e-02    2.0735e-01   -3.9120e-03
  101.0    1.2466e-02    1.2310e-02    1.2689e-02   -7.6427e-03
  104.0    1.0678e-02    1.2310e-02   -1.3252e-01   -8.3040e-03
  107.0    8.8557e-03    1.2310e-02   -2.8058e-01   -4.3132e-03
  110.0    8.2335e-03    1.2310e-02   -3.3113e-01   -5.5952e-04
  113.0    7.8350e-03    1.2310e-02   -3.6351e-01   -4.1757e-04
  116.0    8.2467e-03    1.2310e-02   -3.3006e-01    7.1002e-04
  119.0    9.4551e-03    1.2310e-02   -2.3189e-01   -5.0513e-04
  122.0    1.1469e-02    1.2310e-02   -6.8312e-02    2.3088e-03
  125.0    1.3110e-02    1.2310e-02    6.5048e-02   -6.1866e-03
  128.0    1.4274e-02    1.2310e-02    1.5957e-01   -3.1619e-03
  131.0    1.4447e-02    1.2310e-02    1.7367e-01    8.9680e-03
   3    31  14.31   39.0    1.0    0.0   ----------------------------
   41.0    1.4248e-02    1.3036e-02    9.3020e-02   -2.0056e-02
   44.0    1.3728e-02    1.3036e-02    5.3079e-02    3.7725e-03
   47.0    1.3929e-02    1.3036e-02    6.8513e-02    1.3499e-02
   50.0    1.4820e-02    1.3036e-02    1.3691e-01    1.3875e-02
   53.0    1.4519e-02    1.3036e-02    1.1375e-01    1.1491e-02
   56.0    1.2949e-02    1.3036e-02   -6.6426e-03    7.1567e-03
   59.0    1.0913e-02    1.3036e-02   -1.6287e-01    2.6543e-04
   62.0    9.5080e-03    1.3036e-02   -2.7062e-01   -8.5644e-03
   65.0    9.0764e-03    1.3036e-02   -3.0373e-01   -1.3468e-02
   68.0    8.7723e-03    1.3036e-02   -3.2705e-01   -1.4614e-02
   71.0    9.0658e-03    1.3036e-02   -3.0454e-01   -1.4863e-02
   74.0    1.0267e-02    1.3036e-02   -2.1243e-01   -7.4584e-03
   77.0    1.1887e-02    1.3036e-02   -8.8156e-02    1.4945e-03
   80.0    1.3446e-02    1.3036e-02    3.1471e-02   -9.7710e-04
   83.0    1.6804e-02    1.3036e-02    2.8912e-01    2.4500e-04
   86.0    1.9148e-02    1.3036e-02    4.6888e-01    5.3324e-03
   89.0    2.0879e-02    1.3036e-02    6.0172e-01    1.9300e-02
   92.0    2.0461e-02    1.3036e-02    5.6958e-01    1.5403e-02
   95.0    1.8272e-02    1.3036e-02    4.0171e-01    8.8049e-03
   98.0    1.5580e-02    1.3036e-02    1.9516e-01   -1.1573e-03
  101.0    1.3312e-02    1.3036e-02    2.1171e-02   -6.7856e-04
  104.0    1.1454e-02    1.3036e-02   -1.2137e-01   -2.1186e-03
  107.0    9.4666e-03    1.3036e-02   -2.7380e-01   -2.3207e-03
  110.0    9.2162e-03    1.3036e-02   -2.9300e-01   -5.9719e-03
  113.0    8.8111e-03    1.3036e-02   -3.2408e-01   -6.5078e-03
  116.0    9.1480e-03    1.3036e-02   -2.9823e-01   -3.5371e-03
  119.0    9.9181e-03    1.3036e-02   -2.3916e-01   -3.1239e-03
  122.0    1.1575e-02    1.3036e-02   -1.1203e-01   -3.7643e-03
  125.0    1.3617e-02    1.3036e-02    4.4602e-02   -6.4629e-04
  128.0    1.4757e-02    1.3036e-02    1.3204e-01    5.0128e-03
  131.0    1.4560e-02    1.3036e-02    1.1696e-01    4.1769e-03
   4    31  14.31   42.0    1.0    0.0   ----------------------------
   41.0    1.5059e-02    1.4206e-02    6.0060e-02    1.0168e-02
   44.0    1.4853e-02    1.4206e-02    4.5516e-02    8.0147e-03
   47.0    1.4983e-02    1.4206e-02    5.4708e-02    2.2814e-03
   50.0    1.6088e-02    1.4206e-02    1.3249e-01   -1.2264e-03
   53.0    1.5693e-02    1.4206e-02    1.0468e-01   -1.0988e-02
   56.0    1.3502e-02    1.4206e-02   -4.9544e-02   -1.5191e-02
   59.0    1.1827e-02    1.4206e-02   -1.6749e-01   -1.5519e-02
   62.0    1.0913e-02    1.4206e-02   -2.3178e-01   -2.8253e-03
   65.0    1.0163e-02    1.4206e-02   -2.8457e-01    3.1515e-03
   68.0    8.9043e-03    1.4206e-02   -3.7320e-01    2.4601e-04
   71.0    9.6810e-03    1.4206e-02   -3.1853e-01   -3.2698e-03
   74.0    1.1429e-02    1.4206e-02   -1.9552e-01   -2.3327e-03
   77.0    1.3412e-02    1.4206e-02   -5.5887e-02    1.3429e-03
   80.0    1.5120e-02    1.4206e-02    6.4359e-02    7.7585e-03
   83.0    1.7911e-02    1.4206e-02    2.6078e-01    1.2038e-02
   86.0    2.1040e-02    1.4206e-02    4.8109e-01    1.3179e-02
   89.0    2.3529e-02    1.4206e-02    6.5629e-01    1.5311e-02
   92.0    2.3147e-02    1.4206e-02    6.2934e-01    1.0737e-02
   95.0    2.0303e-02    1.4206e-02    4.2918e-01    7.2184e-03
   98.0    1.6533e-02    1.4206e-02    1.6379e-01   -4.4528e-03
  101.0    1.4468e-02    1.4206e-02    1.8422e-02   -8.7694e-03
  104.0    1.2421e-02    1.4206e-02   -1.2566e-01   -1.0042e-02
  107.0    1.0378e-02    1.4206e-02   -2.6948e-01   -8.9936e-03
  110.0    9.4025e-03    1.4206e-02   -3.3813e-01   -3.7287e-03
  113.0    9.2252e-03    1.4206e-02   -3.5062e-01   -3.8640e-03
  116.0    1.0591e-02    1.4206e-02   -2.5446e-01   -3.2039e-03
  119.0    1.1102e-02    1.4206e-02   -2.1851e-01   -8.3227e-03
  122.0    1.2228e-02    1.4206e-02   -1.3926e-01   -4.5142e-03
  125.0    1.4490e-02    1.4206e-02    1.9976e-02   -1.8786e-03
  128.0    1.6184e-02    1.4206e-02    1.3926e-01    6.2753e-03
  131.0    1.5807e-02    1.4206e-02    1.1271e-01    1.1385e-02
   5    31  14.31   45.0    1.0    0.0   ----------------------------
   41.0    1.3477e-02    1.2925e-02    4.2675e-02    9.6499e-03
   44.0    1.3843e-02    1.2925e-02    7.1046e-02    9.4217e-03
   47.0    1.3328e-02    1.2925e-02    3.1201e-02    1.5478e-03
   50.0    1.3162e-02    1.2925e-02    1.8301e-02   -7.9220e-03
   53.0    1.2640e-02    1.2925e-02   -2.2064e-02   -1.4284e-02
   56.0    1.1342e-02    1.2925e-02   -1.2248e-01   -1.7104e-02
   59.0    1.0919e-02    1.2925e-02   -1.5519e-01   -9.4452e-03
   62.0    1.1268e-02    1.2925e-02   -1.2818e-01   -1.0301e-03
   65.0    1.0798e-02    1.2925e-02   -1.6460e-01    7.3621e-03
   68.0    9.8397e-03    1.2925e-02   -2.3871e-01    9.3578e-03
   71.0    1.0338e-02    1.2925e-02   -2.0016e-01    9.3989e-03
   74.0    1.0467e-02    1.2925e-02   -1.9016e-01    1.3051e-03
   77.0    1.1526e-02    1.2925e-02   -1.0826e-01   -3.3701e-03
   80.0    1.3044e-02    1.2925e-02    9.2161e-03   -4.1743e-03
   83.0    1.5583e-02    1.2925e-02    2.0567e-01    8.5349e-03
   86.0    1.9544e-02    1.2925e-02    5.1210e-01    1.1771e-02
   89.0    2.1559e-02    1.2925e-02    6.6802e-01    9.7356e-03
   92.0    2.1064e-02    1.2925e-02    6.2972e-01    5.4778e-03
   95.0    1.8163e-02    1.2925e-02    4.0528e-01   -6.3702e-03
   98.0    1.4577e-02    1.2925e-02    1.2781e-01   -8.0644e-03
  101.0    1.2278e-02    1.2925e-02   -5.0082e-02   -8.1769e-03
  104.0    1.1088e-02    1.2925e-02   -1.4216e-01    5.6158e-04
  107.0    9.8107e-03    1.2925e-02   -2.4096e-01   -7.6727e-04
  110.0    9.9855e-03    1.2925e-02   -2.2743e-01   -2.8373e-04
  113.0    1.0197e-02    1.2925e-02   -2.1107e-01   -1.1060e-03
  116.0    1.0984e-02    1.2925e-02   -1.5019e-01   -5.6280e-03
  119.0    1.1133e-02    1.2925e-02   -1.3865e-01   -5.4558e-03
  122.0    1.0891e-02    1.2925e-02   -1.5737e-01   -4.1155e-03
  125.0    1.1917e-02    1.2925e-02   -7.7962e-02    5.8680e-03
  128.0    1.2936e-02    1.2925e-02    8.1193e-04    4.9522e-03
  131.0    1.2974e-02    1.2925e-02    3.8072e-03    2.3497e-03
   6    31  14.31   48.0    1.0    0.0   ----------------------------
   41.0    1.2176e-02    1.2787e-02   -4.7740e-02    4.4107e-03
   44.0    1.3171e-02    1.2787e-02    3.0004e-02    4.5571e-04
   47.0    1.2344e-02    1.2787e-02   -3.4629e-02   -6.2794e-04
   50.0    1.2836e-02    1.2787e-02    3.8096e-03    1.7697e-04
   53.0    1.2714e-02    1.2787e-02   -5.6799e-03   -3.4099e-04
   56.0    1.1596e-02    1.2787e-02   -9.3107e-02   -1.5199e-03
   59.0    1.0658e-02    1.2787e-02   -1.6647e-01   -1.6011e-03
   62.0    1.1059e-02    1.2787e-02   -1.3513e-01   -7.3124e-04
   65.0    1.1713e-02    1.2787e-02   -8.3989e-02   -1.4101e-03
   68.0    1.1570e-02    1.2787e-02   -9.5193e-02   -2.4945e-03
   71.0    1.1130e-02    1.2787e-02   -1.2959e-01   -7.3407e-03
   74.0    1.0551e-02    1.2787e-02   -1.7488e-01   -3.6318e-03
   77.0    1.1258e-02    1.2787e-02   -1.1957e-01   -3.7120e-03
   80.0    1.2579e-02    1.2787e-02   -1.6229e-02   -2.3172e-03
   83.0    1.4682e-02    1.2787e-02    1.4819e-01    3.2948e-04
   86.0    1.7923e-02    1.2787e-02    4.0169e-01    8.1627e-03
   89.0    1.9876e-02    1.2787e-02    5.5439e-01    1.6428e-02
   92.0    1.9528e-02    1.2787e-02    5.2721e-01    9.5016e-03
   95.0    1.7007e-02    1.2787e-02    3.3000e-01    1.4639e-03
   98.0    1.4068e-02    1.2787e-02    1.0017e-01   -5.1703e-04
  101.0    1.1932e-02    1.2787e-02   -6.6822e-02    3.9899e-03
  104.0    1.0849e-02    1.2787e-02   -1.5157e-01    1.2036e-03
  107.0    1.0361e-02    1.2787e-02   -1.8968e-01   -1.0791e-03
  110.0    1.1512e-02    1.2787e-02   -9.9664e-02   -7.3283e-03
  113.0    1.1741e-02    1.2787e-02   -8.1782e-02   -6.0139e-03
  116.0    1.1590e-02    1.2787e-02   -9.3586e-02   -7.2824e-03
  119.0    1.1189e-02    1.2787e-02   -1.2494e-01   -6.4811e-03
  122.0    1.0702e-02    1.2787e-02   -1.6305e-01   -7.1728e-03
  125.0    1.2246e-02    1.2787e-02   -4.2297e-02    1.5359e-03
  128.0    1.3030e-02    1.2787e-02    1.8996e-02    6.8638e-03
  131.0    1.2802e-02    1.2787e-02    1.1575e-03    7.0845e-03
   7    31  14.31   51.0    1.0    0.0   ----------------------------
   41.0    1.2512e-02    1.4207e-02   -1.1934e-01    6.2145e-04
   44.0    1.4039e-02    1.4207e-02   -1.1856e-02    1.5913e-03
   47.0    1.3853e-02    1.4207e-02   -2.4931e-02    4.7454e-03
   50.0    1.4556e-02    1.4207e-02    2.4566e-02    2.5249e-03
   53.0    1.5700e-02    1.4207e-02    1.0510e-01    1.3933e-04
   56.0    1.4224e-02    1.4207e-02    1.2093e-03   -6.0418e-03
   59.0    1.2260e-02    1.4207e-02   -1.3707e-01    1.3383e-04
   62.0    1.1216e-02    1.4207e-02   -2.1050e-01   -2.4259e-03
   65.0    1.0693e-02    1.4207e-02   -2.4733e-01   -1.1211e-03
   68.0    1.1201e-02    1.4207e-02   -2.1158e-01   -5.5489e-03
   71.0    1.1607e-02    1.4207e-02   -1.8299e-01   -5.9671e-03
   74.0    1.2068e-02    1.4207e-02   -1.5057e-01   -1.0190e-02
   77.0    1.2709e-02    1.4207e-02   -1.0544e-01   -1.0921e-02
   80.0    1.4295e-02    1.4207e-02    6.2182e-03   -2.4093e-03
   83.0    1.6858e-02    1.4207e-02    1.8661e-01    8.7924e-03
   86.0    2.0796e-02    1.4207e-02    4.6380e-01    1.6374e-02
   89.0    2.2780e-02    1.4207e-02    6.0343e-01    1.8979e-02
   92.0    2.2211e-02    1.4207e-02    5.6342e-01    1.6052e-02
   95.0    1.9913e-02    1.4207e-02    4.0160e-01    8.1034e-03
   98.0    1.6093e-02    1.4207e-02    1.3273e-01   -1.5129e-03
  101.0    1.3717e-02    1.4207e-02   -3.4521e-02   -3.8274e-03
  104.0    1.2659e-02    1.4207e-02   -1.0898e-01   -8.5580e-03
  107.0    1.1869e-02    1.4207e-02   -1.6456e-01   -1.0714e-02
  110.0    1.1483e-02    1.4207e-02   -1.9172e-01   -9.2765e-03
  113.0    1.1119e-02    1.4207e-02   -2.1733e-01   -3.0860e-03
  116.0    1.0719e-02    1.4207e-02   -2.4555e-01   -1.7609e-03
  119.0    1.1337e-02    1.4207e-02   -2.0204e-01   -5.8201e-03
  122.0    1.2818e-02    1.4207e-02   -9.7754e-02   -4.1373e-03
  125.0    1.5335e-02    1.4207e-02    7.9368e-02    3.9265e-03
  128.0    1.5620e-02    1.4207e-02    9.9442e-02    7.6448e-03
  131.0    1.4158e-02    1.4207e-02   -3.4572e-03    3.6930e-03
   8    31  14.31   54.0    1.0    0.0   ----------------------------
   41.0    1.4561e-02    1.3341e-02    9.1430e-02    4.4360e-03
   44.0    1.5410e-02    1.3341e-02    1.5507e-01    2.8608e-03
   47.0    1.5107e-02    1.3341e-02    1.3239e-01   -2.3079e-04
   50.0    1.4488e-02    1.3341e-02    8.5946e-02   -1.4448e-03
   53.0    1.3025e-02    1.3341e-02   -2.3729e-02   -2.5717e-03
   56.0    1.1588e-02    1.3341e-02   -1.3140e-01   -1.3532e-03
   59.0    1.1134e-02    1.3341e-02   -1.6548e-01   -1.4179e-03
   62.0    1.1012e-02    1.3341e-02   -1.7461e-01   -4.1884e-03
   65.0    1.0207e-02    1.3341e-02   -2.3496e-01   -3.5251e-03
   68.0    1.0984e-02    1.3341e-02   -1.7669e-01    9.8855e-04
   71.0    1.2672e-02    1.3341e-02   -5.0162e-02   -1.2738e-03
   74.0    1.2292e-02    1.3341e-02   -7.8643e-02   -2.7056e-03
   77.0    1.1551e-02    1.3341e-02   -1.3419e-01   -6.9628e-03
   80.0    1.2558e-02    1.3341e-02   -5.8710e-02   -4.4340e-03
   83.0    1.4733e-02    1.3341e-02    1.0430e-01    1.4422e-03
   86.0    1.8545e-02    1.3341e-02    3.9007e-01    7.4981e-03
   89.0    2.0950e-02    1.3341e-02    5.7032e-01    1.7688e-02
   92.0    2.0308e-02    1.3341e-02    5.2222e-01    1.3906e-02
   95.0    1.7144e-02    1.3341e-02    2.8502e-01    8.3605e-03
   98.0    1.3811e-02    1.3341e-02    3.5223e-02   -1.9311e-03
  101.0    1.1653e-02    1.3341e-02   -1.2654e-01   -3.1866e-03
  104.0    1.1759e-02    1.3341e-02   -1.1857e-01   -6.8944e-03
  107.0    1.2207e-02    1.3341e-02   -8.4987e-02   -6.6263e-03
  110.0    1.2113e-02    1.3341e-02   -9.2069e-02   -8.4492e-03
  113.0    1.0496e-02    1.3341e-02   -2.1325e-01   -4.0497e-03
  116.0    1.0304e-02    1.3341e-02   -2.2765e-01   -2.8092e-05
  119.0    1.0979e-02    1.3341e-02   -1.7709e-01   -1.5038e-03
  122.0    1.1506e-02    1.3341e-02   -1.3756e-01   -3.2159e-03
  125.0    1.2212e-02    1.3341e-02   -8.4641e-02   -2.7408e-03
  128.0    1.3431e-02    1.3341e-02    6.7346e-03    3.6276e-03
  131.0    1.4838e-02    1.3341e-02    1.1222e-01    7.9947e-03
   9    31  14.31   57.0    1.0    0.0   ----------------------------
   41.0    1.7970e-02    1.3287e-02    3.5244e-01    1.2567e-02
   44.0    1.9111e-02    1.3287e-02    4.3829e-01    6.3767e-03
   47.0    1.7695e-02    1.3287e-02    3.3169e-01   -2.3946e-03
   50.0    1.3992e-02    1.3287e-02    5.3029e-02   -5.3885e-03
   53.0    1.0967e-02    1.3287e-02   -1.7461e-01   -1.0010e-02
   56.0    1.0114e-02    1.3287e-02   -2.3880e-01   -5.7583e-03
   59.0    1.0250e-02    1.3287e-02   -2.2860e-01    1.3571e-03
   62.0    9.7118e-03    1.3287e-02   -2.6909e-01   -2.6210e-03
   65.0    9.9618e-03    1.3287e-02   -2.5027e-01   -2.8908e-03
   68.0    1.0925e-02    1.3287e-02   -1.7780e-01   -3.6587e-03
   71.0    1.1575e-02    1.3287e-02   -1.2889e-01    3.8281e-03
   74.0    1.0074e-02    1.3287e-02   -2.4183e-01   -5.7243e-03
   77.0    9.4084e-03    1.3287e-02   -2.9192e-01   -1.0366e-02
   80.0    1.0878e-02    1.3287e-02   -1.8130e-01   -1.4722e-02
   83.0    1.5913e-02    1.3287e-02    1.9762e-01   -3.4963e-03
   86.0    2.1417e-02    1.3287e-02    6.1183e-01    1.5081e-02
   89.0    2.4938e-02    1.3287e-02    8.7683e-01    1.9431e-02
   92.0    2.3607e-02    1.3287e-02    7.7670e-01    2.3208e-02
   95.0    1.9796e-02    1.3287e-02    4.8983e-01    1.0069e-02
   98.0    1.3835e-02    1.3287e-02    4.1185e-02    7.7529e-03
  101.0    1.0125e-02    1.3287e-02   -2.3796e-01    2.0840e-03
  104.0    9.4452e-03    1.3287e-02   -2.8916e-01    6.7137e-03
  107.0    1.0423e-02    1.3287e-02   -2.1557e-01    6.9251e-03
  110.0    1.1696e-02    1.3287e-02   -1.1975e-01   -2.2722e-03
  113.0    1.1086e-02    1.3287e-02   -1.6565e-01   -1.9696e-02
  116.0    9.9644e-03    1.3287e-02   -2.5008e-01   -2.7700e-02
  119.0    9.9616e-03    1.3287e-02   -2.5029e-01   -2.3501e-02
  122.0    1.0134e-02    1.3287e-02   -2.3732e-01   -1.2739e-02
  125.0    1.0027e-02    1.3287e-02   -2.4536e-01   -2.3082e-03
  128.0    1.1678e-02    1.3287e-02   -1.2113e-01    1.2784e-02
  131.0    1.5226e-02    1.3287e-02    1.4592e-01    2.7448e-02
  10    31  14.31   60.0    1.0    0.0   ----------------------------
   41.0    1.6471e-02    1.2968e-02    2.7015e-01    1.7476e-02
   44.0    1.7237e-02    1.2968e-02    3.2926e-01    8.5832e-04
   47.0    1.5683e-02    1.2968e-02    2.0939e-01   -4.0550e-03
   50.0    1.3421e-02    1.2968e-02    3.4976e-02   -8.3646e-03
   53.0    1.2881e-02    1.2968e-02   -6.6538e-03   -5.3732e-03
   56.0    1.1785e-02    1.2968e-02   -9.1229e-02   -5.2254e-03
   59.0    1.0960e-02    1.2968e-02   -1.5480e-01    1.6761e-04
   62.0    1.0233e-02    1.2968e-02   -2.1091e-01   -2.7725e-03
   65.0    9.2461e-03    1.2968e-02   -2.8698e-01   -1.5220e-03
   68.0    9.9537e-03    1.2968e-02   -2.3242e-01   -1.3854e-03
   71.0    9.5375e-03    1.2968e-02   -2.6451e-01   -3.7772e-03
   74.0    9.0438e-03    1.2968e-02   -3.0258e-01   -7.7693e-03
   77.0    8.1479e-03    1.2968e-02   -3.7167e-01   -8.6174e-03
   80.0    1.0190e-02    1.2968e-02   -2.1419e-01   -2.4318e-03
   83.0    1.7000e-02    1.2968e-02    3.1093e-01    1.7123e-03
   86.0    2.2195e-02    1.2968e-02    7.1159e-01    1.1890e-02
   89.0    2.3507e-02    1.2968e-02    8.1275e-01    1.9569e-02
   92.0    2.3277e-02    1.2968e-02    7.9499e-01    2.3731e-02
   95.0    2.1080e-02    1.2968e-02    6.2562e-01    1.4378e-02
   98.0    1.4419e-02    1.2968e-02    1.1190e-01   -3.0912e-03
  101.0    9.0776e-03    1.2968e-02   -2.9997e-01   -3.3926e-03
  104.0    8.2154e-03    1.2968e-02   -3.6647e-01    1.1708e-03
  107.0    8.8652e-03    1.2968e-02   -3.1635e-01    3.5387e-04
  110.0    9.7176e-03    1.2968e-02   -2.5062e-01   -9.0578e-03
  113.0    9.8312e-03    1.2968e-02   -2.4186e-01   -1.3404e-02
  116.0    9.3773e-03    1.2968e-02   -2.7687e-01   -1.5780e-02
  119.0    1.0474e-02    1.2968e-02   -1.9226e-01   -1.4447e-02
  122.0    1.0943e-02    1.2968e-02   -1.5612e-01   -1.1050e-02
  125.0    1.2133e-02    1.2968e-02   -6.4370e-02    1.5328e-03
  128.0    1.3065e-02    1.2968e-02    7.5182e-03    9.6482e-03
  131.0    1.4028e-02    1.2968e-02    8.1764e-02    1.9248e-02
  11    31  14.31   63.0    1.0    0.0   ----------------------------
   41.0    1.5479e-02    1.2885e-02    2.0127e-01   -8.7877e-03
   44.0    1.4976e-02    1.2885e-02    1.6227e-01    6.3227e-03
   47.0    1.4813e-02    1.2885e-02    1.4963e-01    8.0485e-03
   50.0    1.4517e-02    1.2885e-02    1.2663e-01    7.4410e-03
   53.0    1.4882e-02    1.2885e-02    1.5498e-01    1.7707e-03
   56.0    1.1945e-02    1.2885e-02   -7.2995e-02    5.6271e-04
   59.0    1.1362e-02    1.2885e-02   -1.1823e-01   -2.8608e-03
   62.0    1.1067e-02    1.2885e-02   -1.4114e-01   -3.0031e-03
   65.0    1.0391e-02    1.2885e-02   -1.9356e-01   -4.1783e-03
   68.0    9.6799e-03    1.2885e-02   -2.4877e-01   -7.8430e-03
   71.0    9.0484e-03    1.2885e-02   -2.9778e-01   -1.1741e-02
   74.0    8.3903e-03    1.2885e-02   -3.4885e-01   -1.8046e-02
   77.0    7.5677e-03    1.2885e-02   -4.1269e-01   -1.3212e-02
   80.0    1.0058e-02    1.2885e-02   -2.1944e-01   -1.4869e-03
   83.0    1.7544e-02    1.2885e-02    3.6156e-01    1.7330e-02
   86.0    2.0734e-02    1.2885e-02    6.0910e-01    1.8739e-02
   89.0    2.0274e-02    1.2885e-02    5.7343e-01    1.6933e-02
   92.0    2.0866e-02    1.2885e-02    6.1932e-01    1.6154e-02
   95.0    2.1192e-02    1.2885e-02    6.4465e-01    1.4303e-02
   98.0    1.3936e-02    1.2885e-02    8.1554e-02    4.6817e-03
  101.0    8.8621e-03    1.2885e-02   -3.1223e-01   -6.1844e-03
  104.0    7.7654e-03    1.2885e-02   -3.9735e-01   -1.2680e-02
  107.0    8.7659e-03    1.2885e-02   -3.1970e-01   -1.1800e-02
  110.0    9.0067e-03    1.2885e-02   -3.0101e-01   -8.0556e-03
  113.0    1.0223e-02    1.2885e-02   -2.0662e-01   -5.4326e-03
  116.0    1.0599e-02    1.2885e-02   -1.7745e-01   -1.6039e-03
  119.0    1.1540e-02    1.2885e-02   -1.0444e-01   -1.0643e-02
  122.0    1.1008e-02    1.2885e-02   -1.4567e-01   -3.1777e-03
  125.0    1.2948e-02    1.2885e-02    4.8709e-03    3.5628e-03
  128.0    1.5525e-02    1.2885e-02    2.0484e-01    1.2397e-02
  131.0    1.4481e-02    1.2885e-02    1.2380e-01    2.5793e-03
  12    31  14.31   66.0    1.0    0.0   ----------------------------
   41.0    1.3329e-02    1.1773e-02    1.3214e-01    2.9049e-03
   44.0    1.3377e-02    1.1773e-02    1.3626e-01    3.9729e-03
   47.0    1.4210e-02    1.1773e-02    2.0701e-01    6.7514e-04
   50.0    1.4758e-02    1.1773e-02    2.5349e-01    6.4805e-03
   53.0    1.4679e-02    1.1773e-02    2.4681e-01   -4.3252e-03
   56.0    1.1384e-02    1.1773e-02   -3.3096e-02   -1.9809e-03
   59.0    9.5363e-03    1.1773e-02   -1.9000e-01   -6.2368e-03
   62.0    9.9998e-03    1.1773e-02   -1.5063e-01   -3.0664e-03
   65.0    1.0282e-02    1.1773e-02   -1.2668e-01   -3.9032e-03
   68.0    1.0831e-02    1.1773e-02   -8.0003e-02   -5.7862e-03
   71.0    9.8085e-03    1.1773e-02   -1.6688e-01   -5.3670e-03
   74.0    8.4075e-03    1.1773e-02   -2.8588e-01   -7.1833e-03
   77.0    7.0182e-03    1.1773e-02   -4.0389e-01   -4.4552e-03
   80.0    8.9100e-03    1.1773e-02   -2.4320e-01   -5.9283e-03
   83.0    1.4059e-02    1.1773e-02    1.9419e-01    1.3460e-03
   86.0    1.6650e-02    1.1773e-02    4.1422e-01    1.0590e-02
   89.0    1.6397e-02    1.1773e-02    3.9277e-01    2.2298e-02
   92.0    1.6561e-02    1.1773e-02    4.0662e-01    2.2379e-02
   95.0    1.6472e-02    1.1773e-02    3.9909e-01    1.9613e-02
   98.0    1.1661e-02    1.1773e-02   -9.5590e-03    7.4622e-03
  101.0    8.1247e-03    1.1773e-02   -3.0990e-01   -6.5072e-03
  104.0    7.2498e-03    1.1773e-02   -3.8422e-01   -1.5040e-02
  107.0    8.7117e-03    1.1773e-02   -2.6004e-01   -1.4782e-02
  110.0    9.9328e-03    1.1773e-02   -1.5633e-01   -6.6614e-03
  113.0    1.0625e-02    1.1773e-02   -9.7539e-02   -1.0853e-02
  116.0    1.0305e-02    1.1773e-02   -1.2468e-01   -1.1721e-02
  119.0    9.6769e-03    1.1773e-02   -1.7806e-01   -5.8572e-03
  122.0    9.6303e-03    1.1773e-02   -1.8202e-01    4.4457e-03
  125.0    1.2407e-02    1.1773e-02    5.3791e-02    6.4195e-03
  128.0    1.5581e-02    1.1773e-02    3.2345e-01    3.9635e-03
  131.0    1.4396e-02    1.1773e-02    2.2279e-01    7.1968e-03
  13    31  14.31   69.0    1.0    0.0   ----------------------------
   41.0    1.0214e-02    1.0873e-02   -6.0625e-02   -7.9901e-03
   44.0    1.0576e-02    1.0873e-02   -2.7379e-02   -7.3724e-03
   47.0    1.1509e-02    1.0873e-02    5.8461e-02    1.5296e-04
   50.0    1.2138e-02    1.0873e-02    1.1634e-01    9.6211e-03
   53.0    1.1824e-02    1.0873e-02    8.7443e-02    1.6564e-02
   56.0    9.3253e-03    1.0873e-02   -1.4237e-01    1.2734e-02
   59.0    8.1229e-03    1.0873e-02   -2.5296e-01    1.3720e-03
   62.0    9.2180e-03    1.0873e-02   -1.5225e-01   -4.7163e-03
   65.0    1.1858e-02    1.0873e-02    9.0527e-02   -8.3311e-03
   68.0    1.2813e-02    1.0873e-02    1.7833e-01   -4.1933e-03
   71.0    1.1663e-02    1.0873e-02    7.2584e-02   -6.9880e-03
   74.0    9.8057e-03    1.0873e-02   -9.8198e-02   -7.8850e-03
   77.0    7.1737e-03    1.0873e-02   -3.4025e-01   -1.3524e-02
   80.0    7.4497e-03    1.0873e-02   -3.1487e-01   -9.8057e-03
   83.0    1.1187e-02    1.0873e-02    2.8832e-02   -8.7448e-04
   86.0    1.4587e-02    1.0873e-02    3.4157e-01    1.3805e-02
   89.0    1.6385e-02    1.0873e-02    5.0685e-01    1.5660e-02
   92.0    1.5721e-02    1.0873e-02    4.4578e-01    1.3352e-02
   95.0    1.4072e-02    1.0873e-02    2.9417e-01    6.1339e-03
   98.0    9.5397e-03    1.0873e-02   -1.2266e-01    1.6353e-03
  101.0    7.0237e-03    1.0873e-02   -3.5405e-01   -3.6359e-03
  104.0    7.5399e-03    1.0873e-02   -3.0657e-01   -1.4409e-02
  107.0    1.0509e-02    1.0873e-02   -3.3530e-02   -6.9738e-03
  110.0    1.2251e-02    1.0873e-02    1.2673e-01   -2.2755e-03
  113.0    1.2959e-02    1.0873e-02    1.9178e-01    6.2250e-03
  116.0    1.0756e-02    1.0873e-02   -1.0754e-02    2.5650e-03
  119.0    8.7095e-03    1.0873e-02   -1.9901e-01   -1.3600e-03
  122.0    7.9970e-03    1.0873e-02   -2.6454e-01   -1.5545e-03
  125.0    9.6824e-03    1.0873e-02   -1.0954e-01    1.9677e-03
  128.0    1.2179e-02    1.0873e-02    1.2008e-01    2.5353e-03
  131.0    1.2288e-02    1.0873e-02    1.3009e-01   -2.4614e-03
  14    31  14.31   72.0    1.0    0.0   ----------------------------
   41.0    6.6794e-03    9.9341e-03   -3.2763e-01    3.5745e-03
   44.0    6.1943e-03    9.9341e-03   -3.7646e-01   -6.8070e-03
   47.0    8.1308e-03    9.9341e-03   -1.8153e-01   -5.6167e-03
   50.0    9.7251e-03    9.9341e-03   -2.1034e-02    1.0169e-03
   53.0    1.0097e-02    9.9341e-03    1.6389e-02    5.0937e-03
   56.0    7.6447e-03    9.9341e-03   -2.3046e-01    7.3369e-04
   59.0    7.7294e-03    9.9341e-03   -2.2193e-01    6.2334e-03
   62.0    9.7323e-03    9.9341e-03   -2.0308e-02    1.8680e-03
   65.0    1.2726e-02    9.9341e-03    2.8107e-01    5.9861e-03
   68.0    1.3447e-02    9.9341e-03    3.5362e-01    3.5472e-03
   71.0    1.1702e-02    9.9341e-03    1.7793e-01   -7.0687e-04
   74.0    1.0966e-02    9.9341e-03    1.0388e-01   -2.6709e-03
   77.0    7.6704e-03    9.9341e-03   -2.2787e-01   -7.6318e-03
   80.0    7.1463e-03    9.9341e-03   -2.8063e-01   -1.2854e-02
   83.0    9.2950e-03    9.9341e-03   -6.4338e-02   -1.2782e-02
   86.0    1.1625e-02    9.9341e-03    1.7024e-01   -7.9746e-03
   89.0    1.4468e-02    9.9341e-03    4.5643e-01    1.0228e-02
   92.0    1.3701e-02    9.9341e-03    3.7919e-01    9.7405e-03
   95.0    1.1411e-02    9.9341e-03    1.4865e-01    1.4480e-02
   98.0    8.1622e-03    9.9341e-03   -1.7836e-01    2.3736e-03
  101.0    6.7956e-03    9.9341e-03   -3.1593e-01    6.2240e-04
  104.0    8.6993e-03    9.9341e-03   -1.2430e-01   -6.1356e-04
  107.0    1.1745e-02    9.9341e-03    1.8234e-01   -2.5014e-03
  110.0    1.2395e-02    9.9341e-03    2.4774e-01    1.0862e-04
  113.0    1.3809e-02    9.9341e-03    3.9003e-01   -2.9866e-03
  116.0    1.1986e-02    9.9341e-03    2.0658e-01    6.4786e-04
  119.0    8.7317e-03    9.9341e-03   -1.2104e-01   -4.2252e-03
  122.0    7.1563e-03    9.9341e-03   -2.7962e-01   -1.2407e-03
  125.0    8.3472e-03    9.9341e-03   -1.5975e-01   -1.8618e-03
  128.0    1.0804e-02    9.9341e-03    8.7608e-02    3.0257e-03
  131.0    9.2338e-03    9.9341e-03   -7.0495e-02    1.1886e-03

fitted parameters ( nfit =  0  nfollow =  0  )

   r-factora =    0.9540   r-factorb =    0.9979

    0     8.00    162.0    3.905           general vinner tdebye lattice
    1  0.00000  0.70711  0.73405  0.73405  layer spacing length units
    2  0.00000  0.50000  0.73405  0.73405  layer spacing length units
    3  0.46000  0.50000  0.51839  0.57958  layer spacing length units
    4  0.38848  0.70711  0.73405  0.73405  layer spacing length units
    5  0.00300  0.50000  0.73405  0.73405  layer spacing length units
    6  0.33000  0.50000  0.51839  0.57958  layer spacing length units
    7  0.49000  0.50000  0.68100  0.68100  layer spacing length units
    8  0.05200  2.91548  2.23607  2.23607  layer spacing length units
    9  0.39500  0.50000  1.00000  1.00000  layer spacing length units
   10  0.00000  0.50000  1.00000  1.00000  layer spacing length units
   11  0.00000  0.00000  1.00000  1.00000  layer spacing length units
   12  0.49730  0.70711  1.00000  1.00000  layer spacing length units
   13  0.00000  0.00000  1.00000  1.00000  layer spacing length units
   14  0.50615  0.00000  1.00000  1.00000  layer spacing length units
   15  0.00000  0.50000  1.00000  1.00000  layer spacing length units
   16  0.00000  0.50000  1.00000  1.00000  layer spacing length units
   17  0.50000  0.70711  1.00000  1.00000  layer spacing length units
   18  0.00000  0.50000  1.00000  1.00000  layer spacing length units
   19  0.00000  0.50000  1.00000  1.00000  layer spacing length units
                                           unit: lattice constant

   r-factora=sum((chic-chie)*(chic-chie))/(sum(chic*chic+chie*chie)
   r-factorb=sum(chic*chic-chie*chie)/sum(chic*chic+chie*chie)

This calculation took   11 processor hours on   10 Linux Cluster
     starting on Sun Aug 18 23:20:29 2024
   and ending on Mon Aug 19 00:23:58 2024

