   223    26     0     datakind beginning-row multi-curves
-----------------------------------------------------------------
Calculation of photoelectron diffraction and dichroism
MSCD Parallel  Version 1.37 Yufeng Chen and Michel A Van Hove
Lawrence Berkeley National Laboratory (LBNL), Berkeley, CA 94720
Copyright (c) Van Hove Group 1997-1998. All rights reserved
-----------------------------------------------------------------
 angle-resolved photoemission extended fine structure (ARPEFS)
 multiple scattering calculation of SrTiO3(100)-2p
 calculated by Yosef on Feb 25, 2025

   initial angular momentum (li) = 1   msorder=  6   raorder= 4
   photon polarization angle (polar,azimuth) =(   0.0   0.0 ) (deg)

   radius, depth and lattice constant=  10.0,  15.0 and   3.90 angstrom
   cluster size= 411 atoms and spacings=  0.00  0.00  1.80  1.52 angs
   inner potential=  8.0 V  debye and sample temperature= 162, 300 K
   number of valence electrons=   8     bandgap energy=   1.80 eV
   density of bulk=   7.87 g/cm3     molecular weight= 207.33 amu
   effective weight for kind 1-4 =   55.8   87.6   47.9   16.0 amu
   half aperture angle=    3.0 deg            pathcut=     0.0010

   photoemission azimuthal scan curves
     parameters: curve point theta phi weightc weighte
     columns: phi intensity background chical chiexp
    14   434    1   14   31  434  ncurve npoint nk ntheta nphi nangle
   1    31  14.31   33.0    1.0    0.0   ----------------------------
   41.0    1.6419e-02    1.3237e-02    2.4042e-01    3.1042e-03
   44.0    1.6956e-02    1.3237e-02    2.8095e-01    5.1422e-03
   47.0    1.6284e-02    1.3237e-02    2.3019e-01    6.0804e-03
   50.0    1.5173e-02    1.3237e-02    1.4629e-01    1.5460e-03
   53.0    1.3365e-02    1.3237e-02    9.6756e-03   -1.7336e-03
   56.0    1.1557e-02    1.3237e-02   -1.2692e-01   -5.8600e-03
   59.0    1.0005e-02    1.3237e-02   -2.4419e-01   -3.2960e-03
   62.0    8.9595e-03    1.3237e-02   -3.2315e-01   -6.7164e-03
   65.0    8.5784e-03    1.3237e-02   -3.5193e-01   -7.0932e-03
   68.0    8.3583e-03    1.3237e-02   -3.6856e-01   -1.6287e-02
   71.0    8.7374e-03    1.3237e-02   -3.3992e-01   -1.1751e-02
   74.0    1.0411e-02    1.3237e-02   -2.1346e-01   -9.6650e-03
   77.0    1.2727e-02    1.3237e-02   -3.8550e-02    7.9009e-03
   80.0    1.5063e-02    1.3237e-02    1.3798e-01    8.1987e-03
   83.0    1.7488e-02    1.3237e-02    3.2112e-01    1.2098e-02
   86.0    1.9596e-02    1.3237e-02    4.8040e-01    9.3598e-03
   89.0    2.0908e-02    1.3237e-02    5.7955e-01    1.5739e-02
   92.0    2.0581e-02    1.3237e-02    5.5486e-01    1.5328e-02
   95.0    1.8695e-02    1.3237e-02    4.1237e-01    1.3618e-02
   98.0    1.6798e-02    1.3237e-02    2.6906e-01    8.7607e-03
  101.0    1.4240e-02    1.3237e-02    7.5787e-02    1.9600e-03
  104.0    1.2042e-02    1.3237e-02   -9.0277e-02   -3.8686e-03
  107.0    9.8533e-03    1.3237e-02   -2.5562e-01   -1.4214e-02
  110.0    8.7499e-03    1.3237e-02   -3.3898e-01   -1.6803e-02
  113.0    8.4096e-03    1.3237e-02   -3.6468e-01   -1.2676e-02
  116.0    8.6102e-03    1.3237e-02   -3.4953e-01   -1.0290e-02
  119.0    9.2677e-03    1.3237e-02   -2.9986e-01   -5.8819e-03
  122.0    1.0584e-02    1.3237e-02   -2.0038e-01   -5.0908e-03
  125.0    1.2121e-02    1.3237e-02   -8.4320e-02    1.9394e-03
  128.0    1.4051e-02    1.3237e-02    6.1524e-02    8.1195e-03
  131.0    1.5754e-02    1.3237e-02    1.9016e-01    1.2329e-02
   2    31  14.31   36.0    1.0    0.0   ----------------------------
   41.0    1.4652e-02    1.2309e-02    1.9033e-01   -2.7718e-03
   44.0    1.4068e-02    1.2309e-02    1.4291e-01    7.3494e-04
   47.0    1.4171e-02    1.2309e-02    1.5124e-01    6.0242e-03
   50.0    1.4643e-02    1.2309e-02    1.8957e-01    2.3029e-03
   53.0    1.4033e-02    1.2309e-02    1.4008e-01    3.8987e-03
   56.0    1.2498e-02    1.2309e-02    1.5329e-02    2.5493e-03
   59.0    1.0736e-02    1.2309e-02   -1.2781e-01   -7.2133e-04
   62.0    8.8870e-03    1.2309e-02   -2.7802e-01   -7.2975e-03
   65.0    8.1027e-03    1.2309e-02   -3.4173e-01   -1.0496e-02
   68.0    7.8268e-03    1.2309e-02   -3.6415e-01   -9.0570e-03
   71.0    8.3398e-03    1.2309e-02   -3.2247e-01   -4.9885e-03
   74.0    9.5172e-03    1.2309e-02   -2.2682e-01   -5.9065e-03
   77.0    1.1276e-02    1.2309e-02   -8.3897e-02   -1.5394e-04
   80.0    1.3201e-02    1.2309e-02    7.2465e-02    5.6158e-03
   83.0    1.5454e-02    1.2309e-02    2.5552e-01    1.1736e-02
   86.0    1.6932e-02    1.2309e-02    3.7555e-01    1.3435e-02
   89.0    1.8435e-02    1.2309e-02    4.9766e-01    1.0596e-02
   92.0    1.8106e-02    1.2309e-02    4.7098e-01    6.7110e-03
   95.0    1.6775e-02    1.2309e-02    3.6280e-01    8.0899e-04
   98.0    1.4861e-02    1.2309e-02    2.0728e-01   -3.9120e-03
  101.0    1.2465e-02    1.2309e-02    1.2642e-02   -7.6427e-03
  104.0    1.0678e-02    1.2309e-02   -1.3254e-01   -8.3040e-03
  107.0    8.8554e-03    1.2309e-02   -2.8058e-01   -4.3132e-03
  110.0    8.2333e-03    1.2309e-02   -3.3112e-01   -5.5952e-04
  113.0    7.8349e-03    1.2309e-02   -3.6349e-01   -4.1757e-04
  116.0    8.2468e-03    1.2309e-02   -3.3003e-01    7.1002e-04
  119.0    9.4552e-03    1.2309e-02   -2.3185e-01   -5.0513e-04
  122.0    1.1469e-02    1.2309e-02   -6.8262e-02    2.3088e-03
  125.0    1.3110e-02    1.2309e-02    6.5102e-02   -6.1866e-03
  128.0    1.4274e-02    1.2309e-02    1.5962e-01   -3.1619e-03
  131.0    1.4447e-02    1.2309e-02    1.7371e-01    8.9680e-03
   3    31  14.31   39.0    1.0    0.0   ----------------------------
   41.0    1.4248e-02    1.3035e-02    9.3049e-02   -2.0056e-02
   44.0    1.3728e-02    1.3035e-02    5.3104e-02    3.7725e-03
   47.0    1.3929e-02    1.3035e-02    6.8536e-02    1.3499e-02
   50.0    1.4820e-02    1.3035e-02    1.3693e-01    1.3875e-02
   53.0    1.4519e-02    1.3035e-02    1.1379e-01    1.1491e-02
   56.0    1.2949e-02    1.3035e-02   -6.6092e-03    7.1567e-03
   59.0    1.0913e-02    1.3035e-02   -1.6284e-01    2.6543e-04
   62.0    9.5080e-03    1.3035e-02   -2.7059e-01   -8.5644e-03
   65.0    9.0764e-03    1.3035e-02   -3.0370e-01   -1.3468e-02
   68.0    8.7724e-03    1.3035e-02   -3.2703e-01   -1.4614e-02
   71.0    9.0658e-03    1.3035e-02   -3.0452e-01   -1.4863e-02
   74.0    1.0266e-02    1.3035e-02   -2.1242e-01   -7.4584e-03
   77.0    1.1886e-02    1.3035e-02   -8.8171e-02    1.4945e-03
   80.0    1.3445e-02    1.3035e-02    3.1430e-02   -9.7710e-04
   83.0    1.6803e-02    1.3035e-02    2.8905e-01    2.4500e-04
   86.0    1.9146e-02    1.3035e-02    4.6881e-01    5.3324e-03
   89.0    2.0878e-02    1.3035e-02    6.0164e-01    1.9300e-02
   92.0    2.0459e-02    1.3035e-02    5.6951e-01    1.5403e-02
   95.0    1.8271e-02    1.3035e-02    4.0164e-01    8.8049e-03
   98.0    1.5579e-02    1.3035e-02    1.9510e-01   -1.1573e-03
  101.0    1.3311e-02    1.3035e-02    2.1137e-02   -6.7856e-04
  104.0    1.1453e-02    1.3035e-02   -1.2137e-01   -2.1186e-03
  107.0    9.4664e-03    1.3035e-02   -2.7379e-01   -2.3207e-03
  110.0    9.2162e-03    1.3035e-02   -2.9298e-01   -5.9719e-03
  113.0    8.8112e-03    1.3035e-02   -3.2406e-01   -6.5078e-03
  116.0    9.1480e-03    1.3035e-02   -2.9821e-01   -3.5371e-03
  119.0    9.9181e-03    1.3035e-02   -2.3914e-01   -3.1239e-03
  122.0    1.1575e-02    1.3035e-02   -1.1200e-01   -3.7643e-03
  125.0    1.3617e-02    1.3035e-02    4.4636e-02   -6.4629e-04
  128.0    1.4757e-02    1.3035e-02    1.3208e-01    5.0128e-03
  131.0    1.4560e-02    1.3035e-02    1.1698e-01    4.1769e-03
   4    31  14.31   42.0    1.0    0.0   ----------------------------
   41.0    1.5059e-02    1.4206e-02    6.0048e-02    1.0168e-02
   44.0    1.4853e-02    1.4206e-02    4.5506e-02    8.0147e-03
   47.0    1.4983e-02    1.4206e-02    5.4695e-02    2.2814e-03
   50.0    1.6088e-02    1.4206e-02    1.3247e-01   -1.2264e-03
   53.0    1.5693e-02    1.4206e-02    1.0466e-01   -1.0988e-02
   56.0    1.3502e-02    1.4206e-02   -4.9557e-02   -1.5191e-02
   59.0    1.1827e-02    1.4206e-02   -1.6751e-01   -1.5519e-02
   62.0    1.0913e-02    1.4206e-02   -2.3180e-01   -2.8253e-03
   65.0    1.0163e-02    1.4206e-02   -2.8459e-01    3.1515e-03
   68.0    8.9043e-03    1.4206e-02   -3.7321e-01    2.4601e-04
   71.0    9.6810e-03    1.4206e-02   -3.1854e-01   -3.2698e-03
   74.0    1.1429e-02    1.4206e-02   -1.9551e-01   -2.3327e-03
   77.0    1.3412e-02    1.4206e-02   -5.5877e-02    1.3429e-03
   80.0    1.5121e-02    1.4206e-02    6.4374e-02    7.7585e-03
   83.0    1.7911e-02    1.4206e-02    2.6080e-01    1.2038e-02
   86.0    2.1041e-02    1.4206e-02    4.8113e-01    1.3179e-02
   89.0    2.3530e-02    1.4206e-02    6.5634e-01    1.5311e-02
   92.0    2.3147e-02    1.4206e-02    6.2939e-01    1.0737e-02
   95.0    2.0304e-02    1.4206e-02    4.2922e-01    7.2184e-03
   98.0    1.6533e-02    1.4206e-02    1.6380e-01   -4.4528e-03
  101.0    1.4468e-02    1.4206e-02    1.8433e-02   -8.7694e-03
  104.0    1.2421e-02    1.4206e-02   -1.2565e-01   -1.0042e-02
  107.0    1.0378e-02    1.4206e-02   -2.6948e-01   -8.9936e-03
  110.0    9.4025e-03    1.4206e-02   -3.3814e-01   -3.7287e-03
  113.0    9.2251e-03    1.4206e-02   -3.5063e-01   -3.8640e-03
  116.0    1.0591e-02    1.4206e-02   -2.5448e-01   -3.2039e-03
  119.0    1.1102e-02    1.4206e-02   -2.1853e-01   -8.3227e-03
  122.0    1.2228e-02    1.4206e-02   -1.3927e-01   -4.5142e-03
  125.0    1.4490e-02    1.4206e-02    1.9965e-02   -1.8786e-03
  128.0    1.6184e-02    1.4206e-02    1.3925e-01    6.2753e-03
  131.0    1.5807e-02    1.4206e-02    1.1270e-01    1.1385e-02
   5    31  14.31   45.0    1.0    0.0   ----------------------------
   41.0    1.3477e-02    1.2925e-02    4.2660e-02    9.6499e-03
   44.0    1.3843e-02    1.2925e-02    7.1034e-02    9.4217e-03
   47.0    1.3328e-02    1.2925e-02    3.1186e-02    1.5478e-03
   50.0    1.3162e-02    1.2925e-02    1.8283e-02   -7.9220e-03
   53.0    1.2640e-02    1.2925e-02   -2.2080e-02   -1.4284e-02
   56.0    1.1342e-02    1.2925e-02   -1.2249e-01   -1.7104e-02
   59.0    1.0919e-02    1.2925e-02   -1.5521e-01   -9.4452e-03
   62.0    1.1268e-02    1.2925e-02   -1.2821e-01   -1.0301e-03
   65.0    1.0797e-02    1.2925e-02   -1.6463e-01    7.3621e-03
   68.0    9.8395e-03    1.2925e-02   -2.3874e-01    9.3578e-03
   71.0    1.0338e-02    1.2925e-02   -2.0017e-01    9.3989e-03
   74.0    1.0468e-02    1.2925e-02   -1.9014e-01    1.3051e-03
   77.0    1.1526e-02    1.2925e-02   -1.0823e-01   -3.3701e-03
   80.0    1.3045e-02    1.2925e-02    9.2446e-03   -4.1743e-03
   83.0    1.5584e-02    1.2925e-02    2.0570e-01    8.5349e-03
   86.0    1.9545e-02    1.2925e-02    5.1214e-01    1.1771e-02
   89.0    2.1560e-02    1.2925e-02    6.6808e-01    9.7356e-03
   92.0    2.1065e-02    1.2925e-02    6.2977e-01    5.4778e-03
   95.0    1.8164e-02    1.2925e-02    4.0532e-01   -6.3702e-03
   98.0    1.4578e-02    1.2925e-02    1.2784e-01   -8.0644e-03
  101.0    1.2278e-02    1.2925e-02   -5.0057e-02   -8.1769e-03
  104.0    1.1088e-02    1.2925e-02   -1.4213e-01    5.6158e-04
  107.0    9.8109e-03    1.2925e-02   -2.4096e-01   -7.6727e-04
  110.0    9.9855e-03    1.2925e-02   -2.2745e-01   -2.8373e-04
  113.0    1.0197e-02    1.2925e-02   -2.1111e-01   -1.1060e-03
  116.0    1.0984e-02    1.2925e-02   -1.5023e-01   -5.6280e-03
  119.0    1.1133e-02    1.2925e-02   -1.3867e-01   -5.4558e-03
  122.0    1.0891e-02    1.2925e-02   -1.5738e-01   -4.1155e-03
  125.0    1.1917e-02    1.2925e-02   -7.7976e-02    5.8680e-03
  128.0    1.2936e-02    1.2925e-02    7.9525e-04    4.9522e-03
  131.0    1.2974e-02    1.2925e-02    3.7901e-03    2.3497e-03
   6    31  14.31   48.0    1.0    0.0   ----------------------------
   41.0    1.2177e-02    1.2787e-02   -4.7739e-02    4.4107e-03
   44.0    1.3171e-02    1.2787e-02    3.0005e-02    4.5571e-04
   47.0    1.2344e-02    1.2787e-02   -3.4630e-02   -6.2794e-04
   50.0    1.2836e-02    1.2787e-02    3.8037e-03    1.7697e-04
   53.0    1.2714e-02    1.2787e-02   -5.6866e-03   -3.4099e-04
   56.0    1.1596e-02    1.2787e-02   -9.3108e-02   -1.5199e-03
   59.0    1.0658e-02    1.2787e-02   -1.6647e-01   -1.6011e-03
   62.0    1.1059e-02    1.2787e-02   -1.3513e-01   -7.3124e-04
   65.0    1.1713e-02    1.2787e-02   -8.4003e-02   -1.4101e-03
   68.0    1.1569e-02    1.2787e-02   -9.5212e-02   -2.4945e-03
   71.0    1.1130e-02    1.2787e-02   -1.2961e-01   -7.3407e-03
   74.0    1.0551e-02    1.2787e-02   -1.7488e-01   -3.6318e-03
   77.0    1.1258e-02    1.2787e-02   -1.1956e-01   -3.7120e-03
   80.0    1.2580e-02    1.2787e-02   -1.6219e-02   -2.3172e-03
   83.0    1.4682e-02    1.2787e-02    1.4820e-01    3.2948e-04
   86.0    1.7924e-02    1.2787e-02    4.0171e-01    8.1627e-03
   89.0    1.9876e-02    1.2787e-02    5.5441e-01    1.6428e-02
   92.0    1.9529e-02    1.2787e-02    5.2724e-01    9.5016e-03
   95.0    1.7007e-02    1.2787e-02    3.3001e-01    1.4639e-03
   98.0    1.4068e-02    1.2787e-02    1.0018e-01   -5.1703e-04
  101.0    1.1933e-02    1.2787e-02   -6.6816e-02    3.9899e-03
  104.0    1.0849e-02    1.2787e-02   -1.5157e-01    1.2036e-03
  107.0    1.0361e-02    1.2787e-02   -1.8969e-01   -1.0791e-03
  110.0    1.1512e-02    1.2787e-02   -9.9688e-02   -7.3283e-03
  113.0    1.1741e-02    1.2787e-02   -8.1803e-02   -6.0139e-03
  116.0    1.1590e-02    1.2787e-02   -9.3596e-02   -7.2824e-03
  119.0    1.1189e-02    1.2787e-02   -1.2494e-01   -6.4811e-03
  122.0    1.0702e-02    1.2787e-02   -1.6305e-01   -7.1728e-03
  125.0    1.2246e-02    1.2787e-02   -4.2299e-02    1.5359e-03
  128.0    1.3030e-02    1.2787e-02    1.8990e-02    6.8638e-03
  131.0    1.2802e-02    1.2787e-02    1.1513e-03    7.0845e-03
   7    31  14.31   51.0    1.0    0.0   ----------------------------
   41.0    1.2512e-02    1.4207e-02   -1.1934e-01    6.2145e-04
   44.0    1.4039e-02    1.4207e-02   -1.1862e-02    1.5913e-03
   47.0    1.3853e-02    1.4207e-02   -2.4937e-02    4.7454e-03
   50.0    1.4556e-02    1.4207e-02    2.4555e-02    2.5249e-03
   53.0    1.5700e-02    1.4207e-02    1.0509e-01    1.3933e-04
   56.0    1.4224e-02    1.4207e-02    1.1983e-03   -6.0418e-03
   59.0    1.2260e-02    1.4207e-02   -1.3707e-01    1.3383e-04
   62.0    1.1217e-02    1.4207e-02   -2.1050e-01   -2.4259e-03
   65.0    1.0693e-02    1.4207e-02   -2.4734e-01   -1.1211e-03
   68.0    1.1201e-02    1.4207e-02   -2.1158e-01   -5.5489e-03
   71.0    1.1607e-02    1.4207e-02   -1.8300e-01   -5.9671e-03
   74.0    1.2068e-02    1.4207e-02   -1.5057e-01   -1.0190e-02
   77.0    1.2709e-02    1.4207e-02   -1.0543e-01   -1.0921e-02
   80.0    1.4296e-02    1.4207e-02    6.2364e-03   -2.4093e-03
   83.0    1.6859e-02    1.4207e-02    1.8663e-01    8.7924e-03
   86.0    2.0797e-02    1.4207e-02    4.6381e-01    1.6374e-02
   89.0    2.2780e-02    1.4207e-02    6.0345e-01    1.8979e-02
   92.0    2.2212e-02    1.4207e-02    5.6344e-01    1.6052e-02
   95.0    1.9913e-02    1.4207e-02    4.0162e-01    8.1034e-03
   98.0    1.6093e-02    1.4207e-02    1.3275e-01   -1.5129e-03
  101.0    1.3717e-02    1.4207e-02   -3.4503e-02   -3.8274e-03
  104.0    1.2659e-02    1.4207e-02   -1.0897e-01   -8.5580e-03
  107.0    1.1869e-02    1.4207e-02   -1.6457e-01   -1.0714e-02
  110.0    1.1483e-02    1.4207e-02   -1.9173e-01   -9.2765e-03
  113.0    1.1119e-02    1.4207e-02   -2.1734e-01   -3.0860e-03
  116.0    1.0719e-02    1.4207e-02   -2.4555e-01   -1.7609e-03
  119.0    1.1337e-02    1.4207e-02   -2.0205e-01   -5.8201e-03
  122.0    1.2818e-02    1.4207e-02   -9.7764e-02   -4.1373e-03
  125.0    1.5335e-02    1.4207e-02    7.9355e-02    3.9265e-03
  128.0    1.5620e-02    1.4207e-02    9.9428e-02    7.6448e-03
  131.0    1.4158e-02    1.4207e-02   -3.4674e-03    3.6930e-03
   8    31  14.31   54.0    1.0    0.0   ----------------------------
   41.0    1.4561e-02    1.3341e-02    9.1424e-02    4.4360e-03
   44.0    1.5410e-02    1.3341e-02    1.5506e-01    2.8608e-03
   47.0    1.5107e-02    1.3341e-02    1.3238e-01   -2.3079e-04
   50.0    1.4488e-02    1.3341e-02    8.5943e-02   -1.4448e-03
   53.0    1.3025e-02    1.3341e-02   -2.3730e-02   -2.5717e-03
   56.0    1.1588e-02    1.3341e-02   -1.3140e-01   -1.3532e-03
   59.0    1.1134e-02    1.3341e-02   -1.6548e-01   -1.4179e-03
   62.0    1.1012e-02    1.3341e-02   -1.7462e-01   -4.1884e-03
   65.0    1.0207e-02    1.3341e-02   -2.3496e-01   -3.5251e-03
   68.0    1.0984e-02    1.3341e-02   -1.7670e-01    9.8855e-04
   71.0    1.2672e-02    1.3341e-02   -5.0162e-02   -1.2738e-03
   74.0    1.2292e-02    1.3341e-02   -7.8639e-02   -2.7056e-03
   77.0    1.1551e-02    1.3341e-02   -1.3418e-01   -6.9628e-03
   80.0    1.2558e-02    1.3341e-02   -5.8699e-02   -4.4340e-03
   83.0    1.4733e-02    1.3341e-02    1.0431e-01    1.4422e-03
   86.0    1.8545e-02    1.3341e-02    3.9007e-01    7.4981e-03
   89.0    2.0950e-02    1.3341e-02    5.7031e-01    1.7688e-02
   92.0    2.0308e-02    1.3341e-02    5.2222e-01    1.3906e-02
   95.0    1.7144e-02    1.3341e-02    2.8502e-01    8.3605e-03
   98.0    1.3811e-02    1.3341e-02    3.5232e-02   -1.9311e-03
  101.0    1.1653e-02    1.3341e-02   -1.2653e-01   -3.1866e-03
  104.0    1.1759e-02    1.3341e-02   -1.1856e-01   -6.8944e-03
  107.0    1.2207e-02    1.3341e-02   -8.4986e-02   -6.6263e-03
  110.0    1.2113e-02    1.3341e-02   -9.2071e-02   -8.4492e-03
  113.0    1.0496e-02    1.3341e-02   -2.1325e-01   -4.0497e-03
  116.0    1.0304e-02    1.3341e-02   -2.2766e-01   -2.8092e-05
  119.0    1.0979e-02    1.3341e-02   -1.7710e-01   -1.5038e-03
  122.0    1.1506e-02    1.3341e-02   -1.3756e-01   -3.2159e-03
  125.0    1.2212e-02    1.3341e-02   -8.4643e-02   -2.7408e-03
  128.0    1.3431e-02    1.3341e-02    6.7338e-03    3.6276e-03
  131.0    1.4838e-02    1.3341e-02    1.1221e-01    7.9947e-03
   9    31  14.31   57.0    1.0    0.0   ----------------------------
   41.0    1.7970e-02    1.3287e-02    3.5243e-01    1.2567e-02
   44.0    1.9111e-02    1.3287e-02    4.3828e-01    6.3767e-03
   47.0    1.7694e-02    1.3287e-02    3.3168e-01   -2.3946e-03
   50.0    1.3992e-02    1.3287e-02    5.3023e-02   -5.3885e-03
   53.0    1.0967e-02    1.3287e-02   -1.7461e-01   -1.0010e-02
   56.0    1.0114e-02    1.3287e-02   -2.3880e-01   -5.7583e-03
   59.0    1.0250e-02    1.3287e-02   -2.2860e-01    1.3571e-03
   62.0    9.7118e-03    1.3287e-02   -2.6909e-01   -2.6210e-03
   65.0    9.9618e-03    1.3287e-02   -2.5027e-01   -2.8908e-03
   68.0    1.0925e-02    1.3287e-02   -1.7780e-01   -3.6587e-03
   71.0    1.1575e-02    1.3287e-02   -1.2889e-01    3.8281e-03
   74.0    1.0074e-02    1.3287e-02   -2.4184e-01   -5.7243e-03
   77.0    9.4084e-03    1.3287e-02   -2.9193e-01   -1.0366e-02
   80.0    1.0878e-02    1.3287e-02   -1.8130e-01   -1.4722e-02
   83.0    1.5913e-02    1.3287e-02    1.9763e-01   -3.4963e-03
   86.0    2.1417e-02    1.3287e-02    6.1184e-01    1.5081e-02
   89.0    2.4938e-02    1.3287e-02    8.7684e-01    1.9431e-02
   92.0    2.3608e-02    1.3287e-02    7.7670e-01    2.3208e-02
   95.0    1.9796e-02    1.3287e-02    4.8984e-01    1.0069e-02
   98.0    1.3835e-02    1.3287e-02    4.1191e-02    7.7529e-03
  101.0    1.0125e-02    1.3287e-02   -2.3796e-01    2.0840e-03
  104.0    9.4451e-03    1.3287e-02   -2.8916e-01    6.7137e-03
  107.0    1.0423e-02    1.3287e-02   -2.1557e-01    6.9251e-03
  110.0    1.1696e-02    1.3287e-02   -1.1975e-01   -2.2722e-03
  113.0    1.1086e-02    1.3287e-02   -1.6565e-01   -1.9696e-02
  116.0    9.9644e-03    1.3287e-02   -2.5008e-01   -2.7700e-02
  119.0    9.9616e-03    1.3287e-02   -2.5029e-01   -2.3501e-02
  122.0    1.0134e-02    1.3287e-02   -2.3732e-01   -1.2739e-02
  125.0    1.0027e-02    1.3287e-02   -2.4536e-01   -2.3082e-03
  128.0    1.1678e-02    1.3287e-02   -1.2112e-01    1.2784e-02
  131.0    1.5226e-02    1.3287e-02    1.4591e-01    2.7448e-02
  10    31  14.31   60.0    1.0    0.0   ----------------------------
   41.0    1.6471e-02    1.2968e-02    2.7015e-01    1.7476e-02
   44.0    1.7237e-02    1.2968e-02    3.2926e-01    8.5832e-04
   47.0    1.5683e-02    1.2968e-02    2.0940e-01   -4.0550e-03
   50.0    1.3421e-02    1.2968e-02    3.4976e-02   -8.3646e-03
   53.0    1.2881e-02    1.2968e-02   -6.6519e-03   -5.3732e-03
   56.0    1.1785e-02    1.2968e-02   -9.1228e-02   -5.2254e-03
   59.0    1.0960e-02    1.2968e-02   -1.5480e-01    1.6761e-04
   62.0    1.0233e-02    1.2968e-02   -2.1091e-01   -2.7725e-03
   65.0    9.2461e-03    1.2968e-02   -2.8698e-01   -1.5220e-03
   68.0    9.9537e-03    1.2968e-02   -2.3242e-01   -1.3854e-03
   71.0    9.5375e-03    1.2968e-02   -2.6451e-01   -3.7772e-03
   74.0    9.0438e-03    1.2968e-02   -3.0258e-01   -7.7693e-03
   77.0    8.1479e-03    1.2968e-02   -3.7167e-01   -8.6174e-03
   80.0    1.0190e-02    1.2968e-02   -2.1419e-01   -2.4318e-03
   83.0    1.6999e-02    1.2968e-02    3.1093e-01    1.7123e-03
   86.0    2.2195e-02    1.2968e-02    7.1159e-01    1.1890e-02
   89.0    2.3507e-02    1.2968e-02    8.1274e-01    1.9569e-02
   92.0    2.3276e-02    1.2968e-02    7.9498e-01    2.3731e-02
   95.0    2.1080e-02    1.2968e-02    6.2561e-01    1.4378e-02
   98.0    1.4419e-02    1.2968e-02    1.1190e-01   -3.0912e-03
  101.0    9.0776e-03    1.2968e-02   -2.9997e-01   -3.3926e-03
  104.0    8.2153e-03    1.2968e-02   -3.6647e-01    1.1708e-03
  107.0    8.8652e-03    1.2968e-02   -3.1635e-01    3.5387e-04
  110.0    9.7176e-03    1.2968e-02   -2.5062e-01   -9.0578e-03
  113.0    9.8312e-03    1.2968e-02   -2.4186e-01   -1.3404e-02
  116.0    9.3772e-03    1.2968e-02   -2.7687e-01   -1.5780e-02
  119.0    1.0474e-02    1.2968e-02   -1.9226e-01   -1.4447e-02
  122.0    1.0943e-02    1.2968e-02   -1.5612e-01   -1.1050e-02
  125.0    1.2133e-02    1.2968e-02   -6.4369e-02    1.5328e-03
  128.0    1.3065e-02    1.2968e-02    7.5196e-03    9.6482e-03
  131.0    1.4028e-02    1.2968e-02    8.1764e-02    1.9248e-02
  11    31  14.31   63.0    1.0    0.0   ----------------------------
   41.0    1.5479e-02    1.2885e-02    2.0127e-01   -8.7877e-03
   44.0    1.4976e-02    1.2885e-02    1.6227e-01    6.3227e-03
   47.0    1.4813e-02    1.2885e-02    1.4964e-01    8.0485e-03
   50.0    1.4517e-02    1.2885e-02    1.2664e-01    7.4410e-03
   53.0    1.4882e-02    1.2885e-02    1.5499e-01    1.7707e-03
   56.0    1.1945e-02    1.2885e-02   -7.2995e-02    5.6271e-04
   59.0    1.1362e-02    1.2885e-02   -1.1823e-01   -2.8608e-03
   62.0    1.1067e-02    1.2885e-02   -1.4114e-01   -3.0031e-03
   65.0    1.0391e-02    1.2885e-02   -1.9357e-01   -4.1783e-03
   68.0    9.6799e-03    1.2885e-02   -2.4877e-01   -7.8430e-03
   71.0    9.0484e-03    1.2885e-02   -2.9778e-01   -1.1741e-02
   74.0    8.3903e-03    1.2885e-02   -3.4885e-01   -1.8046e-02
   77.0    7.5677e-03    1.2885e-02   -4.1269e-01   -1.3212e-02
   80.0    1.0058e-02    1.2885e-02   -2.1944e-01   -1.4869e-03
   83.0    1.7544e-02    1.2885e-02    3.6157e-01    1.7330e-02
   86.0    2.0734e-02    1.2885e-02    6.0911e-01    1.8739e-02
   89.0    2.0274e-02    1.2885e-02    5.7343e-01    1.6933e-02
   92.0    2.0866e-02    1.2885e-02    6.1932e-01    1.6154e-02
   95.0    2.1192e-02    1.2885e-02    6.4465e-01    1.4303e-02
   98.0    1.3936e-02    1.2885e-02    8.1554e-02    4.6817e-03
  101.0    8.8621e-03    1.2885e-02   -3.1223e-01   -6.1844e-03
  104.0    7.7653e-03    1.2885e-02   -3.9735e-01   -1.2680e-02
  107.0    8.7659e-03    1.2885e-02   -3.1970e-01   -1.1800e-02
  110.0    9.0067e-03    1.2885e-02   -3.0101e-01   -8.0556e-03
  113.0    1.0223e-02    1.2885e-02   -2.0662e-01   -5.4326e-03
  116.0    1.0599e-02    1.2885e-02   -1.7746e-01   -1.6039e-03
  119.0    1.1540e-02    1.2885e-02   -1.0444e-01   -1.0643e-02
  122.0    1.1008e-02    1.2885e-02   -1.4567e-01   -3.1777e-03
  125.0    1.2948e-02    1.2885e-02    4.8708e-03    3.5628e-03
  128.0    1.5525e-02    1.2885e-02    2.0484e-01    1.2397e-02
  131.0    1.4481e-02    1.2885e-02    1.2380e-01    2.5793e-03
  12    31  14.31   66.0    1.0    0.0   ----------------------------
   41.0    1.3329e-02    1.1773e-02    1.3213e-01    2.9049e-03
   44.0    1.3377e-02    1.1773e-02    1.3625e-01    3.9729e-03
   47.0    1.4210e-02    1.1773e-02    2.0700e-01    6.7514e-04
   50.0    1.4758e-02    1.1773e-02    2.5348e-01    6.4805e-03
   53.0    1.4679e-02    1.1773e-02    2.4681e-01   -4.3252e-03
   56.0    1.1384e-02    1.1773e-02   -3.3097e-02   -1.9809e-03
   59.0    9.5363e-03    1.1773e-02   -1.9000e-01   -6.2368e-03
   62.0    9.9998e-03    1.1773e-02   -1.5063e-01   -3.0664e-03
   65.0    1.0282e-02    1.1773e-02   -1.2668e-01   -3.9032e-03
   68.0    1.0831e-02    1.1773e-02   -8.0003e-02   -5.7862e-03
   71.0    9.8085e-03    1.1773e-02   -1.6688e-01   -5.3670e-03
   74.0    8.4075e-03    1.1773e-02   -2.8588e-01   -7.1833e-03
   77.0    7.0182e-03    1.1773e-02   -4.0388e-01   -4.4552e-03
   80.0    8.9101e-03    1.1773e-02   -2.4320e-01   -5.9283e-03
   83.0    1.4060e-02    1.1773e-02    1.9419e-01    1.3460e-03
   86.0    1.6650e-02    1.1773e-02    4.1423e-01    1.0590e-02
   89.0    1.6398e-02    1.1773e-02    3.9278e-01    2.2298e-02
   92.0    1.6561e-02    1.1773e-02    4.0663e-01    2.2379e-02
   95.0    1.6472e-02    1.1773e-02    3.9909e-01    1.9613e-02
   98.0    1.1661e-02    1.1773e-02   -9.5525e-03    7.4622e-03
  101.0    8.1248e-03    1.1773e-02   -3.0990e-01   -6.5072e-03
  104.0    7.2498e-03    1.1773e-02   -3.8422e-01   -1.5040e-02
  107.0    8.7117e-03    1.1773e-02   -2.6005e-01   -1.4782e-02
  110.0    9.9328e-03    1.1773e-02   -1.5633e-01   -6.6614e-03
  113.0    1.0625e-02    1.1773e-02   -9.7540e-02   -1.0853e-02
  116.0    1.0305e-02    1.1773e-02   -1.2468e-01   -1.1721e-02
  119.0    9.6768e-03    1.1773e-02   -1.7807e-01   -5.8572e-03
  122.0    9.6303e-03    1.1773e-02   -1.8202e-01    4.4457e-03
  125.0    1.2407e-02    1.1773e-02    5.3790e-02    6.4195e-03
  128.0    1.5581e-02    1.1773e-02    3.2345e-01    3.9635e-03
  131.0    1.4396e-02    1.1773e-02    2.2278e-01    7.1968e-03
  13    31  14.31   69.0    1.0    0.0   ----------------------------
   41.0    1.0214e-02    1.0873e-02   -6.0622e-02   -7.9901e-03
   44.0    1.0576e-02    1.0873e-02   -2.7374e-02   -7.3724e-03
   47.0    1.1509e-02    1.0873e-02    5.8449e-02    1.5296e-04
   50.0    1.2138e-02    1.0873e-02    1.1632e-01    9.6211e-03
   53.0    1.1824e-02    1.0873e-02    8.7437e-02    1.6564e-02
   56.0    9.3253e-03    1.0873e-02   -1.4238e-01    1.2734e-02
   59.0    8.1228e-03    1.0873e-02   -2.5296e-01    1.3720e-03
   62.0    9.2180e-03    1.0873e-02   -1.5225e-01   -4.7163e-03
   65.0    1.1858e-02    1.0873e-02    9.0533e-02   -8.3311e-03
   68.0    1.2813e-02    1.0873e-02    1.7834e-01   -4.1933e-03
   71.0    1.1663e-02    1.0873e-02    7.2584e-02   -6.9880e-03
   74.0    9.8057e-03    1.0873e-02   -9.8197e-02   -7.8850e-03
   77.0    7.1738e-03    1.0873e-02   -3.4025e-01   -1.3524e-02
   80.0    7.4497e-03    1.0873e-02   -3.1487e-01   -9.8057e-03
   83.0    1.1187e-02    1.0873e-02    2.8835e-02   -8.7448e-04
   86.0    1.4587e-02    1.0873e-02    3.4157e-01    1.3805e-02
   89.0    1.6385e-02    1.0873e-02    5.0685e-01    1.5660e-02
   92.0    1.5721e-02    1.0873e-02    4.4578e-01    1.3352e-02
   95.0    1.4072e-02    1.0873e-02    2.9417e-01    6.1339e-03
   98.0    9.5397e-03    1.0873e-02   -1.2266e-01    1.6353e-03
  101.0    7.0237e-03    1.0873e-02   -3.5404e-01   -3.6359e-03
  104.0    7.5400e-03    1.0873e-02   -3.0657e-01   -1.4409e-02
  107.0    1.0509e-02    1.0873e-02   -3.3532e-02   -6.9738e-03
  110.0    1.2251e-02    1.0873e-02    1.2673e-01   -2.2755e-03
  113.0    1.2959e-02    1.0873e-02    1.9178e-01    6.2250e-03
  116.0    1.0756e-02    1.0873e-02   -1.0750e-02    2.5650e-03
  119.0    8.7095e-03    1.0873e-02   -1.9901e-01   -1.3600e-03
  122.0    7.9970e-03    1.0873e-02   -2.6454e-01   -1.5545e-03
  125.0    9.6823e-03    1.0873e-02   -1.0954e-01    1.9677e-03
  128.0    1.2179e-02    1.0873e-02    1.2007e-01    2.5353e-03
  131.0    1.2288e-02    1.0873e-02    1.3008e-01   -2.4614e-03
  14    31  14.31   72.0    1.0    0.0   ----------------------------
   41.0    6.6793e-03    9.9341e-03   -3.2764e-01    3.5745e-03
   44.0    6.1945e-03    9.9341e-03   -3.7644e-01   -6.8070e-03
   47.0    8.1309e-03    9.9341e-03   -1.8151e-01   -5.6167e-03
   50.0    9.7251e-03    9.9341e-03   -2.1036e-02    1.0169e-03
   53.0    1.0097e-02    9.9341e-03    1.6374e-02    5.0937e-03
   56.0    7.6445e-03    9.9341e-03   -2.3047e-01    7.3369e-04
   59.0    7.7293e-03    9.9341e-03   -2.2194e-01    6.2334e-03
   62.0    9.7323e-03    9.9341e-03   -2.0314e-02    1.8680e-03
   65.0    1.2726e-02    9.9341e-03    2.8107e-01    5.9861e-03
   68.0    1.3447e-02    9.9341e-03    3.5362e-01    3.5472e-03
   71.0    1.1702e-02    9.9341e-03    1.7792e-01   -7.0687e-04
   74.0    1.0966e-02    9.9341e-03    1.0387e-01   -2.6709e-03
   77.0    7.6704e-03    9.9341e-03   -2.2787e-01   -7.6318e-03
   80.0    7.1463e-03    9.9341e-03   -2.8063e-01   -1.2854e-02
   83.0    9.2950e-03    9.9341e-03   -6.4331e-02   -1.2782e-02
   86.0    1.1625e-02    9.9341e-03    1.7025e-01   -7.9746e-03
   89.0    1.4468e-02    9.9341e-03    4.5644e-01    1.0228e-02
   92.0    1.3701e-02    9.9341e-03    3.7920e-01    9.7405e-03
   95.0    1.1411e-02    9.9341e-03    1.4865e-01    1.4480e-02
   98.0    8.1622e-03    9.9341e-03   -1.7836e-01    2.3736e-03
  101.0    6.7956e-03    9.9341e-03   -3.1593e-01    6.2240e-04
  104.0    8.6993e-03    9.9341e-03   -1.2430e-01   -6.1356e-04
  107.0    1.1745e-02    9.9341e-03    1.8234e-01   -2.5014e-03
  110.0    1.2395e-02    9.9341e-03    2.4774e-01    1.0862e-04
  113.0    1.3809e-02    9.9341e-03    3.9003e-01   -2.9866e-03
  116.0    1.1986e-02    9.9341e-03    2.0657e-01    6.4786e-04
  119.0    8.7316e-03    9.9341e-03   -1.2104e-01   -4.2252e-03
  122.0    7.1562e-03    9.9341e-03   -2.7963e-01   -1.2407e-03
  125.0    8.3470e-03    9.9341e-03   -1.5976e-01   -1.8618e-03
  128.0    1.0804e-02    9.9341e-03    8.7598e-02    3.0257e-03
  131.0    9.2338e-03    9.9341e-03   -7.0487e-02    1.1886e-03

fitted parameters ( nfit =  0  nfollow =  0  )

   r-factora =    0.9540   r-factorb =    0.9979

    0     8.00    162.0    3.905           general vinner tdebye lattice
    1  0.00000  0.70711  0.73405  0.73405  layer spacing length units
    2  0.00000  0.50000  0.73405  0.73405  layer spacing length units
    3  0.46000  0.50000  0.51839  0.57958  layer spacing length units
    4  0.38848  0.70711  0.73405  0.73405  layer spacing length units
    5  0.00300  0.50000  0.73405  0.73405  layer spacing length units
    6  0.33000  0.50000  0.51839  0.57958  layer spacing length units
    7  0.49000  0.50000  0.68100  0.68100  layer spacing length units
    8  0.05200  2.91548  2.23607  2.23607  layer spacing length units
    9  0.39500  0.50000  1.00000  1.00000  layer spacing length units
   10  0.00000  0.50000  1.00000  1.00000  layer spacing length units
   11  0.00000  0.00000  1.00000  1.00000  layer spacing length units
   12  0.49730  0.70711  1.00000  1.00000  layer spacing length units
   13  0.00000  0.00000  1.00000  1.00000  layer spacing length units
   14  0.50615  0.00000  1.00000  1.00000  layer spacing length units
   15  0.00000  0.50000  1.00000  1.00000  layer spacing length units
   16  0.00000  0.50000  1.00000  1.00000  layer spacing length units
   17  0.50000  0.70711  1.00000  1.00000  layer spacing length units
   18  0.00000  0.50000  1.00000  1.00000  layer spacing length units
   19  0.00000  0.50000  1.00000  1.00000  layer spacing length units
                                           unit: lattice constant

   r-factora=sum((chic-chie)*(chic-chie))/(sum(chic*chic+chie*chie)
   r-factorb=sum(chic*chic-chie*chie)/sum(chic*chic+chie*chie)

This calculation took  298 processor minutes on    5 Linux Cluster
     starting on Tue Feb 25 09:45:48 2025
   and ending on Tue Feb 25 10:45:21 2025

