   323    17    0     datakind beginning-row linenumbers
----------------------------------------------------------------
MSCD Version 1.00 Yufeng Chen and Michel A Van Hove
Lawrence Berkeley National Laboratory (LBNL), Berkeley, CA 94720
Copyright (c) Van Hove Group 1997. All rights reserved
--------------------------------------------------------------
 angle-resolved photoemission extended fine structure (ARPEFS)
 experimental data for Fe 2p3/2 from Fe on STO(100)  excited with hv=1810eV
 
 provided by Pancotti et al. (LNLS in 9, June 2010) 
   intial angular momentum (l) = 1
   photon polarization angle (polar,azimuth) = (  30.0,   0.0 ) (deg)
   sample temperature = 300 K
 
   photoemission angular scan curves
     (curve point theta phi weightc weighte//k intensity chiexp)
      14     434       1      14      31     434
       1      31      14.3100      33      1.00000      0.00000
      41.0000      135635.      135215.   0.00310422
      44.0000      135910.      135215.   0.00514219
      47.0000      136037.      135215.   0.00608037
      50.0000      135424.      135215.   0.00154598
      53.0000      134981.      135215.  -0.00173357
      56.0000      134423.      135215.  -0.00585995
      59.0000      134769.      135215.  -0.00329596
      62.0000      134307.      135215.  -0.00671638
      65.0000      134256.      135215.  -0.00709316
      68.0000      133013.      135215.   -0.0162868
      71.0000      133626.      135215.   -0.0117515
      74.0000      133908.      135215.  -0.00966497
      77.0000      136283.      135215.   0.00790087
      80.0000      136324.      135215.   0.00819874
      83.0000      136851.      135215.    0.0120975
      86.0000      136481.      135215.   0.00935983
      89.0000      137343.      135215.    0.0157393
      92.0000      137288.      135215.    0.0153283
      95.0000      137056.      135215.    0.0136182
      98.0000      136400.      135215.   0.00876070
      101.000      135480.      135215.   0.00196004
      104.000      134692.      135215.  -0.00386855
      107.000      133293.      135215.   -0.0142139
      110.000      132943.      135215.   -0.0168031
      113.000      133501.      135215.   -0.0126759
      116.000      133824.      135215.   -0.0102896
      119.000      134420.      135215.  -0.00588187
      122.000      134527.      135215.  -0.00509079
      125.000      135477.      135215.   0.00193944
      128.000      136313.      135215.   0.00811951
      131.000      136882.      135215.    0.0123292
       2      31      14.3100      36      1.00000      0.00000
      41.0000      138032.      138416.  -0.00277182
      44.0000      138518.      138416.  0.000734941
      47.0000      139250.      138416.   0.00602425
      50.0000      138735.      138416.   0.00230290
      53.0000      138956.      138416.   0.00389867
      56.0000      138769.      138416.   0.00254928
      59.0000      138316.      138416. -0.000721327
      62.0000      137406.      138416.  -0.00729748
      65.0000      136963.      138416.   -0.0104961
      68.0000      137162.      138416.  -0.00905701
      71.0000      137726.      138416.  -0.00498852
      74.0000      137598.      138416.  -0.00590649
      77.0000      138395.      138416. -0.000153941
      80.0000      139193.      138416.   0.00561576
      83.0000      140040.      138416.    0.0117363
      86.0000      140276.      138416.    0.0134353
      89.0000      139883.      138416.    0.0105964
      92.0000      139345.      138416.   0.00671102
      95.0000      138528.      138416.  0.000808993
      98.0000      137875.      138416.  -0.00391198
      101.000      137358.      138416.  -0.00764267
      104.000      137267.      138416.  -0.00830404
      107.000      137819.      138416.  -0.00431323
      110.000      138339.      138416. -0.000559515
      113.000      138358.      138416. -0.000417569
      116.000      138514.      138416.  0.000710019
      119.000      138346.      138416. -0.000505126
      122.000      138736.      138416.   0.00230884
      125.000      137560.      138416.  -0.00618663
      128.000      137978.      138416.  -0.00316186
      131.000      139657.      138416.   0.00896798
       3      31      14.3100      39      1.00000      0.00000
      41.0000      136588.      139383.   -0.0200556
      44.0000      139909.      139383.   0.00377254
      47.0000      141265.      139383.    0.0134994
      50.0000      141317.      139383.    0.0138748
      53.0000      140985.      139383.    0.0114909
      56.0000      140381.      139383.   0.00715666
      59.0000      139420.      139383.  0.000265427
      62.0000      138189.      139383.  -0.00856438
      65.0000      137506.      139383.   -0.0134683
      68.0000      137346.      139383.   -0.0146136
      71.0000      137312.      139383.   -0.0148625
      74.0000      138344.      139383.  -0.00745838
      77.0000      139591.      139383.   0.00149449
      80.0000      139247.      139383. -0.000977098
      83.0000      139417.      139383.  0.000245001
      86.0000      140126.      139383.   0.00533240
      89.0000      142073.      139383.    0.0193002
      92.0000      141530.      139383.    0.0154028
      95.0000      140610.      139383.   0.00880494
      98.0000      139222.      139383.  -0.00115731
      101.000      139289.      139383. -0.000678557
      104.000      139088.      139383.  -0.00211860
      107.000      139060.      139383.  -0.00232073
      110.000      138551.      139383.  -0.00597187
      113.000      138476.      139383.  -0.00650777
      116.000      138890.      139383.  -0.00353709
      119.000      138948.      139383.  -0.00312394
      122.000      138858.      139383.  -0.00376426
      125.000      139293.      139383. -0.000646292
      128.000      140082.      139383.   0.00501276
      131.000      139965.      139383.   0.00417691
       4      31      14.3100      42      1.00000      0.00000
      41.0000      143066.      141626.    0.0101675
      44.0000      142762.      141626.   0.00801475
      47.0000      141950.      141626.   0.00228143
      50.0000      141453.      141626.  -0.00122638
      53.0000      140070.      141626.   -0.0109880
      56.0000      139475.      141626.   -0.0151913
      59.0000      139429.      141626.   -0.0155191
      62.0000      141226.      141626.  -0.00282533
      65.0000      142073.      141626.   0.00315150
      68.0000      141661.      141626.  0.000246009
      71.0000      141163.      141626.  -0.00326983
      74.0000      141296.      141626.  -0.00233269
      77.0000      141817.      141626.   0.00134293
      80.0000      142725.      141626.   0.00775847
      83.0000      143331.      141626.    0.0120384
      86.0000      143493.      141626.    0.0131790
      89.0000      143795.      141626.    0.0153107
      92.0000      143147.      141626.    0.0107367
      95.0000      142649.      141626.   0.00721838
      98.0000      140996.      141626.  -0.00445277
      101.000      140384.      141626.  -0.00876941
      104.000      140204.      141626.   -0.0100419
      107.000      140353.      141626.  -0.00899358
      110.000      141098.      141626.  -0.00372874
      113.000      141079.      141626.  -0.00386405
      116.000      141173.      141626.  -0.00320395
      119.000      140448.      141626.  -0.00832274
      122.000      140987.      141626.  -0.00451419
      125.000      141360.      141626.  -0.00187860
      128.000      142515.      141626.   0.00627532
      131.000      143239.      141626.    0.0113847
       5      31      14.3100      45      1.00000      0.00000
      41.0000      143888.      142512.   0.00964994
      44.0000      143855.      142512.   0.00942171
      47.0000      142733.      142512.   0.00154785
      50.0000      141383.      142512.  -0.00792203
      53.0000      140477.      142512.   -0.0142841
      56.0000      140075.      142512.   -0.0171041
      59.0000      141166.      142512.  -0.00944520
      62.0000      142366.      142512.  -0.00103015
      65.0000      143562.      142512.   0.00736208
      68.0000      143846.      142512.   0.00935775
      71.0000      143852.      142512.   0.00939893
      74.0000      142698.      142512.   0.00130508
      77.0000      142032.      142512.  -0.00337005
      80.0000      141917.      142512.  -0.00417428
      83.0000      143729.      142512.   0.00853492
      86.0000      144190.      142512.    0.0117711
      89.0000      143900.      142512.   0.00973558
      92.0000      143293.      142512.   0.00547779
      95.0000      141604.      142512.  -0.00637019
      98.0000      141363.      142512.  -0.00806443
      101.000      141347.      142512.  -0.00817687
      104.000      142592.      142512.  0.000561581
      107.000      142403.      142512. -0.000767274
      110.000      142472.      142512. -0.000283734
      113.000      142355.      142512.  -0.00110605
      116.000      141710.      142512.  -0.00562796
      119.000      141735.      142512.  -0.00545575
      122.000      141926.      142512.  -0.00411546
      125.000      143349.      142512.   0.00586802
      128.000      143218.      142512.   0.00495222
      131.000      142847.      142512.   0.00234970
       6      31      14.3100      48      1.00000      0.00000
      41.0000      142044.      141421.   0.00441067
      44.0000      141485.      141421.  0.000455715
      47.0000      141332.      141421. -0.000627942
      50.0000      141446.      141421.  0.000176972
      53.0000      141372.      141421. -0.000340991
      56.0000      141206.      141421.  -0.00151995
      59.0000      141194.      141421.  -0.00160105
      62.0000      141317.      141421. -0.000731237
      65.0000      141221.      141421.  -0.00141011
      68.0000      141068.      141421.  -0.00249452
      71.0000      140382.      141421.  -0.00734068
      74.0000      140907.      141421.  -0.00363179
      77.0000      140896.      141421.  -0.00371203
      80.0000      141093.      141421.  -0.00231723
      83.0000      141467.      141421.  0.000329480
      86.0000      142575.      141421.   0.00816269
      89.0000      143744.      141421.    0.0164281
      92.0000      142764.      141421.   0.00950165
      95.0000      141628.      141421.   0.00146386
      98.0000      141347.      141421. -0.000517030
      101.000      141985.      141421.   0.00398994
      104.000      141591.      141421.   0.00120355
      107.000      141268.      141421.  -0.00107908
      110.000      140384.      141421.  -0.00732833
      113.000      140570.      141421.  -0.00601387
      116.000      140391.      141421.  -0.00728235
      119.000      140504.      141421.  -0.00648105
      122.000      140406.      141421.  -0.00717277
      125.000      141638.      141421.   0.00153587
      128.000      142391.      141421.   0.00686382
      131.000      142422.      141421.   0.00708453
       7      31      14.3100      51      1.00000      0.00000
      41.0000      140322.      140234.  0.000621446
      44.0000      140458.      140234.   0.00159128
      47.0000      140900.      140234.   0.00474539
      50.0000      140589.      140234.   0.00252491
      53.0000      140254.      140234.  0.000139326
      56.0000      139387.      140234.  -0.00604184
      59.0000      140253.      140234.  0.000133825
      62.0000      139894.      140234.  -0.00242587
      65.0000      140077.      140234.  -0.00112112
      68.0000      139456.      140234.  -0.00554891
      71.0000      139398.      140234.  -0.00596713
      74.0000      138806.      140234.   -0.0101896
      77.0000      138703.      140234.   -0.0109212
      80.0000      139897.      140234.  -0.00240929
      83.0000      141467.      140234.   0.00879242
      86.0000      142531.      140234.    0.0163736
      89.0000      142896.      140234.    0.0189793
      92.0000      142486.      140234.    0.0160522
      95.0000      141371.      140234.   0.00810335
      98.0000      140022.      140234.  -0.00151292
      101.000      139698.      140234.  -0.00382738
      104.000      139034.      140234.  -0.00855804
      107.000      138732.      140234.   -0.0107137
      110.000      138934.      140234.  -0.00927652
      113.000      139802.      140234.  -0.00308599
      116.000      139988.      140234.  -0.00176094
      119.000      139418.      140234.  -0.00582014
      122.000      139654.      140234.  -0.00413727
      125.000      140785.      140234.   0.00392654
      128.000      141307.      140234.   0.00764478
      131.000      140752.      140234.   0.00369300
       8      31      14.3100      54      1.00000      0.00000
      41.0000      137412.      136805.   0.00443604
      44.0000      137197.      136805.   0.00286076
      47.0000      136774.      136805. -0.000230789
      50.0000      136608.      136805.  -0.00144476
      53.0000      136453.      136805.  -0.00257175
      56.0000      136620.      136805.  -0.00135322
      59.0000      136611.      136805.  -0.00141790
      62.0000      136232.      136805.  -0.00418842
      65.0000      136323.      136805.  -0.00352506
      68.0000      136941.      136805.  0.000988547
      71.0000      136631.      136805.  -0.00127384
      74.0000      136435.      136805.  -0.00270564
      77.0000      135853.      136805.  -0.00696281
      80.0000      136199.      136805.  -0.00443398
      83.0000      137003.      136805.   0.00144222
      86.0000      137831.      136805.   0.00749810
      89.0000      139225.      136805.    0.0176885
      92.0000      138708.      136805.    0.0139061
      95.0000      137949.      136805.   0.00836049
      98.0000      136541.      136805.  -0.00193115
      101.000      136369.      136805.  -0.00318656
      104.000      135862.      136805.  -0.00689436
      107.000      135899.      136805.  -0.00662634
      110.000      135649.      136805.  -0.00844923
      113.000      136251.      136805.  -0.00404970
      116.000      136801.      136805. -2.80918e-05
      119.000      136600.      136805.  -0.00150385
      122.000      136365.      136805.  -0.00321593
      125.000      136430.      136805.  -0.00274082
      128.000      137302.      136805.   0.00362756
      131.000      137899.      136805.   0.00799473
       9      31      14.3100      57      1.00000      0.00000
      41.0000      137147.      135445.    0.0125669
      44.0000      136309.      135445.   0.00637675
      47.0000      135121.      135445.  -0.00239456
      50.0000      134715.      135445.  -0.00538849
      53.0000      134090.      135445.   -0.0100097
      56.0000      134665.      135445.  -0.00575833
      59.0000      135629.      135445.   0.00135714
      62.0000      135090.      135445.  -0.00262097
      65.0000      135054.      135445.  -0.00289075
      68.0000      134950.      135445.  -0.00365874
      71.0000      135964.      135445.   0.00382808
      74.0000      134670.      135445.  -0.00572426
      77.0000      134041.      135445.   -0.0103661
      80.0000      133451.      135445.   -0.0147219
      83.0000      134972.      135445.  -0.00349626
      86.0000      137488.      135445.    0.0150809
      89.0000      138077.      135445.    0.0194312
      92.0000      138589.      135445.    0.0232084
      95.0000      136809.      135445.    0.0100694
      98.0000      136495.      135445.   0.00775295
      101.000      135728.      135445.   0.00208403
      104.000      136355.      135445.   0.00671373
      107.000      136383.      135445.   0.00692507
      110.000      135138.      135445.  -0.00227225
      113.000      132778.      135445.   -0.0196963
      116.000      131693.      135445.   -0.0277003
      119.000      132262.      135445.   -0.0235013
      122.000      133720.      135445.   -0.0127389
      125.000      135133.      135445.  -0.00230822
      128.000      137177.      135445.    0.0127839
      131.000      139163.      135445.    0.0274478
      10      31      14.3100      60      1.00000      0.00000
      41.0000      132040.      129773.    0.0174757
      44.0000      129884.      129773.  0.000858323
      47.0000      129246.      129773.  -0.00405501
      50.0000      128687.      129773.  -0.00836460
      53.0000      129075.      129773.  -0.00537315
      56.0000      129094.      129773.  -0.00522544
      59.0000      129794.      129773.  0.000167615
      62.0000      129413.      129773.  -0.00277253
      65.0000      129575.      129773.  -0.00152198
      68.0000      129593.      129773.  -0.00138541
      71.0000      129282.      129773.  -0.00377725
      74.0000      128764.      129773.  -0.00776931
      77.0000      128654.      129773.  -0.00861741
      80.0000      129457.      129773.  -0.00243185
      83.0000      129995.      129773.   0.00171228
      86.0000      131315.      129773.    0.0118898
      89.0000      132312.      129773.    0.0195689
      92.0000      132852.      129773.    0.0237311
      95.0000      131638.      129773.    0.0143782
      98.0000      129371.      129773.  -0.00309119
      101.000      129332.      129773.  -0.00339262
      104.000      129924.      129773.   0.00117082
      107.000      129818.      129773.  0.000353870
      110.000      128597.      129773.  -0.00905781
      113.000      128033.      129773.   -0.0134043
      116.000      127725.      129773.   -0.0157799
      119.000      127898.      129773.   -0.0144472
      122.000      128339.      129773.   -0.0110501
      125.000      129971.      129773.   0.00153282
      128.000      131025.      129773.   0.00964824
      131.000      132270.      129773.    0.0192482
      11      31      14.3100      63      1.00000      0.00000
      41.0000      119862.      120925.  -0.00878767
      44.0000      121689.      120925.   0.00632266
      47.0000      121898.      120925.   0.00804853
      50.0000      121824.      120925.   0.00744100
      53.0000      121139.      120925.   0.00177065
      56.0000      120993.      120925.  0.000562710
      59.0000      120579.      120925.  -0.00286084
      62.0000      120562.      120925.  -0.00300309
      65.0000      120419.      120925.  -0.00417832
      68.0000      119976.      120925.  -0.00784300
      71.0000      119505.      120925.   -0.0117410
      74.0000      118742.      120925.   -0.0180462
      77.0000      119327.      120925.   -0.0132116
      80.0000      120745.      120925.  -0.00148688
      83.0000      123020.      120925.    0.0173303
      86.0000      123191.      120925.    0.0187394
      89.0000      122972.      120925.    0.0169329
      92.0000      122878.      120925.    0.0161544
      95.0000      122654.      120925.    0.0143032
      98.0000      121491.      120925.   0.00468173
      101.000      120177.      120925.  -0.00618440
      104.000      119391.      120925.   -0.0126802
      107.000      119498.      120925.   -0.0117998
      110.000      119951.      120925.  -0.00805565
      113.000      120268.      120925.  -0.00543264
      116.000      120731.      120925.  -0.00160389
      119.000      119638.      120925.   -0.0106431
      122.000      120540.      120925.  -0.00317773
      125.000      121355.      120925.   0.00356277
      128.000      122424.      120925.    0.0123965
      131.000      121237.      120925.   0.00257926
      12      31      14.3100      66      1.00000      0.00000
      41.0000      111861.      111537.   0.00290485
      44.0000      111980.      111537.   0.00397291
      47.0000      111613.      111537.  0.000675142
      50.0000      112260.      111537.   0.00648049
      53.0000      111055.      111537.  -0.00432523
      56.0000      111316.      111537.  -0.00198090
      59.0000      110842.      111537.  -0.00623684
      62.0000      111195.      111537.  -0.00306639
      65.0000      111102.      111537.  -0.00390321
      68.0000      110892.      111537.  -0.00578616
      71.0000      110939.      111537.  -0.00536696
      74.0000      110736.      111537.  -0.00718334
      77.0000      111040.      111537.  -0.00445523
      80.0000      110876.      111537.  -0.00592830
      83.0000      111687.      111537.   0.00134598
      86.0000      112719.      111537.    0.0105897
      89.0000      114024.      111537.    0.0222976
      92.0000      114033.      111537.    0.0223791
      95.0000      113725.      111537.    0.0196127
      98.0000      112370.      111537.   0.00746222
      101.000      110812.      111537.  -0.00650723
      104.000      109860.      111537.   -0.0150399
      107.000      109889.      111537.   -0.0147815
      110.000      110794.      111537.  -0.00666138
      113.000      110327.      111537.   -0.0108530
      116.000      110230.      111537.   -0.0117207
      119.000      110884.      111537.  -0.00585717
      122.000      112033.      111537.   0.00444566
      125.000      112253.      111537.   0.00641954
      128.000      111979.      111537.   0.00396346
      131.000      112340.      111537.   0.00719684
      13      31      14.3100      69      1.00000      0.00000
      41.0000      98962.4      99759.4  -0.00799012
      44.0000      99024.0      99759.4  -0.00737243
      47.0000      99774.7      99759.4  0.000152958
      50.0000      100719.      99759.4   0.00962105
      53.0000      101412.      99759.4    0.0165638
      56.0000      101030.      99759.4    0.0127336
      59.0000      99896.3      99759.4   0.00137200
      62.0000      99289.0      99759.4  -0.00471627
      65.0000      98928.3      99759.4  -0.00833110
      68.0000      99341.1      99759.4  -0.00419325
      71.0000      99062.3      99759.4  -0.00698802
      74.0000      98972.8      99759.4  -0.00788497
      77.0000      98410.3      99759.4   -0.0135243
      80.0000      98781.2      99759.4  -0.00980565
      83.0000      99672.2      99759.4 -0.000874476
      86.0000      101137.      99759.4    0.0138052
      89.0000      101322.      99759.4    0.0156597
      92.0000      101091.      99759.4    0.0133522
      95.0000      100371.      99759.4   0.00613394
      98.0000      99922.6      99759.4   0.00163531
      101.000      99396.7      99759.4  -0.00363591
      104.000      98322.0      99759.4   -0.0144089
      107.000      99063.7      99759.4  -0.00697380
      110.000      99532.4      99759.4  -0.00227547
      113.000      100380.      99759.4   0.00622505
      116.000      100015.      99759.4   0.00256503
      119.000      99623.8      99759.4  -0.00136002
      122.000      99604.4      99759.4  -0.00155448
      125.000      99955.7      99759.4   0.00196770
      128.000      100012.      99759.4   0.00253533
      131.000      99513.9      99759.4  -0.00246140
      14      31      14.3100      72      1.00000      0.00000
      41.0000      86484.4      86176.3   0.00357450
      44.0000      85589.7      86176.3  -0.00680697
      47.0000      85692.3      86176.3  -0.00561669
      50.0000      86264.0      86176.3   0.00101690
      53.0000      86615.3      86176.3   0.00509369
      56.0000      86239.6      86176.3  0.000733695
      59.0000      86713.5      86176.3   0.00623340
      62.0000      86337.3      86176.3   0.00186798
      65.0000      86692.2      86176.3   0.00598609
      68.0000      86482.0      86176.3   0.00354721
      71.0000      86115.4      86176.3 -0.000706869
      74.0000      85946.2      86176.3  -0.00267090
      77.0000      85518.7      86176.3  -0.00763177
      80.0000      85068.6      86176.3   -0.0128545
      83.0000      85074.8      86176.3   -0.0127822
      86.0000      85489.1      86176.3  -0.00797465
      89.0000      87057.7      86176.3    0.0102278
      92.0000      87015.7      86176.3   0.00974048
      95.0000      87424.2      86176.3    0.0144803
      98.0000      86380.9      86176.3   0.00237361
      101.000      86230.0      86176.3  0.000622400
      104.000      86123.5      86176.3 -0.000613561
      107.000      85960.8      86176.3  -0.00250141
      110.000      86185.7      86176.3  0.000108624
      113.000      85919.0      86176.3  -0.00298662
      116.000      86232.2      86176.3  0.000647861
      119.000      85812.2      86176.3  -0.00422521
      122.000      86069.4      86176.3  -0.00124071
      125.000      86015.9      86176.3  -0.00186180
      128.000      86437.1      86176.3   0.00302575
      131.000      86278.8      86176.3   0.00118863
