   223    26     0     datakind beginning-row multi-curves
-----------------------------------------------------------------
Calculation of photoelectron diffraction and dichroism
MSCD Parallel  Version 1.37 Yufeng Chen and Michel A Van Hove
Lawrence Berkeley National Laboratory (LBNL), Berkeley, CA 94720
Copyright (c) Van Hove Group 1997-1998. All rights reserved
-----------------------------------------------------------------
 angle-resolved photoemission extended fine structure (ARPEFS)
 multiple scattering calculation of Ga2O3(100)
 calculated by Yosef (UFJ-PPGCAS) on Apr 27, 2025

   initial angular momentum (li) = 0   msorder=  6   raorder= 4
   photon polarization angle (polar,azimuth) =(   0.0   0.0 ) (deg)

   radius, depth and lattice constant=   9.0,  11.3 and   3.04 angstrom
   cluster size= 122 atoms and spacings=  1.43  1.82  1.70  1.55 angs
   inner potential=  0.0 V  debye and sample temperature= 105, 300 K
   number of valence electrons=  24     bandgap energy=   4.70 eV
   density of bulk=   5.88 g/cm3     molecular weight= 187.44 amu
   effective weight for kind 1-3 =   16.0   69.7   55.8 amu
   half aperture angle=    3.0 deg            pathcut=     0.0010

   photoemission azimuthal scan curves
     parameters: curve point theta phi weightc weighte
     columns: phi intensity background chical chiexp
    20  2400    1   20  120 2400  ncurve npoint nk ntheta nphi nangle
  1   120.0   15.82   30.0   1.0   0.0  ------------------
  2.5   4.043806   3.1741e+00   2.6549e-01   7.9703e-02
  5.5   4.104051   3.1741e+00   2.7955e-01   8.9743e-02
  8.5   4.078286   3.1741e+00   2.7122e-01   8.1535e-02
  11.5   3.779242   3.1741e+00   1.7148e-01   4.3014e-02
  14.5   3.344419   3.1741e+00   2.6939e-02   -1.1028e-02
  17.5   2.900999   3.1741e+00   -1.1527e-01   -5.6685e-02
  20.5   2.639513   3.1741e+00   -1.9590e-01   -7.2070e-02
  23.5   2.494085   3.1741e+00   -2.4127e-01   -7.8056e-02
  26.5   2.506233   3.1741e+00   -2.4000e-01   -7.6352e-02
  29.5   2.575256   3.1741e+00   -2.2131e-01   -8.7337e-02
  32.5   2.693486   3.1741e+00   -1.8425e-01   -9.1148e-02
  35.5   2.892778   3.1741e+00   -1.1255e-01   -8.1315e-02
  38.5   3.134457   3.1741e+00   -3.1110e-02   -5.6700e-02
  41.5   3.318633   3.1741e+00   3.9762e-02   -2.3083e-02
  44.5   3.348189   3.1741e+00   5.1486e-02   1.6590e-03
  47.5   3.347957   3.1741e+00   5.4005e-02   1.8323e-02
  50.5   3.270357   3.1741e+00   2.6908e-02   1.2507e-02
  53.5   3.203393   3.1741e+00   2.4116e-03   -4.5615e-03
  56.5   3.074833   3.1741e+00   -4.0346e-02   -2.9961e-02
  59.5   2.910899   3.1741e+00   -8.8317e-02   -4.4170e-02
  62.5   2.774581   3.1741e+00   -1.2163e-01   -4.5849e-02
  65.5   2.657444   3.1741e+00   -1.5393e-01   -3.4435e-02
  68.5   2.589785   3.1741e+00   -1.7471e-01   -1.9596e-02
  71.5   2.633679   3.1741e+00   -1.6362e-01   -6.7365e-03
  74.5   2.761921   3.1741e+00   -1.3450e-01   7.2020e-03
  77.5   3.082734   3.1741e+00   -3.9061e-02   2.6837e-02
  80.5   3.486375   3.1741e+00   7.6731e-02   6.2876e-02
  83.5   3.852312   3.1741e+00   1.9004e-01   1.1053e-01
  86.5   4.123968   3.1741e+00   2.8731e-01   1.4540e-01
  89.5   4.25802   3.1741e+00   3.3741e-01   1.5625e-01
  92.5   4.290125   3.1741e+00   3.5409e-01   1.4761e-01
  95.5   4.191715   3.1741e+00   3.2648e-01   1.3318e-01
  98.5   3.926037   3.1741e+00   2.3559e-01   7.6059e-02
  101.5   3.596531   3.1741e+00   1.2707e-01   3.5220e-02
  104.5   3.17614   3.1741e+00   -1.3506e-02   -1.4037e-02
  107.5   2.860733   3.1741e+00   -1.1243e-01   -1.7085e-02
  110.5   2.618724   3.1741e+00   -1.8585e-01   -4.0263e-02
  113.5   2.511058   3.1741e+00   -2.1748e-01   -6.5798e-02
  116.5   2.507828   3.1741e+00   -2.1565e-01   -1.0371e-01
  119.5   2.636696   3.1741e+00   -1.7047e-01   -1.1083e-01
  122.5   2.835988   3.1741e+00   -1.0737e-01   -9.4988e-02
  125.5   3.046652   3.1741e+00   -4.1532e-02   -5.4154e-02
  128.5   3.2257   3.1741e+00   1.2302e-02   1.5155e-02
  131.5   3.361303   3.1741e+00   5.4061e-02   2.1197e-02
  134.5   3.277732   3.1741e+00   2.6757e-02   1.8032e-02
  137.5   3.226261   3.1741e+00   9.5475e-03   1.1580e-02
  140.5   3.078637   3.1741e+00   -5.5193e-02   -1.7602e-02
  143.5   2.954076   3.1741e+00   -1.1002e-01   -4.3238e-02
  146.5   2.881635   3.1741e+00   -1.3339e-01   -4.9114e-02
  149.5   2.730909   3.1741e+00   -1.8018e-01   -4.4946e-02
  152.5   2.600241   3.1741e+00   -2.0408e-01   -3.2473e-02
  155.5   2.475273   3.1741e+00   -2.2685e-01   -4.2739e-02
  158.5   2.60283   3.1741e+00   -1.6957e-01   -5.0957e-02
  161.5   2.84576   3.1741e+00   -9.1252e-02   -5.7035e-02
  164.5   3.27474   3.1741e+00   4.9965e-02   -2.9778e-02
  167.5   3.770831   3.1741e+00   2.1043e-01   2.7790e-02
  170.5   4.153851   3.1741e+00   3.3364e-01   8.4118e-02
  173.5   4.223644   3.1741e+00   3.5143e-01   1.0643e-01
  176.5   4.179931   3.1741e+00   3.3005e-01   9.4872e-02
  179.5   4.116594   3.1741e+00   3.0942e-01   8.1013e-02
  182.5   4.168812   3.1741e+00   3.2881e-01   7.9704e-02
  185.5   4.238231   3.1741e+00   3.5371e-01   8.9743e-02
  188.5   4.247136   3.1741e+00   3.6442e-01   8.1534e-02
  191.5   3.949784   3.1741e+00   2.6687e-01   4.3012e-02
  194.5   3.458391   3.1741e+00   1.1161e-01   -1.1029e-02
  197.5   2.978131   3.1741e+00   -4.5268e-02   -5.6684e-02
  200.5   2.644974   3.1741e+00   -1.5605e-01   -7.2070e-02
  203.5   2.495707   3.1741e+00   -2.1018e-01   -7.8055e-02
  206.5   2.523067   3.1741e+00   -2.2116e-01   -7.6351e-02
  209.5   2.674463   3.1741e+00   -1.9447e-01   -8.7337e-02
  212.5   2.816124   3.1741e+00   -1.5476e-01   -9.1148e-02
  215.5   2.921589   3.1741e+00   -1.2129e-01   -8.1314e-02
  218.5   3.021562   3.1741e+00   -8.1277e-02   -5.6700e-02
  221.5   3.178581   3.1741e+00   -1.2889e-02   -2.3083e-02
  224.5   3.272962   3.1741e+00   2.5725e-02   1.6600e-03
  227.5   3.35201   3.1741e+00   5.0706e-02   1.8323e-02
  230.5   3.293897   3.1741e+00   3.6068e-02   1.2506e-02
  233.5   3.115279   3.1741e+00   -2.1155e-02   -4.5620e-03
  236.5   2.941406   3.1741e+00   -7.3215e-02   -2.9965e-02
  239.5   2.711134   3.1741e+00   -1.4753e-01   -4.4172e-02
  242.5   2.509245   3.1741e+00   -2.1504e-01   -4.5849e-02
  245.5   2.477918   3.1741e+00   -2.3028e-01   -3.4435e-02
  248.5   2.507488   3.1741e+00   -2.2408e-01   -1.9596e-02
  251.5   2.714094   3.1741e+00   -1.6419e-01   -6.7359e-03
  254.5   3.011187   3.1741e+00   -6.9491e-02   7.2025e-03
  257.5   3.344327   3.1741e+00   3.5216e-02   2.6838e-02
  260.5   3.683881   3.1741e+00   1.4633e-01   6.2877e-02
  263.5   3.948182   3.1741e+00   2.3236e-01   1.1053e-01
  266.5   4.126052   3.1741e+00   2.9124e-01   1.4540e-01
  269.5   4.167706   3.1741e+00   3.0189e-01   1.5625e-01
  272.5   4.10509   3.1741e+00   2.7553e-01   1.4761e-01
  275.5   3.841015   3.1741e+00   1.8026e-01   1.3318e-01
  278.5   3.492814   3.1741e+00   6.3135e-02   7.6059e-02
  281.5   3.105919   3.1741e+00   -4.6856e-02   3.5218e-02
  284.5   2.73839   3.1741e+00   -1.5373e-01   -1.4038e-02
  287.5   2.609172   3.1741e+00   -1.7950e-01   -1.7085e-02
  290.5   2.555734   3.1741e+00   -1.8856e-01   -4.0265e-02
  293.5   2.590937   3.1741e+00   -1.7509e-01   -6.5796e-02
  296.5   2.685769   3.1741e+00   -1.5047e-01   -1.0371e-01
  299.5   2.824676   3.1741e+00   -1.1442e-01   -1.1083e-01
  302.5   2.984312   3.1741e+00   -7.1500e-02   -9.4990e-02
  305.5   3.18302   3.1741e+00   -5.9135e-03   -5.4152e-02
  308.5   3.261455   3.1741e+00   2.2550e-02   1.5154e-02
  311.5   3.326586   3.1741e+00   4.4315e-02   2.1197e-02
  314.5   3.363623   3.1741e+00   5.6007e-02   1.8032e-02
  317.5   3.33693   3.1741e+00   4.4491e-02   1.1580e-02
  320.5   3.199279   3.1741e+00   -5.2971e-03   -1.7601e-02
  323.5   2.982837   3.1741e+00   -8.1401e-02   -4.3236e-02
  326.5   2.763463   3.1741e+00   -1.5914e-01   -4.9113e-02
  329.5   2.589145   3.1741e+00   -2.1832e-01   -4.4945e-02
  332.5   2.519342   3.1741e+00   -2.3407e-01   -3.2472e-02
  335.5   2.496753   3.1741e+00   -2.4046e-01   -4.2738e-02
  338.5   2.555633   3.1741e+00   -2.2112e-01   -5.0956e-02
  341.5   2.807042   3.1741e+00   -1.4410e-01   -5.7035e-02
  344.5   3.170422   3.1741e+00   -3.0806e-02   -2.9778e-02
  347.5   3.656475   3.1741e+00   1.3098e-01   2.7789e-02
  350.5   4.024379   3.1741e+00   2.5270e-01   8.4118e-02
  353.5   4.1459   3.1741e+00   2.9360e-01   1.0643e-01
  356.5   4.075869   3.1741e+00   2.7624e-01   9.4871e-02
  359.5   4.03111   3.1741e+00   2.5937e-01   8.1013e-02
  2   120.0   15.82   33.0   1.0   0.0  ------------------
  2.5   4.439791   3.4959e+00   2.3956e-01   1.9795e-02
  5.5   4.578546   3.4959e+00   2.9093e-01   6.8721e-02
  8.5   4.578127   3.4959e+00   3.0485e-01   8.6441e-02
  11.5   4.300664   3.4959e+00   2.3450e-01   6.9374e-02
  14.5   3.754707   3.4959e+00   7.6048e-02   2.5392e-02
  17.5   3.233721   3.4959e+00   -8.1012e-02   -2.9918e-03
  20.5   2.897755   3.4959e+00   -1.8044e-01   -1.9975e-02
  23.5   2.763484   3.4959e+00   -2.1975e-01   -3.7602e-02
  26.5   2.768903   3.4959e+00   -2.1540e-01   -5.7280e-02
  29.5   2.811129   3.4959e+00   -2.0038e-01   -7.9958e-02
  32.5   2.886993   3.4959e+00   -1.7498e-01   -8.0483e-02
  35.5   2.961409   3.4959e+00   -1.4826e-01   -6.5392e-02
  38.5   3.131019   3.4959e+00   -9.3188e-02   -4.0800e-02
  41.5   3.278032   3.4959e+00   -4.7245e-02   -2.8692e-02
  44.5   3.350141   3.4959e+00   -2.7386e-02   -2.2406e-02
  47.5   3.396319   3.4959e+00   -1.3082e-02   -2.0490e-02
  50.5   3.317381   3.4959e+00   -3.6418e-02   -1.7572e-02
  53.5   3.262096   3.4959e+00   -5.5309e-02   -2.8306e-02
  56.5   3.149936   3.4959e+00   -8.1032e-02   -4.6789e-02
  59.5   3.076925   3.4959e+00   -9.4758e-02   -5.7478e-02
  62.5   2.974867   3.4959e+00   -1.1736e-01   -5.0004e-02
  65.5   2.924827   3.4959e+00   -1.3384e-01   -2.1764e-02
  68.5   2.924959   3.4959e+00   -1.3556e-01   -2.7371e-05
  71.5   3.008201   3.4959e+00   -1.1475e-01   1.9800e-02
  74.5   3.189517   3.4959e+00   -7.3075e-02   2.6109e-02
  77.5   3.532365   3.4959e+00   1.8472e-02   4.9371e-02
  80.5   3.888614   3.4959e+00   1.0313e-01   6.7714e-02
  83.5   4.239439   3.4959e+00   2.0633e-01   8.7031e-02
  86.5   4.447133   3.4959e+00   2.7408e-01   1.0122e-01
  89.5   4.533435   3.4959e+00   3.1039e-01   1.0517e-01
  92.5   4.559139   3.4959e+00   3.2302e-01   1.0859e-01
  95.5   4.462767   3.4959e+00   2.8965e-01   1.0698e-01
  98.5   4.194213   3.4959e+00   2.1026e-01   1.0316e-01
  101.5   3.864772   3.4959e+00   1.1254e-01   7.7403e-02
  104.5   3.509385   3.4959e+00   4.5682e-03   3.0569e-02
  107.5   3.275109   3.4959e+00   -6.1524e-02   -6.4170e-03
  110.5   3.02523   3.4959e+00   -1.2880e-01   -2.2563e-02
  113.5   2.89561   3.4959e+00   -1.5794e-01   -3.7033e-02
  116.5   2.798584   3.4959e+00   -1.8627e-01   -5.8210e-02
  119.5   2.869757   3.4959e+00   -1.6778e-01   -8.7822e-02
  122.5   3.050319   3.4959e+00   -1.1747e-01   -9.6643e-02
  125.5   3.220003   3.4959e+00   -7.1347e-02   -8.5553e-02
  128.5   3.402304   3.4959e+00   -1.1890e-02   -1.9825e-02
  131.5   3.473445   3.4959e+00   9.5404e-03   -1.2086e-02
  134.5   3.46481   3.4959e+00   1.0868e-02   -1.0427e-03
  137.5   3.425354   3.4959e+00   4.0007e-04   5.7627e-03
  140.5   3.337269   3.4959e+00   -3.4496e-02   -1.4087e-02
  143.5   3.167788   3.4959e+00   -9.1017e-02   -5.0052e-02
  146.5   3.083184   3.4959e+00   -1.1446e-01   -8.3336e-02
  149.5   2.9176   3.4959e+00   -1.5941e-01   -8.7035e-02
  152.5   2.734806   3.4959e+00   -2.0440e-01   -7.8703e-02
  155.5   2.685309   3.4959e+00   -2.1642e-01   -4.8016e-02
  158.5   2.752431   3.4959e+00   -1.9650e-01   -2.6271e-02
  161.5   3.067115   3.4959e+00   -1.0533e-01   -2.6531e-03
  164.5   3.592541   3.4959e+00   5.3954e-02   2.4185e-02
  167.5   4.221123   3.4959e+00   2.4193e-01   7.5095e-02
  170.5   4.665633   3.4959e+00   3.6542e-01   1.0166e-01
  173.5   4.728336   3.4959e+00   3.8370e-01   9.0284e-02
  176.5   4.581021   3.4959e+00   3.2963e-01   3.5810e-02
  179.5   4.279127   3.4959e+00   2.2653e-01   9.7238e-03
  182.5   4.462415   3.4959e+00   2.8901e-01   1.9796e-02
  185.5   4.650167   3.4959e+00   3.5226e-01   6.8722e-02
  188.5   4.729589   3.4959e+00   3.8409e-01   8.6441e-02
  191.5   4.388626   3.4959e+00   2.8659e-01   6.9373e-02
  194.5   3.808851   3.4959e+00   1.1638e-01   2.5392e-02
  197.5   3.224788   3.4959e+00   -5.7299e-02   -2.9917e-03
  200.5   2.843626   3.4959e+00   -1.7158e-01   -1.9976e-02
  203.5   2.703457   3.4959e+00   -2.0814e-01   -3.7601e-02
  206.5   2.740202   3.4959e+00   -1.9970e-01   -5.7278e-02
  209.5   2.890781   3.4959e+00   -1.6323e-01   -7.9958e-02
  212.5   3.067166   3.4959e+00   -1.1390e-01   -8.0483e-02
  215.5   3.153179   3.4959e+00   -9.3810e-02   -6.5391e-02
  218.5   3.312178   3.4959e+00   -4.4232e-02   -4.0800e-02
  221.5   3.385738   3.4959e+00   -1.5763e-02   -2.8692e-02
  224.5   3.478045   3.4959e+00   1.7450e-02   -2.2405e-02
  227.5   3.476638   3.4959e+00   1.0265e-02   -2.0490e-02
  230.5   3.444649   3.4959e+00   1.1528e-03   -1.7573e-02
  233.5   3.29085   3.4959e+00   -5.3552e-02   -2.8306e-02
  236.5   3.0945   3.4959e+00   -1.0700e-01   -4.6792e-02
  239.5   2.92635   3.4959e+00   -1.5599e-01   -5.7480e-02
  242.5   2.777732   3.4959e+00   -1.9576e-01   -5.0003e-02
  245.5   2.761957   3.4959e+00   -2.0223e-01   -2.1764e-02
  248.5   2.863592   3.4959e+00   -1.8057e-01   -2.8038e-05
  251.5   3.098967   3.4959e+00   -1.1851e-01   1.9801e-02
  254.5   3.322876   3.4959e+00   -5.4033e-02   2.6109e-02
  257.5   3.612774   3.4959e+00   2.9273e-02   4.9371e-02
  260.5   3.894665   3.4959e+00   1.1009e-01   6.7713e-02
  263.5   4.184619   3.4959e+00   1.8897e-01   8.7031e-02
  266.5   4.369248   3.4959e+00   2.5531e-01   1.0122e-01
  269.5   4.439465   3.4959e+00   2.7553e-01   1.0517e-01
  272.5   4.467638   3.4959e+00   2.7810e-01   1.0859e-01
  275.5   4.242124   3.4959e+00   2.0541e-01   1.0698e-01
  278.5   3.95452   3.4959e+00   1.1546e-01   1.0316e-01
  281.5   3.576244   3.4959e+00   1.8417e-02   7.7402e-02
  284.5   3.185336   3.4959e+00   -8.2918e-02   3.0569e-02
  287.5   2.958414   3.4959e+00   -1.3833e-01   -6.4167e-03
  290.5   2.831757   3.4959e+00   -1.6845e-01   -2.2565e-02
  293.5   2.819379   3.4959e+00   -1.7188e-01   -3.7031e-02
  296.5   2.811146   3.4959e+00   -1.7379e-01   -5.8210e-02
  299.5   2.89471   3.4959e+00   -1.5401e-01   -8.7821e-02
  302.5   3.06119   3.4959e+00   -1.0866e-01   -9.6644e-02
  305.5   3.263626   3.4959e+00   -5.2641e-02   -8.5552e-02
  308.5   3.328293   3.4959e+00   -3.4310e-02   -1.9826e-02
  311.5   3.39858   3.4959e+00   -1.2088e-02   -1.2086e-02
  314.5   3.376429   3.4959e+00   -2.1848e-02   -1.0425e-03
  317.5   3.307781   3.4959e+00   -4.0947e-02   5.7631e-03
  320.5   3.183061   3.4959e+00   -8.0105e-02   -1.4086e-02
  323.5   3.008947   3.4959e+00   -1.3452e-01   -5.0050e-02
  326.5   2.91601   3.4959e+00   -1.6533e-01   -8.3336e-02
  329.5   2.819863   3.4959e+00   -2.0059e-01   -8.7035e-02
  332.5   2.786727   3.4959e+00   -2.0818e-01   -7.8703e-02
  335.5   2.769592   3.4959e+00   -2.1589e-01   -4.8016e-02
  338.5   2.841246   3.4959e+00   -1.9823e-01   -2.6271e-02
  341.5   3.131748   3.4959e+00   -1.0707e-01   -2.6531e-03
  344.5   3.573928   3.4959e+00   2.1322e-02   2.4185e-02
  347.5   4.154882   3.4959e+00   1.9428e-01   7.5095e-02
  350.5   4.558244   3.4959e+00   3.0650e-01   1.0166e-01
  353.5   4.655174   3.4959e+00   3.1964e-01   9.0285e-02
  356.5   4.513163   3.4959e+00   2.6754e-01   3.5811e-02
  359.5   4.370821   3.4959e+00   2.1002e-01   9.7238e-03
  3   120.0   15.82   36.0   1.0   0.0  ------------------
  2.5   4.057012   3.4021e+00   1.6121e-01   5.7670e-02
  5.5   4.278836   3.4021e+00   2.3664e-01   6.6014e-02
  8.5   4.239068   3.4021e+00   2.3301e-01   5.7710e-02
  11.5   3.981488   3.4021e+00   1.6705e-01   2.2969e-02
  14.5   3.477765   3.4021e+00   2.5555e-02   -1.4802e-02
  17.5   3.095931   3.4021e+00   -8.3268e-02   -3.4702e-02
  20.5   2.862333   3.4021e+00   -1.4985e-01   -4.7409e-02
  23.5   2.933097   3.4021e+00   -1.2525e-01   -4.8136e-02
  26.5   3.01591   3.4021e+00   -9.8130e-02   -5.7689e-02
  29.5   2.932748   3.4021e+00   -1.2738e-01   -6.3000e-02
  32.5   2.876745   3.4021e+00   -1.4729e-01   -6.6462e-02
  35.5   2.854204   3.4021e+00   -1.5502e-01   -6.0956e-02
  38.5   2.967174   3.4021e+00   -1.1729e-01   -5.4059e-02
  41.5   3.162027   3.4021e+00   -5.6894e-02   -3.6706e-02
  44.5   3.363415   3.4021e+00   2.7455e-03   -2.3561e-02
  47.5   3.436576   3.4021e+00   2.2760e-02   -1.6575e-02
  50.5   3.322772   3.4021e+00   -1.0536e-02   -2.3586e-02
  53.5   3.159385   3.4021e+00   -5.9526e-02   -3.4848e-02
  56.5   2.955142   3.4021e+00   -1.1718e-01   -4.8625e-02
  59.5   2.966951   3.4021e+00   -9.7228e-02   -5.3447e-02
  62.5   2.936953   3.4021e+00   -1.0088e-01   -4.4520e-02
  65.5   2.964686   3.4021e+00   -1.0056e-01   3.0708e-03
  68.5   2.973779   3.4021e+00   -1.0613e-01   3.1918e-02
  71.5   3.033044   3.4021e+00   -8.4781e-02   4.2175e-02
  74.5   3.111533   3.4021e+00   -6.4875e-02   2.2922e-02
  77.5   3.383891   3.4021e+00   8.4165e-03   3.0111e-02
  80.5   3.65159   3.4021e+00   6.8465e-02   5.9835e-02
  83.5   3.93959   3.4021e+00   1.5312e-01   1.0184e-01
  86.5   4.133707   3.4021e+00   2.2082e-01   1.2896e-01
  89.5   4.271345   3.4021e+00   2.7375e-01   1.5247e-01
  92.5   4.307756   3.4021e+00   2.8885e-01   1.4503e-01
  95.5   4.231534   3.4021e+00   2.5337e-01   1.2191e-01
  98.5   3.844808   3.4021e+00   1.3107e-01   7.3016e-02
  101.5   3.524798   3.4021e+00   2.7197e-02   3.1332e-02
  104.5   3.287748   3.4021e+00   -4.7119e-02   6.4785e-04
  107.5   3.120929   3.4021e+00   -8.9717e-02   3.8899e-03
  110.5   3.05601   3.4021e+00   -1.0116e-01   9.3906e-03
  113.5   3.006041   3.4021e+00   -1.0665e-01   -6.4269e-04
  116.5   2.97644   3.4021e+00   -1.1053e-01   -4.7797e-02
  119.5   3.056897   3.4021e+00   -8.4530e-02   -5.6501e-02
  122.5   3.087212   3.4021e+00   -8.1254e-02   -6.6311e-02
  125.5   3.218031   3.4021e+00   -4.4906e-02   -4.9786e-02
  128.5   3.370049   3.4021e+00   6.8194e-03   8.2517e-04
  131.5   3.513729   3.4021e+00   4.4238e-02   5.1801e-03
  134.5   3.64096   3.4021e+00   7.9105e-02   1.4820e-02
  137.5   3.521425   3.4021e+00   3.8027e-02   1.2293e-02
  140.5   3.322705   3.4021e+00   -2.9529e-02   -7.4498e-03
  143.5   3.109168   3.4021e+00   -8.8621e-02   -3.7501e-02
  146.5   3.066354   3.4021e+00   -8.9264e-02   -5.7555e-02
  149.5   2.981803   3.4021e+00   -1.0343e-01   -5.9000e-02
  152.5   2.940806   3.4021e+00   -1.1389e-01   -5.3851e-02
  155.5   2.878363   3.4021e+00   -1.3729e-01   -4.7431e-02
  158.5   2.87291   3.4021e+00   -1.4449e-01   -5.8355e-02
  161.5   2.995788   3.4021e+00   -1.0786e-01   -6.1731e-02
  164.5   3.292196   3.4021e+00   -1.8560e-02   -4.9885e-02
  167.5   3.759162   3.4021e+00   1.1966e-01   -7.9608e-03
  170.5   4.180351   3.4021e+00   2.3785e-01   3.1782e-02
  173.5   4.306366   3.4021e+00   2.7170e-01   5.6914e-02
  176.5   4.192032   3.4021e+00   2.2980e-01   5.7184e-02
  179.5   3.967252   3.4021e+00   1.5247e-01   4.8955e-02
  182.5   4.10494   3.4021e+00   2.0265e-01   5.7670e-02
  185.5   4.25974   3.4021e+00   2.5308e-01   6.6014e-02
  188.5   4.23252   3.4021e+00   2.5077e-01   5.7709e-02
  191.5   3.935639   3.4021e+00   1.7006e-01   2.2968e-02
  194.5   3.4074   3.4021e+00   1.5767e-02   -1.4802e-02
  197.5   3.129808   3.4021e+00   -6.6115e-02   -3.4702e-02
  200.5   2.86916   3.4021e+00   -1.4653e-01   -4.7410e-02
  203.5   2.879073   3.4021e+00   -1.3839e-01   -4.8135e-02
  206.5   2.893771   3.4021e+00   -1.2874e-01   -5.7688e-02
  209.5   2.996077   3.4021e+00   -9.6715e-02   -6.2999e-02
  212.5   3.03286   3.4021e+00   -9.5930e-02   -6.6463e-02
  215.5   3.10299   3.4021e+00   -9.1544e-02   -6.0955e-02
  218.5   3.295263   3.4021e+00   -4.1903e-02   -5.4059e-02
  221.5   3.468902   3.4021e+00   1.5572e-02   -3.6707e-02
  224.5   3.683186   3.4021e+00   8.6533e-02   -2.3559e-02
  227.5   3.577342   3.4021e+00   5.7670e-02   -1.6574e-02
  230.5   3.450775   3.4021e+00   2.6194e-02   -2.3587e-02
  233.5   3.28493   3.4021e+00   -2.5967e-02   -3.4849e-02
  236.5   3.121229   3.4021e+00   -7.1743e-02   -4.8628e-02
  239.5   3.052704   3.4021e+00   -9.1739e-02   -5.3447e-02
  242.5   2.94769   3.4021e+00   -1.2115e-01   -4.4520e-02
  245.5   2.856385   3.4021e+00   -1.6093e-01   3.0714e-03
  248.5   2.883629   3.4021e+00   -1.6502e-01   3.1917e-02
  251.5   2.982714   3.4021e+00   -1.3706e-01   4.2176e-02
  254.5   3.170747   3.4021e+00   -8.5331e-02   2.2922e-02
  257.5   3.368839   3.4021e+00   -2.3720e-02   3.0111e-02
  260.5   3.648684   3.4021e+00   6.3827e-02   5.9835e-02
  263.5   4.05833   3.4021e+00   1.9272e-01   1.0184e-01
  266.5   4.262453   3.4021e+00   2.7084e-01   1.2896e-01
  269.5   4.340628   3.4021e+00   2.9521e-01   1.5247e-01
  272.5   4.361303   3.4021e+00   3.0084e-01   1.4503e-01
  275.5   4.135041   3.4021e+00   2.2088e-01   1.2192e-01
  278.5   3.899098   3.4021e+00   1.4339e-01   7.3017e-02
  281.5   3.542281   3.4021e+00   5.3197e-02   3.1331e-02
  284.5   3.213766   3.4021e+00   -3.5884e-02   6.4720e-04
  287.5   2.989113   3.4021e+00   -1.0442e-01   3.8903e-03
  290.5   2.896481   3.4021e+00   -1.3787e-01   9.3887e-03
  293.5   2.799464   3.4021e+00   -1.7024e-01   -6.4101e-04
  296.5   2.765077   3.4021e+00   -1.6833e-01   -4.7798e-02
  299.5   2.777434   3.4021e+00   -1.6728e-01   -5.6501e-02
  302.5   2.883423   3.4021e+00   -1.4110e-01   -6.6312e-02
  305.5   3.085727   3.4021e+00   -8.2413e-02   -4.9785e-02
  308.5   3.307985   3.4021e+00   -1.3980e-02   8.2478e-04
  311.5   3.425672   3.4021e+00   1.9704e-02   5.1803e-03
  314.5   3.44209   3.4021e+00   2.6654e-02   1.4820e-02
  317.5   3.23432   3.4021e+00   -3.8327e-02   1.2294e-02
  320.5   3.058597   3.4021e+00   -8.9591e-02   -7.4489e-03
  323.5   2.901811   3.4021e+00   -1.4081e-01   -3.7499e-02
  326.5   2.864148   3.4021e+00   -1.5681e-01   -5.7554e-02
  329.5   2.890447   3.4021e+00   -1.4795e-01   -5.9000e-02
  332.5   2.975456   3.4021e+00   -1.1696e-01   -5.3850e-02
  335.5   2.970649   3.4021e+00   -1.1614e-01   -4.7431e-02
  338.5   2.876537   3.4021e+00   -1.4642e-01   -5.8354e-02
  341.5   2.982967   3.4021e+00   -1.1472e-01   -6.1730e-02
  344.5   3.339225   3.4021e+00   -1.3674e-02   -4.9885e-02
  347.5   3.842542   3.4021e+00   1.3254e-01   -7.9613e-03
  350.5   4.233363   3.4021e+00   2.3694e-01   3.1783e-02
  353.5   4.350437   3.4021e+00   2.6334e-01   5.6914e-02
  356.5   4.176853   3.4021e+00   2.0249e-01   5.7184e-02
  359.5   3.989051   3.4021e+00   1.3778e-01   4.8955e-02
  4   120.0   15.82   39.0   1.0   0.0  ------------------
  2.5   3.471874   3.1968e+00   7.9536e-02   3.8342e-02
  5.5   3.655769   3.1968e+00   1.3776e-01   3.6679e-02
  8.5   3.485546   3.1968e+00   7.7685e-02   1.0805e-02
  11.5   3.16984   3.1968e+00   -1.7877e-02   -3.2642e-02
  14.5   2.80585   3.1968e+00   -1.2851e-01   -8.0200e-02
  17.5   2.700715   3.1968e+00   -1.5263e-01   -9.8815e-02
  20.5   2.709021   3.1968e+00   -1.4470e-01   -1.0573e-01
  23.5   2.88257   3.1968e+00   -9.0197e-02   -9.0441e-02
  26.5   2.973462   3.1968e+00   -6.0805e-02   -7.2723e-02
  29.5   2.803913   3.1968e+00   -1.2784e-01   -4.7007e-02
  32.5   2.78591   3.1968e+00   -1.3975e-01   -2.9704e-02
  35.5   2.89001   3.1968e+00   -1.0785e-01   -5.2998e-03
  38.5   3.321655   3.1968e+00   4.3324e-02   2.6255e-02
  41.5   3.840277   3.1968e+00   2.1487e-01   7.1447e-02
  44.5   4.296684   3.1968e+00   3.6179e-01   9.9364e-02
  47.5   4.359555   3.1968e+00   3.7914e-01   1.1299e-01
  50.5   4.060548   3.1968e+00   2.7947e-01   1.1300e-01
  53.5   3.529856   3.1968e+00   1.0659e-01   8.9467e-02
  56.5   3.077428   3.1968e+00   -3.2525e-02   4.6339e-02
  59.5   2.86623   3.1968e+00   -9.1098e-02   2.8007e-03
  62.5   2.750771   3.1968e+00   -1.2146e-01   -1.8722e-02
  65.5   2.840387   3.1968e+00   -9.5377e-02   -2.6506e-02
  68.5   2.898134   3.1968e+00   -8.4562e-02   -4.1044e-02
  71.5   2.825929   3.1968e+00   -1.0976e-01   -5.4255e-02
  74.5   2.808016   3.1968e+00   -1.1632e-01   -5.5393e-02
  77.5   2.895649   3.1968e+00   -9.5967e-02   -3.0499e-02
  80.5   3.105763   3.1968e+00   -4.1606e-02   2.4667e-02
  83.5   3.404295   3.1968e+00   5.0509e-02   9.1569e-02
  86.5   3.611681   3.1968e+00   1.1559e-01   1.4702e-01
  89.5   3.754678   3.1968e+00   1.6916e-01   1.7085e-01
  92.5   3.7977   3.1968e+00   1.8207e-01   1.5808e-01
  95.5   3.699798   3.1968e+00   1.4003e-01   1.1153e-01
  98.5   3.272782   3.1968e+00   -1.5694e-04   3.9604e-02
  101.5   2.924969   3.1968e+00   -1.0990e-01   -2.7814e-02
  104.5   2.738771   3.1968e+00   -1.7120e-01   -7.6723e-02
  107.5   2.717908   3.1968e+00   -1.6194e-01   -8.7618e-02
  110.5   2.74678   3.1968e+00   -1.4261e-01   -7.8385e-02
  113.5   2.728841   3.1968e+00   -1.3995e-01   -6.8897e-02
  116.5   2.768186   3.1968e+00   -1.2991e-01   -7.0487e-02
  119.5   2.886114   3.1968e+00   -9.7400e-02   -6.7876e-02
  122.5   3.100112   3.1968e+00   -3.4645e-02   -4.3563e-02
  125.5   3.436214   3.1968e+00   6.8778e-02   -1.3859e-03
  128.5   3.847479   3.1968e+00   1.9896e-01   1.2334e-01
  131.5   4.222521   3.1968e+00   3.1167e-01   1.1815e-01
  134.5   4.439754   3.1968e+00   3.7652e-01   1.0206e-01
  137.5   4.212483   3.1968e+00   3.0446e-01   8.7877e-02
  140.5   3.657493   3.1968e+00   1.3013e-01   4.8323e-02
  143.5   3.050759   3.1968e+00   -5.0796e-02   4.9667e-03
  146.5   2.751401   3.1968e+00   -1.3854e-01   -3.9901e-02
  149.5   2.670143   3.1968e+00   -1.5871e-01   -6.7620e-02
  152.5   2.688512   3.1968e+00   -1.5814e-01   -8.8931e-02
  155.5   2.759646   3.1968e+00   -1.3691e-01   -1.0892e-01
  158.5   2.734643   3.1968e+00   -1.4903e-01   -1.1281e-01
  161.5   2.682087   3.1968e+00   -1.6131e-01   -1.1465e-01
  164.5   2.671182   3.1968e+00   -1.6599e-01   -9.5119e-02
  167.5   2.900243   3.1968e+00   -1.0185e-01   -5.4849e-02
  170.5   3.236079   3.1968e+00   -1.2002e-02   1.4691e-04
  173.5   3.472739   3.1968e+00   5.9657e-02   3.8976e-02
  176.5   3.542823   3.1968e+00   8.8144e-02   4.3813e-02
  179.5   3.466809   3.1968e+00   6.0631e-02   3.6085e-02
  182.5   3.515686   3.1968e+00   8.0299e-02   3.8342e-02
  185.5   3.534031   3.1968e+00   8.2451e-02   3.6679e-02
  188.5   3.33038   3.1968e+00   1.4984e-02   1.0805e-02
  191.5   3.023276   3.1968e+00   -6.7777e-02   -3.2644e-02
  194.5   2.69975   3.1968e+00   -1.5908e-01   -8.0200e-02
  197.5   2.676369   3.1968e+00   -1.6010e-01   -9.8814e-02
  200.5   2.689384   3.1968e+00   -1.6335e-01   -1.0573e-01
  203.5   2.742534   3.1968e+00   -1.4442e-01   -9.0440e-02
  206.5   2.740886   3.1968e+00   -1.4107e-01   -7.2723e-02
  209.5   2.686331   3.1968e+00   -1.5381e-01   -4.7004e-02
  212.5   2.697931   3.1968e+00   -1.5610e-01   -2.9706e-02
  215.5   2.894326   3.1968e+00   -1.0383e-01   -5.2986e-03
  218.5   3.484835   3.1968e+00   7.6763e-02   2.6255e-02
  221.5   4.077675   3.1968e+00   2.5997e-01   7.1447e-02
  224.5   4.487518   3.1968e+00   3.9025e-01   9.9365e-02
  227.5   4.374686   3.1968e+00   3.5951e-01   1.1299e-01
  230.5   3.990415   3.1968e+00   2.3962e-01   1.1300e-01
  233.5   3.539841   3.1968e+00   9.5353e-02   8.9466e-02
  236.5   3.170102   3.1968e+00   -2.1225e-02   4.6337e-02
  239.5   2.948821   3.1968e+00   -8.2154e-02   2.7995e-03
  242.5   2.794957   3.1968e+00   -1.2382e-01   -1.8724e-02
  245.5   2.658876   3.1968e+00   -1.6863e-01   -2.6507e-02
  248.5   2.63731   3.1968e+00   -1.8885e-01   -4.1044e-02
  251.5   2.629133   3.1968e+00   -1.9775e-01   -5.4254e-02
  254.5   2.675111   3.1968e+00   -1.9006e-01   -5.5393e-02
  257.5   2.849269   3.1968e+00   -1.3227e-01   -3.0499e-02
  260.5   3.179133   3.1968e+00   -2.5688e-02   2.4668e-02
  263.5   3.639013   3.1968e+00   1.2356e-01   9.1570e-02
  266.5   3.888125   3.1968e+00   2.1939e-01   1.4702e-01
  269.5   3.936155   3.1968e+00   2.3882e-01   1.7085e-01
  272.5   3.840154   3.1968e+00   2.0211e-01   1.5808e-01
  275.5   3.619231   3.1968e+00   1.2880e-01   1.1152e-01
  278.5   3.341517   3.1968e+00   4.2814e-02   3.9606e-02
  281.5   3.062625   3.1968e+00   -3.8849e-02   -2.7817e-02
  284.5   2.928103   3.1968e+00   -7.5116e-02   -7.6725e-02
  287.5   2.845372   3.1968e+00   -1.0356e-01   -8.7619e-02
  290.5   2.863985   3.1968e+00   -1.0137e-01   -7.8386e-02
  293.5   2.771493   3.1968e+00   -1.3061e-01   -6.8898e-02
  296.5   2.63183   3.1968e+00   -1.7230e-01   -7.0487e-02
  299.5   2.671552   3.1968e+00   -1.6107e-01   -6.7876e-02
  302.5   2.884582   3.1968e+00   -9.9244e-02   -4.3564e-02
  305.5   3.302112   3.1968e+00   2.4606e-02   -1.3854e-03
  308.5   3.91151   3.1968e+00   2.2548e-01   1.2334e-01
  311.5   4.294316   3.1968e+00   3.5059e-01   1.1815e-01
  314.5   4.391561   3.1968e+00   3.8795e-01   1.0206e-01
  317.5   4.055185   3.1968e+00   2.8243e-01   8.7877e-02
  320.5   3.532771   3.1968e+00   1.1201e-01   4.8324e-02
  323.5   3.036008   3.1968e+00   -5.7175e-02   4.9687e-03
  326.5   2.792547   3.1968e+00   -1.4028e-01   -3.9899e-02
  329.5   2.752717   3.1968e+00   -1.4993e-01   -6.7620e-02
  332.5   2.900182   3.1968e+00   -8.9096e-02   -8.8929e-02
  335.5   2.928029   3.1968e+00   -7.3875e-02   -1.0892e-01
  338.5   2.763947   3.1968e+00   -1.2888e-01   -1.1281e-01
  341.5   2.6785   3.1968e+00   -1.5753e-01   -1.1465e-01
  344.5   2.764061   3.1968e+00   -1.3693e-01   -9.5119e-02
  347.5   3.043223   3.1968e+00   -5.7642e-02   -5.4851e-02
  350.5   3.39331   3.1968e+00   5.0924e-02   1.4625e-04
  353.5   3.639021   3.1968e+00   1.3176e-01   3.8976e-02
  356.5   3.567123   3.1968e+00   1.1084e-01   4.3812e-02
  359.5   3.418543   3.1968e+00   6.5537e-02   3.6085e-02
  5   120.0   15.82   42.0   1.0   0.0  ------------------
  2.5   2.929076   3.2771e+00   -1.1746e-01   -6.1704e-02
  5.5   3.082646   3.2771e+00   -5.9505e-02   -6.1037e-02
  8.5   2.904302   3.2771e+00   -1.0711e-01   -7.0092e-02
  11.5   2.632436   3.2771e+00   -1.8530e-01   -7.0460e-02
  14.5   2.470653   3.2771e+00   -2.3261e-01   -6.1875e-02
  17.5   2.519168   3.2771e+00   -2.2110e-01   -3.8886e-02
  20.5   2.603502   3.2771e+00   -1.9826e-01   -2.0445e-02
  23.5   2.727512   3.2771e+00   -1.6755e-01   -2.0393e-02
  26.5   2.805707   3.2771e+00   -1.4876e-01   -2.6790e-02
  29.5   2.765305   3.2771e+00   -1.6711e-01   -3.2154e-02
  32.5   2.973926   3.2771e+00   -1.0986e-01   -2.3276e-02
  35.5   3.4469   3.2771e+00   3.0653e-02   7.7243e-04
  38.5   4.09303   3.2771e+00   2.3276e-01   3.7658e-02
  41.5   4.900734   3.2771e+00   4.8674e-01   1.0800e-01
  44.5   5.677168   3.2771e+00   7.3422e-01   1.7597e-01
  47.5   5.740599   3.2771e+00   7.5415e-01   2.1904e-01
  50.5   5.222143   3.2771e+00   5.9619e-01   2.0194e-01
  53.5   4.390389   3.2771e+00   3.3453e-01   1.4490e-01
  56.5   3.671729   3.2771e+00   1.1690e-01   9.4779e-02
  59.5   3.112549   3.2771e+00   -4.8100e-02   5.7205e-02
  62.5   2.874292   3.2771e+00   -1.0468e-01   3.7653e-02
  65.5   2.906831   3.2771e+00   -9.7691e-02   3.0374e-02
  68.5   2.911421   3.2771e+00   -1.1226e-01   3.2946e-02
  71.5   2.784688   3.2771e+00   -1.7353e-01   1.4725e-02
  74.5   2.602558   3.2771e+00   -2.4043e-01   -2.9214e-02
  77.5   2.484352   3.2771e+00   -2.8557e-01   -7.1088e-02
  80.5   2.631516   3.2771e+00   -2.4057e-01   -6.3386e-02
  83.5   2.85048   3.2771e+00   -1.7043e-01   -3.0841e-02
  86.5   3.069486   3.2771e+00   -9.2612e-02   -3.7740e-03
  89.5   3.138747   3.2771e+00   -6.2144e-02   -1.2124e-02
  92.5   3.154067   3.2771e+00   -6.2709e-02   -2.3508e-02
  95.5   3.046189   3.2771e+00   -9.6809e-02   -4.5321e-02
  98.5   2.707967   3.2771e+00   -2.0333e-01   -6.8761e-02
  101.5   2.527664   3.2771e+00   -2.5679e-01   -9.5209e-02
  104.5   2.551173   3.2771e+00   -2.4982e-01   -1.0180e-01
  107.5   2.616883   3.2771e+00   -2.2405e-01   -7.5714e-02
  110.5   2.658821   3.2771e+00   -1.9956e-01   -4.7153e-02
  113.5   2.647052   3.2771e+00   -1.9811e-01   -1.2051e-02
  116.5   2.767694   3.2771e+00   -1.5553e-01   -1.4134e-03
  119.5   3.056571   3.2771e+00   -6.6350e-02   5.1242e-03
  122.5   3.570608   3.2771e+00   8.0915e-02   1.3036e-02
  125.5   4.161432   3.2771e+00   2.6347e-01   6.4037e-02
  128.5   4.882552   3.2771e+00   4.8341e-01   1.5070e-01
  131.5   5.587057   3.2771e+00   6.8872e-01   2.0922e-01
  134.5   5.948079   3.2771e+00   8.0157e-01   2.0458e-01
  137.5   5.504323   3.2771e+00   6.5807e-01   1.4493e-01
  140.5   4.529852   3.2771e+00   3.6296e-01   5.9922e-02
  143.5   3.581357   3.2771e+00   8.3115e-02   2.5862e-03
  146.5   2.976587   3.2771e+00   -9.5226e-02   -3.2202e-02
  149.5   2.683746   3.2771e+00   -1.8124e-01   -4.7429e-02
  152.5   2.703045   3.2771e+00   -1.8124e-01   -5.6831e-02
  155.5   2.773181   3.2771e+00   -1.5737e-01   -6.0535e-02
  158.5   2.814197   3.2771e+00   -1.3843e-01   -6.3704e-02
  161.5   2.784471   3.2771e+00   -1.3079e-01   -7.3450e-02
  164.5   2.654271   3.2771e+00   -1.8012e-01   -9.3504e-02
  167.5   2.608878   3.2771e+00   -2.0148e-01   -1.0142e-01
  170.5   2.792705   3.2771e+00   -1.5426e-01   -9.9979e-02
  173.5   2.939065   3.2771e+00   -1.1702e-01   -8.0247e-02
  176.5   2.974866   3.2771e+00   -1.1241e-01   -6.8835e-02
  179.5   3.011549   3.2771e+00   -1.0006e-01   -6.3482e-02
  182.5   2.955559   3.2771e+00   -1.2106e-01   -6.1704e-02
  185.5   2.977955   3.2771e+00   -1.0511e-01   -6.1037e-02
  188.5   2.839376   3.2771e+00   -1.4610e-01   -7.0091e-02
  191.5   2.63363   3.2771e+00   -2.0233e-01   -7.0460e-02
  194.5   2.603503   3.2771e+00   -1.9687e-01   -6.1875e-02
  197.5   2.745773   3.2771e+00   -1.4620e-01   -3.8884e-02
  200.5   2.795693   3.2771e+00   -1.4327e-01   -2.0446e-02
  203.5   2.801494   3.2771e+00   -1.4457e-01   -2.0392e-02
  206.5   2.766045   3.2771e+00   -1.6074e-01   -2.6792e-02
  209.5   2.673747   3.2771e+00   -1.8546e-01   -3.2152e-02
  212.5   2.819805   3.2771e+00   -1.4152e-01   -2.3277e-02
  215.5   3.318284   3.2771e+00   9.8181e-04   7.7332e-04
  218.5   4.253182   3.2771e+00   2.8348e-01   3.7657e-02
  221.5   5.212694   3.2771e+00   5.7645e-01   1.0800e-01
  224.5   5.965866   3.2771e+00   8.0925e-01   1.7597e-01
  227.5   5.893269   3.2771e+00   7.8812e-01   2.1904e-01
  230.5   5.120044   3.2771e+00   5.5425e-01   2.0194e-01
  233.5   4.371539   3.2771e+00   3.2395e-01   1.4490e-01
  236.5   3.725895   3.2771e+00   1.2478e-01   9.4779e-02
  239.5   3.207577   3.2771e+00   -2.9796e-02   5.7205e-02
  242.5   2.834248   3.2771e+00   -1.3572e-01   3.7652e-02
  245.5   2.627124   3.2771e+00   -2.0248e-01   3.0374e-02
  248.5   2.565839   3.2771e+00   -2.3538e-01   3.2947e-02
  251.5   2.578951   3.2771e+00   -2.3439e-01   1.4727e-02
  254.5   2.553481   3.2771e+00   -2.4557e-01   -2.9216e-02
  257.5   2.527589   3.2771e+00   -2.4992e-01   -7.1090e-02
  260.5   2.652619   3.2771e+00   -2.0941e-01   -6.3385e-02
  263.5   3.079506   3.2771e+00   -8.0732e-02   -3.0842e-02
  266.5   3.283404   3.2771e+00   -1.1070e-02   -3.7745e-03
  269.5   3.278129   3.2771e+00   -7.0481e-03   -1.2124e-02
  272.5   3.239888   3.2771e+00   -2.2453e-02   -2.3509e-02
  275.5   3.047951   3.2771e+00   -8.9353e-02   -4.5322e-02
  278.5   2.787491   3.2771e+00   -1.7550e-01   -6.8760e-02
  281.5   2.578476   3.2771e+00   -2.4176e-01   -9.5211e-02
  284.5   2.623358   3.2771e+00   -2.2767e-01   -1.0180e-01
  287.5   2.77199   3.2771e+00   -1.7393e-01   -7.5717e-02
  290.5   2.873699   3.2771e+00   -1.2771e-01   -4.7153e-02
  293.5   2.846056   3.2771e+00   -1.2409e-01   -1.2055e-02
  296.5   2.752321   3.2771e+00   -1.4670e-01   -1.4145e-03
  299.5   2.924714   3.2771e+00   -1.0392e-01   5.1216e-03
  302.5   3.370623   3.2771e+00   1.7223e-02   1.3037e-02
  305.5   4.060502   3.2771e+00   2.1686e-01   6.4035e-02
  308.5   4.969258   3.2771e+00   5.0098e-01   1.5069e-01
  311.5   5.630313   3.2771e+00   6.9591e-01   2.0922e-01
  314.5   5.849168   3.2771e+00   7.7517e-01   2.0458e-01
  317.5   5.24938   3.2771e+00   5.8337e-01   1.4493e-01
  320.5   4.392498   3.2771e+00   3.1768e-01   5.9923e-02
  323.5   3.653687   3.2771e+00   9.0886e-02   2.5870e-03
  326.5   3.106331   3.2771e+00   -7.3983e-02   -3.2201e-02
  329.5   2.782618   3.2771e+00   -1.6408e-01   -4.7430e-02
  332.5   2.8243   3.2771e+00   -1.4458e-01   -5.6831e-02
  335.5   2.778922   3.2771e+00   -1.5447e-01   -6.0535e-02
  338.5   2.663734   3.2771e+00   -1.8239e-01   -6.3704e-02
  341.5   2.573051   3.2771e+00   -2.0287e-01   -7.3451e-02
  344.5   2.500723   3.2771e+00   -2.2260e-01   -9.3504e-02
  347.5   2.534146   3.2771e+00   -2.1470e-01   -1.0142e-01
  350.5   2.798811   3.2771e+00   -1.3886e-01   -9.9979e-02
  353.5   3.051727   3.2771e+00   -6.6791e-02   -8.0247e-02
  356.5   2.978801   3.2771e+00   -1.0117e-01   -6.8836e-02
  359.5   2.899999   3.2771e+00   -1.2802e-01   -6.3482e-02
  6   120.0   15.82   45.0   1.0   0.0  ------------------
  2.5   2.760418   3.2022e+00   -1.5997e-01   -9.7915e-02
  5.5   2.837115   3.2022e+00   -1.2392e-01   -7.2325e-02
  8.5   2.752285   3.2022e+00   -1.3251e-01   -4.8737e-02
  11.5   2.505888   3.2022e+00   -1.9992e-01   -3.3372e-02
  14.5   2.408743   3.2022e+00   -2.2997e-01   -2.7700e-02
  17.5   2.469276   3.2022e+00   -2.2268e-01   -1.8945e-02
  20.5   2.434339   3.2022e+00   -2.4738e-01   -1.2473e-02
  23.5   2.531339   3.2022e+00   -2.2104e-01   -1.1067e-02
  26.5   2.687707   3.2022e+00   -1.7551e-01   -1.0267e-02
  29.5   2.816148   3.2022e+00   -1.3293e-01   -9.6554e-03
  32.5   3.103534   3.2022e+00   -4.7568e-02   -1.7342e-02
  35.5   3.584663   3.2022e+00   8.4016e-02   -6.5889e-03
  38.5   4.30077   3.2022e+00   2.9214e-01   4.0849e-02
  41.5   5.241972   3.2022e+00   5.8563e-01   1.4681e-01
  44.5   6.225902   3.2022e+00   9.1305e-01   2.5187e-01
  47.5   6.249992   3.2022e+00   9.2653e-01   2.9445e-01
  50.5   5.586256   3.2022e+00   7.2395e-01   2.3958e-01
  53.5   4.562204   3.2022e+00   4.0488e-01   1.3661e-01
  56.5   3.684554   3.2022e+00   1.3640e-01   5.6851e-02
  59.5   3.110708   3.2022e+00   -2.9521e-02   2.4482e-02
  62.5   2.830865   3.2022e+00   -9.9335e-02   1.5389e-02
  65.5   2.788504   3.2022e+00   -1.1557e-01   9.3737e-03
  68.5   2.670391   3.2022e+00   -1.8029e-01   8.6916e-03
  71.5   2.488683   3.2022e+00   -2.6755e-01   3.8044e-03
  74.5   2.357837   3.2022e+00   -3.1941e-01   -1.2940e-02
  77.5   2.326316   3.2022e+00   -3.2989e-01   -2.7818e-02
  80.5   2.404928   3.2022e+00   -3.0187e-01   -2.6951e-02
  83.5   2.473274   3.2022e+00   -2.8071e-01   -2.8310e-02
  86.5   2.482314   3.2022e+00   -2.7094e-01   -4.7782e-02
  89.5   2.449086   3.2022e+00   -2.6841e-01   -7.1484e-02
  92.5   2.510774   3.2022e+00   -2.4737e-01   -7.2644e-02
  95.5   2.513138   3.2022e+00   -2.3865e-01   -6.1694e-02
  98.5   2.41052   3.2022e+00   -2.7489e-01   -5.3414e-02
  101.5   2.311997   3.2022e+00   -3.1051e-01   -5.4859e-02
  104.5   2.369005   3.2022e+00   -3.0088e-01   -4.9355e-02
  107.5   2.44932   3.2022e+00   -2.8179e-01   -4.2501e-02
  110.5   2.465992   3.2022e+00   -2.6239e-01   -3.0944e-02
  113.5   2.46493   3.2022e+00   -2.4945e-01   -2.4283e-02
  116.5   2.718136   3.2022e+00   -1.4601e-01   -2.4856e-02
  119.5   3.076814   3.2022e+00   -2.4294e-02   -2.4371e-02
  122.5   3.64213   3.2022e+00   1.4964e-01   -3.9962e-03
  125.5   4.304232   3.2022e+00   3.5404e-01   4.1642e-02
  128.5   5.242655   3.2022e+00   6.3883e-01   1.1532e-01
  131.5   6.26233   3.2022e+00   9.4955e-01   2.0912e-01
  134.5   6.618322   3.2022e+00   1.0643e+00   2.3288e-01
  137.5   5.97437   3.2022e+00   8.3904e-01   1.6572e-01
  140.5   4.705509   3.2022e+00   4.4175e-01   5.9683e-02
  143.5   3.581318   3.2022e+00   9.6379e-02   -3.0325e-02
  146.5   2.988969   3.2022e+00   -7.4384e-02   -7.7185e-02
  149.5   2.672303   3.2022e+00   -1.6772e-01   -8.2754e-02
  152.5   2.635502   3.2022e+00   -1.8196e-01   -9.2482e-02
  155.5   2.522328   3.2022e+00   -2.1734e-01   -8.0354e-02
  158.5   2.528034   3.2022e+00   -2.1417e-01   -7.5126e-02
  161.5   2.663068   3.2022e+00   -1.5921e-01   -6.0084e-02
  164.5   2.664271   3.2022e+00   -1.7028e-01   -6.3917e-02
  167.5   2.64183   3.2022e+00   -1.6862e-01   -7.9427e-02
  170.5   2.740975   3.2022e+00   -1.3338e-01   -8.4339e-02
  173.5   2.785968   3.2022e+00   -1.3332e-01   -9.5994e-02
  176.5   2.727717   3.2022e+00   -1.6836e-01   -1.0124e-01
  179.5   2.770865   3.2022e+00   -1.6134e-01   -1.0531e-01
  182.5   2.688923   3.2022e+00   -1.8825e-01   -9.7914e-02
  185.5   2.745324   3.2022e+00   -1.5016e-01   -7.2325e-02
  188.5   2.741866   3.2022e+00   -1.3553e-01   -4.8735e-02
  191.5   2.690069   3.2022e+00   -1.5067e-01   -3.3371e-02
  194.5   2.691081   3.2022e+00   -1.5410e-01   -2.7700e-02
  197.5   2.714668   3.2022e+00   -1.4312e-01   -1.8943e-02
  200.5   2.557362   3.2022e+00   -2.0217e-01   -1.2474e-02
  203.5   2.515551   3.2022e+00   -2.1923e-01   -1.1067e-02
  206.5   2.593784   3.2022e+00   -1.9591e-01   -1.0268e-02
  209.5   2.658039   3.2022e+00   -1.7096e-01   -9.6531e-03
  212.5   2.846467   3.2022e+00   -1.1519e-01   -1.7344e-02
  215.5   3.304351   3.2022e+00   1.3336e-02   -6.5874e-03
  218.5   4.197574   3.2022e+00   2.8467e-01   4.0848e-02
  221.5   5.444808   3.2022e+00   6.7315e-01   1.4682e-01
  224.5   6.539827   3.2022e+00   1.0293e+00   2.5187e-01
  227.5   6.459169   3.2022e+00   1.0093e+00   2.9445e-01
  230.5   5.503731   3.2022e+00   7.1606e-01   2.3958e-01
  233.5   4.533824   3.2022e+00   4.2476e-01   1.3661e-01
  236.5   3.780827   3.2022e+00   1.9064e-01   5.6851e-02
  239.5   3.200806   3.2022e+00   3.5921e-03   2.4483e-02
  242.5   2.755723   3.2022e+00   -1.3065e-01   1.5388e-02
  245.5   2.494154   3.2022e+00   -2.3012e-01   9.3742e-03
  248.5   2.409877   3.2022e+00   -2.7783e-01   8.6928e-03
  251.5   2.451784   3.2022e+00   -2.7829e-01   3.8057e-03
  254.5   2.428319   3.2022e+00   -2.8259e-01   -1.2942e-02
  257.5   2.353499   3.2022e+00   -2.9467e-01   -2.7820e-02
  260.5   2.467162   3.2022e+00   -2.5001e-01   -2.6952e-02
  263.5   2.60956   3.2022e+00   -2.0185e-01   -2.8312e-02
  266.5   2.699233   3.2022e+00   -1.7000e-01   -4.7782e-02
  269.5   2.579659   3.2022e+00   -2.0870e-01   -7.1484e-02
  272.5   2.572811   3.2022e+00   -2.2273e-01   -7.2645e-02
  275.5   2.650345   3.2022e+00   -2.0475e-01   -6.1696e-02
  278.5   2.572988   3.2022e+00   -2.3603e-01   -5.3414e-02
  281.5   2.38597   3.2022e+00   -3.0061e-01   -5.4861e-02
  284.5   2.385592   3.2022e+00   -3.1108e-01   -4.9356e-02
  287.5   2.503672   3.2022e+00   -2.6491e-01   -4.2505e-02
  290.5   2.641491   3.2022e+00   -1.9261e-01   -3.0944e-02
  293.5   2.696493   3.2022e+00   -1.5682e-01   -2.4287e-02
  296.5   2.687169   3.2022e+00   -1.4962e-01   -2.4858e-02
  299.5   2.943598   3.2022e+00   -7.9691e-02   -2.4373e-02
  302.5   3.437052   3.2022e+00   5.4904e-02   -3.9962e-03
  305.5   4.177196   3.2022e+00   2.6923e-01   4.1640e-02
  308.5   5.269586   3.2022e+00   5.9798e-01   1.1532e-01
  311.5   6.135624   3.2022e+00   8.5875e-01   2.0912e-01
  314.5   6.398897   3.2022e+00   9.4939e-01   2.3289e-01
  317.5   5.627684   3.2022e+00   6.9446e-01   1.6572e-01
  320.5   4.607784   3.2022e+00   3.7204e-01   5.9685e-02
  323.5   3.771727   3.2022e+00   1.2614e-01   -3.0323e-02
  326.5   3.225439   3.2022e+00   -1.8703e-02   -7.7184e-02
  329.5   2.857348   3.2022e+00   -1.2139e-01   -8.2754e-02
  332.5   2.733478   3.2022e+00   -1.5699e-01   -9.2482e-02
  335.5   2.602959   3.2022e+00   -1.9748e-01   -8.0355e-02
  338.5   2.498521   3.2022e+00   -2.2893e-01   -7.5128e-02
  341.5   2.523445   3.2022e+00   -2.0831e-01   -6.0085e-02
  344.5   2.469462   3.2022e+00   -2.1191e-01   -6.3918e-02
  347.5   2.464985   3.2022e+00   -2.1242e-01   -7.9428e-02
  350.5   2.64608   3.2022e+00   -1.6237e-01   -8.4340e-02
  353.5   2.822114   3.2022e+00   -1.2218e-01   -9.5993e-02
  356.5   2.766384   3.2022e+00   -1.5775e-01   -1.0124e-01
  359.5   2.776431   3.2022e+00   -1.5728e-01   -1.0531e-01
  7   120.0   15.82   48.0   1.0   0.0  ------------------
  2.5   3.145784   3.0341e+00   2.7096e-02   9.1230e-03
  5.5   2.954596   3.0341e+00   -2.6735e-02   -1.8692e-02
  8.5   2.724077   3.0341e+00   -9.7593e-02   -4.8409e-02
  11.5   2.433175   3.0341e+00   -1.9235e-01   -5.7382e-02
  14.5   2.410946   3.0341e+00   -2.0280e-01   -3.7564e-02
  17.5   2.521176   3.0341e+00   -1.7774e-01   -2.4491e-02
  20.5   2.499803   3.0341e+00   -1.9370e-01   -2.0236e-02
  23.5   2.487696   3.0341e+00   -2.0139e-01   -2.1554e-02
  26.5   2.641078   3.0341e+00   -1.5319e-01   -1.2404e-02
  29.5   2.746974   3.0341e+00   -1.1883e-01   8.0831e-03
  32.5   2.882994   3.0341e+00   -8.4511e-02   1.9120e-02
  35.5   3.345303   3.0341e+00   5.2439e-02   3.6402e-02
  38.5   3.986287   3.0341e+00   2.5744e-01   6.7071e-02
  41.5   4.880668   3.0341e+00   5.4762e-01   1.2083e-01
  44.5   5.810942   3.0341e+00   8.7574e-01   1.7847e-01
  47.5   5.833025   3.0341e+00   8.8978e-01   1.9601e-01
  50.5   5.110394   3.0341e+00   6.5376e-01   1.6657e-01
  53.5   4.13668   3.0341e+00   3.3097e-01   1.0602e-01
  56.5   3.282107   3.0341e+00   5.7745e-02   5.7138e-02
  59.5   2.850573   3.0341e+00   -6.4059e-02   2.4427e-02
  62.5   2.701322   3.0341e+00   -9.7090e-02   1.4064e-02
  65.5   2.646092   3.0341e+00   -1.2132e-01   2.5654e-03
  68.5   2.443786   3.0341e+00   -2.1719e-01   -1.0874e-02
  71.5   2.290269   3.0341e+00   -2.9146e-01   -2.6857e-02
  74.5   2.261075   3.0341e+00   -2.9685e-01   -3.7020e-02
  77.5   2.27263   3.0341e+00   -2.8786e-01   -2.7175e-02
  80.5   2.482954   3.0341e+00   -2.0848e-01   -1.1244e-02
  83.5   2.551171   3.0341e+00   -1.9343e-01   1.6418e-02
  86.5   2.486752   3.0341e+00   -2.1718e-01   2.6459e-02
  89.5   2.454644   3.0341e+00   -2.1705e-01   2.7764e-02
  92.5   2.495054   3.0341e+00   -2.0034e-01   2.1751e-02
  95.5   2.468605   3.0341e+00   -2.0440e-01   9.1975e-03
  98.5   2.362962   3.0341e+00   -2.3934e-01   -1.4116e-02
  101.5   2.146319   3.0341e+00   -3.2539e-01   -5.6106e-02
  104.5   2.145174   3.0341e+00   -3.3586e-01   -8.3665e-02
  107.5   2.278484   3.0341e+00   -2.9754e-01   -9.2597e-02
  110.5   2.298146   3.0341e+00   -2.8082e-01   -7.5542e-02
  113.5   2.403103   3.0341e+00   -2.2628e-01   -5.6018e-02
  116.5   2.600703   3.0341e+00   -1.5146e-01   -3.9634e-02
  119.5   2.847456   3.0341e+00   -6.3863e-02   -2.8651e-02
  122.5   3.29272   3.0341e+00   8.5090e-02   -1.4899e-02
  125.5   3.877483   3.0341e+00   2.7017e-01   1.5446e-02
  128.5   4.772124   3.0341e+00   5.5312e-01   5.6518e-02
  131.5   5.755362   3.0341e+00   8.6835e-01   1.2900e-01
  134.5   6.093844   3.0341e+00   9.8239e-01   1.5775e-01
  137.5   5.403545   3.0341e+00   7.3770e-01   1.2802e-01
  140.5   4.284692   3.0341e+00   3.7651e-01   5.1505e-02
  143.5   3.298175   3.0341e+00   6.4344e-02   -1.3524e-02
  146.5   2.79501   3.0341e+00   -8.9270e-02   -5.9174e-02
  149.5   2.586948   3.0341e+00   -1.6115e-01   -6.7957e-02
  152.5   2.486322   3.0341e+00   -1.8942e-01   -8.0253e-02
  155.5   2.338464   3.0341e+00   -2.2780e-01   -8.8975e-02
  158.5   2.318938   3.0341e+00   -2.3972e-01   -8.4822e-02
  161.5   2.439754   3.0341e+00   -2.1509e-01   -7.6148e-02
  164.5   2.550079   3.0341e+00   -1.8236e-01   -7.0082e-02
  167.5   2.454157   3.0341e+00   -2.0026e-01   -9.2387e-02
  170.5   2.57043   3.0341e+00   -1.5580e-01   -9.6484e-02
  173.5   2.756365   3.0341e+00   -1.0098e-01   -7.7242e-02
  176.5   2.929083   3.0341e+00   -6.3144e-02   -2.7240e-02
  179.5   3.13817   3.0341e+00   8.1887e-03   3.7036e-03
  182.5   3.007564   3.0341e+00   -3.9798e-02   9.1237e-03
  185.5   2.799904   3.0341e+00   -9.1904e-02   -1.8693e-02
  188.5   2.649685   3.0341e+00   -1.3005e-01   -4.8407e-02
  191.5   2.514417   3.0341e+00   -1.7252e-01   -5.7382e-02
  194.5   2.606025   3.0341e+00   -1.5236e-01   -3.7563e-02
  197.5   2.5697   3.0341e+00   -1.6621e-01   -2.4489e-02
  200.5   2.368006   3.0341e+00   -2.2636e-01   -2.0236e-02
  203.5   2.329408   3.0341e+00   -2.2984e-01   -2.1553e-02
  206.5   2.451557   3.0341e+00   -1.9142e-01   -1.2405e-02
  209.5   2.599828   3.0341e+00   -1.4983e-01   8.0855e-03
  212.5   2.785304   3.0341e+00   -8.3546e-02   1.9119e-02
  215.5   3.087099   3.0341e+00   -1.3545e-03   3.6403e-02
  218.5   3.81582   3.0341e+00   2.2565e-01   6.7071e-02
  221.5   4.949947   3.0341e+00   5.9330e-01   1.2083e-01
  224.5   5.92577   3.0341e+00   9.2004e-01   1.7847e-01
  227.5   5.90851   3.0341e+00   9.1891e-01   1.9601e-01
  230.5   4.945636   3.0341e+00   6.0568e-01   1.6657e-01
  233.5   4.13618   3.0341e+00   3.5365e-01   1.0601e-01
  236.5   3.465239   3.0341e+00   1.3821e-01   5.7138e-02
  239.5   2.949076   3.0341e+00   -2.9098e-02   2.4426e-02
  242.5   2.664553   3.0341e+00   -1.2660e-01   1.4063e-02
  245.5   2.445389   3.0341e+00   -2.0932e-01   2.5655e-03
  248.5   2.294234   3.0341e+00   -2.7538e-01   -1.0873e-02
  251.5   2.289373   3.0341e+00   -2.9262e-01   -2.6856e-02
  254.5   2.238669   3.0341e+00   -3.0502e-01   -3.7021e-02
  257.5   2.167523   3.0341e+00   -3.2066e-01   -2.7177e-02
  260.5   2.380995   3.0341e+00   -2.3668e-01   -1.1243e-02
  263.5   2.543955   3.0341e+00   -1.7299e-01   1.6415e-02
  266.5   2.581975   3.0341e+00   -1.5922e-01   2.6460e-02
  269.5   2.572398   3.0341e+00   -1.6420e-01   2.7763e-02
  272.5   2.578581   3.0341e+00   -1.6924e-01   2.1750e-02
  275.5   2.706916   3.0341e+00   -1.3065e-01   9.1953e-03
  278.5   2.695942   3.0341e+00   -1.3430e-01   -1.4116e-02
  281.5   2.449994   3.0341e+00   -2.1962e-01   -5.6109e-02
  284.5   2.307864   3.0341e+00   -2.7732e-01   -8.3667e-02
  287.5   2.285948   3.0341e+00   -2.9289e-01   -9.2600e-02
  290.5   2.393509   3.0341e+00   -2.3555e-01   -7.5543e-02
  293.5   2.52089   3.0341e+00   -1.7946e-01   -5.6020e-02
  296.5   2.599241   3.0341e+00   -1.4001e-01   -3.9634e-02
  299.5   2.773398   3.0341e+00   -8.6893e-02   -2.8652e-02
  302.5   3.093574   3.0341e+00   -3.9048e-03   -1.4899e-02
  305.5   3.823037   3.0341e+00   2.1780e-01   1.5445e-02
  308.5   4.762419   3.0341e+00   5.0083e-01   5.6518e-02
  311.5   5.650537   3.0341e+00   7.8829e-01   1.2900e-01
  314.5   5.985919   3.0341e+00   9.1098e-01   1.5775e-01
  317.5   5.275109   3.0341e+00   6.6847e-01   1.2803e-01
  320.5   4.346571   3.0341e+00   3.6575e-01   5.1506e-02
  323.5   3.47218   3.0341e+00   8.0822e-02   -1.3522e-02
  326.5   2.994782   3.0341e+00   -5.4101e-02   -5.9173e-02
  329.5   2.733971   3.0341e+00   -1.2628e-01   -6.7957e-02
  332.5   2.682239   3.0341e+00   -1.3369e-01   -8.0252e-02
  335.5   2.522255   3.0341e+00   -1.8708e-01   -8.8975e-02
  338.5   2.494742   3.0341e+00   -1.9440e-01   -8.4823e-02
  341.5   2.581149   3.0341e+00   -1.5877e-01   -7.6148e-02
  344.5   2.532518   3.0341e+00   -1.6434e-01   -7.0083e-02
  347.5   2.429694   3.0341e+00   -1.9446e-01   -9.2389e-02
  350.5   2.636271   3.0341e+00   -1.2388e-01   -9.6485e-02
  353.5   2.881405   3.0341e+00   -5.0361e-02   -7.7242e-02
  356.5   3.081585   3.0341e+00   7.4483e-03   -2.7242e-02
  359.5   3.249377   3.0341e+00   6.1007e-02   3.7034e-03
  8   120.0   15.82   51.0   1.0   0.0  ------------------
  2.5   3.417891   2.8391e+00   1.7746e-01   7.8302e-02
  5.5   3.011846   2.8391e+00   4.5129e-02   4.0622e-02
  8.5   2.658441   2.8391e+00   -7.5595e-02   -5.8083e-04
  11.5   2.445604   2.8391e+00   -1.4692e-01   -2.8387e-02
  14.5   2.459094   2.8391e+00   -1.3395e-01   -2.2632e-02
  17.5   2.557502   2.8391e+00   -9.0747e-02   6.9719e-03
  20.5   2.525256   2.8391e+00   -1.0637e-01   1.8474e-02
  23.5   2.513943   2.8391e+00   -1.0997e-01   1.3462e-02
  26.5   2.687116   2.8391e+00   -5.1268e-02   -1.2045e-04
  29.5   2.791572   2.8391e+00   -2.1396e-02   8.3175e-03
  32.5   2.695568   2.8391e+00   -6.7615e-02   1.7584e-02
  35.5   2.856876   2.8391e+00   -2.5211e-02   3.6784e-02
  38.5   3.241308   2.8391e+00   9.3242e-02   5.5891e-02
  41.5   3.868947   2.8391e+00   3.0206e-01   8.6956e-02
  44.5   4.528748   2.8391e+00   5.3534e-01   9.9715e-02
  47.5   4.450845   2.8391e+00   4.9786e-01   1.0363e-01
  50.5   3.980751   2.8391e+00   3.4198e-01   8.6144e-02
  53.5   3.381541   2.8391e+00   1.3914e-01   5.6673e-02
  56.5   2.723285   2.8391e+00   -7.4698e-02   3.0858e-02
  59.5   2.48292   2.8391e+00   -1.3743e-01   4.3354e-03
  62.5   2.566251   2.8391e+00   -8.3762e-02   -3.1791e-04
  65.5   2.586856   2.8391e+00   -8.0217e-02   -7.7942e-03
  68.5   2.399621   2.8391e+00   -1.7255e-01   -4.5597e-03
  71.5   2.259668   2.8391e+00   -2.3741e-01   -1.3458e-02
  74.5   2.266724   2.8391e+00   -2.3001e-01   -2.3601e-02
  77.5   2.353407   2.8391e+00   -1.8413e-01   -3.0762e-02
  80.5   2.706889   2.8391e+00   -4.8092e-02   -1.6366e-02
  83.5   3.045927   2.8391e+00   6.7791e-02   3.2932e-02
  86.5   3.223783   2.8391e+00   1.1981e-01   1.0490e-01
  89.5   3.300483   2.8391e+00   1.4756e-01   1.6247e-01
  92.5   3.226903   2.8391e+00   1.2003e-01   1.4012e-01
  95.5   3.01756   2.8391e+00   4.3211e-02   6.7918e-02
  98.5   2.70872   2.8391e+00   -5.4928e-02   -2.2048e-02
  101.5   2.419159   2.8391e+00   -1.5957e-01   -6.3336e-02
  104.5   2.285898   2.8391e+00   -2.2099e-01   -8.4587e-02
  107.5   2.316638   2.8391e+00   -2.1861e-01   -8.8849e-02
  110.5   2.442064   2.8391e+00   -1.6709e-01   -8.9706e-02
  113.5   2.572548   2.8391e+00   -1.0193e-01   -8.8175e-02
  116.5   2.65061   2.8391e+00   -6.9394e-02   -8.2415e-02
  119.5   2.640904   2.8391e+00   -7.7365e-02   -7.4223e-02
  122.5   2.833485   2.8391e+00   -1.7380e-02   -5.6310e-02
  125.5   3.079005   2.8391e+00   6.1563e-02   -3.6252e-02
  128.5   3.605042   2.8391e+00   2.3205e-01   -1.7945e-02
  131.5   4.145022   2.8391e+00   4.2092e-01   2.1817e-02
  134.5   4.278281   2.8391e+00   4.7615e-01   3.8684e-02
  137.5   3.951198   2.8391e+00   3.5522e-01   2.3383e-02
  140.5   3.285955   2.8391e+00   1.3186e-01   -3.7910e-03
  143.5   2.780767   2.8391e+00   -3.2556e-02   -2.7096e-02
  146.5   2.606184   2.8391e+00   -9.8331e-02   -3.8218e-02
  149.5   2.500876   2.8391e+00   -1.4838e-01   -5.2292e-02
  152.5   2.540565   2.8391e+00   -1.2114e-01   -6.7635e-02
  155.5   2.485027   2.8391e+00   -1.1720e-01   -7.6663e-02
  158.5   2.378378   2.8391e+00   -1.4244e-01   -6.8795e-02
  161.5   2.400084   2.8391e+00   -1.4724e-01   -6.0734e-02
  164.5   2.449787   2.8391e+00   -1.3969e-01   -6.8755e-02
  167.5   2.352023   2.8391e+00   -1.7644e-01   -8.1946e-02
  170.5   2.45538   2.8391e+00   -1.5276e-01   -6.1904e-02
  173.5   2.831537   2.8391e+00   -4.2559e-02   -1.2470e-02
  176.5   3.265112   2.8391e+00   9.7028e-02   5.4599e-02
  179.5   3.552488   2.8391e+00   2.0228e-01   8.1199e-02
  182.5   3.456275   2.8391e+00   1.7172e-01   7.8303e-02
  185.5   3.025922   2.8391e+00   2.4514e-02   4.0621e-02
  188.5   2.611645   2.8391e+00   -1.0336e-01   -5.7984e-04
  191.5   2.378869   2.8391e+00   -1.5907e-01   -2.8387e-02
  194.5   2.448167   2.8391e+00   -1.3714e-01   -2.2632e-02
  197.5   2.443687   2.8391e+00   -1.3073e-01   6.9737e-03
  200.5   2.298333   2.8391e+00   -1.7621e-01   1.8473e-02
  203.5   2.370362   2.8391e+00   -1.5858e-01   1.3464e-02
  206.5   2.534332   2.8391e+00   -1.0874e-01   -1.2060e-04
  209.5   2.626547   2.8391e+00   -9.5626e-02   8.3194e-03
  212.5   2.632922   2.8391e+00   -8.8018e-02   1.7583e-02
  215.5   2.705725   2.8391e+00   -6.1931e-02   3.6785e-02
  218.5   3.041583   2.8391e+00   4.8959e-02   5.5891e-02
  221.5   3.666754   2.8391e+00   2.6510e-01   8.6956e-02
  224.5   4.157525   2.8391e+00   4.3684e-01   9.9716e-02
  227.5   4.165721   2.8391e+00   4.3252e-01   1.0363e-01
  230.5   3.676342   2.8391e+00   2.5272e-01   8.6144e-02
  233.5   3.214429   2.8391e+00   1.0447e-01   5.6672e-02
  236.5   2.929631   2.8391e+00   1.4816e-02   3.0858e-02
  239.5   2.703579   2.8391e+00   -5.5114e-02   4.3335e-03
  242.5   2.623542   2.8391e+00   -7.5916e-02   -3.1760e-04
  245.5   2.490652   2.8391e+00   -1.3611e-01   -7.7936e-03
  248.5   2.396726   2.8391e+00   -1.8617e-01   -4.5593e-03
  251.5   2.284175   2.8391e+00   -2.3226e-01   -1.3459e-02
  254.5   2.301224   2.8391e+00   -2.2083e-01   -2.3602e-02
  257.5   2.36417   2.8391e+00   -1.7814e-01   -3.0762e-02
  260.5   2.593651   2.8391e+00   -9.7768e-02   -1.6366e-02
  263.5   2.860329   2.8391e+00   -1.2832e-02   3.2929e-02
  266.5   3.172594   2.8391e+00   1.0479e-01   1.0490e-01
  269.5   3.331148   2.8391e+00   1.5935e-01   1.6247e-01
  272.5   3.260611   2.8391e+00   1.3672e-01   1.4012e-01
  275.5   3.160886   2.8391e+00   1.0620e-01   6.7915e-02
  278.5   2.87392   2.8391e+00   4.7362e-03   -2.2047e-02
  281.5   2.488816   2.8391e+00   -1.3517e-01   -6.3338e-02
  284.5   2.279091   2.8391e+00   -2.1552e-01   -8.4589e-02
  287.5   2.191229   2.8391e+00   -2.5740e-01   -8.8849e-02
  290.5   2.293391   2.8391e+00   -2.1641e-01   -8.9708e-02
  293.5   2.447619   2.8391e+00   -1.4630e-01   -8.8175e-02
  296.5   2.478735   2.8391e+00   -1.2199e-01   -8.2415e-02
  299.5   2.42877   2.8391e+00   -1.4801e-01   -7.4224e-02
  302.5   2.552346   2.8391e+00   -1.3371e-01   -5.6310e-02
  305.5   3.053343   2.8391e+00   1.4224e-02   -3.6251e-02
  308.5   3.751514   2.8391e+00   2.2276e-01   -1.7946e-02
  311.5   4.259277   2.8391e+00   3.8826e-01   2.1817e-02
  314.5   4.656806   2.8391e+00   5.4272e-01   3.8684e-02
  317.5   4.188475   2.8391e+00   3.9414e-01   2.3383e-02
  320.5   3.515796   2.8391e+00   1.7272e-01   -3.7906e-03
  323.5   2.960032   2.8391e+00   1.2376e-03   -2.7094e-02
  326.5   2.787661   2.8391e+00   -3.2449e-02   -3.8218e-02
  329.5   2.782973   2.8391e+00   -2.1331e-02   -5.2292e-02
  332.5   2.710424   2.8391e+00   -4.1189e-02   -6.7635e-02
  335.5   2.524614   2.8391e+00   -1.0657e-01   -7.6662e-02
  338.5   2.465284   2.8391e+00   -1.2355e-01   -6.8795e-02
  341.5   2.514285   2.8391e+00   -1.0835e-01   -6.0734e-02
  344.5   2.53987   2.8391e+00   -9.9230e-02   -6.8756e-02
  347.5   2.47766   2.8391e+00   -1.2774e-01   -8.1947e-02
  350.5   2.609656   2.8391e+00   -8.7713e-02   -6.1905e-02
  353.5   2.916169   2.8391e+00   1.5394e-02   -1.2470e-02
  356.5   3.344644   2.8391e+00   1.5690e-01   5.4597e-02
  359.5   3.606187   2.8391e+00   2.4102e-01   8.1198e-02
  9   120.0   15.82   54.0   1.0   0.0  ------------------
  2.5   3.39467   2.5699e+00   2.4845e-01   1.1304e-01
  5.5   2.937183   2.5699e+00   8.5526e-02   9.9161e-02
  8.5   2.626842   2.5699e+00   -1.9560e-02   7.0306e-02
  11.5   2.477099   2.5699e+00   -5.9140e-02   5.2116e-02
  14.5   2.43805   2.5699e+00   -5.8254e-02   3.6003e-02
  17.5   2.375785   2.5699e+00   -6.5609e-02   3.3551e-02
  20.5   2.425708   2.5699e+00   -3.6899e-02   4.1024e-02
  23.5   2.489121   2.5699e+00   -1.8378e-02   5.3896e-02
  26.5   2.634162   2.5699e+00   2.9708e-02   5.5224e-02
  29.5   2.760111   2.5699e+00   8.6330e-02   4.3955e-02
  32.5   2.613831   2.5699e+00   3.4149e-02   3.2279e-02
  35.5   2.440584   2.5699e+00   -4.7073e-02   2.9755e-02
  38.5   2.45732   2.5699e+00   -6.7676e-02   3.5536e-02
  41.5   2.755762   2.5699e+00   2.2298e-02   4.5669e-02
  44.5   3.070243   2.5699e+00   1.2701e-01   5.2004e-02
  47.5   3.012016   2.5699e+00   8.9508e-02   5.4890e-02
  50.5   2.824695   2.5699e+00   2.7276e-02   4.9510e-02
  53.5   2.584651   2.5699e+00   -5.2534e-02   3.3996e-02
  56.5   2.266565   2.5699e+00   -1.5045e-01   1.5303e-02
  59.5   2.175768   2.5699e+00   -1.7305e-01   7.8063e-03
  62.5   2.288601   2.5699e+00   -1.2074e-01   2.0777e-02
  65.5   2.371328   2.5699e+00   -9.0903e-02   3.5961e-02
  68.5   2.354883   2.5699e+00   -1.1083e-01   3.1312e-02
  71.5   2.364567   2.5699e+00   -1.2017e-01   1.6594e-02
  74.5   2.394964   2.5699e+00   -1.0554e-01   1.8401e-03
  77.5   2.329958   2.5699e+00   -1.1870e-01   2.2696e-03
  80.5   2.622398   2.5699e+00   1.3564e-02   8.7907e-03
  83.5   3.08432   2.5699e+00   1.9347e-01   4.3447e-02
  86.5   3.485675   2.5699e+00   3.3774e-01   7.2639e-02
  89.5   3.651783   2.5699e+00   3.8074e-01   9.6578e-02
  92.5   3.529724   2.5699e+00   3.2735e-01   8.2105e-02
  95.5   3.147666   2.5699e+00   1.8274e-01   4.8163e-02
  98.5   2.787311   2.5699e+00   8.1385e-02   -6.0769e-03
  101.5   2.537785   2.5699e+00   -6.6573e-03   -5.3398e-02
  104.5   2.413422   2.5699e+00   -5.9102e-02   -8.4097e-02
  107.5   2.307249   2.5699e+00   -1.2322e-01   -8.2476e-02
  110.5   2.37755   2.5699e+00   -1.0877e-01   -7.9318e-02
  113.5   2.570737   2.5699e+00   -1.5983e-02   -6.9929e-02
  116.5   2.648347   2.5699e+00   2.0670e-02   -7.3251e-02
  119.5   2.541804   2.5699e+00   -2.0953e-02   -8.4609e-02
  122.5   2.360844   2.5699e+00   -9.9871e-02   -8.8831e-02
  125.5   2.262909   2.5699e+00   -1.5976e-01   -7.5394e-02
  128.5   2.433258   2.5699e+00   -1.1200e-01   -5.4914e-02
  131.5   2.627918   2.5699e+00   -3.5919e-02   -3.9292e-02
  134.5   2.774852   2.5699e+00   3.7169e-02   -3.3536e-02
  137.5   2.691974   2.5699e+00   1.8130e-02   -4.5796e-02
  140.5   2.430389   2.5699e+00   -7.1517e-02   -7.0801e-02
  143.5   2.290365   2.5699e+00   -1.2155e-01   -9.4124e-02
  146.5   2.361061   2.5699e+00   -9.5517e-02   -9.5873e-02
  149.5   2.555918   2.5699e+00   -4.1873e-02   -8.4221e-02
  152.5   2.60688   2.5699e+00   -1.8945e-02   -7.2599e-02
  155.5   2.627339   2.5699e+00   3.2469e-02   -6.3698e-02
  158.5   2.477127   2.5699e+00   -4.9385e-03   -6.2330e-02
  161.5   2.274418   2.5699e+00   -8.8494e-02   -7.0326e-02
  164.5   2.358426   2.5699e+00   -5.8631e-02   -7.6544e-02
  167.5   2.301528   2.5699e+00   -9.5993e-02   -6.2001e-02
  170.5   2.454026   2.5699e+00   -6.6391e-02   -1.5020e-02
  173.5   2.810432   2.5699e+00   4.7086e-02   3.3112e-02
  176.5   3.262931   2.5699e+00   2.0746e-01   8.2616e-02
  179.5   3.570427   2.5699e+00   3.3793e-01   1.0724e-01
  182.5   3.429084   2.5699e+00   2.8282e-01   1.1304e-01
  185.5   3.024115   2.5699e+00   1.3249e-01   9.9161e-02
  188.5   2.619758   2.5699e+00   -1.0807e-02   7.0307e-02
  191.5   2.292811   2.5699e+00   -1.0284e-01   5.2116e-02
  194.5   2.309623   2.5699e+00   -8.3828e-02   3.6003e-02
  197.5   2.231148   2.5699e+00   -1.1292e-01   3.3553e-02
  200.5   2.3153   2.5699e+00   -8.1093e-02   4.1023e-02
  203.5   2.484612   2.5699e+00   -2.3170e-02   5.3898e-02
  206.5   2.60315   2.5699e+00   -3.0012e-03   5.5224e-02
  209.5   2.705913   2.5699e+00   2.2247e-02   4.3956e-02
  212.5   2.53394   2.5699e+00   -2.7393e-02   3.2278e-02
  215.5   2.340554   2.5699e+00   -1.0702e-01   2.9755e-02
  218.5   2.407335   2.5699e+00   -7.9063e-02   3.5537e-02
  221.5   2.631943   2.5699e+00   3.0192e-03   4.5669e-02
  224.5   2.765459   2.5699e+00   3.7848e-02   5.2004e-02
  227.5   2.707781   2.5699e+00   5.7679e-03   5.4889e-02
  230.5   2.512607   2.5699e+00   -8.8232e-02   4.9510e-02
  233.5   2.317229   2.5699e+00   -1.4941e-01   3.3996e-02
  236.5   2.292871   2.5699e+00   -1.3764e-01   1.5302e-02
  239.5   2.466171   2.5699e+00   -5.5488e-02   7.8036e-03
  242.5   2.595726   2.5699e+00   -1.4373e-03   2.0778e-02
  245.5   2.49987   2.5699e+00   -4.4167e-02   3.5962e-02
  248.5   2.38113   2.5699e+00   -1.0720e-01   3.1313e-02
  251.5   2.303812   2.5699e+00   -1.2455e-01   1.6590e-02
  254.5   2.347983   2.5699e+00   -8.5714e-02   1.8395e-03
  257.5   2.437878   2.5699e+00   -4.1709e-02   2.2689e-03
  260.5   2.684816   2.5699e+00   4.3925e-02   8.7906e-03
  263.5   3.011753   2.5699e+00   1.3111e-01   4.3442e-02
  266.5   3.388761   2.5699e+00   2.7091e-01   7.2640e-02
  269.5   3.617869   2.5699e+00   3.6291e-01   9.6578e-02
  272.5   3.472029   2.5699e+00   3.2202e-01   8.2104e-02
  275.5   3.148214   2.5699e+00   2.1004e-01   4.8158e-02
  278.5   2.756654   2.5699e+00   6.5511e-02   -6.0771e-03
  281.5   2.405216   2.5699e+00   -7.8760e-02   -5.3400e-02
  284.5   2.359562   2.5699e+00   -1.0163e-01   -8.4098e-02
  287.5   2.326862   2.5699e+00   -1.2335e-01   -8.2476e-02
  290.5   2.332969   2.5699e+00   -1.1909e-01   -7.9319e-02
  293.5   2.319798   2.5699e+00   -1.1968e-01   -6.9928e-02
  296.5   2.274333   2.5699e+00   -1.3031e-01   -7.3251e-02
  299.5   2.155397   2.5699e+00   -1.8137e-01   -8.4609e-02
  302.5   2.18073   2.5699e+00   -1.7864e-01   -8.8832e-02
  305.5   2.491491   2.5699e+00   -8.4204e-02   -7.5392e-02
  308.5   2.743969   2.5699e+00   -2.2893e-02   -5.4914e-02
  311.5   2.936287   2.5699e+00   4.0032e-02   -3.9293e-02
  314.5   3.173309   2.5699e+00   1.3896e-01   -3.3537e-02
  317.5   2.928669   2.5699e+00   6.2062e-02   -4.5796e-02
  320.5   2.620492   2.5699e+00   -2.2421e-02   -7.0801e-02
  323.5   2.464598   2.5699e+00   -4.1280e-02   -9.4123e-02
  326.5   2.603296   2.5699e+00   3.5257e-02   -9.5873e-02
  329.5   2.738023   2.5699e+00   7.9593e-02   -8.4221e-02
  332.5   2.643118   2.5699e+00   3.0467e-02   -7.2600e-02
  335.5   2.437529   2.5699e+00   -4.8635e-02   -6.3697e-02
  338.5   2.358607   2.5699e+00   -7.0503e-02   -6.2330e-02
  341.5   2.252195   2.5699e+00   -1.1542e-01   -7.0325e-02
  344.5   2.347619   2.5699e+00   -8.6815e-02   -7.6546e-02
  347.5   2.428048   2.5699e+00   -6.9832e-02   -6.2001e-02
  350.5   2.60624   2.5699e+00   -1.3968e-02   -1.5022e-02
  353.5   2.866231   2.5699e+00   7.0261e-02   3.3112e-02
  356.5   3.328287   2.5699e+00   2.3588e-01   8.2614e-02
  359.5   3.64498   2.5699e+00   3.4577e-01   1.0724e-01
  10   120.0   15.82   57.0   1.0   0.0  ------------------
  2.5   3.382815   2.4798e+00   3.0388e-01   1.4960e-01
  5.5   2.842961   2.4798e+00   8.3445e-02   1.4640e-01
  8.5   2.458539   2.4798e+00   -6.6678e-02   1.2056e-01
  11.5   2.36944   2.4798e+00   -9.2282e-02   1.0506e-01
  14.5   2.385909   2.4798e+00   -6.6056e-02   9.3687e-02
  17.5   2.390561   2.4798e+00   -4.4797e-02   7.9819e-02
  20.5   2.482935   2.4798e+00   1.3471e-04   6.2864e-02
  23.5   2.54434   2.4798e+00   2.4821e-02   5.0229e-02
  26.5   2.521361   2.4798e+00   3.7032e-03   5.9502e-02
  29.5   2.577458   2.4798e+00   3.8567e-02   7.2473e-02
  32.5   2.493471   2.4798e+00   2.9650e-02   7.3672e-02
  35.5   2.379274   2.4798e+00   -2.1026e-02   7.2645e-02
  38.5   2.236881   2.4798e+00   -1.0862e-01   5.9301e-02
  41.5   2.329103   2.4798e+00   -9.1615e-02   5.8199e-02
  44.5   2.523667   2.4798e+00   -3.1668e-02   5.9322e-02
  47.5   2.534885   2.4798e+00   -3.6956e-02   7.7978e-02
  50.5   2.577919   2.4798e+00   -5.6321e-03   7.0136e-02
  53.5   2.508105   2.4798e+00   -1.3172e-02   5.6512e-02
  56.5   2.213068   2.4798e+00   -1.2117e-01   3.1354e-02
  59.5   2.077904   2.4798e+00   -1.8260e-01   2.2201e-02
  62.5   2.16982   2.4798e+00   -1.4633e-01   1.0720e-02
  65.5   2.237247   2.4798e+00   -1.2160e-01   -7.2439e-03
  68.5   2.375296   2.4798e+00   -6.1408e-02   -1.4181e-02
  71.5   2.553574   2.4798e+00   4.4036e-03   -3.2952e-03
  74.5   2.596901   2.4798e+00   2.1130e-02   1.2453e-02
  77.5   2.448486   2.4798e+00   -3.9455e-02   1.7791e-02
  80.5   2.479707   2.4798e+00   -1.8398e-02   1.1627e-02
  83.5   2.925499   2.4798e+00   1.8466e-01   2.4748e-02
  86.5   3.330858   2.4798e+00   3.4067e-01   4.0306e-02
  89.5   3.438919   2.4798e+00   3.5340e-01   4.1223e-02
  92.5   3.329929   2.4798e+00   3.1871e-01   2.6062e-02
  95.5   3.026604   2.4798e+00   2.1268e-01   -2.8608e-03
  98.5   2.582908   2.4798e+00   5.3890e-02   -2.7674e-02
  101.5   2.430644   2.4798e+00   2.4803e-03   -4.5036e-02
  104.5   2.423572   2.4798e+00   -5.1622e-03   -5.7990e-02
  107.5   2.337715   2.4798e+00   -5.5724e-02   -7.1829e-02
  110.5   2.340067   2.4798e+00   -8.2826e-02   -9.4843e-02
  113.5   2.428021   2.4798e+00   -5.3061e-02   -1.0924e-01
  116.5   2.588033   2.4798e+00   2.0173e-02   -9.6502e-02
  119.5   2.438347   2.4798e+00   -2.8630e-02   -9.3731e-02
  122.5   2.222048   2.4798e+00   -1.1399e-01   -7.7914e-02
  125.5   2.109402   2.4798e+00   -1.7189e-01   -6.8381e-02
  128.5   2.164432   2.4798e+00   -1.6437e-01   -6.6296e-02
  131.5   2.346915   2.4798e+00   -8.5911e-02   -5.9885e-02
  134.5   2.384699   2.4798e+00   -6.8153e-02   -7.4690e-02
  137.5   2.337804   2.4798e+00   -7.5251e-02   -9.1863e-02
  140.5   2.211816   2.4798e+00   -1.1228e-01   -1.1231e-01
  143.5   2.203534   2.4798e+00   -1.0679e-01   -1.2263e-01
  146.5   2.302046   2.4798e+00   -7.6981e-02   -1.2936e-01
  149.5   2.554041   2.4798e+00   3.4996e-03   -1.3188e-01
  152.5   2.640095   2.4798e+00   4.9450e-02   -1.2621e-01
  155.5   2.660871   2.4798e+00   8.7817e-02   -1.1982e-01
  158.5   2.592163   2.4798e+00   8.0871e-02   -1.0580e-01
  161.5   2.403441   2.4798e+00   -1.3417e-03   -6.9320e-02
  164.5   2.351343   2.4798e+00   -3.1337e-02   -4.3870e-02
  167.5   2.135773   2.4798e+00   -1.3123e-01   -1.3603e-02
  170.5   2.207103   2.4798e+00   -1.1457e-01   8.3124e-03
  173.5   2.606202   2.4798e+00   2.8448e-02   6.5079e-02
  176.5   3.155884   2.4798e+00   2.5483e-01   1.1171e-01
  179.5   3.524967   2.4798e+00   4.1702e-01   1.4674e-01
  182.5   3.342491   2.4798e+00   3.4644e-01   1.4960e-01
  185.5   2.855601   2.4798e+00   1.3222e-01   1.4640e-01
  188.5   2.322978   2.4798e+00   -7.8639e-02   1.2056e-01
  191.5   2.073457   2.4798e+00   -1.6316e-01   1.0506e-01
  194.5   2.177501   2.4798e+00   -1.1327e-01   9.3687e-02
  197.5   2.332941   2.4798e+00   -4.2449e-02   7.9820e-02
  200.5   2.508159   2.4798e+00   3.1944e-02   6.2863e-02
  203.5   2.59509   2.4798e+00   6.1801e-02   5.0231e-02
  206.5   2.684425   2.4798e+00   7.8907e-02   5.9503e-02
  209.5   2.708133   2.4798e+00   7.2813e-02   7.2474e-02
  212.5   2.44449   2.4798e+00   -2.0096e-02   7.3672e-02
  215.5   2.221554   2.4798e+00   -9.7991e-02   7.2645e-02
  218.5   2.165217   2.4798e+00   -1.3259e-01   5.9302e-02
  221.5   2.31074   2.4798e+00   -8.9692e-02   5.8199e-02
  224.5   2.361427   2.4798e+00   -7.6405e-02   5.9321e-02
  227.5   2.404682   2.4798e+00   -6.1996e-02   7.7977e-02
  230.5   2.283107   2.4798e+00   -1.2391e-01   7.0138e-02
  233.5   2.130958   2.4798e+00   -1.7028e-01   5.6512e-02
  236.5   2.124516   2.4798e+00   -1.5848e-01   3.1354e-02
  239.5   2.403623   2.4798e+00   -3.8874e-02   2.2197e-02
  242.5   2.684054   2.4798e+00   6.7339e-02   1.0721e-02
  245.5   2.483692   2.4798e+00   -2.3416e-02   -7.2425e-03
  248.5   2.385397   2.4798e+00   -6.8198e-02   -1.4179e-02
  251.5   2.286513   2.4798e+00   -8.3458e-02   -3.3007e-03
  254.5   2.331396   2.4798e+00   -4.3557e-02   1.2452e-02
  257.5   2.336295   2.4798e+00   -3.4972e-02   1.7790e-02
  260.5   2.462012   2.4798e+00   3.2097e-03   1.1627e-02
  263.5   2.855382   2.4798e+00   1.3333e-01   2.4741e-02
  266.5   3.141038   2.4798e+00   2.3721e-01   4.0308e-02
  269.5   3.232034   2.4798e+00   2.5801e-01   4.1222e-02
  272.5   3.16726   2.4798e+00   2.4879e-01   2.6061e-02
  275.5   2.96759   2.4798e+00   1.9002e-01   -2.8666e-03
  278.5   2.569095   2.4798e+00   3.2648e-02   -2.7674e-02
  281.5   2.38907   2.4798e+00   -5.4136e-02   -4.5038e-02
  284.5   2.517394   2.4798e+00   -6.1111e-03   -5.7991e-02
  287.5   2.48247   2.4798e+00   -2.2366e-02   -7.1830e-02
  290.5   2.418588   2.4798e+00   -4.5235e-02   -9.4844e-02
  293.5   2.316687   2.4798e+00   -8.6499e-02   -1.0924e-01
  296.5   2.275106   2.4798e+00   -1.0869e-01   -9.6502e-02
  299.5   2.132666   2.4798e+00   -1.6749e-01   -9.3730e-02
  302.5   2.140132   2.4798e+00   -1.4708e-01   -7.7914e-02
  305.5   2.400289   2.4798e+00   -4.4838e-02   -6.8379e-02
  308.5   2.572055   2.4798e+00   6.2610e-03   -6.6297e-02
  311.5   2.522628   2.4798e+00   -3.5818e-02   -5.9886e-02
  314.5   2.570331   2.4798e+00   -1.4383e-02   -7.4690e-02
  317.5   2.44556   2.4798e+00   -4.3097e-02   -9.1863e-02
  320.5   2.295287   2.4798e+00   -7.9033e-02   -1.1231e-01
  323.5   2.366773   2.4798e+00   -2.3683e-02   -1.2262e-01
  326.5   2.506447   2.4798e+00   4.2872e-02   -1.2936e-01
  329.5   2.624111   2.4798e+00   6.5049e-02   -1.3188e-01
  332.5   2.481961   2.4798e+00   -1.8124e-02   -1.2621e-01
  335.5   2.467222   2.4798e+00   -1.1698e-02   -1.1982e-01
  338.5   2.456566   2.4798e+00   -1.2317e-02   -1.0580e-01
  341.5   2.317114   2.4798e+00   -7.8612e-02   -6.9319e-02
  344.5   2.311909   2.4798e+00   -9.4197e-02   -4.3874e-02
  347.5   2.284316   2.4798e+00   -1.2199e-01   -1.3603e-02
  350.5   2.384112   2.4798e+00   -8.9997e-02   8.3093e-03
  353.5   2.712157   2.4798e+00   3.5977e-02   6.5079e-02
  356.5   3.287212   2.4798e+00   2.7755e-01   1.1171e-01
  359.5   3.692869   2.4798e+00   4.3507e-01   1.4673e-01
