   223    26     0     datakind beginning-row multi-curves
-----------------------------------------------------------------
Calculation of photoelectron diffraction and dichroism
MSCD Parallel  Version 1.37 Yufeng Chen and Michel A Van Hove
Lawrence Berkeley National Laboratory (LBNL), Berkeley, CA 94720
Copyright (c) Van Hove Group 1997-1998. All rights reserved
-----------------------------------------------------------------
 angle-resolved photoemission extended fine structure (ARPEFS)
 multiple scattering calculation of Ga2O3(100)
 calculated by Yosef (UFJ-PPGCAS) on Apr 27, 2025

   initial angular momentum (li) = 0   msorder=  6   raorder= 4
   photon polarization angle (polar,azimuth) =(   0.0   0.0 ) (deg)

   radius, depth and lattice constant=   9.0,  11.3 and   3.04 angstrom
   cluster size= 122 atoms and spacings=  1.43  1.82  1.70  1.55 angs
   inner potential=  0.0 V  debye and sample temperature= 105, 300 K
   number of valence electrons=  24     bandgap energy=   4.70 eV
   density of bulk=   5.88 g/cm3     molecular weight= 187.44 amu
   effective weight for kind 1-3 =   16.0   69.7   55.8 amu
   half aperture angle=    3.0 deg            pathcut=     0.0010

   photoemission azimuthal scan curves
     parameters: curve point theta phi weightc weighte
     columns: phi intensity background chical chiexp
    20  2400    1   20  120 2400  ncurve npoint nk ntheta nphi nangle
  1   120.0   15.82   30.0   1.0   0.0  ------------------
  2.5   4.045092   3.1741e+00   2.6549e-01   7.9703e-02
  5.5   4.106082   3.1741e+00   2.7955e-01   8.9743e-02
  8.5   4.080352   3.1741e+00   2.7122e-01   8.1535e-02
  11.5   3.782144   3.1741e+00   1.7148e-01   4.3014e-02
  14.5   3.348458   3.1741e+00   2.6939e-02   -1.1028e-02
  17.5   2.905418   3.1741e+00   -1.1527e-01   -5.6685e-02
  20.5   2.643666   3.1741e+00   -1.9590e-01   -7.2070e-02
  23.5   2.49817   3.1741e+00   -2.4127e-01   -7.8056e-02
  26.5   2.510706   3.1741e+00   -2.4000e-01   -7.6352e-02
  29.5   2.580192   3.1741e+00   -2.2131e-01   -8.7337e-02
  32.5   2.698452   3.1741e+00   -1.8425e-01   -9.1148e-02
  35.5   2.896396   3.1741e+00   -1.1255e-01   -8.1315e-02
  38.5   3.137274   3.1741e+00   -3.1110e-02   -5.6700e-02
  41.5   3.319506   3.1741e+00   3.9762e-02   -2.3083e-02
  44.5   3.348698   3.1741e+00   5.1486e-02   1.6590e-03
  47.5   3.348074   3.1741e+00   5.4005e-02   1.8323e-02
  50.5   3.270874   3.1741e+00   2.6908e-02   1.2507e-02
  53.5   3.204426   3.1741e+00   2.4116e-03   -4.5615e-03
  56.5   3.076206   3.1741e+00   -4.0346e-02   -2.9961e-02
  59.5   2.911718   3.1741e+00   -8.8317e-02   -4.4170e-02
  62.5   2.773942   3.1741e+00   -1.2163e-01   -4.5849e-02
  65.5   2.656108   3.1741e+00   -1.5393e-01   -3.4435e-02
  68.5   2.58837   3.1741e+00   -1.7471e-01   -1.9596e-02
  71.5   2.632678   3.1741e+00   -1.6362e-01   -6.7365e-03
  74.5   2.762622   3.1741e+00   -1.3450e-01   7.2020e-03
  77.5   3.084288   3.1741e+00   -3.9061e-02   2.6837e-02
  80.5   3.48965   3.1741e+00   7.6731e-02   6.2876e-02
  83.5   3.855884   3.1741e+00   1.9004e-01   1.1053e-01
  86.5   4.125776   3.1741e+00   2.8731e-01   1.4540e-01
  89.5   4.25864   3.1741e+00   3.3741e-01   1.5625e-01
  92.5   4.28975   3.1741e+00   3.5409e-01   1.4761e-01
  95.5   4.19083   3.1741e+00   3.2648e-01   1.3318e-01
  98.5   3.926234   3.1741e+00   2.3559e-01   7.6059e-02
  101.5   3.597442   3.1741e+00   1.2707e-01   3.5220e-02
  104.5   3.17828   3.1741e+00   -1.3506e-02   -1.4037e-02
  107.5   2.862806   3.1741e+00   -1.1243e-01   -1.7085e-02
  110.5   2.620368   3.1741e+00   -1.8585e-01   -4.0263e-02
  113.5   2.512356   3.1741e+00   -2.1748e-01   -6.5798e-02
  116.5   2.508696   3.1741e+00   -2.1565e-01   -1.0371e-01
  119.5   2.636872   3.1741e+00   -1.7047e-01   -1.1083e-01
  122.5   2.836116   3.1741e+00   -1.0737e-01   -9.4988e-02
  125.5   3.046864   3.1741e+00   -4.1532e-02   -5.4154e-02
  128.5   3.2263   3.1741e+00   1.2302e-02   1.5155e-02
  131.5   3.362046   3.1741e+00   5.4061e-02   2.1197e-02
  134.5   3.278624   3.1741e+00   2.6757e-02   1.8032e-02
  137.5   3.227302   3.1741e+00   9.5475e-03   1.1580e-02
  140.5   3.082434   3.1741e+00   -5.5193e-02   -1.7602e-02
  143.5   2.960232   3.1741e+00   -1.1002e-01   -4.3238e-02
  146.5   2.88787   3.1741e+00   -1.3339e-01   -4.9114e-02
  149.5   2.737038   3.1741e+00   -1.8018e-01   -4.4946e-02
  152.5   2.603762   3.1741e+00   -2.0408e-01   -3.2473e-02
  155.5   2.476286   3.1741e+00   -2.2685e-01   -4.2739e-02
  158.5   2.60126   3.1741e+00   -1.6957e-01   -5.0957e-02
  161.5   2.84392   3.1741e+00   -9.1252e-02   -5.7035e-02
  164.5   3.27198   3.1741e+00   4.9965e-02   -2.9778e-02
  167.5   3.767442   3.1741e+00   2.1043e-01   2.7790e-02
  170.5   4.150082   3.1741e+00   3.3364e-01   8.4118e-02
  173.5   4.220508   3.1741e+00   3.5143e-01   1.0643e-01
  176.5   4.177942   3.1741e+00   3.3005e-01   9.4872e-02
  179.5   4.114708   3.1741e+00   3.0942e-01   8.1013e-02
  182.5   4.166484   3.1741e+00   3.2881e-01   7.9704e-02
  185.5   4.235442   3.1741e+00   3.5371e-01   8.9743e-02
  188.5   4.243152   3.1741e+00   3.6442e-01   8.1534e-02
  191.5   3.946388   3.1741e+00   2.6687e-01   4.3012e-02
  194.5   3.455062   3.1741e+00   1.1161e-01   -1.1029e-02
  197.5   2.975642   3.1741e+00   -4.5268e-02   -5.6684e-02
  200.5   2.643368   3.1741e+00   -1.5605e-01   -7.2070e-02
  203.5   2.495174   3.1741e+00   -2.1018e-01   -7.8055e-02
  206.5   2.525494   3.1741e+00   -2.2116e-01   -7.6351e-02
  209.5   2.680066   3.1741e+00   -1.9447e-01   -8.7337e-02
  212.5   2.822468   3.1741e+00   -1.5476e-01   -9.1148e-02
  215.5   2.927898   3.1741e+00   -1.2129e-01   -8.1314e-02
  218.5   3.026584   3.1741e+00   -8.1277e-02   -5.6700e-02
  221.5   3.180742   3.1741e+00   -1.2889e-02   -2.3083e-02
  224.5   3.273784   3.1741e+00   2.5725e-02   1.6600e-03
  227.5   3.35282   3.1741e+00   5.0706e-02   1.8323e-02
  230.5   3.294154   3.1741e+00   3.6068e-02   1.2506e-02
  233.5   3.115678   3.1741e+00   -2.1155e-02   -4.5620e-03
  236.5   2.941392   3.1741e+00   -7.3215e-02   -2.9965e-02
  239.5   2.711388   3.1741e+00   -1.4753e-01   -4.4172e-02
  242.5   2.51009   3.1741e+00   -2.1504e-01   -4.5849e-02
  245.5   2.479576   3.1741e+00   -2.3028e-01   -3.4435e-02
  248.5   2.509616   3.1741e+00   -2.2408e-01   -1.9596e-02
  251.5   2.717008   3.1741e+00   -1.6419e-01   -6.7359e-03
  254.5   3.013934   3.1741e+00   -6.9491e-02   7.2025e-03
  257.5   3.347114   3.1741e+00   3.5216e-02   2.6838e-02
  260.5   3.686042   3.1741e+00   1.4633e-01   6.2877e-02
  263.5   3.949924   3.1741e+00   2.3236e-01   1.1053e-01
  266.5   4.127364   3.1741e+00   2.9124e-01   1.4540e-01
  269.5   4.169392   3.1741e+00   3.0189e-01   1.5625e-01
  272.5   4.10778   3.1741e+00   2.7553e-01   1.4761e-01
  275.5   3.84553   3.1741e+00   1.8026e-01   1.3318e-01
  278.5   3.498448   3.1741e+00   6.3135e-02   7.6059e-02
  281.5   3.109758   3.1741e+00   -4.6856e-02   3.5218e-02
  284.5   2.74088   3.1741e+00   -1.5373e-01   -1.4038e-02
  287.5   2.609404   3.1741e+00   -1.7950e-01   -1.7085e-02
  290.5   2.554788   3.1741e+00   -1.8856e-01   -4.0265e-02
  293.5   2.589634   3.1741e+00   -1.7509e-01   -6.5796e-02
  296.5   2.685258   3.1741e+00   -1.5047e-01   -1.0371e-01
  299.5   2.825332   3.1741e+00   -1.1442e-01   -1.1083e-01
  302.5   2.986084   3.1741e+00   -7.1500e-02   -9.4990e-02
  305.5   3.18434   3.1741e+00   -5.9135e-03   -5.4152e-02
  308.5   3.26221   3.1741e+00   2.2550e-02   1.5154e-02
  311.5   3.327152   3.1741e+00   4.4315e-02   2.1197e-02
  314.5   3.364186   3.1741e+00   5.6007e-02   1.8032e-02
  317.5   3.33796   3.1741e+00   4.4491e-02   1.1580e-02
  320.5   3.201278   3.1741e+00   -5.2971e-03   -1.7601e-02
  323.5   2.986034   3.1741e+00   -8.1401e-02   -4.3236e-02
  326.5   2.767966   3.1741e+00   -1.5914e-01   -4.9113e-02
  329.5   2.59429   3.1741e+00   -2.1832e-01   -4.4945e-02
  332.5   2.523544   3.1741e+00   -2.3407e-01   -3.2472e-02
  335.5   2.500846   3.1741e+00   -2.4046e-01   -4.2738e-02
  338.5   2.559606   3.1741e+00   -2.2112e-01   -5.0956e-02
  341.5   2.811344   3.1741e+00   -1.4410e-01   -5.7035e-02
  344.5   3.174904   3.1741e+00   -3.0806e-02   -2.9778e-02
  347.5   3.65965   3.1741e+00   1.3098e-01   2.7789e-02
  350.5   4.026678   3.1741e+00   2.5270e-01   8.4118e-02
  353.5   4.1478   3.1741e+00   2.9360e-01   1.0643e-01
  356.5   4.077058   3.1741e+00   2.7624e-01   9.4871e-02
  359.5   4.03272   3.1741e+00   2.5937e-01   8.1013e-02
  2   120.0   15.82   33.0   1.0   0.0  ------------------
  2.5   4.444862   3.4959e+00   2.3956e-01   1.9795e-02
  5.5   4.581672   3.4959e+00   2.9093e-01   6.8721e-02
  8.5   4.578914   3.4959e+00   3.0485e-01   8.6441e-02
  11.5   4.299948   3.4959e+00   2.3450e-01   6.9374e-02
  14.5   3.754374   3.4959e+00   7.6048e-02   2.5392e-02
  17.5   3.234722   3.4959e+00   -8.1012e-02   -2.9918e-03
  20.5   2.89931   3.4959e+00   -1.8044e-01   -1.9975e-02
  23.5   2.765188   3.4959e+00   -2.1975e-01   -3.7602e-02
  26.5   2.770146   3.4959e+00   -2.1540e-01   -5.7280e-02
  29.5   2.811878   3.4959e+00   -2.0038e-01   -7.9958e-02
  32.5   2.887126   3.4959e+00   -1.7498e-01   -8.0483e-02
  35.5   2.960638   3.4959e+00   -1.4826e-01   -6.5392e-02
  38.5   3.129158   3.4959e+00   -9.3188e-02   -4.0800e-02
  41.5   3.275524   3.4959e+00   -4.7245e-02   -2.8692e-02
  44.5   3.347762   3.4959e+00   -2.7386e-02   -2.2406e-02
  47.5   3.393758   3.4959e+00   -1.3082e-02   -2.0490e-02
  50.5   3.314942   3.4959e+00   -3.6418e-02   -1.7572e-02
  53.5   3.260172   3.4959e+00   -5.5309e-02   -2.8306e-02
  56.5   3.146952   3.4959e+00   -8.1032e-02   -4.6789e-02
  59.5   3.07275   3.4959e+00   -9.4758e-02   -5.7478e-02
  62.5   2.969594   3.4959e+00   -1.1736e-01   -5.0004e-02
  65.5   2.919914   3.4959e+00   -1.3384e-01   -2.1764e-02
  68.5   2.920338   3.4959e+00   -1.3556e-01   -2.7371e-05
  71.5   3.004082   3.4959e+00   -1.1475e-01   1.9800e-02
  74.5   3.187094   3.4959e+00   -7.3075e-02   2.6109e-02
  77.5   3.53103   3.4959e+00   1.8472e-02   4.9371e-02
  80.5   3.890148   3.4959e+00   1.0313e-01   6.7714e-02
  83.5   4.240498   3.4959e+00   2.0633e-01   8.7031e-02
  86.5   4.446806   3.4959e+00   2.7408e-01   1.0122e-01
  89.5   4.53117   3.4959e+00   3.1039e-01   1.0517e-01
  92.5   4.555998   3.4959e+00   3.2302e-01   1.0859e-01
  95.5   4.460594   3.4959e+00   2.8965e-01   1.0698e-01
  98.5   4.192466   3.4959e+00   2.1026e-01   1.0316e-01
  101.5   3.863604   3.4959e+00   1.1254e-01   7.7403e-02
  104.5   3.50927   3.4959e+00   4.5682e-03   3.0569e-02
  107.5   3.274838   3.4959e+00   -6.1524e-02   -6.4170e-03
  110.5   3.02426   3.4959e+00   -1.2880e-01   -2.2563e-02
  113.5   2.89332   3.4959e+00   -1.5794e-01   -3.7033e-02
  116.5   2.796388   3.4959e+00   -1.8627e-01   -5.8210e-02
  119.5   2.867874   3.4959e+00   -1.6778e-01   -8.7822e-02
  122.5   3.048658   3.4959e+00   -1.1747e-01   -9.6643e-02
  125.5   3.218746   3.4959e+00   -7.1347e-02   -8.5553e-02
  128.5   3.399828   3.4959e+00   -1.1890e-02   -1.9825e-02
  131.5   3.47079   3.4959e+00   9.5404e-03   -1.2086e-02
  134.5   3.46152   3.4959e+00   1.0868e-02   -1.0427e-03
  137.5   3.421928   3.4959e+00   4.0007e-04   5.7627e-03
  140.5   3.335458   3.4959e+00   -3.4496e-02   -1.4087e-02
  143.5   3.167316   3.4959e+00   -9.1017e-02   -5.0052e-02
  146.5   3.082588   3.4959e+00   -1.1446e-01   -8.3336e-02
  149.5   2.9166   3.4959e+00   -1.5941e-01   -8.7035e-02
  152.5   2.732592   3.4959e+00   -2.0440e-01   -7.8703e-02
  155.5   2.682738   3.4959e+00   -2.1642e-01   -4.8016e-02
  158.5   2.749742   3.4959e+00   -1.9650e-01   -2.6271e-02
  161.5   3.06423   3.4959e+00   -1.0533e-01   -2.6531e-03
  164.5   3.588162   3.4959e+00   5.3954e-02   2.4185e-02
  167.5   4.215386   3.4959e+00   2.4193e-01   7.5095e-02
  170.5   4.660506   3.4959e+00   3.6542e-01   1.0166e-01
  173.5   4.723152   3.4959e+00   3.8370e-01   9.0284e-02
  176.5   4.577822   3.4959e+00   3.2963e-01   3.5810e-02
  179.5   4.278714   3.4959e+00   2.2653e-01   9.7238e-03
  182.5   4.46033   3.4959e+00   2.8901e-01   1.9796e-02
  185.5   4.646494   3.4959e+00   3.5226e-01   6.8722e-02
  188.5   4.724398   3.4959e+00   3.8409e-01   8.6441e-02
  191.5   4.383432   3.4959e+00   2.8659e-01   6.9373e-02
  194.5   3.804382   3.4959e+00   1.1638e-01   2.5392e-02
  197.5   3.221416   3.4959e+00   -5.7299e-02   -2.9917e-03
  200.5   2.841132   3.4959e+00   -1.7158e-01   -1.9976e-02
  203.5   2.700374   3.4959e+00   -2.0814e-01   -3.7601e-02
  206.5   2.737464   3.4959e+00   -1.9970e-01   -5.7278e-02
  209.5   2.889142   3.4959e+00   -1.6323e-01   -7.9958e-02
  212.5   3.065712   3.4959e+00   -1.1390e-01   -8.0483e-02
  215.5   3.152478   3.4959e+00   -9.3810e-02   -6.5391e-02
  218.5   3.310796   3.4959e+00   -4.4232e-02   -4.0800e-02
  221.5   3.383116   3.4959e+00   -1.5763e-02   -2.8692e-02
  224.5   3.47429   3.4959e+00   1.7450e-02   -2.2405e-02
  227.5   3.474016   3.4959e+00   1.0265e-02   -2.0490e-02
  230.5   3.442018   3.4959e+00   1.1528e-03   -1.7573e-02
  233.5   3.29   3.4959e+00   -5.3552e-02   -2.8306e-02
  236.5   3.0932   3.4959e+00   -1.0700e-01   -4.6792e-02
  239.5   2.9252   3.4959e+00   -1.5599e-01   -5.7480e-02
  242.5   2.776124   3.4959e+00   -1.9576e-01   -5.0003e-02
  245.5   2.760674   3.4959e+00   -2.0223e-01   -2.1764e-02
  248.5   2.863544   3.4959e+00   -1.8057e-01   -2.8038e-05
  251.5   3.099794   3.4959e+00   -1.1851e-01   1.9801e-02
  254.5   3.323632   3.4959e+00   -5.4033e-02   2.6109e-02
  257.5   3.613468   3.4959e+00   2.9273e-02   4.9371e-02
  260.5   3.89533   3.4959e+00   1.1009e-01   6.7713e-02
  263.5   4.185958   3.4959e+00   1.8897e-01   8.7031e-02
  266.5   4.368336   3.4959e+00   2.5531e-01   1.0122e-01
  269.5   4.43853   3.4959e+00   2.7553e-01   1.0517e-01
  272.5   4.467616   3.4959e+00   2.7810e-01   1.0859e-01
  275.5   4.243468   3.4959e+00   2.0541e-01   1.0698e-01
  278.5   3.95714   3.4959e+00   1.1546e-01   1.0316e-01
  281.5   3.577008   3.4959e+00   1.8417e-02   7.7402e-02
  284.5   3.184352   3.4959e+00   -8.2918e-02   3.0569e-02
  287.5   2.955848   3.4959e+00   -1.3833e-01   -6.4167e-03
  290.5   2.828174   3.4959e+00   -1.6845e-01   -2.2565e-02
  293.5   2.815778   3.4959e+00   -1.7188e-01   -3.7031e-02
  296.5   2.807472   3.4959e+00   -1.7379e-01   -5.8210e-02
  299.5   2.89172   3.4959e+00   -1.5401e-01   -8.7821e-02
  302.5   3.05858   3.4959e+00   -1.0866e-01   -9.6644e-02
  305.5   3.261332   3.4959e+00   -5.2641e-02   -8.5552e-02
  308.5   3.326026   3.4959e+00   -3.4310e-02   -1.9826e-02
  311.5   3.39596   3.4959e+00   -1.2088e-02   -1.2086e-02
  314.5   3.374378   3.4959e+00   -2.1848e-02   -1.0425e-03
  317.5   3.305642   3.4959e+00   -4.0947e-02   5.7631e-03
  320.5   3.181502   3.4959e+00   -8.0105e-02   -1.4086e-02
  323.5   3.008154   3.4959e+00   -1.3452e-01   -5.0050e-02
  326.5   2.91592   3.4959e+00   -1.6533e-01   -8.3336e-02
  329.5   2.821066   3.4959e+00   -2.0059e-01   -8.7035e-02
  332.5   2.787614   3.4959e+00   -2.0818e-01   -7.8703e-02
  335.5   2.770944   3.4959e+00   -2.1589e-01   -4.8016e-02
  338.5   2.843072   3.4959e+00   -1.9823e-01   -2.6271e-02
  341.5   3.132236   3.4959e+00   -1.0707e-01   -2.6531e-03
  344.5   3.574096   3.4959e+00   2.1322e-02   2.4185e-02
  347.5   4.153924   3.4959e+00   1.9428e-01   7.5095e-02
  350.5   4.557808   3.4959e+00   3.0650e-01   1.0166e-01
  353.5   4.657168   3.4959e+00   3.1964e-01   9.0285e-02
  356.5   4.517066   3.4959e+00   2.6754e-01   3.5811e-02
  359.5   4.377522   3.4959e+00   2.1002e-01   9.7238e-03
  3   120.0   15.82   36.0   1.0   0.0  ------------------
  2.5   4.062084   3.4021e+00   1.6121e-01   5.7670e-02
  5.5   4.282252   3.4021e+00   2.3664e-01   6.6014e-02
  8.5   4.241176   3.4021e+00   2.3301e-01   5.7710e-02
  11.5   3.982016   3.4021e+00   1.6705e-01   2.2969e-02
  14.5   3.47723   3.4021e+00   2.5555e-02   -1.4802e-02
  17.5   3.094842   3.4021e+00   -8.3268e-02   -3.4702e-02
  20.5   2.860906   3.4021e+00   -1.4985e-01   -4.7409e-02
  23.5   2.931054   3.4021e+00   -1.2525e-01   -4.8136e-02
  26.5   3.01342   3.4021e+00   -9.8130e-02   -5.7689e-02
  29.5   2.931036   3.4021e+00   -1.2738e-01   -6.3000e-02
  32.5   2.87559   3.4021e+00   -1.4729e-01   -6.6462e-02
  35.5   2.853228   3.4021e+00   -1.5502e-01   -6.0956e-02
  38.5   2.965468   3.4021e+00   -1.1729e-01   -5.4059e-02
  41.5   3.159814   3.4021e+00   -5.6894e-02   -3.6706e-02
  44.5   3.36113   3.4021e+00   2.7455e-03   -2.3561e-02
  47.5   3.434532   3.4021e+00   2.2760e-02   -1.6575e-02
  50.5   3.320704   3.4021e+00   -1.0536e-02   -2.3586e-02
  53.5   3.15747   3.4021e+00   -5.9526e-02   -3.4848e-02
  56.5   2.952844   3.4021e+00   -1.1718e-01   -4.8625e-02
  59.5   2.961982   3.4021e+00   -9.7228e-02   -5.3447e-02
  62.5   2.931146   3.4021e+00   -1.0088e-01   -4.4520e-02
  65.5   2.960152   3.4021e+00   -1.0056e-01   3.0708e-03
  68.5   2.970578   3.4021e+00   -1.0613e-01   3.1918e-02
  71.5   3.029208   3.4021e+00   -8.4781e-02   4.2175e-02
  74.5   3.108206   3.4021e+00   -6.4875e-02   2.2922e-02
  77.5   3.381662   3.4021e+00   8.4165e-03   3.0111e-02
  80.5   3.65238   3.4021e+00   6.8465e-02   5.9835e-02
  83.5   3.94038   3.4021e+00   1.5312e-01   1.0184e-01
  86.5   4.132774   3.4021e+00   2.2082e-01   1.2896e-01
  89.5   4.26839   3.4021e+00   2.7375e-01   1.5247e-01
  92.5   4.304092   3.4021e+00   2.8885e-01   1.4503e-01
  95.5   4.229988   3.4021e+00   2.5337e-01   1.2191e-01
  98.5   3.844656   3.4021e+00   1.3107e-01   7.3016e-02
  101.5   3.526236   3.4021e+00   2.7197e-02   3.1332e-02
  104.5   3.289936   3.4021e+00   -4.7119e-02   6.4785e-04
  107.5   3.122078   3.4021e+00   -8.9717e-02   3.8899e-03
  110.5   3.05592   3.4021e+00   -1.0116e-01   9.3906e-03
  113.5   3.004462   3.4021e+00   -1.0665e-01   -6.4269e-04
  116.5   2.97408   3.4021e+00   -1.1053e-01   -4.7797e-02
  119.5   3.054154   3.4021e+00   -8.4530e-02   -5.6501e-02
  122.5   3.085384   3.4021e+00   -8.1254e-02   -6.6311e-02
  125.5   3.216542   3.4021e+00   -4.4906e-02   -4.9786e-02
  128.5   3.367418   3.4021e+00   6.8194e-03   8.2517e-04
  131.5   3.511878   3.4021e+00   4.4238e-02   5.1801e-03
  134.5   3.63952   3.4021e+00   7.9105e-02   1.4820e-02
  137.5   3.52095   3.4021e+00   3.8027e-02   1.2293e-02
  140.5   3.32371   3.4021e+00   -2.9529e-02   -7.4498e-03
  143.5   3.109576   3.4021e+00   -8.8621e-02   -3.7501e-02
  146.5   3.064828   3.4021e+00   -8.9264e-02   -5.7555e-02
  149.5   2.978546   3.4021e+00   -1.0343e-01   -5.9000e-02
  152.5   2.937292   3.4021e+00   -1.1389e-01   -5.3851e-02
  155.5   2.875666   3.4021e+00   -1.3729e-01   -4.7431e-02
  158.5   2.87112   3.4021e+00   -1.4449e-01   -5.8355e-02
  161.5   2.993916   3.4021e+00   -1.0786e-01   -6.1731e-02
  164.5   3.289972   3.4021e+00   -1.8560e-02   -4.9885e-02
  167.5   3.756784   3.4021e+00   1.1966e-01   -7.9608e-03
  170.5   4.178882   3.4021e+00   2.3785e-01   3.1782e-02
  173.5   4.305412   3.4021e+00   2.7170e-01   5.6914e-02
  176.5   4.192424   3.4021e+00   2.2980e-01   5.7184e-02
  179.5   3.969464   3.4021e+00   1.5247e-01   4.8955e-02
  182.5   4.10558   3.4021e+00   2.0265e-01   5.7670e-02
  185.5   4.25958   3.4021e+00   2.5308e-01   6.6014e-02
  188.5   4.23144   3.4021e+00   2.5077e-01   5.7709e-02
  191.5   3.933498   3.4021e+00   1.7006e-01   2.2968e-02
  194.5   3.4051   3.4021e+00   1.5767e-02   -1.4802e-02
  197.5   3.127556   3.4021e+00   -6.6115e-02   -3.4702e-02
  200.5   2.86752   3.4021e+00   -1.4653e-01   -4.7410e-02
  203.5   2.876586   3.4021e+00   -1.3839e-01   -4.8135e-02
  206.5   2.890422   3.4021e+00   -1.2874e-01   -5.7688e-02
  209.5   2.992414   3.4021e+00   -9.6715e-02   -6.2999e-02
  212.5   3.03082   3.4021e+00   -9.5930e-02   -6.6463e-02
  215.5   3.10358   3.4021e+00   -9.1544e-02   -6.0955e-02
  218.5   3.296966   3.4021e+00   -4.1903e-02   -5.4059e-02
  221.5   3.469564   3.4021e+00   1.5572e-02   -3.6707e-02
  224.5   3.682552   3.4021e+00   8.6533e-02   -2.3559e-02
  227.5   3.576344   3.4021e+00   5.7670e-02   -1.6574e-02
  230.5   3.44885   3.4021e+00   2.6194e-02   -2.3587e-02
  233.5   3.28356   3.4021e+00   -2.5967e-02   -3.4849e-02
  236.5   3.119478   3.4021e+00   -7.1743e-02   -4.8628e-02
  239.5   3.050928   3.4021e+00   -9.1739e-02   -5.3447e-02
  242.5   2.94568   3.4021e+00   -1.2115e-01   -4.4520e-02
  245.5   2.85647   3.4021e+00   -1.6093e-01   3.0714e-03
  248.5   2.885678   3.4021e+00   -1.6502e-01   3.1917e-02
  251.5   2.984948   3.4021e+00   -1.3706e-01   4.2176e-02
  254.5   3.173554   3.4021e+00   -8.5331e-02   2.2922e-02
  257.5   3.371098   3.4021e+00   -2.3720e-02   3.0111e-02
  260.5   3.650088   3.4021e+00   6.3827e-02   5.9835e-02
  263.5   4.05836   3.4021e+00   1.9272e-01   1.0184e-01
  266.5   4.259546   3.4021e+00   2.7084e-01   1.2896e-01
  269.5   4.337496   3.4021e+00   2.9521e-01   1.5247e-01
  272.5   4.358246   3.4021e+00   3.0084e-01   1.4503e-01
  275.5   4.134162   3.4021e+00   2.2088e-01   1.2192e-01
  278.5   3.899536   3.4021e+00   1.4339e-01   7.3017e-02
  281.5   3.540342   3.4021e+00   5.3197e-02   3.1331e-02
  284.5   3.210612   3.4021e+00   -3.5884e-02   6.4720e-04
  287.5   2.986366   3.4021e+00   -1.0442e-01   3.8903e-03
  290.5   2.894742   3.4021e+00   -1.3787e-01   9.3887e-03
  293.5   2.798348   3.4021e+00   -1.7024e-01   -6.4101e-04
  296.5   2.762014   3.4021e+00   -1.6833e-01   -4.7798e-02
  299.5   2.774788   3.4021e+00   -1.6728e-01   -5.6501e-02
  302.5   2.881586   3.4021e+00   -1.4110e-01   -6.6312e-02
  305.5   3.084014   3.4021e+00   -8.2413e-02   -4.9785e-02
  308.5   3.30577   3.4021e+00   -1.3980e-02   8.2478e-04
  311.5   3.423604   3.4021e+00   1.9704e-02   5.1803e-03
  314.5   3.43968   3.4021e+00   2.6654e-02   1.4820e-02
  317.5   3.23254   3.4021e+00   -3.8327e-02   1.2294e-02
  320.5   3.056754   3.4021e+00   -8.9591e-02   -7.4489e-03
  323.5   2.900802   3.4021e+00   -1.4081e-01   -3.7499e-02
  326.5   2.863936   3.4021e+00   -1.5681e-01   -5.7554e-02
  329.5   2.890054   3.4021e+00   -1.4795e-01   -5.9000e-02
  332.5   2.974092   3.4021e+00   -1.1696e-01   -5.3850e-02
  335.5   2.968918   3.4021e+00   -1.1614e-01   -4.7431e-02
  338.5   2.875234   3.4021e+00   -1.4642e-01   -5.8354e-02
  341.5   2.981594   3.4021e+00   -1.1472e-01   -6.1730e-02
  344.5   3.33845   3.4021e+00   -1.3674e-02   -4.9885e-02
  347.5   3.842044   3.4021e+00   1.3254e-01   -7.9613e-03
  350.5   4.234566   3.4021e+00   2.3694e-01   3.1783e-02
  353.5   4.352934   3.4021e+00   2.6334e-01   5.6914e-02
  356.5   4.180946   3.4021e+00   2.0249e-01   5.7184e-02
  359.5   3.994682   3.4021e+00   1.3778e-01   4.8955e-02
  4   120.0   15.82   39.0   1.0   0.0  ------------------
  2.5   3.472868   3.1968e+00   7.9536e-02   3.8342e-02
  5.5   3.656658   3.1968e+00   1.3776e-01   3.6679e-02
  8.5   3.487472   3.1968e+00   7.7685e-02   1.0805e-02
  11.5   3.17128   3.1968e+00   -1.7877e-02   -3.2642e-02
  14.5   2.8068   3.1968e+00   -1.2851e-01   -8.0200e-02
  17.5   2.70033   3.1968e+00   -1.5263e-01   -9.8815e-02
  20.5   2.707822   3.1968e+00   -1.4470e-01   -1.0573e-01
  23.5   2.88134   3.1968e+00   -9.0197e-02   -9.0441e-02
  26.5   2.972084   3.1968e+00   -6.0805e-02   -7.2723e-02
  29.5   2.804666   3.1968e+00   -1.2784e-01   -4.7007e-02
  32.5   2.78762   3.1968e+00   -1.3975e-01   -2.9704e-02
  35.5   2.89182   3.1968e+00   -1.0785e-01   -5.2998e-03
  38.5   3.32101   3.1968e+00   4.3324e-02   2.6255e-02
  41.5   3.838214   3.1968e+00   2.1487e-01   7.1447e-02
  44.5   4.293988   3.1968e+00   3.6179e-01   9.9364e-02
  47.5   4.35721   3.1968e+00   3.7914e-01   1.1299e-01
  50.5   4.059136   3.1968e+00   2.7947e-01   1.1300e-01
  53.5   3.529492   3.1968e+00   1.0659e-01   8.9467e-02
  56.5   3.076696   3.1968e+00   -3.2525e-02   4.6339e-02
  59.5   2.86436   3.1968e+00   -9.1098e-02   2.8007e-03
  62.5   2.748022   3.1968e+00   -1.2146e-01   -1.8722e-02
  65.5   2.837934   3.1968e+00   -9.5377e-02   -2.6506e-02
  68.5   2.896788   3.1968e+00   -8.4562e-02   -4.1044e-02
  71.5   2.824978   3.1968e+00   -1.0976e-01   -5.4255e-02
  74.5   2.807212   3.1968e+00   -1.1632e-01   -5.5393e-02
  77.5   2.895918   3.1968e+00   -9.5967e-02   -3.0499e-02
  80.5   3.107766   3.1968e+00   -4.1606e-02   2.4667e-02
  83.5   3.40649   3.1968e+00   5.0509e-02   9.1569e-02
  86.5   3.613842   3.1968e+00   1.1559e-01   1.4702e-01
  89.5   3.755496   3.1968e+00   1.6916e-01   1.7085e-01
  92.5   3.7986   3.1968e+00   1.8207e-01   1.5808e-01
  95.5   3.702436   3.1968e+00   1.4003e-01   1.1153e-01
  98.5   3.276424   3.1968e+00   -1.5694e-04   3.9604e-02
  101.5   2.928758   3.1968e+00   -1.0990e-01   -2.7814e-02
  104.5   2.743022   3.1968e+00   -1.7120e-01   -7.6723e-02
  107.5   2.719756   3.1968e+00   -1.6194e-01   -8.7618e-02
  110.5   2.74706   3.1968e+00   -1.4261e-01   -7.8385e-02
  113.5   2.727862   3.1968e+00   -1.3995e-01   -6.8897e-02
  116.5   2.767552   3.1968e+00   -1.2991e-01   -7.0487e-02
  119.5   2.886148   3.1968e+00   -9.7400e-02   -6.7876e-02
  122.5   3.100784   3.1968e+00   -3.4645e-02   -4.3563e-02
  125.5   3.437148   3.1968e+00   6.8778e-02   -1.3859e-03
  128.5   3.848178   3.1968e+00   1.9896e-01   1.2334e-01
  131.5   4.223922   3.1968e+00   3.1167e-01   1.1815e-01
  134.5   4.441628   3.1968e+00   3.7652e-01   1.0206e-01
  137.5   4.214506   3.1968e+00   3.0446e-01   8.7877e-02
  140.5   3.659626   3.1968e+00   1.3013e-01   4.8323e-02
  143.5   3.051538   3.1968e+00   -5.0796e-02   4.9667e-03
  146.5   2.751282   3.1968e+00   -1.3854e-01   -3.9901e-02
  149.5   2.669226   3.1968e+00   -1.5871e-01   -6.7620e-02
  152.5   2.688384   3.1968e+00   -1.5814e-01   -8.8931e-02
  155.5   2.759672   3.1968e+00   -1.3691e-01   -1.0892e-01
  158.5   2.735326   3.1968e+00   -1.4903e-01   -1.1281e-01
  161.5   2.682134   3.1968e+00   -1.6131e-01   -1.1465e-01
  164.5   2.671424   3.1968e+00   -1.6599e-01   -9.5119e-02
  167.5   2.901626   3.1968e+00   -1.0185e-01   -5.4849e-02
  170.5   3.239778   3.1968e+00   -1.2002e-02   1.4691e-04
  173.5   3.476798   3.1968e+00   5.9657e-02   3.8976e-02
  176.5   3.545886   3.1968e+00   8.8144e-02   4.3813e-02
  179.5   3.470438   3.1968e+00   6.0631e-02   3.6085e-02
  182.5   3.518652   3.1968e+00   8.0299e-02   3.8342e-02
  185.5   3.537542   3.1968e+00   8.2451e-02   3.6679e-02
  188.5   3.33446   3.1968e+00   1.4984e-02   1.0805e-02
  191.5   3.025332   3.1968e+00   -6.7777e-02   -3.2644e-02
  194.5   2.7003   3.1968e+00   -1.5908e-01   -8.0200e-02
  197.5   2.675958   3.1968e+00   -1.6010e-01   -9.8814e-02
  200.5   2.690088   3.1968e+00   -1.6335e-01   -1.0573e-01
  203.5   2.742888   3.1968e+00   -1.4442e-01   -9.0440e-02
  206.5   2.740652   3.1968e+00   -1.4107e-01   -7.2723e-02
  209.5   2.685442   3.1968e+00   -1.5381e-01   -4.7004e-02
  212.5   2.697942   3.1968e+00   -1.5610e-01   -2.9706e-02
  215.5   2.895732   3.1968e+00   -1.0383e-01   -5.2986e-03
  218.5   3.48687   3.1968e+00   7.6763e-02   2.6255e-02
  221.5   4.08005   3.1968e+00   2.5997e-01   7.1447e-02
  224.5   4.489576   3.1968e+00   3.9025e-01   9.9365e-02
  227.5   4.376052   3.1968e+00   3.5951e-01   1.1299e-01
  230.5   3.99173   3.1968e+00   2.3962e-01   1.1300e-01
  233.5   3.541662   3.1968e+00   9.5353e-02   8.9466e-02
  236.5   3.172064   3.1968e+00   -2.1225e-02   4.6337e-02
  239.5   2.949522   3.1968e+00   -8.2154e-02   2.7995e-03
  242.5   2.794674   3.1968e+00   -1.2382e-01   -1.8724e-02
  245.5   2.658932   3.1968e+00   -1.6863e-01   -2.6507e-02
  248.5   2.63942   3.1968e+00   -1.8885e-01   -4.1044e-02
  251.5   2.632206   3.1968e+00   -1.9775e-01   -5.4254e-02
  254.5   2.679202   3.1968e+00   -1.9006e-01   -5.5393e-02
  257.5   2.852858   3.1968e+00   -1.3227e-01   -3.0499e-02
  260.5   3.182206   3.1968e+00   -2.5688e-02   2.4668e-02
  263.5   3.641266   3.1968e+00   1.2356e-01   9.1570e-02
  266.5   3.88765   3.1968e+00   2.1939e-01   1.4702e-01
  269.5   3.93501   3.1968e+00   2.3882e-01   1.7085e-01
  272.5   3.840028   3.1968e+00   2.0211e-01   1.5808e-01
  275.5   3.619742   3.1968e+00   1.2880e-01   1.1152e-01
  278.5   3.341894   3.1968e+00   4.2814e-02   3.9606e-02
  281.5   3.06215   3.1968e+00   -3.8849e-02   -2.7817e-02
  284.5   2.926746   3.1968e+00   -7.5116e-02   -7.6725e-02
  287.5   2.844404   3.1968e+00   -1.0356e-01   -8.7619e-02
  290.5   2.86357   3.1968e+00   -1.0137e-01   -7.8386e-02
  293.5   2.771126   3.1968e+00   -1.3061e-01   -6.8898e-02
  296.5   2.63116   3.1968e+00   -1.7230e-01   -7.0487e-02
  299.5   2.671064   3.1968e+00   -1.6107e-01   -6.7876e-02
  302.5   2.884824   3.1968e+00   -9.9244e-02   -4.3564e-02
  305.5   3.303384   3.1968e+00   2.4606e-02   -1.3854e-03
  308.5   3.91122   3.1968e+00   2.2548e-01   1.2334e-01
  311.5   4.293212   3.1968e+00   3.5059e-01   1.1815e-01
  314.5   4.389402   3.1968e+00   3.8795e-01   1.0206e-01
  317.5   4.05307   3.1968e+00   2.8243e-01   8.7877e-02
  320.5   3.531722   3.1968e+00   1.1201e-01   4.8324e-02
  323.5   3.037056   3.1968e+00   -5.7175e-02   4.9687e-03
  326.5   2.794654   3.1968e+00   -1.4028e-01   -3.9899e-02
  329.5   2.754394   3.1968e+00   -1.4993e-01   -6.7620e-02
  332.5   2.899624   3.1968e+00   -8.9096e-02   -8.8929e-02
  335.5   2.926478   3.1968e+00   -7.3875e-02   -1.0892e-01
  338.5   2.762954   3.1968e+00   -1.2888e-01   -1.1281e-01
  341.5   2.6778   3.1968e+00   -1.5753e-01   -1.1465e-01
  344.5   2.764302   3.1968e+00   -1.3693e-01   -9.5119e-02
  347.5   3.044686   3.1968e+00   -5.7642e-02   -5.4851e-02
  350.5   3.39492   3.1968e+00   5.0924e-02   1.4625e-04
  353.5   3.640022   3.1968e+00   1.3176e-01   3.8976e-02
  356.5   3.567886   3.1968e+00   1.1084e-01   4.3812e-02
  359.5   3.419126   3.1968e+00   6.5537e-02   3.6085e-02
  5   120.0   15.82   42.0   1.0   0.0  ------------------
  2.5   2.930832   3.2771e+00   -1.1746e-01   -6.1704e-02
  5.5   3.082672   3.2771e+00   -5.9505e-02   -6.1037e-02
  8.5   2.903264   3.2771e+00   -1.0711e-01   -7.0092e-02
  11.5   2.630652   3.2771e+00   -1.8530e-01   -7.0460e-02
  14.5   2.468546   3.2771e+00   -2.3261e-01   -6.1875e-02
  17.5   2.517576   3.2771e+00   -2.2110e-01   -3.8886e-02
  20.5   2.602364   3.2771e+00   -1.9826e-01   -2.0445e-02
  23.5   2.727484   3.2771e+00   -1.6755e-01   -2.0393e-02
  26.5   2.806474   3.2771e+00   -1.4876e-01   -2.6790e-02
  29.5   2.76701   3.2771e+00   -1.6711e-01   -3.2154e-02
  32.5   2.976632   3.2771e+00   -1.0986e-01   -2.3276e-02
  35.5   3.4502   3.2771e+00   3.0653e-02   7.7243e-04
  38.5   4.09556   3.2771e+00   2.3276e-01   3.7658e-02
  41.5   4.902088   3.2771e+00   4.8674e-01   1.0800e-01
  44.5   5.676876   3.2771e+00   7.3422e-01   1.7597e-01
  47.5   5.740218   3.2771e+00   7.5415e-01   2.1904e-01
  50.5   5.221726   3.2771e+00   5.9619e-01   2.0194e-01
  53.5   4.391198   3.2771e+00   3.3453e-01   1.4490e-01
  56.5   3.672278   3.2771e+00   1.1690e-01   9.4779e-02
  59.5   3.112218   3.2771e+00   -4.8100e-02   5.7205e-02
  62.5   2.871444   3.2771e+00   -1.0468e-01   3.7653e-02
  65.5   2.904442   3.2771e+00   -9.7691e-02   3.0374e-02
  68.5   2.911522   3.2771e+00   -1.1226e-01   3.2946e-02
  71.5   2.788316   3.2771e+00   -1.7353e-01   1.4725e-02
  74.5   2.607956   3.2771e+00   -2.4043e-01   -2.9214e-02
  77.5   2.491164   3.2771e+00   -2.8557e-01   -7.1088e-02
  80.5   2.638312   3.2771e+00   -2.4057e-01   -6.3386e-02
  83.5   2.85676   3.2771e+00   -1.7043e-01   -3.0841e-02
  86.5   3.074052   3.2771e+00   -9.2612e-02   -3.7740e-03
  89.5   3.141854   3.2771e+00   -6.2144e-02   -1.2124e-02
  92.5   3.157994   3.2771e+00   -6.2709e-02   -2.3508e-02
  95.5   3.050298   3.2771e+00   -9.6809e-02   -4.5321e-02
  98.5   2.712594   3.2771e+00   -2.0333e-01   -6.8761e-02
  101.5   2.532048   3.2771e+00   -2.5679e-01   -9.5209e-02
  104.5   2.555586   3.2771e+00   -2.4982e-01   -1.0180e-01
  107.5   2.620406   3.2771e+00   -2.2405e-01   -7.5714e-02
  110.5   2.660522   3.2771e+00   -1.9956e-01   -4.7153e-02
  113.5   2.647964   3.2771e+00   -1.9811e-01   -1.2051e-02
  116.5   2.767708   3.2771e+00   -1.5553e-01   -1.4134e-03
  119.5   3.056422   3.2771e+00   -6.6350e-02   5.1242e-03
  122.5   3.571956   3.2771e+00   8.0915e-02   1.3036e-02
  125.5   4.162424   3.2771e+00   2.6347e-01   6.4037e-02
  128.5   4.883564   3.2771e+00   4.8341e-01   1.5070e-01
  131.5   5.589574   3.2771e+00   6.8872e-01   2.0922e-01
  134.5   5.950178   3.2771e+00   8.0157e-01   2.0458e-01
  137.5   5.507686   3.2771e+00   6.5807e-01   1.4493e-01
  140.5   4.532864   3.2771e+00   3.6296e-01   5.9922e-02
  143.5   3.582874   3.2771e+00   8.3115e-02   2.5862e-03
  146.5   2.977134   3.2771e+00   -9.5226e-02   -3.2202e-02
  149.5   2.683772   3.2771e+00   -1.8124e-01   -4.7429e-02
  152.5   2.70399   3.2771e+00   -1.8124e-01   -5.6831e-02
  155.5   2.773742   3.2771e+00   -1.5737e-01   -6.0535e-02
  158.5   2.813754   3.2771e+00   -1.3843e-01   -6.3704e-02
  161.5   2.781422   3.2771e+00   -1.3079e-01   -7.3450e-02
  164.5   2.652722   3.2771e+00   -1.8012e-01   -9.3504e-02
  167.5   2.608496   3.2771e+00   -2.0148e-01   -1.0142e-01
  170.5   2.79371   3.2771e+00   -1.5426e-01   -9.9979e-02
  173.5   2.94123   3.2771e+00   -1.1702e-01   -8.0247e-02
  176.5   2.978012   3.2771e+00   -1.1241e-01   -6.8835e-02
  179.5   3.014518   3.2771e+00   -1.0006e-01   -6.3482e-02
  182.5   2.959138   3.2771e+00   -1.2106e-01   -6.1704e-02
  185.5   2.98011   3.2771e+00   -1.0511e-01   -6.1037e-02
  188.5   2.841332   3.2771e+00   -1.4610e-01   -7.0091e-02
  191.5   2.63456   3.2771e+00   -2.0233e-01   -7.0460e-02
  194.5   2.602146   3.2771e+00   -1.9687e-01   -6.1875e-02
  197.5   2.743286   3.2771e+00   -1.4620e-01   -3.8884e-02
  200.5   2.795126   3.2771e+00   -1.4327e-01   -2.0446e-02
  203.5   2.801408   3.2771e+00   -1.4457e-01   -2.0392e-02
  206.5   2.76679   3.2771e+00   -1.6074e-01   -2.6792e-02
  209.5   2.673954   3.2771e+00   -1.8546e-01   -3.2152e-02
  212.5   2.82011   3.2771e+00   -1.4152e-01   -2.3277e-02
  215.5   3.320088   3.2771e+00   9.8181e-04   7.7332e-04
  218.5   4.255424   3.2771e+00   2.8348e-01   3.7657e-02
  221.5   5.214908   3.2771e+00   5.7645e-01   1.0800e-01
  224.5   5.967612   3.2771e+00   8.0925e-01   1.7597e-01
  227.5   5.894858   3.2771e+00   7.8812e-01   2.1904e-01
  230.5   5.121308   3.2771e+00   5.5425e-01   2.0194e-01
  233.5   4.373098   3.2771e+00   3.2395e-01   1.4490e-01
  236.5   3.72779   3.2771e+00   1.2478e-01   9.4779e-02
  239.5   3.208914   3.2771e+00   -2.9796e-02   5.7205e-02
  242.5   2.834336   3.2771e+00   -1.3572e-01   3.7652e-02
  245.5   2.627768   3.2771e+00   -2.0248e-01   3.0374e-02
  248.5   2.568698   3.2771e+00   -2.3538e-01   3.2947e-02
  251.5   2.582282   3.2771e+00   -2.3439e-01   1.4727e-02
  254.5   2.557342   3.2771e+00   -2.4557e-01   -2.9216e-02
  257.5   2.530898   3.2771e+00   -2.4992e-01   -7.1090e-02
  260.5   2.655558   3.2771e+00   -2.0941e-01   -6.3385e-02
  263.5   3.082692   3.2771e+00   -8.0732e-02   -3.0842e-02
  266.5   3.285428   3.2771e+00   -1.1070e-02   -3.7745e-03
  269.5   3.279278   3.2771e+00   -7.0481e-03   -1.2124e-02
  272.5   3.241616   3.2771e+00   -2.2453e-02   -2.3509e-02
  275.5   3.050982   3.2771e+00   -8.9353e-02   -4.5322e-02
  278.5   2.791562   3.2771e+00   -1.7550e-01   -6.8760e-02
  281.5   2.582932   3.2771e+00   -2.4176e-01   -9.5211e-02
  284.5   2.627756   3.2771e+00   -2.2767e-01   -1.0180e-01
  287.5   2.77508   3.2771e+00   -1.7393e-01   -7.5717e-02
  290.5   2.874418   3.2771e+00   -1.2771e-01   -4.7153e-02
  293.5   2.844892   3.2771e+00   -1.2409e-01   -1.2055e-02
  296.5   2.750222   3.2771e+00   -1.4670e-01   -1.4145e-03
  299.5   2.924148   3.2771e+00   -1.0392e-01   5.1216e-03
  302.5   3.372386   3.2771e+00   1.7223e-02   1.3037e-02
  305.5   4.063964   3.2771e+00   2.1686e-01   6.4035e-02
  308.5   4.971656   3.2771e+00   5.0098e-01   1.5069e-01
  311.5   5.633766   3.2771e+00   6.9591e-01   2.0922e-01
  314.5   5.850676   3.2771e+00   7.7517e-01   2.0458e-01
  317.5   5.25226   3.2771e+00   5.8337e-01   1.4493e-01
  320.5   4.396036   3.2771e+00   3.1768e-01   5.9923e-02
  323.5   3.657434   3.2771e+00   9.0886e-02   2.5870e-03
  326.5   3.109742   3.2771e+00   -7.3983e-02   -3.2201e-02
  329.5   2.784676   3.2771e+00   -1.6408e-01   -4.7430e-02
  332.5   2.8253   3.2771e+00   -1.4458e-01   -5.6831e-02
  335.5   2.779304   3.2771e+00   -1.5447e-01   -6.0535e-02
  338.5   2.662988   3.2771e+00   -1.8239e-01   -6.3704e-02
  341.5   2.571182   3.2771e+00   -2.0287e-01   -7.3451e-02
  344.5   2.498486   3.2771e+00   -2.2260e-01   -9.3504e-02
  347.5   2.532272   3.2771e+00   -2.1470e-01   -1.0142e-01
  350.5   2.797702   3.2771e+00   -1.3886e-01   -9.9979e-02
  353.5   3.051414   3.2771e+00   -6.6791e-02   -8.0247e-02
  356.5   2.980382   3.2771e+00   -1.0117e-01   -6.8836e-02
  359.5   2.902018   3.2771e+00   -1.2802e-01   -6.3482e-02
  6   120.0   15.82   45.0   1.0   0.0  ------------------
  2.5   2.763776   3.2022e+00   -1.5997e-01   -9.7915e-02
  5.5   2.83863   3.2022e+00   -1.2392e-01   -7.2325e-02
  8.5   2.75107   3.2022e+00   -1.3251e-01   -4.8737e-02
  11.5   2.503216   3.2022e+00   -1.9992e-01   -3.3372e-02
  14.5   2.406026   3.2022e+00   -2.2997e-01   -2.7700e-02
  17.5   2.468332   3.2022e+00   -2.2268e-01   -1.8945e-02
  20.5   2.435498   3.2022e+00   -2.4738e-01   -1.2473e-02
  23.5   2.533098   3.2022e+00   -2.2104e-01   -1.1067e-02
  26.5   2.689974   3.2022e+00   -1.7551e-01   -1.0267e-02
  29.5   2.818036   3.2022e+00   -1.3293e-01   -9.6554e-03
  32.5   3.106088   3.2022e+00   -4.7568e-02   -1.7342e-02
  35.5   3.590066   3.2022e+00   8.4016e-02   -6.5889e-03
  38.5   4.30854   3.2022e+00   2.9214e-01   4.0849e-02
  41.5   5.249804   3.2022e+00   5.8563e-01   1.4681e-01
  44.5   6.230664   3.2022e+00   9.1305e-01   2.5187e-01
  47.5   6.253844   3.2022e+00   9.2653e-01   2.9445e-01
  50.5   5.589392   3.2022e+00   7.2395e-01   2.3958e-01
  53.5   4.565228   3.2022e+00   4.0488e-01   1.3661e-01
  56.5   3.686728   3.2022e+00   1.3640e-01   5.6851e-02
  59.5   3.110856   3.2022e+00   -2.9521e-02   2.4482e-02
  62.5   2.82833   3.2022e+00   -9.9335e-02   1.5389e-02
  65.5   2.786428   3.2022e+00   -1.1557e-01   9.3737e-03
  68.5   2.672562   3.2022e+00   -1.8029e-01   8.6916e-03
  71.5   2.495506   3.2022e+00   -2.6755e-01   3.8044e-03
  74.5   2.366334   3.2022e+00   -3.1941e-01   -1.2940e-02
  77.5   2.334912   3.2022e+00   -3.2989e-01   -2.7818e-02
  80.5   2.412996   3.2022e+00   -3.0187e-01   -2.6951e-02
  83.5   2.481368   3.2022e+00   -2.8071e-01   -2.8310e-02
  86.5   2.489348   3.2022e+00   -2.7094e-01   -4.7782e-02
  89.5   2.454152   3.2022e+00   -2.6841e-01   -7.1484e-02
  92.5   2.515568   3.2022e+00   -2.4737e-01   -7.2644e-02
  95.5   2.516716   3.2022e+00   -2.3865e-01   -6.1694e-02
  98.5   2.41474   3.2022e+00   -2.7489e-01   -5.3414e-02
  101.5   2.316954   3.2022e+00   -3.1051e-01   -5.4859e-02
  104.5   2.37521   3.2022e+00   -3.0088e-01   -4.9355e-02
  107.5   2.45644   3.2022e+00   -2.8179e-01   -4.2501e-02
  110.5   2.470944   3.2022e+00   -2.6239e-01   -3.0944e-02
  113.5   2.46786   3.2022e+00   -2.4945e-01   -2.4283e-02
  116.5   2.717352   3.2022e+00   -1.4601e-01   -2.4856e-02
  119.5   3.074548   3.2022e+00   -2.4294e-02   -2.4371e-02
  122.5   3.64026   3.2022e+00   1.4964e-01   -3.9962e-03
  125.5   4.302724   3.2022e+00   3.5404e-01   4.1642e-02
  128.5   5.24241   3.2022e+00   6.3883e-01   1.1532e-01
  131.5   6.26326   3.2022e+00   9.4955e-01   2.0912e-01
  134.5   6.618704   3.2022e+00   1.0643e+00   2.3288e-01
  137.5   5.97844   3.2022e+00   8.3904e-01   1.6572e-01
  140.5   4.709738   3.2022e+00   4.4175e-01   5.9683e-02
  143.5   3.584676   3.2022e+00   9.6379e-02   -3.0325e-02
  146.5   2.990158   3.2022e+00   -7.4384e-02   -7.7185e-02
  149.5   2.672646   3.2022e+00   -1.6772e-01   -8.2754e-02
  152.5   2.636264   3.2022e+00   -1.8196e-01   -9.2482e-02
  155.5   2.523096   3.2022e+00   -2.1734e-01   -8.0354e-02
  158.5   2.528588   3.2022e+00   -2.1417e-01   -7.5126e-02
  161.5   2.661676   3.2022e+00   -1.5921e-01   -6.0084e-02
  164.5   2.664622   3.2022e+00   -1.7028e-01   -6.3917e-02
  167.5   2.64086   3.2022e+00   -1.6862e-01   -7.9427e-02
  170.5   2.73935   3.2022e+00   -1.3338e-01   -8.4339e-02
  173.5   2.786476   3.2022e+00   -1.3332e-01   -9.5994e-02
  176.5   2.730794   3.2022e+00   -1.6836e-01   -1.0124e-01
  179.5   2.77493   3.2022e+00   -1.6134e-01   -1.0531e-01
  182.5   2.693186   3.2022e+00   -1.8825e-01   -9.7914e-02
  185.5   2.746468   3.2022e+00   -1.5016e-01   -7.2325e-02
  188.5   2.740612   3.2022e+00   -1.3553e-01   -4.8735e-02
  191.5   2.688658   3.2022e+00   -1.5067e-01   -3.3371e-02
  194.5   2.690242   3.2022e+00   -1.5410e-01   -2.7700e-02
  197.5   2.713276   3.2022e+00   -1.4312e-01   -1.8943e-02
  200.5   2.557484   3.2022e+00   -2.0217e-01   -1.2474e-02
  203.5   2.516282   3.2022e+00   -2.1923e-01   -1.1067e-02
  206.5   2.594688   3.2022e+00   -1.9591e-01   -1.0268e-02
  209.5   2.658198   3.2022e+00   -1.7096e-01   -9.6531e-03
  212.5   2.847094   3.2022e+00   -1.1519e-01   -1.7344e-02
  215.5   3.307182   3.2022e+00   1.3336e-02   -6.5874e-03
  218.5   4.201568   3.2022e+00   2.8467e-01   4.0848e-02
  221.5   5.448956   3.2022e+00   6.7315e-01   1.4682e-01
  224.5   6.541814   3.2022e+00   1.0293e+00   2.5187e-01
  227.5   6.460358   3.2022e+00   1.0093e+00   2.9445e-01
  230.5   5.504142   3.2022e+00   7.1606e-01   2.3958e-01
  233.5   4.532468   3.2022e+00   4.2476e-01   1.3661e-01
  236.5   3.779314   3.2022e+00   1.9064e-01   5.6851e-02
  239.5   3.200192   3.2022e+00   3.5921e-03   2.4483e-02
  242.5   2.754386   3.2022e+00   -1.3065e-01   1.5388e-02
  245.5   2.495528   3.2022e+00   -2.3012e-01   9.3742e-03
  248.5   2.414514   3.2022e+00   -2.7783e-01   8.6928e-03
  251.5   2.458488   3.2022e+00   -2.7829e-01   3.8057e-03
  254.5   2.434558   3.2022e+00   -2.8259e-01   -1.2942e-02
  257.5   2.358018   3.2022e+00   -2.9467e-01   -2.7820e-02
  260.5   2.470284   3.2022e+00   -2.5001e-01   -2.6952e-02
  263.5   2.61212   3.2022e+00   -2.0185e-01   -2.8312e-02
  266.5   2.701206   3.2022e+00   -1.7000e-01   -4.7782e-02
  269.5   2.581838   3.2022e+00   -2.0870e-01   -7.1484e-02
  272.5   2.576802   3.2022e+00   -2.2273e-01   -7.2645e-02
  275.5   2.65529   3.2022e+00   -2.0475e-01   -6.1696e-02
  278.5   2.579016   3.2022e+00   -2.3603e-01   -5.3414e-02
  281.5   2.39294   3.2022e+00   -3.0061e-01   -5.4861e-02
  284.5   2.394144   3.2022e+00   -3.1108e-01   -4.9356e-02
  287.5   2.510804   3.2022e+00   -2.6491e-01   -4.2505e-02
  290.5   2.644162   3.2022e+00   -1.9261e-01   -3.0944e-02
  293.5   2.696326   3.2022e+00   -1.5682e-01   -2.4287e-02
  296.5   2.685458   3.2022e+00   -1.4962e-01   -2.4858e-02
  299.5   2.943436   3.2022e+00   -7.9691e-02   -2.4373e-02
  302.5   3.439864   3.2022e+00   5.4904e-02   -3.9962e-03
  305.5   4.182572   3.2022e+00   2.6923e-01   4.1640e-02
  308.5   5.276852   3.2022e+00   5.9798e-01   1.1532e-01
  311.5   6.144368   3.2022e+00   8.5875e-01   2.0912e-01
  314.5   6.406354   3.2022e+00   9.4939e-01   2.3289e-01
  317.5   5.637288   3.2022e+00   6.9446e-01   1.6572e-01
  320.5   4.617988   3.2022e+00   3.7204e-01   5.9685e-02
  323.5   3.779614   3.2022e+00   1.2614e-01   -3.0323e-02
  326.5   3.229398   3.2022e+00   -1.8703e-02   -7.7184e-02
  329.5   2.859436   3.2022e+00   -1.2139e-01   -8.2754e-02
  332.5   2.735096   3.2022e+00   -1.5699e-01   -9.2482e-02
  335.5   2.604538   3.2022e+00   -1.9748e-01   -8.0355e-02
  338.5   2.499922   3.2022e+00   -2.2893e-01   -7.5128e-02
  341.5   2.52289   3.2022e+00   -2.0831e-01   -6.0085e-02
  344.5   2.466884   3.2022e+00   -2.1191e-01   -6.3918e-02
  347.5   2.46227   3.2022e+00   -2.1242e-01   -7.9428e-02
  350.5   2.64436   3.2022e+00   -1.6237e-01   -8.4340e-02
  353.5   2.822648   3.2022e+00   -1.2218e-01   -9.5993e-02
  356.5   2.769688   3.2022e+00   -1.5775e-01   -1.0124e-01
  359.5   2.780142   3.2022e+00   -1.5728e-01   -1.0531e-01
  7   120.0   15.82   48.0   1.0   0.0  ------------------
  2.5   3.147188   3.0341e+00   2.7096e-02   9.1230e-03
  5.5   2.954672   3.0341e+00   -2.6735e-02   -1.8692e-02
  8.5   2.723414   3.0341e+00   -9.7593e-02   -4.8409e-02
  11.5   2.43235   3.0341e+00   -1.9235e-01   -5.7382e-02
  14.5   2.410572   3.0341e+00   -2.0280e-01   -3.7564e-02
  17.5   2.522432   3.0341e+00   -1.7774e-01   -2.4491e-02
  20.5   2.502346   3.0341e+00   -1.9370e-01   -2.0236e-02
  23.5   2.490772   3.0341e+00   -2.0139e-01   -2.1554e-02
  26.5   2.644496   3.0341e+00   -1.5319e-01   -1.2404e-02
  29.5   2.750468   3.0341e+00   -1.1883e-01   8.0831e-03
  32.5   2.888008   3.0341e+00   -8.4511e-02   1.9120e-02
  35.5   3.352546   3.0341e+00   5.2439e-02   3.6402e-02
  38.5   3.994434   3.0341e+00   2.5744e-01   6.7071e-02
  41.5   4.889476   3.0341e+00   5.4762e-01   1.2083e-01
  44.5   5.816644   3.0341e+00   8.7574e-01   1.7847e-01
  47.5   5.83775   3.0341e+00   8.8978e-01   1.9601e-01
  50.5   5.114808   3.0341e+00   6.5376e-01   1.6657e-01
  53.5   4.14136   3.0341e+00   3.3097e-01   1.0602e-01
  56.5   3.285574   3.0341e+00   5.7745e-02   5.7138e-02
  59.5   2.851086   3.0341e+00   -6.4059e-02   2.4427e-02
  62.5   2.699504   3.0341e+00   -9.7090e-02   1.4064e-02
  65.5   2.645144   3.0341e+00   -1.2132e-01   2.5654e-03
  68.5   2.447052   3.0341e+00   -2.1719e-01   -1.0874e-02
  71.5   2.296958   3.0341e+00   -2.9146e-01   -2.6857e-02
  74.5   2.26715   3.0341e+00   -2.9685e-01   -3.7020e-02
  77.5   2.27796   3.0341e+00   -2.8786e-01   -2.7175e-02
  80.5   2.486828   3.0341e+00   -2.0848e-01   -1.1244e-02
  83.5   2.556122   3.0341e+00   -1.9343e-01   1.6418e-02
  86.5   2.492064   3.0341e+00   -2.1718e-01   2.6459e-02
  89.5   2.458408   3.0341e+00   -2.1705e-01   2.7764e-02
  92.5   2.498328   3.0341e+00   -2.0034e-01   2.1751e-02
  95.5   2.47121   3.0341e+00   -2.0440e-01   9.1975e-03
  98.5   2.365584   3.0341e+00   -2.3934e-01   -1.4116e-02
  101.5   2.151058   3.0341e+00   -3.2539e-01   -5.6106e-02
  104.5   2.151368   3.0341e+00   -3.3586e-01   -8.3665e-02
  107.5   2.285488   3.0341e+00   -2.9754e-01   -9.2597e-02
  110.5   2.303672   3.0341e+00   -2.8082e-01   -7.5542e-02
  113.5   2.405746   3.0341e+00   -2.2628e-01   -5.6018e-02
  116.5   2.601946   3.0341e+00   -1.5146e-01   -3.9634e-02
  119.5   2.847792   3.0341e+00   -6.3863e-02   -2.8651e-02
  122.5   3.29274   3.0341e+00   8.5090e-02   -1.4899e-02
  125.5   3.878606   3.0341e+00   2.7017e-01   1.5446e-02
  128.5   4.774968   3.0341e+00   5.5312e-01   5.6518e-02
  131.5   5.759484   3.0341e+00   8.6835e-01   1.2900e-01
  134.5   6.097608   3.0341e+00   9.8239e-01   1.5775e-01
  137.5   5.40979   3.0341e+00   7.3770e-01   1.2802e-01
  140.5   4.289844   3.0341e+00   3.7651e-01   5.1505e-02
  143.5   3.30145   3.0341e+00   6.4344e-02   -1.3524e-02
  146.5   2.79652   3.0341e+00   -8.9270e-02   -5.9174e-02
  149.5   2.588936   3.0341e+00   -1.6115e-01   -6.7957e-02
  152.5   2.487604   3.0341e+00   -1.8942e-01   -8.0253e-02
  155.5   2.338248   3.0341e+00   -2.2780e-01   -8.8975e-02
  158.5   2.319516   3.0341e+00   -2.3972e-01   -8.4822e-02
  161.5   2.442528   3.0341e+00   -2.1509e-01   -7.6148e-02
  164.5   2.553378   3.0341e+00   -1.8236e-01   -7.0082e-02
  167.5   2.455474   3.0341e+00   -2.0026e-01   -9.2387e-02
  170.5   2.57086   3.0341e+00   -1.5580e-01   -9.6484e-02
  173.5   2.75773   3.0341e+00   -1.0098e-01   -7.7242e-02
  176.5   2.933206   3.0341e+00   -6.3144e-02   -2.7240e-02
  179.5   3.14194   3.0341e+00   8.1887e-03   3.7036e-03
  182.5   3.012048   3.0341e+00   -3.9798e-02   9.1237e-03
  185.5   2.802028   3.0341e+00   -9.1904e-02   -1.8693e-02
  188.5   2.65017   3.0341e+00   -1.3005e-01   -4.8407e-02
  191.5   2.514594   3.0341e+00   -1.7252e-01   -5.7382e-02
  194.5   2.60765   3.0341e+00   -1.5236e-01   -3.7563e-02
  197.5   2.5716   3.0341e+00   -1.6621e-01   -2.4489e-02
  200.5   2.368992   3.0341e+00   -2.2636e-01   -2.0236e-02
  203.5   2.329056   3.0341e+00   -2.2984e-01   -2.1553e-02
  206.5   2.451474   3.0341e+00   -1.9142e-01   -1.2405e-02
  209.5   2.600796   3.0341e+00   -1.4983e-01   8.0855e-03
  212.5   2.785528   3.0341e+00   -8.3546e-02   1.9119e-02
  215.5   3.089818   3.0341e+00   -1.3545e-03   3.6403e-02
  218.5   3.82044   3.0341e+00   2.2565e-01   6.7071e-02
  221.5   4.955454   3.0341e+00   5.9330e-01   1.2083e-01
  224.5   5.93054   3.0341e+00   9.2004e-01   1.7847e-01
  227.5   5.91262   3.0341e+00   9.1891e-01   1.9601e-01
  230.5   4.949152   3.0341e+00   6.0568e-01   1.6657e-01
  233.5   4.13756   3.0341e+00   3.5365e-01   1.0601e-01
  236.5   3.465798   3.0341e+00   1.3821e-01   5.7138e-02
  239.5   2.949232   3.0341e+00   -2.9098e-02   2.4426e-02
  242.5   2.665246   3.0341e+00   -1.2660e-01   1.4063e-02
  245.5   2.447598   3.0341e+00   -2.0932e-01   2.5655e-03
  248.5   2.298788   3.0341e+00   -2.7538e-01   -1.0873e-02
  251.5   2.296186   3.0341e+00   -2.9262e-01   -2.6856e-02
  254.5   2.244858   3.0341e+00   -3.0502e-01   -3.7021e-02
  257.5   2.172586   3.0341e+00   -3.2066e-01   -2.7177e-02
  260.5   2.38409   3.0341e+00   -2.3668e-01   -1.1243e-02
  263.5   2.54561   3.0341e+00   -1.7299e-01   1.6415e-02
  266.5   2.58345   3.0341e+00   -1.5922e-01   2.6460e-02
  269.5   2.574136   3.0341e+00   -1.6420e-01   2.7763e-02
  272.5   2.581342   3.0341e+00   -1.6924e-01   2.1750e-02
  275.5   2.710212   3.0341e+00   -1.3065e-01   9.1953e-03
  278.5   2.699244   3.0341e+00   -1.3430e-01   -1.4116e-02
  281.5   2.453908   3.0341e+00   -2.1962e-01   -5.6109e-02
  284.5   2.313348   3.0341e+00   -2.7732e-01   -8.3667e-02
  287.5   2.292636   3.0341e+00   -2.9289e-01   -9.2600e-02
  290.5   2.397038   3.0341e+00   -2.3555e-01   -7.5543e-02
  293.5   2.52238   3.0341e+00   -1.7946e-01   -5.6020e-02
  296.5   2.598762   3.0341e+00   -1.4001e-01   -3.9634e-02
  299.5   2.773536   3.0341e+00   -8.6893e-02   -2.8652e-02
  302.5   3.096968   3.0341e+00   -3.9048e-03   -1.4899e-02
  305.5   3.829134   3.0341e+00   2.1780e-01   1.5445e-02
  308.5   4.772358   3.0341e+00   5.0083e-01   5.6518e-02
  311.5   5.661234   3.0341e+00   7.8829e-01   1.2900e-01
  314.5   5.994858   3.0341e+00   9.1098e-01   1.5775e-01
  317.5   5.285238   3.0341e+00   6.6847e-01   1.2803e-01
  320.5   4.356222   3.0341e+00   3.6575e-01   5.1506e-02
  323.5   3.48136   3.0341e+00   8.0822e-02   -1.3522e-02
  326.5   3.000724   3.0341e+00   -5.4101e-02   -5.9173e-02
  329.5   2.737922   3.0341e+00   -1.2628e-01   -6.7957e-02
  332.5   2.684798   3.0341e+00   -1.3369e-01   -8.0252e-02
  335.5   2.52491   3.0341e+00   -1.8708e-01   -8.8975e-02
  338.5   2.497144   3.0341e+00   -1.9440e-01   -8.4823e-02
  341.5   2.582518   3.0341e+00   -1.5877e-01   -7.6148e-02
  344.5   2.532376   3.0341e+00   -1.6434e-01   -7.0083e-02
  347.5   2.429008   3.0341e+00   -1.9446e-01   -9.2389e-02
  350.5   2.635222   3.0341e+00   -1.2388e-01   -9.6485e-02
  353.5   2.88141   3.0341e+00   -5.0361e-02   -7.7242e-02
  356.5   3.08277   3.0341e+00   7.4483e-03   -2.7242e-02
  359.5   3.250814   3.0341e+00   6.1007e-02   3.7034e-03
  8   120.0   15.82   51.0   1.0   0.0  ------------------
  2.5   3.421462   2.8391e+00   1.7746e-01   7.8302e-02
  5.5   3.013972   2.8391e+00   4.5129e-02   4.0622e-02
  8.5   2.660062   2.8391e+00   -7.5595e-02   -5.8083e-04
  11.5   2.446728   2.8391e+00   -1.4692e-01   -2.8387e-02
  14.5   2.459108   2.8391e+00   -1.3395e-01   -2.2632e-02
  17.5   2.556364   2.8391e+00   -9.0747e-02   6.9719e-03
  20.5   2.524692   2.8391e+00   -1.0637e-01   1.8474e-02
  23.5   2.513326   2.8391e+00   -1.0997e-01   1.3462e-02
  26.5   2.686812   2.8391e+00   -5.1268e-02   -1.2045e-04
  29.5   2.792204   2.8391e+00   -2.1396e-02   8.3175e-03
  32.5   2.697876   2.8391e+00   -6.7615e-02   1.7584e-02
  35.5   2.861132   2.8391e+00   -2.5211e-02   3.6784e-02
  38.5   3.247856   2.8391e+00   9.3242e-02   5.5891e-02
  41.5   3.877154   2.8391e+00   3.0206e-01   8.6956e-02
  44.5   4.536836   2.8391e+00   5.3534e-01   9.9715e-02
  47.5   4.46029   2.8391e+00   4.9786e-01   1.0363e-01
  50.5   3.988882   2.8391e+00   3.4198e-01   8.6144e-02
  53.5   3.388562   2.8391e+00   1.3914e-01   5.6673e-02
  56.5   2.72787   2.8391e+00   -7.4698e-02   3.0858e-02
  59.5   2.48454   2.8391e+00   -1.3743e-01   4.3354e-03
  62.5   2.564582   2.8391e+00   -8.3762e-02   -3.1791e-04
  65.5   2.585692   2.8391e+00   -8.0217e-02   -7.7942e-03
  68.5   2.402022   2.8391e+00   -1.7255e-01   -4.5597e-03
  71.5   2.264176   2.8391e+00   -2.3741e-01   -1.3458e-02
  74.5   2.270568   2.8391e+00   -2.3001e-01   -2.3601e-02
  77.5   2.355174   2.8391e+00   -1.8413e-01   -3.0762e-02
  80.5   2.707098   2.8391e+00   -4.8092e-02   -1.6366e-02
  83.5   3.046614   2.8391e+00   6.7791e-02   3.2932e-02
  86.5   3.225906   2.8391e+00   1.1981e-01   1.0490e-01
  89.5   3.302506   2.8391e+00   1.4756e-01   1.6247e-01
  92.5   3.229146   2.8391e+00   1.2003e-01   1.4012e-01
  95.5   3.02022   2.8391e+00   4.3211e-02   6.7918e-02
  98.5   2.70994   2.8391e+00   -5.4928e-02   -2.2048e-02
  101.5   2.420738   2.8391e+00   -1.5957e-01   -6.3336e-02
  104.5   2.289436   2.8391e+00   -2.2099e-01   -8.4587e-02
  107.5   2.321316   2.8391e+00   -2.1861e-01   -8.8849e-02
  110.5   2.445748   2.8391e+00   -1.6709e-01   -8.9706e-02
  113.5   2.573636   2.8391e+00   -1.0193e-01   -8.8175e-02
  116.5   2.65102   2.8391e+00   -6.9394e-02   -8.2415e-02
  119.5   2.641928   2.8391e+00   -7.7365e-02   -7.4223e-02
  122.5   2.83557   2.8391e+00   -1.7380e-02   -5.6310e-02
  125.5   3.08211   2.8391e+00   6.1563e-02   -3.6252e-02
  128.5   3.610144   2.8391e+00   2.3205e-01   -1.7945e-02
  131.5   4.150304   2.8391e+00   4.2092e-01   2.1817e-02
  134.5   4.282442   2.8391e+00   4.7615e-01   3.8684e-02
  137.5   3.956136   2.8391e+00   3.5522e-01   2.3383e-02
  140.5   3.28941   2.8391e+00   1.3186e-01   -3.7910e-03
  143.5   2.782394   2.8391e+00   -3.2556e-02   -2.7096e-02
  146.5   2.608388   2.8391e+00   -9.8331e-02   -3.8218e-02
  149.5   2.504832   2.8391e+00   -1.4838e-01   -5.2292e-02
  152.5   2.54273   2.8391e+00   -1.2114e-01   -6.7635e-02
  155.5   2.484014   2.8391e+00   -1.1720e-01   -7.6663e-02
  158.5   2.375696   2.8391e+00   -1.4244e-01   -6.8795e-02
  161.5   2.399088   2.8391e+00   -1.4724e-01   -6.0734e-02
  164.5   2.450134   2.8391e+00   -1.3969e-01   -6.8755e-02
  167.5   2.352686   2.8391e+00   -1.7644e-01   -8.1946e-02
  170.5   2.45776   2.8391e+00   -1.5276e-01   -6.1904e-02
  173.5   2.836934   2.8391e+00   -4.2559e-02   -1.2470e-02
  176.5   3.272284   2.8391e+00   9.7028e-02   5.4599e-02
  179.5   3.559116   2.8391e+00   2.0228e-01   8.1199e-02
  182.5   3.46245   2.8391e+00   1.7172e-01   7.8303e-02
  185.5   3.031504   2.8391e+00   2.4514e-02   4.0621e-02
  188.5   2.61479   2.8391e+00   -1.0336e-01   -5.7984e-04
  191.5   2.378458   2.8391e+00   -1.5907e-01   -2.8387e-02
  194.5   2.448094   2.8391e+00   -1.3714e-01   -2.2632e-02
  197.5   2.442534   2.8391e+00   -1.3073e-01   6.9737e-03
  200.5   2.296406   2.8391e+00   -1.7621e-01   1.8473e-02
  203.5   2.369484   2.8391e+00   -1.5858e-01   1.3464e-02
  206.5   2.534524   2.8391e+00   -1.0874e-01   -1.2060e-04
  209.5   2.629354   2.8391e+00   -9.5626e-02   8.3194e-03
  212.5   2.635004   2.8391e+00   -8.8018e-02   1.7583e-02
  215.5   2.70775   2.8391e+00   -6.1931e-02   3.6785e-02
  218.5   3.044606   2.8391e+00   4.8959e-02   5.5891e-02
  221.5   3.670328   2.8391e+00   2.6510e-01   8.6956e-02
  224.5   4.16125   2.8391e+00   4.3684e-01   9.9716e-02
  227.5   4.170422   2.8391e+00   4.3252e-01   1.0363e-01
  230.5   3.682044   2.8391e+00   2.5272e-01   8.6144e-02
  233.5   3.218178   2.8391e+00   1.0447e-01   5.6672e-02
  236.5   2.931942   2.8391e+00   1.4816e-02   3.0858e-02
  239.5   2.704578   2.8391e+00   -5.5114e-02   4.3335e-03
  242.5   2.623544   2.8391e+00   -7.5916e-02   -3.1760e-04
  245.5   2.492464   2.8391e+00   -1.3611e-01   -7.7936e-03
  248.5   2.400832   2.8391e+00   -1.8617e-01   -4.5593e-03
  251.5   2.28915   2.8391e+00   -2.3226e-01   -1.3459e-02
  254.5   2.305468   2.8391e+00   -2.2083e-01   -2.3602e-02
  257.5   2.36564   2.8391e+00   -1.7814e-01   -3.0762e-02
  260.5   2.595182   2.8391e+00   -9.7768e-02   -1.6366e-02
  263.5   2.863078   2.8391e+00   -1.2832e-02   3.2929e-02
  266.5   3.174308   2.8391e+00   1.0479e-01   1.0490e-01
  269.5   3.333036   2.8391e+00   1.5935e-01   1.6247e-01
  272.5   3.262202   2.8391e+00   1.3672e-01   1.4012e-01
  275.5   3.161852   2.8391e+00   1.0620e-01   6.7915e-02
  278.5   2.87494   2.8391e+00   4.7362e-03   -2.2047e-02
  281.5   2.490412   2.8391e+00   -1.3517e-01   -6.3338e-02
  284.5   2.281562   2.8391e+00   -2.1552e-01   -8.4589e-02
  287.5   2.195178   2.8391e+00   -2.5740e-01   -8.8849e-02
  290.5   2.296662   2.8391e+00   -2.1641e-01   -8.9708e-02
  293.5   2.448758   2.8391e+00   -1.4630e-01   -8.8175e-02
  296.5   2.47807   2.8391e+00   -1.2199e-01   -8.2415e-02
  299.5   2.42924   2.8391e+00   -1.4801e-01   -7.4224e-02
  302.5   2.556772   2.8391e+00   -1.3371e-01   -5.6310e-02
  305.5   3.061626   2.8391e+00   1.4224e-02   -3.6251e-02
  308.5   3.764848   2.8391e+00   2.2276e-01   -1.7946e-02
  311.5   4.274414   2.8391e+00   3.8826e-01   2.1817e-02
  314.5   4.669992   2.8391e+00   5.4272e-01   3.8684e-02
  317.5   4.19945   2.8391e+00   3.9414e-01   2.3383e-02
  320.5   3.524672   2.8391e+00   1.7272e-01   -3.7906e-03
  323.5   2.965624   2.8391e+00   1.2376e-03   -2.7094e-02
  326.5   2.789602   2.8391e+00   -3.2449e-02   -3.8218e-02
  329.5   2.783186   2.8391e+00   -2.1331e-02   -5.2292e-02
  332.5   2.709868   2.8391e+00   -4.1189e-02   -6.7635e-02
  335.5   2.524048   2.8391e+00   -1.0657e-01   -7.6662e-02
  338.5   2.464188   2.8391e+00   -1.2355e-01   -6.8795e-02
  341.5   2.51347   2.8391e+00   -1.0835e-01   -6.0734e-02
  344.5   2.53904   2.8391e+00   -9.9230e-02   -6.8756e-02
  347.5   2.47772   2.8391e+00   -1.2774e-01   -8.1947e-02
  350.5   2.610592   2.8391e+00   -8.7713e-02   -6.1905e-02
  353.5   2.917758   2.8391e+00   1.5394e-02   -1.2470e-02
  356.5   3.347508   2.8391e+00   1.5690e-01   5.4597e-02
  359.5   3.610134   2.8391e+00   2.4102e-01   8.1198e-02
  9   120.0   15.82   54.0   1.0   0.0  ------------------
  2.5   3.40354   2.5699e+00   2.4845e-01   1.1304e-01
  5.5   2.944206   2.5699e+00   8.5526e-02   9.9161e-02
  8.5   2.631944   2.5699e+00   -1.9560e-02   7.0306e-02
  11.5   2.479918   2.5699e+00   -5.9140e-02   5.2116e-02
  14.5   2.4389   2.5699e+00   -5.8254e-02   3.6003e-02
  17.5   2.37457   2.5699e+00   -6.5609e-02   3.3551e-02
  20.5   2.423356   2.5699e+00   -3.6899e-02   4.1024e-02
  23.5   2.487522   2.5699e+00   -1.8378e-02   5.3896e-02
  26.5   2.633584   2.5699e+00   2.9708e-02   5.5224e-02
  29.5   2.758602   2.5699e+00   8.6330e-02   4.3955e-02
  32.5   2.611742   2.5699e+00   3.4149e-02   3.2279e-02
  35.5   2.440188   2.5699e+00   -4.7073e-02   2.9755e-02
  38.5   2.46024   2.5699e+00   -6.7676e-02   3.5536e-02
  41.5   2.761884   2.5699e+00   2.2298e-02   4.5669e-02
  44.5   3.078526   2.5699e+00   1.2701e-01   5.2004e-02
  47.5   3.022112   2.5699e+00   8.9508e-02   5.4890e-02
  50.5   2.83349   2.5699e+00   2.7276e-02   4.9510e-02
  53.5   2.591782   2.5699e+00   -5.2534e-02   3.3996e-02
  56.5   2.27053   2.5699e+00   -1.5045e-01   1.5303e-02
  59.5   2.178176   2.5699e+00   -1.7305e-01   7.8063e-03
  62.5   2.289982   2.5699e+00   -1.2074e-01   2.0777e-02
  65.5   2.372996   2.5699e+00   -9.0903e-02   3.5961e-02
  68.5   2.358206   2.5699e+00   -1.1083e-01   3.1312e-02
  71.5   2.369494   2.5699e+00   -1.2017e-01   1.6594e-02
  74.5   2.399548   2.5699e+00   -1.0554e-01   1.8401e-03
  77.5   2.333056   2.5699e+00   -1.1870e-01   2.2696e-03
  80.5   2.623236   2.5699e+00   1.3564e-02   8.7907e-03
  83.5   3.08514   2.5699e+00   1.9347e-01   4.3447e-02
  86.5   3.48795   2.5699e+00   3.3774e-01   7.2639e-02
  89.5   3.656706   2.5699e+00   3.8074e-01   9.6578e-02
  92.5   3.535368   2.5699e+00   3.2735e-01   8.2105e-02
  95.5   3.152812   2.5699e+00   1.8274e-01   4.8163e-02
  98.5   2.787702   2.5699e+00   8.1385e-02   -6.0769e-03
  101.5   2.53707   2.5699e+00   -6.6573e-03   -5.3398e-02
  104.5   2.413204   2.5699e+00   -5.9102e-02   -8.4097e-02
  107.5   2.309818   2.5699e+00   -1.2322e-01   -8.2476e-02
  110.5   2.3817   2.5699e+00   -1.0877e-01   -7.9318e-02
  113.5   2.572734   2.5699e+00   -1.5983e-02   -6.9929e-02
  116.5   2.649554   2.5699e+00   2.0670e-02   -7.3251e-02
  119.5   2.543028   2.5699e+00   -2.0953e-02   -8.4609e-02
  122.5   2.363108   2.5699e+00   -9.9871e-02   -8.8831e-02
  125.5   2.267838   2.5699e+00   -1.5976e-01   -7.5394e-02
  128.5   2.440456   2.5699e+00   -1.1200e-01   -5.4914e-02
  131.5   2.635076   2.5699e+00   -3.5919e-02   -3.9292e-02
  134.5   2.780064   2.5699e+00   3.7169e-02   -3.3536e-02
  137.5   2.695568   2.5699e+00   1.8130e-02   -4.5796e-02
  140.5   2.432498   2.5699e+00   -7.1517e-02   -7.0801e-02
  143.5   2.29193   2.5699e+00   -1.2155e-01   -9.4124e-02
  146.5   2.362802   2.5699e+00   -9.5517e-02   -9.5873e-02
  149.5   2.560376   2.5699e+00   -4.1873e-02   -8.4221e-02
  152.5   2.61096   2.5699e+00   -1.8945e-02   -7.2599e-02
  155.5   2.626098   2.5699e+00   3.2469e-02   -6.3698e-02
  158.5   2.473314   2.5699e+00   -4.9385e-03   -6.2330e-02
  161.5   2.271176   2.5699e+00   -8.8494e-02   -7.0326e-02
  164.5   2.355532   2.5699e+00   -5.8631e-02   -7.6544e-02
  167.5   2.300496   2.5699e+00   -9.5993e-02   -6.2001e-02
  170.5   2.456632   2.5699e+00   -6.6391e-02   -1.5020e-02
  173.5   2.816124   2.5699e+00   4.7086e-02   3.3112e-02
  176.5   3.270542   2.5699e+00   2.0746e-01   8.2616e-02
  179.5   3.576714   2.5699e+00   3.3793e-01   1.0724e-01
  182.5   3.435388   2.5699e+00   2.8282e-01   1.1304e-01
  185.5   3.02953   2.5699e+00   1.3249e-01   9.9161e-02
  188.5   2.623456   2.5699e+00   -1.0807e-02   7.0307e-02
  191.5   2.292202   2.5699e+00   -1.0284e-01   5.2116e-02
  194.5   2.307486   2.5699e+00   -8.3828e-02   3.6003e-02
  197.5   2.228836   2.5699e+00   -1.1292e-01   3.3553e-02
  200.5   2.3131   2.5699e+00   -8.1093e-02   4.1023e-02
  203.5   2.483384   2.5699e+00   -2.3170e-02   5.3898e-02
  206.5   2.6051   2.5699e+00   -3.0012e-03   5.5224e-02
  209.5   2.709666   2.5699e+00   2.2247e-02   4.3956e-02
  212.5   2.53558   2.5699e+00   -2.7393e-02   3.2278e-02
  215.5   2.342728   2.5699e+00   -1.0702e-01   2.9755e-02
  218.5   2.40927   2.5699e+00   -7.9063e-02   3.5537e-02
  221.5   2.634526   2.5699e+00   3.0192e-03   4.5669e-02
  224.5   2.770138   2.5699e+00   3.7848e-02   5.2004e-02
  227.5   2.713642   2.5699e+00   5.7679e-03   5.4889e-02
  230.5   2.520674   2.5699e+00   -8.8232e-02   4.9510e-02
  233.5   2.323478   2.5699e+00   -1.4941e-01   3.3996e-02
  236.5   2.296522   2.5699e+00   -1.3764e-01   1.5302e-02
  239.5   2.468022   2.5699e+00   -5.5488e-02   7.8036e-03
  242.5   2.597132   2.5699e+00   -1.4373e-03   2.0778e-02
  245.5   2.50194   2.5699e+00   -4.4167e-02   3.5962e-02
  248.5   2.38526   2.5699e+00   -1.0720e-01   3.1313e-02
  251.5   2.306384   2.5699e+00   -1.2455e-01   1.6590e-02
  254.5   2.347906   2.5699e+00   -8.5714e-02   1.8395e-03
  257.5   2.436696   2.5699e+00   -4.1709e-02   2.2689e-03
  260.5   2.684912   2.5699e+00   4.3925e-02   8.7906e-03
  263.5   3.016746   2.5699e+00   1.3111e-01   4.3442e-02
  266.5   3.394602   2.5699e+00   2.7091e-01   7.2640e-02
  269.5   3.623358   2.5699e+00   3.6291e-01   9.6578e-02
  272.5   3.475578   2.5699e+00   3.2202e-01   8.2104e-02
  275.5   3.150048   2.5699e+00   2.1004e-01   4.8158e-02
  278.5   2.757528   2.5699e+00   6.5511e-02   -6.0771e-03
  281.5   2.407012   2.5699e+00   -7.8760e-02   -5.3400e-02
  284.5   2.361984   2.5699e+00   -1.0163e-01   -8.4098e-02
  287.5   2.330384   2.5699e+00   -1.2335e-01   -8.2476e-02
  290.5   2.336258   2.5699e+00   -1.1909e-01   -7.9319e-02
  293.5   2.322536   2.5699e+00   -1.1968e-01   -6.9928e-02
  296.5   2.276206   2.5699e+00   -1.3031e-01   -7.3251e-02
  299.5   2.157854   2.5699e+00   -1.8137e-01   -8.4609e-02
  302.5   2.18406   2.5699e+00   -1.7864e-01   -8.8832e-02
  305.5   2.498062   2.5699e+00   -8.4204e-02   -7.5392e-02
  308.5   2.755058   2.5699e+00   -2.2893e-02   -5.4914e-02
  311.5   2.948834   2.5699e+00   4.0032e-02   -3.9293e-02
  314.5   3.185038   2.5699e+00   1.3896e-01   -3.3537e-02
  317.5   2.938158   2.5699e+00   6.2062e-02   -4.5796e-02
  320.5   2.625644   2.5699e+00   -2.2421e-02   -7.0801e-02
  323.5   2.464636   2.5699e+00   -4.1280e-02   -9.4123e-02
  326.5   2.600572   2.5699e+00   3.5257e-02   -9.5873e-02
  329.5   2.736286   2.5699e+00   7.9593e-02   -8.4221e-02
  332.5   2.642876   2.5699e+00   3.0467e-02   -7.2600e-02
  335.5   2.437178   2.5699e+00   -4.8635e-02   -6.3697e-02
  338.5   2.357174   2.5699e+00   -7.0503e-02   -6.2330e-02
  341.5   2.25119   2.5699e+00   -1.1542e-01   -7.0325e-02
  344.5   2.347658   2.5699e+00   -8.6815e-02   -7.6546e-02
  347.5   2.429836   2.5699e+00   -6.9832e-02   -6.2001e-02
  350.5   2.60968   2.5699e+00   -1.3968e-02   -1.5022e-02
  353.5   2.871742   2.5699e+00   7.0261e-02   3.3112e-02
  356.5   3.335534   2.5699e+00   2.3588e-01   8.2614e-02
  359.5   3.65386   2.5699e+00   3.4577e-01   1.0724e-01
  10   120.0   15.82   57.0   1.0   0.0  ------------------
  2.5   3.38993   2.4798e+00   3.0388e-01   1.4960e-01
  5.5   2.850402   2.4798e+00   8.3445e-02   1.4640e-01
  8.5   2.465398   2.4798e+00   -6.6678e-02   1.2056e-01
  11.5   2.37508   2.4798e+00   -9.2282e-02   1.0506e-01
  14.5   2.389238   2.4798e+00   -6.6056e-02   9.3687e-02
  17.5   2.391602   2.4798e+00   -4.4797e-02   7.9819e-02
  20.5   2.48307   2.4798e+00   1.3471e-04   6.2864e-02
  23.5   2.54448   2.4798e+00   2.4821e-02   5.0229e-02
  26.5   2.522902   2.4798e+00   3.7032e-03   5.9502e-02
  29.5   2.577556   2.4798e+00   3.8567e-02   7.2473e-02
  32.5   2.490622   2.4798e+00   2.9650e-02   7.3672e-02
  35.5   2.376968   2.4798e+00   -2.1026e-02   7.2645e-02
  38.5   2.238142   2.4798e+00   -1.0862e-01   5.9301e-02
  41.5   2.332746   2.4798e+00   -9.1615e-02   5.8199e-02
  44.5   2.529494   2.4798e+00   -3.1668e-02   5.9322e-02
  47.5   2.54187   2.4798e+00   -3.6956e-02   7.7978e-02
  50.5   2.583258   2.4798e+00   -5.6321e-03   7.0136e-02
  53.5   2.51101   2.4798e+00   -1.3172e-02   5.6512e-02
  56.5   2.214676   2.4798e+00   -1.2117e-01   3.1354e-02
  59.5   2.080328   2.4798e+00   -1.8260e-01   2.2201e-02
  62.5   2.17234   2.4798e+00   -1.4633e-01   1.0720e-02
  65.5   2.240054   2.4798e+00   -1.2160e-01   -7.2439e-03
  68.5   2.377572   2.4798e+00   -6.1408e-02   -1.4181e-02
  71.5   2.556568   2.4798e+00   4.4036e-03   -3.2952e-03
  74.5   2.599982   2.4798e+00   2.1130e-02   1.2453e-02
  77.5   2.451652   2.4798e+00   -3.9455e-02   1.7791e-02
  80.5   2.481874   2.4798e+00   -1.8398e-02   1.1627e-02
  83.5   2.924918   2.4798e+00   1.8466e-01   2.4748e-02
  86.5   3.331156   2.4798e+00   3.4067e-01   4.0306e-02
  89.5   3.442858   2.4798e+00   3.5340e-01   4.1223e-02
  92.5   3.332778   2.4798e+00   3.1871e-01   2.6062e-02
  95.5   3.027528   2.4798e+00   2.1268e-01   -2.8608e-03
  98.5   2.581456   2.4798e+00   5.3890e-02   -2.7674e-02
  101.5   2.428008   2.4798e+00   2.4803e-03   -4.5036e-02
  104.5   2.421504   2.4798e+00   -5.1622e-03   -5.7990e-02
  107.5   2.33753   2.4798e+00   -5.5724e-02   -7.1829e-02
  110.5   2.343194   2.4798e+00   -8.2826e-02   -9.4843e-02
  113.5   2.431822   2.4798e+00   -5.3061e-02   -1.0924e-01
  116.5   2.590806   2.4798e+00   2.0173e-02   -9.6502e-02
  119.5   2.439754   2.4798e+00   -2.8630e-02   -9.3731e-02
  122.5   2.223236   2.4798e+00   -1.1399e-01   -7.7914e-02
  125.5   2.112064   2.4798e+00   -1.7189e-01   -6.8381e-02
  128.5   2.168824   2.4798e+00   -1.6437e-01   -6.6296e-02
  131.5   2.35073   2.4798e+00   -8.5911e-02   -5.9885e-02
  134.5   2.388218   2.4798e+00   -6.8153e-02   -7.4690e-02
  137.5   2.339928   2.4798e+00   -7.5251e-02   -9.1863e-02
  140.5   2.212312   2.4798e+00   -1.1228e-01   -1.1231e-01
  143.5   2.202988   2.4798e+00   -1.0679e-01   -1.2263e-01
  146.5   2.302672   2.4798e+00   -7.6981e-02   -1.2936e-01
  149.5   2.557162   2.4798e+00   3.4996e-03   -1.3188e-01
  152.5   2.64189   2.4798e+00   4.9450e-02   -1.2621e-01
  155.5   2.659122   2.4798e+00   8.7817e-02   -1.1982e-01
  158.5   2.587966   2.4798e+00   8.0871e-02   -1.0580e-01
  161.5   2.399962   2.4798e+00   -1.3417e-03   -6.9320e-02
  164.5   2.348926   2.4798e+00   -3.1337e-02   -4.3870e-02
  167.5   2.134886   2.4798e+00   -1.3123e-01   -1.3603e-02
  170.5   2.207646   2.4798e+00   -1.1457e-01   8.3124e-03
  173.5   2.608864   2.4798e+00   2.8448e-02   6.5079e-02
  176.5   3.157988   2.4798e+00   2.5483e-01   1.1171e-01
  179.5   3.525494   2.4798e+00   4.1702e-01   1.4674e-01
  182.5   3.342662   2.4798e+00   3.4644e-01   1.4960e-01
  185.5   2.857882   2.4798e+00   1.3222e-01   1.4640e-01
  188.5   2.324796   2.4798e+00   -7.8639e-02   1.2056e-01
  191.5   2.073374   2.4798e+00   -1.6316e-01   1.0506e-01
  194.5   2.176482   2.4798e+00   -1.1327e-01   9.3687e-02
  197.5   2.330962   2.4798e+00   -4.2449e-02   7.9820e-02
  200.5   2.505738   2.4798e+00   3.1944e-02   6.2863e-02
  203.5   2.59328   2.4798e+00   6.1801e-02   5.0231e-02
  206.5   2.68485   2.4798e+00   7.8907e-02   5.9503e-02
  209.5   2.710406   2.4798e+00   7.2813e-02   7.2474e-02
  212.5   2.44518   2.4798e+00   -2.0096e-02   7.3672e-02
  215.5   2.220828   2.4798e+00   -9.7991e-02   7.2645e-02
  218.5   2.165894   2.4798e+00   -1.3259e-01   5.9302e-02
  221.5   2.31328   2.4798e+00   -8.9692e-02   5.8199e-02
  224.5   2.364814   2.4798e+00   -7.6405e-02   5.9321e-02
  227.5   2.408424   2.4798e+00   -6.1996e-02   7.7977e-02
  230.5   2.288374   2.4798e+00   -1.2391e-01   7.0138e-02
  233.5   2.134456   2.4798e+00   -1.7028e-01   5.6512e-02
  236.5   2.126312   2.4798e+00   -1.5848e-01   3.1354e-02
  239.5   2.404586   2.4798e+00   -3.8874e-02   2.2197e-02
  242.5   2.685828   2.4798e+00   6.7339e-02   1.0721e-02
  245.5   2.486644   2.4798e+00   -2.3416e-02   -7.2425e-03
  248.5   2.388954   2.4798e+00   -6.8198e-02   -1.4179e-02
  251.5   2.287166   2.4798e+00   -8.3458e-02   -3.3007e-03
  254.5   2.329472   2.4798e+00   -4.3557e-02   1.2452e-02
  257.5   2.33359   2.4798e+00   -3.4972e-02   1.7790e-02
  260.5   2.460784   2.4798e+00   3.2097e-03   1.1627e-02
  263.5   2.857524   2.4798e+00   1.3333e-01   2.4741e-02
  266.5   3.144516   2.4798e+00   2.3721e-01   4.0308e-02
  269.5   3.237388   2.4798e+00   2.5801e-01   4.1222e-02
  272.5   3.17062   2.4798e+00   2.4879e-01   2.6061e-02
  275.5   2.96838   2.4798e+00   1.9002e-01   -2.8666e-03
  278.5   2.56949   2.4798e+00   3.2648e-02   -2.7674e-02
  281.5   2.39114   2.4798e+00   -5.4136e-02   -4.5038e-02
  284.5   2.519908   2.4798e+00   -6.1111e-03   -5.7991e-02
  287.5   2.48524   2.4798e+00   -2.2366e-02   -7.1830e-02
  290.5   2.421016   2.4798e+00   -4.5235e-02   -9.4844e-02
  293.5   2.319134   2.4798e+00   -8.6499e-02   -1.0924e-01
  296.5   2.278192   2.4798e+00   -1.0869e-01   -9.6502e-02
  299.5   2.135912   2.4798e+00   -1.6749e-01   -9.3730e-02
  302.5   2.141324   2.4798e+00   -1.4708e-01   -7.7914e-02
  305.5   2.401798   2.4798e+00   -4.4838e-02   -6.8379e-02
  308.5   2.57571   2.4798e+00   6.2610e-03   -6.6297e-02
  311.5   2.528896   2.4798e+00   -3.5818e-02   -5.9886e-02
  314.5   2.576342   2.4798e+00   -1.4383e-02   -7.4690e-02
  317.5   2.44902   2.4798e+00   -4.3097e-02   -9.1863e-02
  320.5   2.295834   2.4798e+00   -7.9033e-02   -1.1231e-01
  323.5   2.364186   2.4798e+00   -2.3683e-02   -1.2262e-01
  326.5   2.502654   2.4798e+00   4.2872e-02   -1.2936e-01
  329.5   2.623302   2.4798e+00   6.5049e-02   -1.3188e-01
  332.5   2.484202   2.4798e+00   -1.8124e-02   -1.2621e-01
  335.5   2.468004   2.4798e+00   -1.1698e-02   -1.1982e-01
  338.5   2.456912   2.4798e+00   -1.2317e-02   -1.0580e-01
  341.5   2.318648   2.4798e+00   -7.8612e-02   -6.9319e-02
  344.5   2.315038   2.4798e+00   -9.4197e-02   -4.3874e-02
  347.5   2.289412   2.4798e+00   -1.2199e-01   -1.3603e-02
  350.5   2.390184   2.4798e+00   -8.9997e-02   8.3093e-03
  353.5   2.718974   2.4798e+00   3.5977e-02   6.5079e-02
  356.5   3.292884   2.4798e+00   2.7755e-01   1.1171e-01
  359.5   3.699258   2.4798e+00   4.3507e-01   1.4673e-01

fitted parameters ( nfit =  0  nfollow =  0  )

   r-factora =    0.5419   r-factorb =    0.8128

    0     4.00    237.0    3.037           general vinner tdebye lattice
    1  0.57491  0.89562  1.00000  1.90912  layer spacing length units
    2  0.00000  0.03820  1.00000  1.90912  layer spacing length units
    3  0.12000  0.66184  1.00000  1.90912  layer spacing length units
    4  0.42000  1.41686  1.00000  1.90912  layer spacing length units
    5  0.28000  1.48864  1.00000  1.90912  layer spacing length units
    6  0.01000  0.69345  1.00000  1.90912  layer spacing length units
    7  0.41000  0.46592  1.00000  1.90912  layer spacing length units
    8  0.21995  1.53276  1.00000  1.90912  layer spacing length units
    9  0.01581  1.84458  1.00000  1.90912  layer spacing length units
   10  0.01581  0.98749  1.00000  1.90912  layer spacing length units
   11  0.57491  1.46427  1.00000  1.90912  layer spacing length units
   12  0.01581  0.72078  1.00000  1.90912  layer spacing length units
   13  0.01581  0.91439  1.00000  1.90912  layer spacing length units
   14  0.29799  1.98815  1.00000  1.90912  layer spacing length units
   15  0.38788  1.88278  1.00000  1.90912  layer spacing length units
   16  0.00330  0.96148  1.00000  1.90912  layer spacing length units
                                           unit: lattice constant

   r-factora=sum((chic-chie)*(chic-chie))/(sum(chic*chic+chie*chie)
   r-factorb=sum(chic*chic-chie*chie)/sum(chic*chic+chie*chie)

This calculation took    8 processor minutes on   10 Linux Cluster
     starting on Thu Dec 11 15:33:42 2025
   and ending on Thu Dec 11 15:34:30 2025


