   1   120  15.82   30.0    1.0    0.0   ----------------------------
    2.5    4.1454e+00    3.3204e+00    2.4844e-01    7.9703e-02
    5.5    4.2645e+00    3.3204e+00    2.8432e-01    8.9743e-02
    8.5    4.2415e+00    3.3204e+00    2.7739e-01    8.1535e-02
   11.5    4.0085e+00    3.3204e+00    2.0722e-01    4.3014e-02
   14.5    3.6635e+00    3.3204e+00    1.0333e-01   -1.1028e-02
   17.5    3.2501e+00    3.3204e+00   -2.1194e-02   -5.6685e-02
   20.5    2.9676e+00    3.3204e+00   -1.0626e-01   -7.2070e-02
   23.5    2.8168e+00    3.3204e+00   -1.5167e-01   -7.8056e-02
   26.5    2.8596e+00    3.3204e+00   -1.3880e-01   -7.6352e-02
   29.5    2.9652e+00    3.3204e+00   -1.0698e-01   -8.7337e-02
   32.5    3.0858e+00    3.3204e+00   -7.0663e-02   -9.1148e-02
   35.5    3.1786e+00    3.3204e+00   -4.2711e-02   -8.1315e-02
   38.5    3.3570e+00    3.3204e+00    1.1028e-02   -5.6700e-02
   41.5    3.3876e+00    3.3204e+00    2.0232e-02   -2.3083e-02
   44.5    3.3884e+00    3.3204e+00    2.0457e-02    1.6590e-03
   47.5    3.3572e+00    3.3204e+00    1.1064e-02    1.8323e-02
   50.5    3.3112e+00    3.3204e+00   -2.7722e-03    1.2507e-02
   53.5    3.2850e+00    3.3204e+00   -1.0679e-02   -4.5615e-03
   56.5    3.1833e+00    3.3204e+00   -4.1291e-02   -2.9961e-02
   59.5    2.9756e+00    3.3204e+00   -1.0384e-01   -4.4170e-02
   62.5    2.7241e+00    3.3204e+00   -1.7960e-01   -4.5849e-02
   65.5    2.5519e+00    3.3204e+00   -2.3147e-01   -3.4435e-02
   68.5    2.4780e+00    3.3204e+00   -2.5372e-01   -1.9596e-02
   71.5    2.5546e+00    3.3204e+00   -2.3063e-01   -6.7365e-03
   74.5    2.8173e+00    3.3204e+00   -1.5152e-01    7.2020e-03
   77.5    3.2055e+00    3.3204e+00   -3.4610e-02    2.6837e-02
   80.5    3.7451e+00    3.3204e+00    1.2790e-01    6.2876e-02
   83.5    4.1345e+00    3.3204e+00    2.4516e-01    1.1053e-01
   86.5    4.2668e+00    3.3204e+00    2.8501e-01    1.4540e-01
   89.5    4.3070e+00    3.3204e+00    2.9711e-01    1.5625e-01
   92.5    4.2605e+00    3.3204e+00    2.8312e-01    1.4761e-01
   95.5    4.1218e+00    3.3204e+00    2.4136e-01    1.3318e-01
   98.5    3.9416e+00    3.3204e+00    1.8708e-01    7.6059e-02
  101.5    3.6685e+00    3.3204e+00    1.0484e-01    3.5220e-02
  104.5    3.3452e+00    3.3204e+00    7.4492e-03   -1.4037e-02
  107.5    3.0245e+00    3.3204e+00   -8.9137e-02   -1.7085e-02
  110.5    2.7486e+00    3.3204e+00   -1.7223e-01   -4.0263e-02
  113.5    2.6136e+00    3.3204e+00   -2.1286e-01   -6.5798e-02
  116.5    2.5764e+00    3.3204e+00   -2.2408e-01   -1.0371e-01
  119.5    2.6506e+00    3.3204e+00   -2.0174e-01   -1.1083e-01
  122.5    2.8461e+00    3.3204e+00   -1.4286e-01   -9.4988e-02
  125.5    3.0634e+00    3.3204e+00   -7.7423e-02   -5.4154e-02
  128.5    3.2731e+00    3.3204e+00   -1.4255e-02    1.5155e-02
  131.5    3.4200e+00    3.3204e+00    2.9998e-02    2.1197e-02
  134.5    3.3482e+00    3.3204e+00    8.3623e-03    1.8032e-02
  137.5    3.3085e+00    3.3204e+00   -3.5831e-03    1.1580e-02
  140.5    3.3786e+00    3.3204e+00    1.7511e-02   -1.7602e-02
  143.5    3.4404e+00    3.3204e+00    3.6115e-02   -4.3238e-02
  146.5    3.3742e+00    3.3204e+00    1.6183e-02   -4.9114e-02
  149.5    3.2151e+00    3.3204e+00   -3.1729e-02   -4.4946e-02
  152.5    2.8784e+00    3.3204e+00   -1.3312e-01   -3.2473e-02
  155.5    2.5553e+00    3.3204e+00   -2.3042e-01   -4.2739e-02
  158.5    2.4788e+00    3.3204e+00   -2.5347e-01   -5.0957e-02
  161.5    2.7004e+00    3.3204e+00   -1.8674e-01   -5.7035e-02
  164.5    3.0567e+00    3.3204e+00   -7.9427e-02   -2.9778e-02
  167.5    3.5031e+00    3.3204e+00    5.5007e-02    2.7790e-02
  170.5    3.8561e+00    3.3204e+00    1.6132e-01    8.4118e-02
  173.5    3.9759e+00    3.3204e+00    1.9740e-01    1.0643e-01
  176.5    4.0228e+00    3.3204e+00    2.1153e-01    9.4872e-02
  179.5    3.9676e+00    3.3204e+00    1.9490e-01    8.1013e-02
  182.5    3.9849e+00    3.3204e+00    2.0011e-01    7.9704e-02
  185.5    4.0179e+00    3.3204e+00    2.1006e-01    8.9743e-02
  188.5    3.9324e+00    3.3204e+00    1.8429e-01    8.1534e-02
  191.5    3.6815e+00    3.3204e+00    1.0875e-01    4.3012e-02
  194.5    3.1954e+00    3.3204e+00   -3.7643e-02   -1.1029e-02
  197.5    2.7815e+00    3.3204e+00   -1.6230e-01   -5.6684e-02
  200.5    2.5181e+00    3.3204e+00   -2.4162e-01   -7.2070e-02
  203.5    2.4536e+00    3.3204e+00   -2.6106e-01   -7.8055e-02
  206.5    2.7148e+00    3.3204e+00   -1.8238e-01   -7.6351e-02
  209.5    3.1171e+00    3.3204e+00   -6.1241e-02   -8.7337e-02
  212.5    3.3173e+00    3.3204e+00   -9.4056e-04   -9.1148e-02
  215.5    3.4200e+00    3.3204e+00    2.9978e-02   -8.1314e-02
  218.5    3.4183e+00    3.3204e+00    2.9467e-02   -5.6700e-02
  221.5    3.3493e+00    3.3204e+00    8.7003e-03   -2.3083e-02
  224.5    3.3379e+00    3.3204e+00    5.2676e-03    1.6600e-03
  227.5    3.4160e+00    3.3204e+00    2.8783e-02    1.8323e-02
  230.5    3.3142e+00    3.3204e+00   -1.8735e-03    1.2506e-02
  233.5    3.1468e+00    3.3204e+00   -5.2298e-02   -4.5620e-03
  236.5    2.9403e+00    3.3204e+00   -1.1449e-01   -2.9965e-02
  239.5    2.7312e+00    3.3204e+00   -1.7747e-01   -4.4172e-02
  242.5    2.5760e+00    3.3204e+00   -2.2420e-01   -4.5849e-02
  245.5    2.6089e+00    3.3204e+00   -2.1430e-01   -3.4435e-02
  248.5    2.6756e+00    3.3204e+00   -1.9420e-01   -1.9596e-02
  251.5    2.9443e+00    3.3204e+00   -1.1327e-01   -6.7359e-03
  254.5    3.2282e+00    3.3204e+00   -2.7776e-02    7.2025e-03
  257.5    3.5645e+00    3.3204e+00    7.3493e-02    2.6838e-02
  260.5    3.8546e+00    3.3204e+00    1.6088e-01    6.2877e-02
  263.5    4.0858e+00    3.3204e+00    2.3051e-01    1.1053e-01
  266.5    4.2297e+00    3.3204e+00    2.7385e-01    1.4540e-01
  269.5    4.3009e+00    3.3204e+00    2.9527e-01    1.5625e-01
  272.5    4.3176e+00    3.3204e+00    3.0030e-01    1.4761e-01
  275.5    4.1977e+00    3.3204e+00    2.6420e-01    1.3318e-01
  278.5    3.9379e+00    3.3204e+00    1.8596e-01    7.6059e-02
  281.5    3.4092e+00    3.3204e+00    2.6720e-02    3.5218e-02
  284.5    2.9351e+00    3.3204e+00   -1.1606e-01   -1.4038e-02
  287.5    2.6275e+00    3.3204e+00   -2.0868e-01   -1.7085e-02
  290.5    2.4810e+00    3.3204e+00   -2.5280e-01   -4.0265e-02
  293.5    2.4880e+00    3.3204e+00   -2.5069e-01   -6.5796e-02
  296.5    2.6454e+00    3.3204e+00   -2.0329e-01   -1.0371e-01
  299.5    2.8765e+00    3.3204e+00   -1.3368e-01   -1.1083e-01
  302.5    3.1243e+00    3.3204e+00   -5.9056e-02   -9.4990e-02
  305.5    3.2873e+00    3.3204e+00   -9.9830e-03   -5.4152e-02
  308.5    3.3211e+00    3.3204e+00    2.1219e-04    1.5154e-02
  311.5    3.3713e+00    3.3204e+00    1.5327e-02    2.1197e-02
  314.5    3.4081e+00    3.3204e+00    2.6412e-02    1.8032e-02
  317.5    3.4183e+00    3.3204e+00    2.9487e-02    1.1580e-02
  320.5    3.3572e+00    3.3204e+00    1.1081e-02   -1.7601e-02
  323.5    3.2354e+00    3.3204e+00   -2.5615e-02   -4.3236e-02
  326.5    3.1192e+00    3.3204e+00   -6.0592e-02   -4.9113e-02
  329.5    2.9956e+00    3.3204e+00   -9.7822e-02   -4.4945e-02
  332.5    2.8513e+00    3.3204e+00   -1.4130e-01   -3.2472e-02
  335.5    2.8201e+00    3.3204e+00   -1.5067e-01   -4.2738e-02
  338.5    2.8695e+00    3.3204e+00   -1.3579e-01   -5.0956e-02
  341.5    3.1469e+00    3.3204e+00   -5.2258e-02   -5.7035e-02
  344.5    3.5245e+00    3.3204e+00    6.1468e-02   -2.9778e-02
  347.5    3.9073e+00    3.3204e+00    1.7674e-01    2.7789e-02
  350.5    4.2060e+00    3.3204e+00    2.6670e-01    8.4118e-02
  353.5    4.2960e+00    3.3204e+00    2.9381e-01    1.0643e-01
  356.5    4.1698e+00    3.3204e+00    2.5581e-01    9.4871e-02
  359.5    4.1583e+00    3.3204e+00    2.5235e-01    8.1013e-02
   2   120  15.82   33.0    1.0    0.0   ----------------------------
    2.5    4.8404e+00    3.3593e+00    4.4088e-01    1.9795e-02
    5.5    4.8255e+00    3.3593e+00    4.3646e-01    6.8721e-02
    8.5    4.6403e+00    3.3593e+00    3.8133e-01    8.6441e-02
   11.5    4.2441e+00    3.3593e+00    2.6338e-01    6.9374e-02
   14.5    3.7284e+00    3.3593e+00    1.0987e-01    2.5392e-02
   17.5    3.3128e+00    3.3593e+00   -1.3851e-02   -2.9918e-03
   20.5    3.0206e+00    3.3593e+00   -1.0082e-01   -1.9975e-02
   23.5    2.8981e+00    3.3593e+00   -1.3729e-01   -3.7602e-02
   26.5    2.8671e+00    3.3593e+00   -1.4651e-01   -5.7280e-02
   29.5    2.8703e+00    3.3593e+00   -1.4557e-01   -7.9958e-02
   32.5    2.8975e+00    3.3593e+00   -1.3748e-01   -8.0483e-02
   35.5    2.9005e+00    3.3593e+00   -1.3657e-01   -6.5392e-02
   38.5    2.9840e+00    3.3593e+00   -1.1171e-01   -4.0800e-02
   41.5    3.0799e+00    3.3593e+00   -8.3183e-02   -2.8692e-02
   44.5    3.1622e+00    3.3593e+00   -5.8670e-02   -2.2406e-02
   47.5    3.1940e+00    3.3593e+00   -4.9212e-02   -2.0490e-02
   50.5    3.1247e+00    3.3593e+00   -6.9839e-02   -1.7572e-02
   53.5    3.1101e+00    3.3593e+00   -7.4196e-02   -2.8306e-02
   56.5    2.9142e+00    3.3593e+00   -1.3251e-01   -4.6789e-02
   59.5    2.7471e+00    3.3593e+00   -1.8225e-01   -5.7478e-02
   62.5    2.5583e+00    3.3593e+00   -2.3845e-01   -5.0004e-02
   65.5    2.5367e+00    3.3593e+00   -2.4487e-01   -2.1764e-02
   68.5    2.5599e+00    3.3593e+00   -2.3798e-01   -2.7371e-05
   71.5    2.6828e+00    3.3593e+00   -2.0137e-01    1.9800e-02
   74.5    2.9981e+00    3.3593e+00   -1.0754e-01    2.6109e-02
   77.5    3.4269e+00    3.3593e+00    2.0121e-02    4.9371e-02
   80.5    4.0098e+00    3.3593e+00    1.9363e-01    6.7714e-02
   83.5    4.3231e+00    3.3593e+00    2.8690e-01    8.7031e-02
   86.5    4.4213e+00    3.3593e+00    3.1614e-01    1.0122e-01
   89.5    4.3545e+00    3.3593e+00    2.9625e-01    1.0517e-01
   92.5    4.3110e+00    3.3593e+00    2.8331e-01    1.0859e-01
   95.5    4.2911e+00    3.3593e+00    2.7739e-01    1.0698e-01
   98.5    4.0562e+00    3.3593e+00    2.0746e-01    1.0316e-01
  101.5    3.7725e+00    3.3593e+00    1.2300e-01    7.7403e-02
  104.5    3.5003e+00    3.3593e+00    4.1970e-02    3.0569e-02
  107.5    3.2537e+00    3.3593e+00   -3.1444e-02   -6.4170e-03
  110.5    2.9486e+00    3.3593e+00   -1.2226e-01   -2.2563e-02
  113.5    2.7147e+00    3.3593e+00   -1.9188e-01   -3.7033e-02
  116.5    2.6251e+00    3.3593e+00   -2.1856e-01   -5.8210e-02
  119.5    2.7210e+00    3.3593e+00   -1.9003e-01   -8.7822e-02
  122.5    2.9191e+00    3.3593e+00   -1.3104e-01   -9.6643e-02
  125.5    3.1207e+00    3.3593e+00   -7.1020e-02   -8.5553e-02
  128.5    3.2067e+00    3.3593e+00   -4.5426e-02   -1.9825e-02
  131.5    3.2637e+00    3.3593e+00   -2.8469e-02   -1.2086e-02
  134.5    3.2049e+00    3.3593e+00   -4.5973e-02   -1.0427e-03
  137.5    3.1547e+00    3.3593e+00   -6.0920e-02    5.7627e-03
  140.5    3.1942e+00    3.3593e+00   -4.9142e-02   -1.4087e-02
  143.5    3.1305e+00    3.3593e+00   -6.8130e-02   -5.0052e-02
  146.5    3.0361e+00    3.3593e+00   -9.6218e-02   -8.3336e-02
  149.5    2.8386e+00    3.3593e+00   -1.5499e-01   -8.7035e-02
  152.5    2.5599e+00    3.3593e+00   -2.3797e-01   -7.8703e-02
  155.5    2.4822e+00    3.3593e+00   -2.6109e-01   -4.8016e-02
  158.5    2.5400e+00    3.3593e+00   -2.4389e-01   -2.6271e-02
  161.5    2.8392e+00    3.3593e+00   -1.5484e-01   -2.6531e-03
  164.5    3.2466e+00    3.3593e+00   -3.3570e-02    2.4185e-02
  167.5    3.7679e+00    3.3593e+00    1.2163e-01    7.5095e-02
  170.5    4.2606e+00    3.3593e+00    2.6830e-01    1.0166e-01
  173.5    4.3188e+00    3.3593e+00    2.8562e-01    9.0284e-02
  176.5    4.3283e+00    3.3593e+00    2.8846e-01    3.5810e-02
  179.5    4.2465e+00    3.3593e+00    2.6409e-01    9.7238e-03
  182.5    4.2977e+00    3.3593e+00    2.7935e-01    1.9796e-02
  185.5    4.3600e+00    3.3593e+00    2.9790e-01    6.8722e-02
  188.5    4.3195e+00    3.3593e+00    2.8582e-01    8.6441e-02
  191.5    3.9783e+00    3.3593e+00    1.8426e-01    6.9373e-02
  194.5    3.4558e+00    3.3593e+00    2.8716e-02    2.5392e-02
  197.5    2.9584e+00    3.3593e+00   -1.1935e-01   -2.9917e-03
  200.5    2.6466e+00    3.3593e+00   -2.1215e-01   -1.9976e-02
  203.5    2.4599e+00    3.3593e+00   -2.6775e-01   -3.7601e-02
  206.5    2.5239e+00    3.3593e+00   -2.4868e-01   -5.7278e-02
  209.5    2.7613e+00    3.3593e+00   -1.7802e-01   -7.9958e-02
  212.5    2.9523e+00    3.3593e+00   -1.2116e-01   -8.0483e-02
  215.5    3.0978e+00    3.3593e+00   -7.7844e-02   -6.5391e-02
  218.5    3.2030e+00    3.3593e+00   -4.6540e-02   -4.0800e-02
  221.5    3.1786e+00    3.3593e+00   -5.3805e-02   -2.8692e-02
  224.5    3.1814e+00    3.3593e+00   -5.2973e-02   -2.2405e-02
  227.5    3.2695e+00    3.3593e+00   -2.6725e-02   -2.0490e-02
  230.5    3.2368e+00    3.3593e+00   -3.6482e-02   -1.7573e-02
  233.5    3.2237e+00    3.3593e+00   -4.0360e-02   -2.8306e-02
  236.5    2.9918e+00    3.3593e+00   -1.0940e-01   -4.6792e-02
  239.5    2.8355e+00    3.3593e+00   -1.5594e-01   -5.7480e-02
  242.5    2.6507e+00    3.3593e+00   -2.1093e-01   -5.0003e-02
  245.5    2.6606e+00    3.3593e+00   -2.0800e-01   -2.1764e-02
  248.5    2.8598e+00    3.3593e+00   -1.4870e-01   -2.8038e-05
  251.5    3.1643e+00    3.3593e+00   -5.8053e-02    1.9801e-02
  254.5    3.3826e+00    3.3593e+00    6.9182e-03    2.6109e-02
  257.5    3.6676e+00    3.3593e+00    9.1781e-02    4.9371e-02
  260.5    3.9472e+00    3.3593e+00    1.7499e-01    6.7713e-02
  263.5    4.2904e+00    3.3593e+00    2.7716e-01    8.7031e-02
  266.5    4.2972e+00    3.3593e+00    2.7918e-01    1.0122e-01
  269.5    4.3656e+00    3.3593e+00    2.9955e-01    1.0517e-01
  272.5    4.4659e+00    3.3593e+00    3.2940e-01    1.0859e-01
  275.5    4.3483e+00    3.3593e+00    2.9439e-01    1.0698e-01
  278.5    4.1615e+00    3.3593e+00    2.3878e-01    1.0316e-01
  281.5    3.6366e+00    3.3593e+00    8.2533e-02    7.7402e-02
  284.5    3.1076e+00    3.3593e+00   -7.4930e-02    3.0569e-02
  287.5    2.7557e+00    3.3593e+00   -1.7969e-01   -6.4167e-03
  290.5    2.5487e+00    3.3593e+00   -2.4129e-01   -2.2565e-02
  293.5    2.5349e+00    3.3593e+00   -2.4542e-01   -3.7031e-02
  296.5    2.5209e+00    3.3593e+00   -2.4957e-01   -5.8210e-02
  299.5    2.6585e+00    3.3593e+00   -2.0862e-01   -8.7821e-02
  302.5    2.8550e+00    3.3593e+00   -1.5012e-01   -9.6644e-02
  305.5    3.0824e+00    3.3593e+00   -8.2425e-02   -8.5552e-02
  308.5    3.1492e+00    3.3593e+00   -6.2555e-02   -1.9826e-02
  311.5    3.1916e+00    3.3593e+00   -4.9928e-02   -1.2086e-02
  314.5    3.2144e+00    3.3593e+00   -4.3130e-02   -1.0425e-03
  317.5    3.1388e+00    3.3593e+00   -6.5644e-02    5.7631e-03
  320.5    3.0599e+00    3.3593e+00   -8.9122e-02   -1.4086e-02
  323.5    2.9463e+00    3.3593e+00   -1.2294e-01   -5.0050e-02
  326.5    2.9089e+00    3.3593e+00   -1.3408e-01   -8.3336e-02
  329.5    2.9149e+00    3.3593e+00   -1.3231e-01   -8.7035e-02
  332.5    2.8568e+00    3.3593e+00   -1.4959e-01   -7.8703e-02
  335.5    2.8764e+00    3.3593e+00   -1.4376e-01   -4.8016e-02
  338.5    2.9855e+00    3.3593e+00   -1.1128e-01   -2.6271e-02
  341.5    3.1703e+00    3.3593e+00   -5.6267e-02   -2.6531e-03
  344.5    3.5872e+00    3.3593e+00    6.7829e-02    2.4185e-02
  347.5    4.0792e+00    3.3593e+00    2.1431e-01    7.5095e-02
  350.5    4.5238e+00    3.3593e+00    3.4665e-01    1.0166e-01
  353.5    4.8127e+00    3.3593e+00    4.3263e-01    9.0285e-02
  356.5    4.8215e+00    3.3593e+00    4.3527e-01    3.5811e-02
  359.5    4.9002e+00    3.3593e+00    4.5868e-01    9.7238e-03
   3   120  15.82   36.0    1.0    0.0   ----------------------------
    2.5    4.4577e+00    3.2921e+00    3.5404e-01    5.7670e-02
    5.5    4.5487e+00    3.2921e+00    3.8168e-01    6.6014e-02
    8.5    4.4056e+00    3.2921e+00    3.3823e-01    5.7710e-02
   11.5    4.0232e+00    3.2921e+00    2.2207e-01    2.2969e-02
   14.5    3.4355e+00    3.2921e+00    4.3556e-02   -1.4802e-02
   17.5    3.0099e+00    3.2921e+00   -8.5725e-02   -3.4702e-02
   20.5    2.7496e+00    3.2921e+00   -1.6479e-01   -4.7409e-02
   23.5    2.7717e+00    3.2921e+00   -1.5809e-01   -4.8136e-02
   26.5    2.8192e+00    3.2921e+00   -1.4366e-01   -5.7689e-02
   29.5    2.7975e+00    3.2921e+00   -1.5025e-01   -6.3000e-02
   32.5    2.7855e+00    3.2921e+00   -1.5388e-01   -6.6462e-02
   35.5    2.7771e+00    3.2921e+00   -1.5643e-01   -6.0956e-02
   38.5    2.8324e+00    3.2921e+00   -1.3963e-01   -5.4059e-02
   41.5    2.9872e+00    3.2921e+00   -9.2618e-02   -3.6706e-02
   44.5    3.1829e+00    3.2921e+00   -3.3180e-02   -2.3561e-02
   47.5    3.2751e+00    3.2921e+00   -5.1569e-03   -1.6575e-02
   50.5    3.1594e+00    3.2921e+00   -4.0326e-02   -2.3586e-02
   53.5    3.0081e+00    3.2921e+00   -8.6274e-02   -3.4848e-02
   56.5    2.7736e+00    3.2921e+00   -1.5751e-01   -4.8625e-02
   59.5    2.5744e+00    3.2921e+00   -2.1802e-01   -5.3447e-02
   62.5    2.4782e+00    3.2921e+00   -2.4724e-01   -4.4520e-02
   65.5    2.6065e+00    3.2921e+00   -2.0827e-01    3.0708e-03
   68.5    2.7209e+00    3.2921e+00   -1.7351e-01    3.1918e-02
   71.5    2.7300e+00    3.2921e+00   -1.7074e-01    4.2175e-02
   74.5    2.8487e+00    3.2921e+00   -1.3468e-01    2.2922e-02
   77.5    3.2078e+00    3.2921e+00   -2.5604e-02    3.0111e-02
   80.5    3.7140e+00    3.2921e+00    1.2816e-01    5.9835e-02
   83.5    4.0020e+00    3.2921e+00    2.1563e-01    1.0184e-01
   86.5    4.0600e+00    3.2921e+00    2.3324e-01    1.2896e-01
   89.5    4.0379e+00    3.2921e+00    2.2654e-01    1.5247e-01
   92.5    4.0183e+00    3.2921e+00    2.2058e-01    1.4503e-01
   95.5    4.1094e+00    3.2921e+00    2.4824e-01    1.2191e-01
   98.5    3.8328e+00    3.2921e+00    1.6422e-01    7.3016e-02
  101.5    3.6384e+00    3.2921e+00    1.0520e-01    3.1332e-02
  104.5    3.4606e+00    3.2921e+00    5.1178e-02    6.4785e-04
  107.5    3.2117e+00    3.2921e+00   -2.4417e-02    3.8899e-03
  110.5    3.0489e+00    3.2921e+00   -7.3895e-02    9.3906e-03
  113.5    2.8813e+00    3.2921e+00   -1.2478e-01   -6.4269e-04
  116.5    2.7900e+00    3.2921e+00   -1.5251e-01   -4.7797e-02
  119.5    2.8402e+00    3.2921e+00   -1.3726e-01   -5.6501e-02
  122.5    2.9428e+00    3.2921e+00   -1.0611e-01   -6.6311e-02
  125.5    3.1004e+00    3.2921e+00   -5.8234e-02   -4.9786e-02
  128.5    3.1622e+00    3.2921e+00   -3.9450e-02    8.2517e-04
  131.5    3.3675e+00    3.2921e+00    2.2888e-02    5.1801e-03
  134.5    3.5272e+00    3.2921e+00    7.1396e-02    1.4820e-02
  137.5    3.4839e+00    3.2921e+00    5.8257e-02    1.2293e-02
  140.5    3.4021e+00    3.2921e+00    3.3420e-02   -7.4498e-03
  143.5    3.1414e+00    3.2921e+00   -4.5791e-02   -3.7501e-02
  146.5    2.9458e+00    3.2921e+00   -1.0521e-01   -5.7555e-02
  149.5    2.7245e+00    3.2921e+00   -1.7242e-01   -5.9000e-02
  152.5    2.6632e+00    3.2921e+00   -1.9104e-01   -5.3851e-02
  155.5    2.6653e+00    3.2921e+00   -1.9041e-01   -4.7431e-02
  158.5    2.7315e+00    3.2921e+00   -1.7031e-01   -5.8355e-02
  161.5    2.8479e+00    3.2921e+00   -1.3495e-01   -6.1731e-02
  164.5    3.1165e+00    3.2921e+00   -5.3353e-02   -4.9885e-02
  167.5    3.5713e+00    3.2921e+00    8.4788e-02   -7.9608e-03
  170.5    4.0643e+00    3.2921e+00    2.3455e-01    3.1782e-02
  173.5    4.2310e+00    3.2921e+00    2.8519e-01    5.6914e-02
  176.5    4.2230e+00    3.2921e+00    2.8277e-01    5.7184e-02
  179.5    4.1420e+00    3.2921e+00    2.5815e-01    4.8955e-02
  182.5    4.1555e+00    3.2921e+00    2.6227e-01    5.7670e-02
  185.5    4.2471e+00    3.2921e+00    2.9008e-01    6.6014e-02
  188.5    4.1472e+00    3.2921e+00    2.5972e-01    5.7709e-02
  191.5    3.7665e+00    3.2921e+00    1.4411e-01    2.2968e-02
  194.5    3.2257e+00    3.2921e+00   -2.0163e-02   -1.4802e-02
  197.5    2.9519e+00    3.2921e+00   -1.0335e-01   -3.4702e-02
  200.5    2.7396e+00    3.2921e+00   -1.6783e-01   -4.7410e-02
  203.5    2.6826e+00    3.2921e+00   -1.8514e-01   -4.8135e-02
  206.5    2.6292e+00    3.2921e+00   -2.0136e-01   -5.7688e-02
  209.5    2.7067e+00    3.2921e+00   -1.7783e-01   -6.2999e-02
  212.5    2.8717e+00    3.2921e+00   -1.2769e-01   -6.6463e-02
  215.5    3.1496e+00    3.2921e+00   -4.3287e-02   -6.0955e-02
  218.5    3.4298e+00    3.2921e+00    4.1810e-02   -5.4059e-02
  221.5    3.5212e+00    3.2921e+00    6.9585e-02   -3.6707e-02
  224.5    3.6331e+00    3.2921e+00    1.0357e-01   -2.3559e-02
  227.5    3.4985e+00    3.2921e+00    6.2685e-02   -1.6574e-02
  230.5    3.2987e+00    3.2921e+00    2.0081e-03   -2.3587e-02
  233.5    3.1767e+00    3.2921e+00   -3.5063e-02   -3.4849e-02
  236.5    2.9829e+00    3.2921e+00   -9.3926e-02   -4.8628e-02
  239.5    2.9124e+00    3.2921e+00   -1.1534e-01   -5.3447e-02
  242.5    2.7889e+00    3.2921e+00   -1.5285e-01   -4.4520e-02
  245.5    2.8631e+00    3.2921e+00   -1.3031e-01    3.0714e-03
  248.5    3.0455e+00    3.2921e+00   -7.4912e-02    3.1917e-02
  251.5    3.1592e+00    3.2921e+00   -4.0390e-02    4.2176e-02
  254.5    3.3925e+00    3.2921e+00    3.0485e-02    2.2922e-02
  257.5    3.5473e+00    3.2921e+00    7.7498e-02    3.0111e-02
  260.5    3.7596e+00    3.2921e+00    1.4201e-01    5.9835e-02
  263.5    4.0607e+00    3.2921e+00    2.3346e-01    1.0184e-01
  266.5    4.0328e+00    3.2921e+00    2.2499e-01    1.2896e-01
  269.5    4.0932e+00    3.2921e+00    2.4334e-01    1.5247e-01
  272.5    4.1198e+00    3.2921e+00    2.5142e-01    1.4503e-01
  275.5    4.0656e+00    3.2921e+00    2.3495e-01    1.2192e-01
  278.5    3.9337e+00    3.2921e+00    1.9488e-01    7.3017e-02
  281.5    3.3891e+00    3.2921e+00    2.9472e-02    3.1331e-02
  284.5    2.9646e+00    3.2921e+00   -9.9488e-02    6.4720e-04
  287.5    2.7721e+00    3.2921e+00   -1.5795e-01    3.8903e-03
  290.5    2.7591e+00    3.2921e+00   -1.6191e-01    9.3887e-03
  293.5    2.7113e+00    3.2921e+00   -1.7644e-01   -6.4101e-04
  296.5    2.5231e+00    3.2921e+00   -2.3359e-01   -4.7798e-02
  299.5    2.5684e+00    3.2921e+00   -2.1983e-01   -5.6501e-02
  302.5    2.7383e+00    3.2921e+00   -1.6823e-01   -6.6312e-02
  305.5    2.9504e+00    3.2921e+00   -1.0379e-01   -4.9785e-02
  308.5    3.1330e+00    3.2921e+00   -4.8322e-02    8.2478e-04
  311.5    3.2623e+00    3.2921e+00   -9.0617e-03    5.1803e-03
  314.5    3.2517e+00    3.2921e+00   -1.2266e-02    1.4820e-02
  317.5    3.0937e+00    3.2921e+00   -6.0261e-02    1.2294e-02
  320.5    2.9130e+00    3.2921e+00   -1.1516e-01   -7.4489e-03
  323.5    2.8221e+00    3.2921e+00   -1.4276e-01   -3.7499e-02
  326.5    2.8474e+00    3.2921e+00   -1.3510e-01   -5.7554e-02
  329.5    2.8594e+00    3.2921e+00   -1.3143e-01   -5.9000e-02
  332.5    2.8677e+00    3.2921e+00   -1.2893e-01   -5.3850e-02
  335.5    2.8339e+00    3.2921e+00   -1.3919e-01   -4.7431e-02
  338.5    2.7736e+00    3.2921e+00   -1.5751e-01   -5.8354e-02
  341.5    2.8745e+00    3.2921e+00   -1.2686e-01   -6.1730e-02
  344.5    3.2780e+00    3.2921e+00   -4.2860e-03   -4.9885e-02
  347.5    3.8032e+00    3.2921e+00    1.5525e-01   -7.9613e-03
  350.5    4.3284e+00    3.2921e+00    3.1478e-01    3.1783e-02
  353.5    4.5477e+00    3.2921e+00    3.8138e-01    5.6914e-02
  356.5    4.5002e+00    3.2921e+00    3.6695e-01    5.7184e-02
  359.5    4.4339e+00    3.2921e+00    3.4682e-01    4.8955e-02
   4   120  15.82   39.0    1.0    0.0   ----------------------------
    2.5    3.5504e+00    3.2608e+00    8.8809e-02    3.8342e-02
    5.5    3.7260e+00    3.2608e+00    1.4268e-01    3.6679e-02
    8.5    3.6377e+00    3.2608e+00    1.1560e-01    1.0805e-02
   11.5    3.2836e+00    3.2608e+00    7.0040e-03   -3.2642e-02
   14.5    2.8809e+00    3.2608e+00   -1.1651e-01   -8.0200e-02
   17.5    2.6703e+00    3.2608e+00   -1.8108e-01   -9.8815e-02
   20.5    2.6143e+00    3.2608e+00   -1.9826e-01   -1.0573e-01
   23.5    2.7854e+00    3.2608e+00   -1.4578e-01   -9.0441e-02
   26.5    2.8646e+00    3.2608e+00   -1.2151e-01   -7.2723e-02
   29.5    2.8634e+00    3.2608e+00   -1.2186e-01   -4.7007e-02
   32.5    2.9210e+00    3.2608e+00   -1.0420e-01   -2.9704e-02
   35.5    3.0330e+00    3.2608e+00   -6.9852e-02   -5.2998e-03
   38.5    3.2707e+00    3.2608e+00    3.0549e-03    2.6255e-02
   41.5    3.6773e+00    3.2608e+00    1.2772e-01    7.1447e-02
   44.5    4.0837e+00    3.2608e+00    2.5236e-01    9.9364e-02
   47.5    4.1743e+00    3.2608e+00    2.8016e-01    1.1299e-01
   50.5    3.9490e+00    3.2608e+00    2.1105e-01    1.1300e-01
   53.5    3.5011e+00    3.2608e+00    7.3685e-02    8.9467e-02
   56.5    3.0196e+00    3.2608e+00   -7.3980e-02    4.6339e-02
   59.5    2.7185e+00    3.2608e+00   -1.6632e-01    2.8007e-03
   62.5    2.5336e+00    3.2608e+00   -2.2302e-01   -1.8722e-02
   65.5    2.6466e+00    3.2608e+00   -1.8836e-01   -2.6506e-02
   68.5    2.7918e+00    3.2608e+00   -1.4383e-01   -4.1044e-02
   71.5    2.7508e+00    3.2608e+00   -1.5641e-01   -5.4255e-02
   74.5    2.7445e+00    3.2608e+00   -1.5833e-01   -5.5393e-02
   77.5    2.9169e+00    3.2608e+00   -1.0547e-01   -3.0499e-02
   80.5    3.2640e+00    3.2608e+00    9.7477e-04    2.4667e-02
   83.5    3.5777e+00    3.2608e+00    9.7185e-02    9.1569e-02
   86.5    3.7824e+00    3.2608e+00    1.5997e-01    1.4702e-01
   89.5    3.8193e+00    3.2608e+00    1.7128e-01    1.7085e-01
   92.5    3.8688e+00    3.2608e+00    1.8646e-01    1.5808e-01
   95.5    3.9082e+00    3.2608e+00    1.9855e-01    1.1153e-01
   98.5    3.5605e+00    3.2608e+00    9.1913e-02    3.9604e-02
  101.5    3.2243e+00    3.2608e+00   -1.1192e-02   -2.7814e-02
  104.5    3.0746e+00    3.2608e+00   -5.7095e-02   -7.6723e-02
  107.5    2.8639e+00    3.2608e+00   -1.2172e-01   -8.7618e-02
  110.5    2.7689e+00    3.2608e+00   -1.5086e-01   -7.8385e-02
  113.5    2.6515e+00    3.2608e+00   -1.8684e-01   -6.8897e-02
  116.5    2.7181e+00    3.2608e+00   -1.6644e-01   -7.0487e-02
  119.5    2.8888e+00    3.2608e+00   -1.1408e-01   -6.7876e-02
  122.5    3.1532e+00    3.2608e+00   -3.2982e-02   -4.3563e-02
  125.5    3.5100e+00    3.2608e+00    7.6434e-02   -1.3859e-03
  128.5    3.9027e+00    3.2608e+00    1.9686e-01    1.2334e-01
  131.5    4.3332e+00    3.2608e+00    3.2889e-01    1.1815e-01
  134.5    4.5878e+00    3.2608e+00    4.0696e-01    1.0206e-01
  137.5    4.3723e+00    3.2608e+00    3.4088e-01    8.7877e-02
  140.5    3.8260e+00    3.2608e+00    1.7335e-01    4.8323e-02
  143.5    3.1123e+00    3.2608e+00   -4.5523e-02    4.9667e-03
  146.5    2.7420e+00    3.2608e+00   -1.5909e-01   -3.9901e-02
  149.5    2.5977e+00    3.2608e+00   -2.0335e-01   -6.7620e-02
  152.5    2.6784e+00    3.2608e+00   -1.7860e-01   -8.8931e-02
  155.5    2.7617e+00    3.2608e+00   -1.5305e-01   -1.0892e-01
  158.5    2.7886e+00    3.2608e+00   -1.4479e-01   -1.1281e-01
  161.5    2.6858e+00    3.2608e+00   -1.7634e-01   -1.1465e-01
  164.5    2.6903e+00    3.2608e+00   -1.7495e-01   -9.5119e-02
  167.5    3.0095e+00    3.2608e+00   -7.7067e-02   -5.4849e-02
  170.5    3.5283e+00    3.2608e+00    8.2048e-02    1.4691e-04
  173.5    3.7934e+00    3.2608e+00    1.6335e-01    3.8976e-02
  176.5    3.7848e+00    3.2608e+00    1.6070e-01    4.3813e-02
  179.5    3.7535e+00    3.2608e+00    1.5110e-01    3.6085e-02
  182.5    3.7500e+00    3.2608e+00    1.5001e-01    3.8342e-02
  185.5    3.8114e+00    3.2608e+00    1.6887e-01    3.6679e-02
  188.5    3.6527e+00    3.2608e+00    1.2018e-01    1.0805e-02
  191.5    3.1857e+00    3.2608e+00   -2.3021e-02   -3.2644e-02
  194.5    2.7432e+00    3.2608e+00   -1.5872e-01   -8.0200e-02
  197.5    2.6439e+00    3.2608e+00   -1.8918e-01   -9.8814e-02
  200.5    2.7450e+00    3.2608e+00   -1.5817e-01   -1.0573e-01
  203.5    2.7705e+00    3.2608e+00   -1.5035e-01   -9.0440e-02
  206.5    2.7224e+00    3.2608e+00   -1.6511e-01   -7.2723e-02
  209.5    2.6161e+00    3.2608e+00   -1.9772e-01   -4.7004e-02
  212.5    2.6988e+00    3.2608e+00   -1.7234e-01   -2.9706e-02
  215.5    3.0054e+00    3.2608e+00   -7.8323e-02   -5.2986e-03
  218.5    3.6456e+00    3.2608e+00    1.1801e-01    2.6255e-02
  221.5    4.2653e+00    3.2608e+00    3.0807e-01    7.1447e-02
  224.5    4.6501e+00    3.2608e+00    4.2606e-01    9.9365e-02
  227.5    4.4826e+00    3.2608e+00    3.7470e-01    1.1299e-01
  230.5    4.0943e+00    3.2608e+00    2.5563e-01    1.1300e-01
  233.5    3.6837e+00    3.2608e+00    1.2971e-01    8.9466e-02
  236.5    3.3251e+00    3.2608e+00    1.9717e-02    4.6337e-02
  239.5    3.0042e+00    3.2608e+00   -7.8686e-02    2.7995e-03
  242.5    2.7726e+00    3.2608e+00   -1.4971e-01   -1.8724e-02
  245.5    2.6633e+00    3.2608e+00   -1.8322e-01   -2.6507e-02
  248.5    2.8040e+00    3.2608e+00   -1.4009e-01   -4.1044e-02
  251.5    2.8719e+00    3.2608e+00   -1.1926e-01   -5.4254e-02
  254.5    2.9983e+00    3.2608e+00   -8.0503e-02   -5.5393e-02
  257.5    3.1328e+00    3.2608e+00   -3.9263e-02   -3.0499e-02
  260.5    3.4219e+00    3.2608e+00    4.9414e-02    2.4668e-02
  263.5    3.8170e+00    3.2608e+00    1.7059e-01    9.1570e-02
  266.5    3.8506e+00    3.2608e+00    1.8088e-01    1.4702e-01
  269.5    3.8457e+00    3.2608e+00    1.7939e-01    1.7085e-01
  272.5    3.8302e+00    3.2608e+00    1.7461e-01    1.5808e-01
  275.5    3.6596e+00    3.2608e+00    1.2229e-01    1.1152e-01
  278.5    3.3713e+00    3.2608e+00    3.3900e-02    3.9606e-02
  281.5    3.0251e+00    3.2608e+00   -7.2270e-02   -2.7817e-02
  284.5    2.8209e+00    3.2608e+00   -1.3491e-01   -7.6725e-02
  287.5    2.7689e+00    3.2608e+00   -1.5085e-01   -8.7619e-02
  290.5    2.8312e+00    3.2608e+00   -1.3173e-01   -7.8386e-02
  293.5    2.7425e+00    3.2608e+00   -1.5893e-01   -6.8898e-02
  296.5    2.5789e+00    3.2608e+00   -2.0911e-01   -7.0487e-02
  299.5    2.6330e+00    3.2608e+00   -1.9253e-01   -6.7876e-02
  302.5    2.9037e+00    3.2608e+00   -1.0952e-01   -4.3564e-02
  305.5    3.4026e+00    3.2608e+00    4.3483e-02   -1.3854e-03
  308.5    3.8886e+00    3.2608e+00    1.9254e-01    1.2334e-01
  311.5    4.2071e+00    3.2608e+00    2.9020e-01    1.1815e-01
  314.5    4.2210e+00    3.2608e+00    2.9448e-01    1.0206e-01
  317.5    3.8881e+00    3.2608e+00    1.9239e-01    8.7877e-02
  320.5    3.4499e+00    3.2608e+00    5.7982e-02    4.8324e-02
  323.5    3.1188e+00    3.2608e+00   -4.3557e-02    4.9687e-03
  326.5    2.9590e+00    3.2608e+00   -9.2545e-02   -3.9899e-02
  329.5    2.8852e+00    3.2608e+00   -1.1518e-01   -6.7620e-02
  332.5    2.8561e+00    3.2608e+00   -1.2411e-01   -8.8929e-02
  335.5    2.8055e+00    3.2608e+00   -1.3961e-01   -1.0892e-01
  338.5    2.6855e+00    3.2608e+00   -1.7643e-01   -1.1281e-01
  341.5    2.6232e+00    3.2608e+00   -1.9553e-01   -1.1465e-01
  344.5    2.7831e+00    3.2608e+00   -1.4648e-01   -9.5119e-02
  347.5    3.1588e+00    3.2608e+00   -3.1271e-02   -5.4851e-02
  350.5    3.5205e+00    3.2608e+00    7.9658e-02    1.4625e-04
  353.5    3.7181e+00    3.2608e+00    1.4024e-01    3.8976e-02
  356.5    3.6274e+00    3.2608e+00    1.1243e-01    4.3812e-02
  359.5    3.4646e+00    3.2608e+00    6.2490e-02    3.6085e-02
   5   120  15.82   42.0    1.0    0.0   ----------------------------
    2.5    3.0678e+00    3.4223e+00   -1.0358e-01   -6.1704e-02
    5.5    3.0847e+00    3.4223e+00   -9.8657e-02   -6.1037e-02
    8.5    2.8223e+00    3.4223e+00   -1.7533e-01   -7.0092e-02
   11.5    2.4915e+00    3.4223e+00   -2.7198e-01   -7.0460e-02
   14.5    2.3042e+00    3.4223e+00   -3.2673e-01   -6.1875e-02
   17.5    2.3934e+00    3.4223e+00   -3.0065e-01   -3.8886e-02
   20.5    2.5136e+00    3.4223e+00   -2.6552e-01   -2.0445e-02
   23.5    2.7253e+00    3.4223e+00   -2.0367e-01   -2.0393e-02
   26.5    2.8663e+00    3.4223e+00   -1.6247e-01   -2.6790e-02
   29.5    2.9000e+00    3.4223e+00   -1.5263e-01   -3.2154e-02
   32.5    3.1877e+00    3.4223e+00   -6.8575e-02   -2.3276e-02
   35.5    3.7076e+00    3.4223e+00    8.3348e-02    7.7243e-04
   38.5    4.2929e+00    3.4223e+00    2.5439e-01    3.7658e-02
   41.5    5.0077e+00    3.4223e+00    4.6324e-01    1.0800e-01
   44.5    5.6541e+00    3.4223e+00    6.5211e-01    1.7597e-01
   47.5    5.7105e+00    3.4223e+00    6.6858e-01    2.1904e-01
   50.5    5.1892e+00    3.4223e+00    5.1627e-01    2.0194e-01
   53.5    4.4543e+00    3.4223e+00    3.0153e-01    1.4490e-01
   56.5    3.7151e+00    3.4223e+00    8.5550e-02    9.4779e-02
   59.5    3.0864e+00    3.4223e+00   -9.8163e-02    5.7205e-02
   62.5    2.6493e+00    3.4223e+00   -2.2587e-01    3.7653e-02
   65.5    2.7181e+00    3.4223e+00   -2.0578e-01    3.0374e-02
   68.5    2.9194e+00    3.4223e+00   -1.4695e-01    3.2946e-02
   71.5    3.0713e+00    3.4223e+00   -1.0258e-01    1.4725e-02
   74.5    3.0290e+00    3.4223e+00   -1.1494e-01   -2.9214e-02
   77.5    3.0225e+00    3.4223e+00   -1.1684e-01   -7.1088e-02
   80.5    3.1684e+00    3.4223e+00   -7.4210e-02   -6.3386e-02
   83.5    3.3466e+00    3.4223e+00   -2.2126e-02   -3.0841e-02
   86.5    3.4302e+00    3.4223e+00    2.3017e-03   -3.7740e-03
   89.5    3.3842e+00    3.4223e+00   -1.1140e-02   -1.2124e-02
   92.5    3.4643e+00    3.4223e+00    1.2270e-02   -2.3508e-02
   95.5    3.3708e+00    3.4223e+00   -1.5068e-02   -4.5321e-02
   98.5    3.0735e+00    3.4223e+00   -1.0192e-01   -6.8761e-02
  101.5    2.8740e+00    3.4223e+00   -1.6023e-01   -9.5209e-02
  104.5    2.8998e+00    3.4223e+00   -1.5270e-01   -1.0180e-01
  107.5    2.8952e+00    3.4223e+00   -1.5402e-01   -7.5714e-02
  110.5    2.7932e+00    3.4223e+00   -1.8385e-01   -4.7153e-02
  113.5    2.7191e+00    3.4223e+00   -2.0550e-01   -1.2051e-02
  116.5    2.7688e+00    3.4223e+00   -1.9097e-01   -1.4134e-03
  119.5    3.0448e+00    3.4223e+00   -1.1032e-01    5.1242e-03
  122.5    3.6771e+00    3.4223e+00    7.4431e-02    1.3036e-02
  125.5    4.2398e+00    3.4223e+00    2.3886e-01    6.4037e-02
  128.5    4.9625e+00    3.4223e+00    4.5002e-01    1.5070e-01
  131.5    5.7859e+00    3.4223e+00    6.9063e-01    2.0922e-01
  134.5    6.1139e+00    3.4223e+00    7.8647e-01    2.0458e-01
  137.5    5.7700e+00    3.4223e+00    6.8599e-01    1.4493e-01
  140.5    4.7678e+00    3.4223e+00    3.9313e-01    5.9922e-02
  143.5    3.7012e+00    3.4223e+00    8.1468e-02    2.5862e-03
  146.5    3.0198e+00    3.4223e+00   -1.1763e-01   -3.2202e-02
  149.5    2.6858e+00    3.4223e+00   -2.1520e-01   -4.7429e-02
  152.5    2.7777e+00    3.4223e+00   -1.8836e-01   -5.6831e-02
  155.5    2.8175e+00    3.4223e+00   -1.7673e-01   -6.0535e-02
  158.5    2.7792e+00    3.4223e+00   -1.8792e-01   -6.3704e-02
  161.5    2.5436e+00    3.4223e+00   -2.5677e-01   -7.3450e-02
  164.5    2.5319e+00    3.4223e+00   -2.6019e-01   -9.3504e-02
  167.5    2.5787e+00    3.4223e+00   -2.4651e-01   -1.0142e-01
  170.5    2.8721e+00    3.4223e+00   -1.6079e-01   -9.9979e-02
  173.5    3.1101e+00    3.4223e+00   -9.1250e-02   -8.0247e-02
  176.5    3.2234e+00    3.4223e+00   -5.8121e-02   -6.8835e-02
  179.5    3.2461e+00    3.4223e+00   -5.1493e-02   -6.3482e-02
  182.5    3.2383e+00    3.4223e+00   -5.3789e-02   -6.1704e-02
  185.5    3.1482e+00    3.4223e+00   -8.0106e-02   -6.1037e-02
  188.5    2.9939e+00    3.4223e+00   -1.2518e-01   -7.0091e-02
  191.5    2.7071e+00    3.4223e+00   -2.0900e-01   -7.0460e-02
  194.5    2.4963e+00    3.4223e+00   -2.7060e-01   -6.1875e-02
  197.5    2.5493e+00    3.4223e+00   -2.5511e-01   -3.8884e-02
  200.5    2.7509e+00    3.4223e+00   -1.9620e-01   -2.0446e-02
  203.5    2.7947e+00    3.4223e+00   -1.8341e-01   -2.0392e-02
  206.5    2.8249e+00    3.4223e+00   -1.7456e-01   -2.6792e-02
  209.5    2.6901e+00    3.4223e+00   -2.1396e-01   -3.2152e-02
  212.5    2.8439e+00    3.4223e+00   -1.6901e-01   -2.3277e-02
  215.5    3.4608e+00    3.4223e+00    1.1236e-02    7.7332e-04
  218.5    4.4303e+00    3.4223e+00    2.9451e-01    3.7657e-02
  221.5    5.3876e+00    3.4223e+00    5.7424e-01    1.0800e-01
  224.5    6.1038e+00    3.4223e+00    7.8350e-01    1.7597e-01
  227.5    6.0188e+00    3.4223e+00    7.5868e-01    2.1904e-01
  230.5    5.2199e+00    3.4223e+00    5.2525e-01    2.0194e-01
  233.5    4.4947e+00    3.4223e+00    3.1333e-01    1.4490e-01
  236.5    3.8756e+00    3.4223e+00    1.3244e-01    9.4779e-02
  239.5    3.3132e+00    3.4223e+00   -3.1889e-02    5.7205e-02
  242.5    2.8412e+00    3.4223e+00   -1.6981e-01    3.7652e-02
  245.5    2.6780e+00    3.4223e+00   -2.1750e-01    3.0374e-02
  248.5    2.7917e+00    3.4223e+00   -1.8427e-01    3.2947e-02
  251.5    2.8421e+00    3.4223e+00   -1.6953e-01    1.4727e-02
  254.5    2.8585e+00    3.4223e+00   -1.6476e-01   -2.9216e-02
  257.5    2.7890e+00    3.4223e+00   -1.8506e-01   -7.1090e-02
  260.5    2.8848e+00    3.4223e+00   -1.5706e-01   -6.3385e-02
  263.5    3.3312e+00    3.4223e+00   -2.6641e-02   -3.0842e-02
  266.5    3.4433e+00    3.4223e+00    6.1120e-03   -3.7745e-03
  269.5    3.3689e+00    3.4223e+00   -1.5629e-02   -1.2124e-02
  272.5    3.3764e+00    3.4223e+00   -1.3422e-02   -2.3509e-02
  275.5    3.2874e+00    3.4223e+00   -3.9424e-02   -4.5322e-02
  278.5    3.1091e+00    3.4223e+00   -9.1537e-02   -6.8760e-02
  281.5    2.9305e+00    3.4223e+00   -1.4371e-01   -9.5211e-02
  284.5    2.9708e+00    3.4223e+00   -1.3193e-01   -1.0180e-01
  287.5    3.0161e+00    3.4223e+00   -1.1869e-01   -7.5717e-02
  290.5    2.9305e+00    3.4223e+00   -1.4370e-01   -4.7153e-02
  293.5    2.7541e+00    3.4223e+00   -1.9525e-01   -1.2055e-02
  296.5    2.5865e+00    3.4223e+00   -2.4424e-01   -1.4145e-03
  299.5    2.8800e+00    3.4223e+00   -1.5848e-01    5.1216e-03
  302.5    3.5099e+00    3.4223e+00    2.5590e-02    1.3037e-02
  305.5    4.3340e+00    3.4223e+00    2.6637e-01    6.4035e-02
  308.5    5.1587e+00    3.4223e+00    5.0737e-01    1.5069e-01
  311.5    5.9031e+00    3.4223e+00    7.2487e-01    2.0922e-01
  314.5    5.9683e+00    3.4223e+00    7.4394e-01    2.0458e-01
  317.5    5.4769e+00    3.4223e+00    6.0033e-01    1.4493e-01
  320.5    4.6720e+00    3.4223e+00    3.6514e-01    5.9923e-02
  323.5    3.9497e+00    3.4223e+00    1.5409e-01    2.5870e-03
  326.5    3.3758e+00    3.4223e+00   -1.3588e-02   -3.2201e-02
  329.5    2.9452e+00    3.4223e+00   -1.3942e-01   -4.7430e-02
  332.5    2.9033e+00    3.4223e+00   -1.5165e-01   -5.6831e-02
  335.5    2.8091e+00    3.4223e+00   -1.7919e-01   -6.0535e-02
  338.5    2.6048e+00    3.4223e+00   -2.3890e-01   -6.3704e-02
  341.5    2.4254e+00    3.4223e+00   -2.9131e-01   -7.3451e-02
  344.5    2.3240e+00    3.4223e+00   -3.2094e-01   -9.3504e-02
  347.5    2.3861e+00    3.4223e+00   -3.0279e-01   -1.0142e-01
  350.5    2.7112e+00    3.4223e+00   -2.0779e-01   -9.9979e-02
  353.5    3.0270e+00    3.4223e+00   -1.1552e-01   -8.0247e-02
  356.5    3.1037e+00    3.4223e+00   -9.3102e-02   -6.8836e-02
  359.5    3.0595e+00    3.4223e+00   -1.0603e-01   -6.3482e-02
   6   120  15.82   45.0    1.0    0.0   ----------------------------
    2.5    3.0257e+00    3.4537e+00   -1.2391e-01   -9.7915e-02
    5.5    2.9568e+00    3.4537e+00   -1.4387e-01   -7.2325e-02
    8.5    2.6563e+00    3.4537e+00   -2.3087e-01   -4.8737e-02
   11.5    2.2948e+00    3.4537e+00   -3.3554e-01   -3.3372e-02
   14.5    2.1941e+00    3.4537e+00   -3.6470e-01   -2.7700e-02
   17.5    2.3947e+00    3.4537e+00   -3.0662e-01   -1.8945e-02
   20.5    2.5259e+00    3.4537e+00   -2.6865e-01   -1.2473e-02
   23.5    2.6703e+00    3.4537e+00   -2.2681e-01   -1.1067e-02
   26.5    2.8668e+00    3.4537e+00   -1.6993e-01   -1.0267e-02
   29.5    2.9653e+00    3.4537e+00   -1.4142e-01   -9.6554e-03
   32.5    3.3053e+00    3.4537e+00   -4.2955e-02   -1.7342e-02
   35.5    4.0115e+00    3.4537e+00    1.6151e-01   -6.5889e-03
   38.5    4.9146e+00    3.4537e+00    4.2299e-01    4.0849e-02
   41.5    5.8607e+00    3.4537e+00    6.9694e-01    1.4681e-01
   44.5    6.6021e+00    3.4537e+00    9.1163e-01    2.5187e-01
   47.5    6.5543e+00    3.4537e+00    8.9778e-01    2.9445e-01
   50.5    5.8340e+00    3.4537e+00    6.8923e-01    2.3958e-01
   53.5    4.8011e+00    3.4537e+00    3.9014e-01    1.3661e-01
   56.5    3.8563e+00    3.4537e+00    1.1658e-01    5.6851e-02
   59.5    3.1224e+00    3.4537e+00   -9.5927e-02    2.4482e-02
   62.5    2.6306e+00    3.4537e+00   -2.3833e-01    1.5389e-02
   65.5    2.6245e+00    3.4537e+00   -2.4008e-01    9.3737e-03
   68.5    2.8419e+00    3.4537e+00   -1.7714e-01    8.6916e-03
   71.5    3.0277e+00    3.4537e+00   -1.2334e-01    3.8044e-03
   74.5    3.0291e+00    3.4537e+00   -1.2293e-01   -1.2940e-02
   77.5    3.0054e+00    3.4537e+00   -1.2981e-01   -2.7818e-02
   80.5    3.0423e+00    3.4537e+00   -1.1911e-01   -2.6951e-02
   83.5    3.1127e+00    3.4537e+00   -9.8722e-02   -2.8310e-02
   86.5    3.0380e+00    3.4537e+00   -1.2037e-01   -4.7782e-02
   89.5    2.8493e+00    3.4537e+00   -1.7499e-01   -7.1484e-02
   92.5    2.8895e+00    3.4537e+00   -1.6336e-01   -7.2644e-02
   95.5    2.7958e+00    3.4537e+00   -1.9049e-01   -6.1694e-02
   98.5    2.7439e+00    3.4537e+00   -2.0550e-01   -5.3414e-02
  101.5    2.7036e+00    3.4537e+00   -2.1719e-01   -5.4859e-02
  104.5    2.8592e+00    3.4537e+00   -1.7212e-01   -4.9355e-02
  107.5    3.0118e+00    3.4537e+00   -1.2796e-01   -4.2501e-02
  110.5    2.8572e+00    3.4537e+00   -1.7271e-01   -3.0944e-02
  113.5    2.6964e+00    3.4537e+00   -2.1926e-01   -2.4283e-02
  116.5    2.6562e+00    3.4537e+00   -2.3091e-01   -2.4856e-02
  119.5    2.8978e+00    3.4537e+00   -1.6096e-01   -2.4371e-02
  122.5    3.4944e+00    3.4537e+00    1.1783e-02   -3.9962e-03
  125.5    4.1851e+00    3.4537e+00    2.1177e-01    4.1642e-02
  128.5    5.2233e+00    3.4537e+00    5.1240e-01    1.1532e-01
  131.5    6.3358e+00    3.4537e+00    8.3451e-01    2.0912e-01
  134.5    6.6485e+00    3.4537e+00    9.2505e-01    2.3288e-01
  137.5    6.2959e+00    3.4537e+00    8.2295e-01    1.6572e-01
  140.5    5.0396e+00    3.4537e+00    4.5919e-01    5.9683e-02
  143.5    3.8466e+00    3.4537e+00    1.1377e-01   -3.0325e-02
  146.5    3.0829e+00    3.4537e+00   -1.0737e-01   -7.7185e-02
  149.5    2.6994e+00    3.4537e+00   -2.1839e-01   -8.2754e-02
  152.5    2.6957e+00    3.4537e+00   -2.1947e-01   -9.2482e-02
  155.5    2.5830e+00    3.4537e+00   -2.5209e-01   -8.0354e-02
  158.5    2.5718e+00    3.4537e+00   -2.5535e-01   -7.5126e-02
  161.5    2.5531e+00    3.4537e+00   -2.6076e-01   -6.0084e-02
  164.5    2.6920e+00    3.4537e+00   -2.2053e-01   -6.3917e-02
  167.5    2.5652e+00    3.4537e+00   -2.5725e-01   -7.9427e-02
  170.5    2.6126e+00    3.4537e+00   -2.4354e-01   -8.4339e-02
  173.5    2.8261e+00    3.4537e+00   -1.8172e-01   -9.5994e-02
  176.5    2.9708e+00    3.4537e+00   -1.3983e-01   -1.0124e-01
  179.5    3.0920e+00    3.4537e+00   -1.0473e-01   -1.0531e-01
  182.5    3.0257e+00    3.4537e+00   -1.2391e-01   -9.7914e-02
  185.5    2.8357e+00    3.4537e+00   -1.7894e-01   -7.2325e-02
  188.5    2.6428e+00    3.4537e+00   -2.3478e-01   -4.8735e-02
  191.5    2.5786e+00    3.4537e+00   -2.5337e-01   -3.3371e-02
  194.5    2.6248e+00    3.4537e+00   -2.4000e-01   -2.7700e-02
  197.5    2.6047e+00    3.4537e+00   -2.4582e-01   -1.8943e-02
  200.5    2.5670e+00    3.4537e+00   -2.5672e-01   -1.2474e-02
  203.5    2.5733e+00    3.4537e+00   -2.5491e-01   -1.1067e-02
  206.5    2.6652e+00    3.4537e+00   -2.2829e-01   -1.0268e-02
  209.5    2.6706e+00    3.4537e+00   -2.2673e-01   -9.6531e-03
  212.5    2.8960e+00    3.4537e+00   -1.6146e-01   -1.7344e-02
  215.5    3.5280e+00    3.4537e+00    2.1524e-02   -6.5874e-03
  218.5    4.5131e+00    3.4537e+00    3.0677e-01    4.0848e-02
  221.5    5.7725e+00    3.4537e+00    6.7140e-01    1.4682e-01
  224.5    6.6968e+00    3.4537e+00    9.3904e-01    2.5187e-01
  227.5    6.5531e+00    3.4537e+00    8.9742e-01    2.9445e-01
  230.5    5.5362e+00    3.4537e+00    6.0298e-01    2.3958e-01
  233.5    4.4267e+00    3.4537e+00    2.8175e-01    1.3661e-01
  236.5    3.6613e+00    3.4537e+00    6.0114e-02    5.6851e-02
  239.5    3.1523e+00    3.4537e+00   -8.7248e-02    2.4483e-02
  242.5    2.6501e+00    3.4537e+00   -2.3266e-01    1.5388e-02
  245.5    2.6027e+00    3.4537e+00   -2.4640e-01    9.3742e-03
  248.5    2.7762e+00    3.4537e+00   -1.9616e-01    8.6928e-03
  251.5    2.9814e+00    3.4537e+00   -1.3674e-01    3.8057e-03
  254.5    2.9212e+00    3.4537e+00   -1.5417e-01   -1.2942e-02
  257.5    2.7105e+00    3.4537e+00   -2.1518e-01   -2.7820e-02
  260.5    2.7138e+00    3.4537e+00   -2.1424e-01   -2.6952e-02
  263.5    2.8118e+00    3.4537e+00   -1.8584e-01   -2.8312e-02
  266.5    2.8551e+00    3.4537e+00   -1.7332e-01   -4.7782e-02
  269.5    2.7518e+00    3.4537e+00   -2.0321e-01   -7.1484e-02
  272.5    2.8881e+00    3.4537e+00   -1.6375e-01   -7.2645e-02
  275.5    3.0410e+00    3.4537e+00   -1.1947e-01   -6.1696e-02
  278.5    3.0492e+00    3.4537e+00   -1.1710e-01   -5.3414e-02
  281.5    2.9366e+00    3.4537e+00   -1.4971e-01   -5.4861e-02
  284.5    3.0612e+00    3.4537e+00   -1.1364e-01   -4.9356e-02
  287.5    3.0671e+00    3.4537e+00   -1.1194e-01   -4.2505e-02
  290.5    2.8525e+00    3.4537e+00   -1.7406e-01   -3.0944e-02
  293.5    2.6833e+00    3.4537e+00   -2.2305e-01   -2.4287e-02
  296.5    2.5520e+00    3.4537e+00   -2.6106e-01   -2.4858e-02
  299.5    2.9308e+00    3.4537e+00   -1.5139e-01   -2.4373e-02
  302.5    3.6592e+00    3.4537e+00    5.9508e-02   -3.9962e-03
  305.5    4.6019e+00    3.4537e+00    3.3245e-01    4.1640e-02
  308.5    5.8436e+00    3.4537e+00    6.9199e-01    1.1532e-01
  311.5    6.8264e+00    3.4537e+00    9.7657e-01    2.0912e-01
  314.5    6.9880e+00    3.4537e+00    1.0234e+00    2.3289e-01
  317.5    6.3864e+00    3.4537e+00    8.4918e-01    1.6572e-01
  320.5    5.4139e+00    3.4537e+00    5.6756e-01    5.9685e-02
  323.5    4.3948e+00    3.4537e+00    2.7250e-01   -3.0323e-02
  326.5    3.5382e+00    3.4537e+00    2.4471e-02   -7.7184e-02
  329.5    3.0223e+00    3.4537e+00   -1.2491e-01   -8.2754e-02
  332.5    2.8613e+00    3.4537e+00   -1.7153e-01   -9.2482e-02
  335.5    2.7277e+00    3.4537e+00   -2.1020e-01   -8.0355e-02
  338.5    2.6092e+00    3.4537e+00   -2.4450e-01   -7.5128e-02
  341.5    2.4796e+00    3.4537e+00   -2.8203e-01   -6.0085e-02
  344.5    2.2658e+00    3.4537e+00   -3.4396e-01   -6.3918e-02
  347.5    2.2505e+00    3.4537e+00   -3.4836e-01   -7.9428e-02
  350.5    2.5102e+00    3.4537e+00   -2.7317e-01   -8.4340e-02
  353.5    2.8643e+00    3.4537e+00   -1.7064e-01   -9.5993e-02
  356.5    3.0274e+00    3.4537e+00   -1.2342e-01   -1.0124e-01
  359.5    3.0696e+00    3.4537e+00   -1.1121e-01   -1.0531e-01
   7   120  15.82   48.0    1.0    0.0   ----------------------------
    2.5    3.2567e+00    3.3497e+00   -2.7757e-02    9.1230e-03
    5.5    2.9606e+00    3.3497e+00   -1.1617e-01   -1.8692e-02
    8.5    2.6717e+00    3.3497e+00   -2.0241e-01   -4.8409e-02
   11.5    2.3680e+00    3.3497e+00   -2.9306e-01   -5.7382e-02
   14.5    2.3814e+00    3.3497e+00   -2.8906e-01   -3.7564e-02
   17.5    2.6204e+00    3.3497e+00   -2.1773e-01   -2.4491e-02
   20.5    2.7007e+00    3.3497e+00   -1.9376e-01   -2.0236e-02
   23.5    2.7307e+00    3.3497e+00   -1.8480e-01   -2.1554e-02
   26.5    2.9111e+00    3.3497e+00   -1.3094e-01   -1.2404e-02
   29.5    3.0230e+00    3.3497e+00   -9.7540e-02    8.0831e-03
   32.5    3.2791e+00    3.3497e+00   -2.1081e-02    1.9120e-02
   35.5    3.9175e+00    3.3497e+00    1.6949e-01    3.6402e-02
   38.5    4.6299e+00    3.3497e+00    3.8218e-01    6.7071e-02
   41.5    5.5765e+00    3.3497e+00    6.6477e-01    1.2083e-01
   44.5    6.2614e+00    3.3497e+00    8.6925e-01    1.7847e-01
   47.5    6.2063e+00    3.3497e+00    8.5279e-01    1.9601e-01
   50.5    5.4591e+00    3.3497e+00    6.2973e-01    1.6657e-01
   53.5    4.5064e+00    3.3497e+00    3.4530e-01    1.0602e-01
   56.5    3.5560e+00    3.3497e+00    6.1581e-02    5.7138e-02
   59.5    2.8911e+00    3.3497e+00   -1.3690e-01    2.4427e-02
   62.5    2.5577e+00    3.3497e+00   -2.3644e-01    1.4064e-02
   65.5    2.5712e+00    3.3497e+00   -2.3242e-01    2.5654e-03
   68.5    2.7018e+00    3.3497e+00   -1.9342e-01   -1.0874e-02
   71.5    2.8187e+00    3.3497e+00   -1.5852e-01   -2.6857e-02
   74.5    2.7410e+00    3.3497e+00   -1.8173e-01   -3.7020e-02
   77.5    2.6937e+00    3.3497e+00   -1.9585e-01   -2.7175e-02
   80.5    2.7890e+00    3.3497e+00   -1.6738e-01   -1.1244e-02
   83.5    2.9423e+00    3.3497e+00   -1.2162e-01    1.6418e-02
   86.5    2.9064e+00    3.3497e+00   -1.3233e-01    2.6459e-02
   89.5    2.7520e+00    3.3497e+00   -1.7843e-01    2.7764e-02
   92.5    2.7537e+00    3.3497e+00   -1.7793e-01    2.1751e-02
   95.5    2.6744e+00    3.3497e+00   -2.0160e-01    9.1975e-03
   98.5    2.5701e+00    3.3497e+00   -2.3274e-01   -1.4116e-02
  101.5    2.5207e+00    3.3497e+00   -2.4750e-01   -5.6106e-02
  104.5    2.6345e+00    3.3497e+00   -2.1352e-01   -8.3665e-02
  107.5    2.8318e+00    3.3497e+00   -1.5463e-01   -9.2597e-02
  110.5    2.7347e+00    3.3497e+00   -1.8361e-01   -7.5542e-02
  113.5    2.6119e+00    3.3497e+00   -2.2027e-01   -5.6018e-02
  116.5    2.6989e+00    3.3497e+00   -1.9428e-01   -3.9634e-02
  119.5    2.8740e+00    3.3497e+00   -1.4203e-01   -2.8651e-02
  122.5    3.2943e+00    3.3497e+00   -1.6546e-02   -1.4899e-02
  125.5    3.9662e+00    3.3497e+00    1.8403e-01    1.5446e-02
  128.5    4.9968e+00    3.3497e+00    4.9172e-01    5.6518e-02
  131.5    6.0810e+00    3.3497e+00    8.1539e-01    1.2900e-01
  134.5    6.3912e+00    3.3497e+00    9.0798e-01    1.5775e-01
  137.5    5.8969e+00    3.3497e+00    7.6043e-01    1.2802e-01
  140.5    4.6917e+00    3.3497e+00    4.0063e-01    5.1505e-02
  143.5    3.5569e+00    3.3497e+00    6.1847e-02   -1.3524e-02
  146.5    2.9143e+00    3.3497e+00   -1.2999e-01   -5.9174e-02
  149.5    2.7440e+00    3.3497e+00   -1.8084e-01   -6.7957e-02
  152.5    2.5876e+00    3.3497e+00   -2.2750e-01   -8.0253e-02
  155.5    2.3214e+00    3.3497e+00   -3.0697e-01   -8.8975e-02
  158.5    2.3646e+00    3.3497e+00   -2.9408e-01   -8.4822e-02
  161.5    2.6589e+00    3.3497e+00   -2.0624e-01   -7.6148e-02
  164.5    2.8107e+00    3.3497e+00   -1.6092e-01   -7.0082e-02
  167.5    2.5582e+00    3.3497e+00   -2.3630e-01   -9.2387e-02
  170.5    2.6044e+00    3.3497e+00   -2.2250e-01   -9.6484e-02
  173.5    2.8642e+00    3.3497e+00   -1.4493e-01   -7.7242e-02
  176.5    3.2548e+00    3.3497e+00   -2.8326e-02   -2.7240e-02
  179.5    3.4360e+00    3.3497e+00    2.5765e-02    3.7036e-03
  182.5    3.3618e+00    3.3497e+00    3.6052e-03    9.1237e-03
  185.5    2.9677e+00    3.3497e+00   -1.1405e-01   -1.8693e-02
  188.5    2.6880e+00    3.3497e+00   -1.9753e-01   -4.8407e-02
  191.5    2.5284e+00    3.3497e+00   -2.4520e-01   -5.7382e-02
  194.5    2.7344e+00    3.3497e+00   -1.8370e-01   -3.7563e-02
  197.5    2.7198e+00    3.3497e+00   -1.8804e-01   -2.4489e-02
  200.5    2.4459e+00    3.3497e+00   -2.6982e-01   -2.0236e-02
  203.5    2.3016e+00    3.3497e+00   -3.1288e-01   -2.1553e-02
  206.5    2.4450e+00    3.3497e+00   -2.7009e-01   -1.2405e-02
  209.5    2.6763e+00    3.3497e+00   -2.0104e-01    8.0855e-03
  212.5    2.8030e+00    3.3497e+00   -1.6322e-01    1.9119e-02
  215.5    3.3019e+00    3.3497e+00   -1.4270e-02    3.6403e-02
  218.5    4.1808e+00    3.3497e+00    2.4811e-01    6.7071e-02
  221.5    5.3850e+00    3.3497e+00    6.0762e-01    1.2083e-01
  224.5    6.3026e+00    3.3497e+00    8.8153e-01    1.7847e-01
  227.5    6.2332e+00    3.3497e+00    8.6081e-01    1.9601e-01
  230.5    5.2234e+00    3.3497e+00    5.5936e-01    1.6657e-01
  233.5    4.2452e+00    3.3497e+00    2.6733e-01    1.0601e-01
  236.5    3.5094e+00    3.3497e+00    4.7670e-02    5.7138e-02
  239.5    2.9614e+00    3.3497e+00   -1.1592e-01    2.4426e-02
  242.5    2.7193e+00    3.3497e+00   -1.8820e-01    1.4063e-02
  245.5    2.6199e+00    3.3497e+00   -2.1787e-01    2.5655e-03
  248.5    2.6540e+00    3.3497e+00   -2.0769e-01   -1.0873e-02
  251.5    2.8276e+00    3.3497e+00   -1.5585e-01   -2.6856e-02
  254.5    2.7276e+00    3.3497e+00   -1.8572e-01   -3.7021e-02
  257.5    2.5675e+00    3.3497e+00   -2.3353e-01   -2.7177e-02
  260.5    2.6255e+00    3.3497e+00   -2.1619e-01   -1.1243e-02
  263.5    2.6747e+00    3.3497e+00   -2.0153e-01    1.6415e-02
  266.5    2.6985e+00    3.3497e+00   -1.9441e-01    2.6460e-02
  269.5    2.7097e+00    3.3497e+00   -1.9105e-01    2.7763e-02
  272.5    2.7967e+00    3.3497e+00   -1.6509e-01    2.1750e-02
  275.5    2.9673e+00    3.3497e+00   -1.1415e-01    9.1953e-03
  278.5    2.9568e+00    3.3497e+00   -1.1730e-01   -1.4116e-02
  281.5    2.7592e+00    3.3497e+00   -1.7629e-01   -5.6109e-02
  284.5    2.7411e+00    3.3497e+00   -1.8170e-01   -8.3667e-02
  287.5    2.8143e+00    3.3497e+00   -1.5982e-01   -9.2600e-02
  290.5    2.6723e+00    3.3497e+00   -2.0224e-01   -7.5543e-02
  293.5    2.6386e+00    3.3497e+00   -2.1229e-01   -5.6020e-02
  296.5    2.5614e+00    3.3497e+00   -2.3534e-01   -3.9634e-02
  299.5    2.7843e+00    3.3497e+00   -1.6881e-01   -2.8652e-02
  302.5    3.3617e+00    3.3497e+00    3.5667e-03   -1.4899e-02
  305.5    4.3047e+00    3.3497e+00    2.8509e-01    1.5445e-02
  308.5    5.5476e+00    3.3497e+00    6.5613e-01    5.6518e-02
  311.5    6.4956e+00    3.3497e+00    9.3915e-01    1.2900e-01
  314.5    6.6921e+00    3.3497e+00    9.9783e-01    1.5775e-01
  317.5    6.0753e+00    3.3497e+00    8.1369e-01    1.2803e-01
  320.5    5.1090e+00    3.3497e+00    5.2520e-01    5.1506e-02
  323.5    4.1974e+00    3.3497e+00    2.5307e-01   -1.3522e-02
  326.5    3.4642e+00    3.3497e+00    3.4173e-02   -5.9173e-02
  329.5    3.0461e+00    3.3497e+00   -9.0646e-02   -6.7957e-02
  332.5    2.8844e+00    3.3497e+00   -1.3891e-01   -8.0252e-02
  335.5    2.7320e+00    3.3497e+00   -1.8441e-01   -8.8975e-02
  338.5    2.6845e+00    3.3497e+00   -1.9860e-01   -8.4823e-02
  341.5    2.6893e+00    3.3497e+00   -1.9716e-01   -7.6148e-02
  344.5    2.5213e+00    3.3497e+00   -2.4731e-01   -7.0083e-02
  347.5    2.3755e+00    3.3497e+00   -2.9084e-01   -9.2389e-02
  350.5    2.5534e+00    3.3497e+00   -2.3771e-01   -9.6485e-02
  353.5    2.8818e+00    3.3497e+00   -1.3967e-01   -7.7242e-02
  356.5    3.1752e+00    3.3497e+00   -5.2103e-02   -2.7242e-02
  359.5    3.3629e+00    3.3497e+00    3.9514e-03    3.7034e-03
   8   120  15.82   51.0    1.0    0.0   ----------------------------
    2.5    3.7000e+00    3.1163e+00    1.8731e-01    7.8302e-02
    5.5    3.1798e+00    3.1163e+00    2.0387e-02    4.0622e-02
    8.5    2.7865e+00    3.1163e+00   -1.0583e-01   -5.8083e-04
   11.5    2.5344e+00    3.1163e+00   -1.8673e-01   -2.8387e-02
   14.5    2.4602e+00    3.1163e+00   -2.1054e-01   -2.2632e-02
   17.5    2.4676e+00    3.1163e+00   -2.0817e-01    6.9719e-03
   20.5    2.4807e+00    3.1163e+00   -2.0394e-01    1.8474e-02
   23.5    2.4652e+00    3.1163e+00   -2.0891e-01    1.3462e-02
   26.5    2.6631e+00    3.1163e+00   -1.4543e-01   -1.2045e-04
   29.5    2.8415e+00    3.1163e+00   -8.8157e-02    8.3175e-03
   32.5    2.8779e+00    3.1163e+00   -7.6494e-02    1.7584e-02
   35.5    3.1931e+00    3.1163e+00    2.4646e-02    3.6784e-02
   38.5    3.7586e+00    3.1163e+00    2.0614e-01    5.5891e-02
   41.5    4.5173e+00    3.1163e+00    4.4959e-01    8.6956e-02
   44.5    5.1677e+00    3.1163e+00    6.5830e-01    9.9715e-02
   47.5    5.1970e+00    3.1163e+00    6.6771e-01    1.0363e-01
   50.5    4.6231e+00    3.1163e+00    4.8353e-01    8.6144e-02
   53.5    3.9362e+00    3.1163e+00    2.6313e-01    5.6673e-02
   56.5    3.0855e+00    3.1163e+00   -9.8767e-03    3.0858e-02
   59.5    2.6109e+00    3.1163e+00   -1.6216e-01    4.3354e-03
   62.5    2.4344e+00    3.1163e+00   -2.1879e-01   -3.1791e-04
   65.5    2.4949e+00    3.1163e+00   -1.9938e-01   -7.7942e-03
   68.5    2.5893e+00    3.1163e+00   -1.6912e-01   -4.5597e-03
   71.5    2.6158e+00    3.1163e+00   -1.6060e-01   -1.3458e-02
   74.5    2.5704e+00    3.1163e+00   -1.7517e-01   -2.3601e-02
   77.5    2.4930e+00    3.1163e+00   -2.0000e-01   -3.0762e-02
   80.5    2.7234e+00    3.1163e+00   -1.2606e-01   -1.6366e-02
   83.5    3.1002e+00    3.1163e+00   -5.1393e-03    3.2932e-02
   86.5    3.3915e+00    3.1163e+00    8.8311e-02    1.0490e-01
   89.5    3.4603e+00    3.1163e+00    1.1041e-01    1.6247e-01
   92.5    3.4041e+00    3.1163e+00    9.2355e-02    1.4012e-01
   95.5    3.2277e+00    3.1163e+00    3.5775e-02    6.7918e-02
   98.5    2.8051e+00    3.1163e+00   -9.9845e-02   -2.2048e-02
  101.5    2.5439e+00    3.1163e+00   -1.8367e-01   -6.3336e-02
  104.5    2.5654e+00    3.1163e+00   -1.7678e-01   -8.4587e-02
  107.5    2.6862e+00    3.1163e+00   -1.3802e-01   -8.8849e-02
  110.5    2.7331e+00    3.1163e+00   -1.2295e-01   -8.9706e-02
  113.5    2.6585e+00    3.1163e+00   -1.4689e-01   -8.8175e-02
  116.5    2.6830e+00    3.1163e+00   -1.3903e-01   -8.2415e-02
  119.5    2.7218e+00    3.1163e+00   -1.2657e-01   -7.4223e-02
  122.5    2.9982e+00    3.1163e+00   -3.7889e-02   -5.6310e-02
  125.5    3.3243e+00    3.1163e+00    6.6747e-02   -3.6252e-02
  128.5    4.0081e+00    3.1163e+00    2.8619e-01   -1.7945e-02
  131.5    4.5623e+00    3.1163e+00    4.6403e-01    2.1817e-02
  134.5    4.6070e+00    3.1163e+00    4.7838e-01    3.8684e-02
  137.5    4.3413e+00    3.1163e+00    3.9310e-01    2.3383e-02
  140.5    3.5589e+00    3.1163e+00    1.4205e-01   -3.7910e-03
  143.5    2.9093e+00    3.1163e+00   -6.6424e-02   -2.7096e-02
  146.5    2.7803e+00    3.1163e+00   -1.0782e-01   -3.8218e-02
  149.5    2.8134e+00    3.1163e+00   -9.7182e-02   -5.2292e-02
  152.5    2.7116e+00    3.1163e+00   -1.2985e-01   -6.7635e-02
  155.5    2.4050e+00    3.1163e+00   -2.2825e-01   -7.6663e-02
  158.5    2.1665e+00    3.1163e+00   -3.0476e-01   -6.8795e-02
  161.5    2.3214e+00    3.1163e+00   -2.5505e-01   -6.0734e-02
  164.5    2.4772e+00    3.1163e+00   -2.0507e-01   -6.8755e-02
  167.5    2.4044e+00    3.1163e+00   -2.2845e-01   -8.1946e-02
  170.5    2.6434e+00    3.1163e+00   -1.5175e-01   -6.1904e-02
  173.5    3.2579e+00    3.1163e+00    4.5465e-02   -1.2470e-02
  176.5    3.8317e+00    3.1163e+00    2.2958e-01    5.4599e-02
  179.5    4.0761e+00    3.1163e+00    3.0800e-01    8.1199e-02
  182.5    3.9441e+00    3.1163e+00    2.6564e-01    7.8303e-02
  185.5    3.4669e+00    3.1163e+00    1.1253e-01    4.0621e-02
  188.5    2.8601e+00    3.1163e+00   -8.2209e-02   -5.7984e-04
  191.5    2.3464e+00    3.1163e+00   -2.4704e-01   -2.8387e-02
  194.5    2.4424e+00    3.1163e+00   -2.1623e-01   -2.2632e-02
  197.5    2.3526e+00    3.1163e+00   -2.4507e-01    6.9737e-03
  200.5    2.1461e+00    3.1163e+00   -3.1133e-01    1.8473e-02
  203.5    2.3010e+00    3.1163e+00   -2.6161e-01    1.3464e-02
  206.5    2.5495e+00    3.1163e+00   -1.8186e-01   -1.2060e-04
  209.5    2.8483e+00    3.1163e+00   -8.5989e-02    8.3194e-03
  212.5    2.7974e+00    3.1163e+00   -1.0232e-01    1.7583e-02
  215.5    2.8657e+00    3.1163e+00   -8.0420e-02    3.6785e-02
  218.5    3.2804e+00    3.1163e+00    5.2661e-02    5.5891e-02
  221.5    3.9491e+00    3.1163e+00    2.6726e-01    8.6956e-02
  224.5    4.4518e+00    3.1163e+00    4.2857e-01    9.9716e-02
  227.5    4.5371e+00    3.1163e+00    4.5595e-01    1.0363e-01
  230.5    4.1268e+00    3.1163e+00    3.2428e-01    8.6144e-02
  233.5    3.5106e+00    3.1163e+00    1.2654e-01    5.6672e-02
  236.5    3.1122e+00    3.1163e+00   -1.2964e-03    3.0858e-02
  239.5    2.7825e+00    3.1163e+00   -1.0711e-01    4.3335e-03
  242.5    2.6237e+00    3.1163e+00   -1.5807e-01   -3.1760e-04
  245.5    2.6338e+00    3.1163e+00   -1.5482e-01   -7.7936e-03
  248.5    2.7211e+00    3.1163e+00   -1.2679e-01   -4.5593e-03
  251.5    2.6772e+00    3.1163e+00   -1.4090e-01   -1.3459e-02
  254.5    2.6365e+00    3.1163e+00   -1.5395e-01   -2.3602e-02
  257.5    2.4803e+00    3.1163e+00   -2.0406e-01   -3.0762e-02
  260.5    2.7146e+00    3.1163e+00   -1.2891e-01   -1.6366e-02
  263.5    3.0775e+00    3.1163e+00   -1.2444e-02    3.2929e-02
  266.5    3.3080e+00    3.1163e+00    6.1519e-02    1.0490e-01
  269.5    3.4803e+00    3.1163e+00    1.1683e-01    1.6247e-01
  272.5    3.3863e+00    3.1163e+00    8.6668e-02    1.4012e-01
  275.5    3.2372e+00    3.1163e+00    3.8800e-02    6.7915e-02
  278.5    2.9545e+00    3.1163e+00   -5.1924e-02   -2.2047e-02
  281.5    2.6149e+00    3.1163e+00   -1.6090e-01   -6.3338e-02
  284.5    2.4743e+00    3.1163e+00   -2.0599e-01   -8.4589e-02
  287.5    2.5032e+00    3.1163e+00   -1.9674e-01   -8.8849e-02
  290.5    2.5518e+00    3.1163e+00   -1.8115e-01   -8.9708e-02
  293.5    2.5376e+00    3.1163e+00   -1.8569e-01   -8.8175e-02
  296.5    2.4262e+00    3.1163e+00   -2.2144e-01   -8.2415e-02
  299.5    2.4659e+00    3.1163e+00   -2.0871e-01   -7.4224e-02
  302.5    2.9020e+00    3.1163e+00   -6.8768e-02   -5.6310e-02
  305.5    3.7077e+00    3.1163e+00    1.8980e-01   -3.6251e-02
  308.5    4.8049e+00    3.1163e+00    5.4188e-01   -1.7946e-02
  311.5    5.4551e+00    3.1163e+00    7.5051e-01    2.1817e-02
  314.5    5.6985e+00    3.1163e+00    8.2862e-01    3.8684e-02
  317.5    5.0555e+00    3.1163e+00    6.2229e-01    2.3383e-02
  320.5    4.2170e+00    3.1163e+00    3.5322e-01   -3.7906e-03
  323.5    3.4018e+00    3.1163e+00    9.1627e-02   -2.7094e-02
  326.5    2.9410e+00    3.1163e+00   -5.6238e-02   -3.8218e-02
  329.5    2.7998e+00    3.1163e+00   -1.0156e-01   -5.2292e-02
  332.5    2.6665e+00    3.1163e+00   -1.4434e-01   -6.7635e-02
  335.5    2.4799e+00    3.1163e+00   -2.0421e-01   -7.6662e-02
  338.5    2.3787e+00    3.1163e+00   -2.3670e-01   -6.8795e-02
  341.5    2.4499e+00    3.1163e+00   -2.1385e-01   -6.0734e-02
  344.5    2.4743e+00    3.1163e+00   -2.0600e-01   -6.8756e-02
  347.5    2.4824e+00    3.1163e+00   -2.0339e-01   -8.1947e-02
  350.5    2.6836e+00    3.1163e+00   -1.3883e-01   -6.1905e-02
  353.5    3.0417e+00    3.1163e+00   -2.3926e-02   -1.2470e-02
  356.5    3.5709e+00    3.1163e+00    1.4591e-01    5.4597e-02
  359.5    3.9180e+00    3.1163e+00    2.5729e-01    8.1198e-02
   9   120  15.82   54.0    1.0    0.0   ----------------------------
    2.5    4.0954e+00    2.8604e+00    4.3177e-01    1.1304e-01
    5.5    3.4920e+00    2.8604e+00    2.2081e-01    9.9161e-02
    8.5    3.0299e+00    2.8604e+00    5.9271e-02    7.0306e-02
   11.5    2.6998e+00    2.8604e+00   -5.6127e-02    5.2116e-02
   14.5    2.5052e+00    2.8604e+00   -1.2418e-01    3.6003e-02
   17.5    2.2798e+00    2.8604e+00   -2.0296e-01    3.3551e-02
   20.5    2.2399e+00    2.8604e+00   -2.1692e-01    4.1024e-02
   23.5    2.3628e+00    2.8604e+00   -1.7395e-01    5.3896e-02
   26.5    2.5885e+00    2.8604e+00   -9.5036e-02    5.5224e-02
   29.5    2.6409e+00    2.8604e+00   -7.6737e-02    4.3955e-02
   32.5    2.4488e+00    2.8604e+00   -1.4387e-01    3.2279e-02
   35.5    2.4093e+00    2.8604e+00   -1.5769e-01    2.9755e-02
   38.5    2.6880e+00    2.8604e+00   -6.0252e-02    3.5536e-02
   41.5    3.2394e+00    2.8604e+00    1.3251e-01    4.5669e-02
   44.5    3.7246e+00    2.8604e+00    3.0215e-01    5.2004e-02
   47.5    3.8096e+00    2.8604e+00    3.3186e-01    5.4890e-02
   50.5    3.5195e+00    2.8604e+00    2.3044e-01    4.9510e-02
   53.5    3.1480e+00    2.8604e+00    1.0057e-01    3.3996e-02
   56.5    2.5798e+00    2.8604e+00   -9.8092e-02    1.5303e-02
   59.5    2.3660e+00    2.8604e+00   -1.7284e-01    7.8063e-03
   62.5    2.3977e+00    2.8604e+00   -1.6176e-01    2.0777e-02
   65.5    2.5031e+00    2.8604e+00   -1.2489e-01    3.5961e-02
   68.5    2.6174e+00    2.8604e+00   -8.4935e-02    3.1312e-02
   71.5    2.7538e+00    2.8604e+00   -3.7262e-02    1.6594e-02
   74.5    2.7571e+00    2.8604e+00   -3.6105e-02    1.8401e-03
   77.5    2.5747e+00    2.8604e+00   -9.9884e-02    2.2696e-03
   80.5    2.6886e+00    2.8604e+00   -6.0052e-02    8.7907e-03
   83.5    3.1491e+00    2.8604e+00    1.0093e-01    4.3447e-02
   86.5    3.6654e+00    2.8604e+00    2.8143e-01    7.2639e-02
   89.5    4.0407e+00    2.8604e+00    4.1266e-01    9.6578e-02
   92.5    3.9756e+00    2.8604e+00    3.8989e-01    8.2105e-02
   95.5    3.5542e+00    2.8604e+00    2.4256e-01    4.8163e-02
   98.5    2.8182e+00    2.8604e+00   -1.4741e-02   -6.0769e-03
  101.5    2.4813e+00    2.8604e+00   -1.3252e-01   -5.3398e-02
  104.5    2.3962e+00    2.8604e+00   -1.6227e-01   -8.4097e-02
  107.5    2.5102e+00    2.8604e+00   -1.2240e-01   -8.2476e-02
  110.5    2.7054e+00    2.8604e+00   -5.4168e-02   -7.9318e-02
  113.5    2.7285e+00    2.8604e+00   -4.6103e-02   -6.9929e-02
  116.5    2.7437e+00    2.8604e+00   -4.0800e-02   -7.3251e-02
  119.5    2.6385e+00    2.8604e+00   -7.7572e-02   -8.4609e-02
  122.5    2.5397e+00    2.8604e+00   -1.1210e-01   -8.8831e-02
  125.5    2.6523e+00    2.8604e+00   -7.2744e-02   -7.5394e-02
  128.5    3.0019e+00    2.8604e+00    4.9500e-02   -5.4914e-02
  131.5    3.1934e+00    2.8604e+00    1.1644e-01   -3.9292e-02
  134.5    3.1866e+00    2.8604e+00    1.1404e-01   -3.3536e-02
  137.5    2.9759e+00    2.8604e+00    4.0404e-02   -4.5796e-02
  140.5    2.5970e+00    2.8604e+00   -9.2073e-02   -7.0801e-02
  143.5    2.4140e+00    2.8604e+00   -1.5606e-01   -9.4124e-02
  146.5    2.4986e+00    2.8604e+00   -1.2648e-01   -9.5873e-02
  149.5    2.9081e+00    2.8604e+00    1.6693e-02   -8.4221e-02
  152.5    2.9292e+00    2.8604e+00    2.4055e-02   -7.2599e-02
  155.5    2.5293e+00    2.8604e+00   -1.1574e-01   -6.3698e-02
  158.5    2.1759e+00    2.8604e+00   -2.3930e-01   -6.2330e-02
  161.5    2.0183e+00    2.8604e+00   -2.9439e-01   -7.0326e-02
  164.5    2.1298e+00    2.8604e+00   -2.5541e-01   -7.6544e-02
  167.5    2.2200e+00    2.8604e+00   -2.2387e-01   -6.2001e-02
  170.5    2.6599e+00    2.8604e+00   -7.0094e-02   -1.5020e-02
  173.5    3.2601e+00    2.8604e+00    1.3975e-01    3.3112e-02
  176.5    3.8642e+00    2.8604e+00    3.5095e-01    8.2616e-02
  179.5    4.0671e+00    2.8604e+00    4.2187e-01    1.0724e-01
  182.5    3.9271e+00    2.8604e+00    3.7294e-01    1.1304e-01
  185.5    3.4519e+00    2.8604e+00    2.0682e-01    9.9161e-02
  188.5    2.9119e+00    2.8604e+00    1.8020e-02    7.0307e-02
  191.5    2.2447e+00    2.8604e+00   -2.1524e-01    5.2116e-02
  194.5    2.1408e+00    2.8604e+00   -2.5157e-01    3.6003e-02
  197.5    2.0485e+00    2.8604e+00   -2.8381e-01    3.3553e-02
  200.5    2.1415e+00    2.8604e+00   -2.5132e-01    4.1023e-02
  203.5    2.3876e+00    2.8604e+00   -1.6528e-01    5.3898e-02
  206.5    2.7572e+00    2.8604e+00   -3.6053e-02    5.5224e-02
  209.5    3.0024e+00    2.8604e+00    4.9656e-02    4.3956e-02
  212.5    2.6635e+00    2.8604e+00   -6.8829e-02    3.2278e-02
  215.5    2.5123e+00    2.8604e+00   -1.2168e-01    2.9755e-02
  218.5    2.5602e+00    2.8604e+00   -1.0494e-01    3.5537e-02
  221.5    2.8360e+00    2.8604e+00   -8.5021e-03    4.5669e-02
  224.5    3.1351e+00    2.8604e+00    9.6059e-02    5.2004e-02
  227.5    3.1708e+00    2.8604e+00    1.0854e-01    5.4889e-02
  230.5    3.1499e+00    2.8604e+00    1.0124e-01    4.9510e-02
  233.5    2.8109e+00    2.8604e+00   -1.7280e-02    3.3996e-02
  236.5    2.5813e+00    2.8604e+00   -9.7574e-02    1.5302e-02
  239.5    2.6124e+00    2.8604e+00   -8.6675e-02    7.8036e-03
  242.5    2.7068e+00    2.8604e+00   -5.3700e-02    2.0778e-02
  245.5    2.6634e+00    2.8604e+00   -6.8857e-02    3.5962e-02
  248.5    2.7074e+00    2.8604e+00   -5.3474e-02    3.1313e-02
  251.5    2.5070e+00    2.8604e+00   -1.2352e-01    1.6590e-02
  254.5    2.3419e+00    2.8604e+00   -1.8126e-01    1.8395e-03
  257.5    2.3445e+00    2.8604e+00   -1.8036e-01    2.2689e-03
  260.5    2.6924e+00    2.8604e+00   -5.8725e-02    8.7906e-03
  263.5    3.4062e+00    2.8604e+00    1.9083e-01    4.3442e-02
  266.5    3.8502e+00    2.8604e+00    3.4606e-01    7.2640e-02
  269.5    4.0515e+00    2.8604e+00    4.1642e-01    9.6578e-02
  272.5    3.7524e+00    2.8604e+00    3.1186e-01    8.2104e-02
  275.5    3.2931e+00    2.8604e+00    1.5130e-01    4.8158e-02
  278.5    2.8257e+00    2.8604e+00   -1.2128e-02   -6.0771e-03
  281.5    2.5471e+00    2.8604e+00   -1.0951e-01   -5.3400e-02
  284.5    2.5509e+00    2.8604e+00   -1.0818e-01   -8.4098e-02
  287.5    2.6051e+00    2.8604e+00   -8.9256e-02   -8.2476e-02
  290.5    2.5928e+00    2.8604e+00   -9.3523e-02   -7.9319e-02
  293.5    2.5361e+00    2.8604e+00   -1.1337e-01   -6.9928e-02
  296.5    2.4223e+00    2.8604e+00   -1.5315e-01   -7.3251e-02
  299.5    2.3495e+00    2.8604e+00   -1.7859e-01   -8.4609e-02
  302.5    2.4438e+00    2.8604e+00   -1.4562e-01   -8.8832e-02
  305.5    3.0106e+00    2.8604e+00    5.2523e-02   -7.5392e-02
  308.5    3.6200e+00    2.8604e+00    2.6558e-01   -5.4914e-02
  311.5    3.9275e+00    2.8604e+00    3.7307e-01   -3.9293e-02
  314.5    4.0999e+00    2.8604e+00    4.3336e-01   -3.3537e-02
  317.5    3.6783e+00    2.8604e+00    2.8597e-01   -4.5796e-02
  320.5    3.0275e+00    2.8604e+00    5.8446e-02   -7.0801e-02
  323.5    2.4676e+00    2.8604e+00   -1.3731e-01   -9.4123e-02
  326.5    2.3881e+00    2.8604e+00   -1.6509e-01   -9.5873e-02
  329.5    2.6008e+00    2.8604e+00   -9.0753e-02   -8.4221e-02
  332.5    2.6240e+00    2.8604e+00   -8.2617e-02   -7.2600e-02
  335.5    2.4098e+00    2.8604e+00   -1.5752e-01   -6.3697e-02
  338.5    2.2454e+00    2.8604e+00   -2.1500e-01   -6.2330e-02
  341.5    2.1728e+00    2.8604e+00   -2.4039e-01   -7.0325e-02
  344.5    2.3507e+00    2.8604e+00   -1.7819e-01   -7.6546e-02
  347.5    2.5693e+00    2.8604e+00   -1.0177e-01   -6.2001e-02
  350.5    2.8780e+00    2.8604e+00    6.1637e-03   -1.5022e-02
  353.5    3.3016e+00    2.8604e+00    1.5428e-01    3.3112e-02
  356.5    3.9008e+00    2.8604e+00    3.6376e-01    8.2614e-02
  359.5    4.3465e+00    2.8604e+00    5.1955e-01    1.0724e-01
  10   120  15.82   57.0    1.0    0.0   ----------------------------
    2.5    3.9449e+00    2.6613e+00    4.8229e-01    1.4960e-01
    5.5    3.4308e+00    2.6613e+00    2.8913e-01    1.4640e-01
    8.5    3.0004e+00    2.6613e+00    1.2741e-01    1.2056e-01
   11.5    2.8150e+00    2.6613e+00    5.7741e-02    1.0506e-01
   14.5    2.6489e+00    2.6613e+00   -4.6804e-03    9.3687e-02
   17.5    2.4728e+00    2.6613e+00   -7.0861e-02    7.9819e-02
   20.5    2.4936e+00    2.6613e+00   -6.3039e-02    6.2864e-02
   23.5    2.5554e+00    2.6613e+00   -3.9825e-02    5.0229e-02
   26.5    2.6431e+00    2.6613e+00   -6.8684e-03    5.9502e-02
   29.5    2.5852e+00    2.6613e+00   -2.8623e-02    7.2473e-02
   32.5    2.2684e+00    2.6613e+00   -1.4766e-01    7.3672e-02
   35.5    2.1971e+00    2.6613e+00   -1.7444e-01    7.2645e-02
   38.5    2.3365e+00    2.6613e+00   -1.2207e-01    5.9301e-02
   41.5    2.6169e+00    2.6613e+00   -1.6718e-02    5.8199e-02
   44.5    2.9840e+00    2.6613e+00    1.2124e-01    5.9322e-02
   47.5    3.0867e+00    2.6613e+00    1.5982e-01    7.7978e-02
   50.5    2.9997e+00    2.6613e+00    1.2712e-01    7.0136e-02
   53.5    2.7376e+00    2.6613e+00    2.8665e-02    5.6512e-02
   56.5    2.3401e+00    2.6613e+00   -1.2070e-01    3.1354e-02
   59.5    2.2694e+00    2.6613e+00   -1.4727e-01    2.2201e-02
   62.5    2.3689e+00    2.6613e+00   -1.0989e-01    1.0720e-02
   65.5    2.4590e+00    2.6613e+00   -7.6025e-02   -7.2439e-03
   68.5    2.5551e+00    2.6613e+00   -3.9938e-02   -1.4181e-02
   71.5    2.7901e+00    2.6613e+00    4.8380e-02   -3.2952e-03
   74.5    2.8403e+00    2.6613e+00    6.7259e-02    1.2453e-02
   77.5    2.6986e+00    2.6613e+00    1.4001e-02    1.7791e-02
   80.5    2.6509e+00    2.6613e+00   -3.9278e-03    1.1627e-02
   83.5    2.8796e+00    2.6613e+00    8.2018e-02    2.4748e-02
   86.5    3.3544e+00    2.6613e+00    2.6040e-01    4.0306e-02
   89.5    3.7501e+00    2.6613e+00    4.0912e-01    4.1223e-02
   92.5    3.5550e+00    2.6613e+00    3.3577e-01    2.6062e-02
   95.5    3.0996e+00    2.6613e+00    1.6466e-01   -2.8608e-03
   98.5    2.4682e+00    2.6613e+00   -7.2583e-02   -2.7674e-02
  101.5    2.2224e+00    2.6613e+00   -1.6494e-01   -4.5036e-02
  104.5    2.2602e+00    2.6613e+00   -1.5073e-01   -5.7990e-02
  107.5    2.3231e+00    2.6613e+00   -1.2711e-01   -7.1829e-02
  110.5    2.5871e+00    2.6613e+00   -2.7900e-02   -9.4843e-02
  113.5    2.7283e+00    2.6613e+00    2.5150e-02   -1.0924e-01
  116.5    2.8071e+00    2.6613e+00    5.4785e-02   -9.6502e-02
  119.5    2.5495e+00    2.6613e+00   -4.2036e-02   -9.3731e-02
  122.5    2.3159e+00    2.6613e+00   -1.2979e-01   -7.7914e-02
  125.5    2.3197e+00    2.6613e+00   -1.2837e-01   -6.8381e-02
  128.5    2.5114e+00    2.6613e+00   -5.6351e-02   -6.6296e-02
  131.5    2.6483e+00    2.6613e+00   -4.9127e-03   -5.9885e-02
  134.5    2.6627e+00    2.6613e+00    5.2536e-04   -7.4690e-02
  137.5    2.5056e+00    2.6613e+00   -5.8517e-02   -9.1863e-02
  140.5    2.2510e+00    2.6613e+00   -1.5419e-01   -1.1231e-01
  143.5    2.1604e+00    2.6613e+00   -1.8822e-01   -1.2263e-01
  146.5    2.3515e+00    2.6613e+00   -1.1641e-01   -1.2936e-01
  149.5    2.8006e+00    2.6613e+00    5.2321e-02   -1.3188e-01
  152.5    2.7819e+00    2.6613e+00    4.5283e-02   -1.2621e-01
  155.5    2.5227e+00    2.6613e+00   -5.2087e-02   -1.1982e-01
  158.5    2.2606e+00    2.6613e+00   -1.5057e-01   -1.0580e-01
  161.5    2.1286e+00    2.6613e+00   -2.0019e-01   -6.9320e-02
  164.5    2.1604e+00    2.6613e+00   -1.8825e-01   -4.3870e-02
  167.5    2.0657e+00    2.6613e+00   -2.2381e-01   -1.3603e-02
  170.5    2.2500e+00    2.6613e+00   -1.5455e-01    8.3124e-03
  173.5    2.8165e+00    2.6613e+00    5.8286e-02    6.5079e-02
  176.5    3.3221e+00    2.6613e+00    2.4826e-01    1.1171e-01
  179.5    3.5666e+00    2.6613e+00    3.4013e-01    1.4674e-01
  182.5    3.3560e+00    2.6613e+00    2.6101e-01    1.4960e-01
  185.5    3.0358e+00    2.6613e+00    1.4069e-01    1.4640e-01
  188.5    2.4666e+00    2.6613e+00   -7.3193e-02    1.2056e-01
  191.5    2.0669e+00    2.6613e+00   -2.2334e-01    1.0506e-01
  194.5    2.0970e+00    2.6613e+00   -2.1206e-01    9.3687e-02
  197.5    2.1766e+00    2.6613e+00   -1.8216e-01    7.9820e-02
  200.5    2.3169e+00    2.6613e+00   -1.2943e-01    6.2863e-02
  203.5    2.4521e+00    2.6613e+00   -7.8627e-02    5.0231e-02
  206.5    2.7180e+00    2.6613e+00    2.1284e-02    5.9503e-02
  209.5    2.8877e+00    2.6613e+00    8.5045e-02    7.2474e-02
  212.5    2.4990e+00    2.6613e+00   -6.1013e-02    7.3672e-02
  215.5    2.1642e+00    2.6613e+00   -1.8681e-01    7.2645e-02
  218.5    2.2187e+00    2.6613e+00   -1.6633e-01    5.9302e-02
  221.5    2.5114e+00    2.6613e+00   -5.6351e-02    5.8199e-02
  224.5    2.6290e+00    2.6613e+00   -1.2167e-02    5.9321e-02
  227.5    2.7003e+00    2.6613e+00    1.4644e-02    7.7977e-02
  230.5    2.6992e+00    2.6613e+00    1.4218e-02    7.0138e-02
  233.5    2.4073e+00    2.6613e+00   -9.5467e-02    5.6512e-02
  236.5    2.2664e+00    2.6613e+00   -1.4839e-01    3.1354e-02
  239.5    2.4797e+00    2.6613e+00   -6.8263e-02    2.2197e-02
  242.5    2.8242e+00    2.6613e+00    6.1179e-02    1.0721e-02
  245.5    2.7169e+00    2.6613e+00    2.0859e-02   -7.2425e-03
  248.5    2.6664e+00    2.6613e+00    1.9113e-03   -1.4179e-02
  251.5    2.3381e+00    2.6613e+00   -1.2146e-01   -3.3007e-03
  254.5    2.1794e+00    2.6613e+00   -1.8111e-01    1.2452e-02
  257.5    2.1226e+00    2.6613e+00   -2.0244e-01    1.7790e-02
  260.5    2.3650e+00    2.6613e+00   -1.1136e-01    1.1627e-02
  263.5    3.0246e+00    2.6613e+00    1.3651e-01    2.4741e-02
  266.5    3.4158e+00    2.6613e+00    2.8350e-01    4.0308e-02
  269.5    3.6550e+00    2.6613e+00    3.7336e-01    4.1222e-02
  272.5    3.4327e+00    2.6613e+00    2.8982e-01    2.6061e-02
  275.5    3.0300e+00    2.6613e+00    1.3851e-01   -2.8666e-03
  278.5    2.6003e+00    2.6613e+00   -2.2920e-02   -2.7674e-02
  281.5    2.5526e+00    2.6613e+00   -4.0878e-02   -4.5038e-02
  284.5    2.7160e+00    2.6613e+00    2.0522e-02   -5.7991e-02
  287.5    2.7013e+00    2.6613e+00    1.5017e-02   -7.1830e-02
  290.5    2.6104e+00    2.6613e+00   -1.9161e-02   -9.4844e-02
  293.5    2.5100e+00    2.6613e+00   -5.6866e-02   -1.0924e-01
  296.5    2.5189e+00    2.6613e+00   -5.3507e-02   -9.6502e-02
  299.5    2.3891e+00    2.6613e+00   -1.0228e-01   -9.3730e-02
  302.5    2.2343e+00    2.6613e+00   -1.6046e-01   -7.7914e-02
  305.5    2.5195e+00    2.6613e+00   -5.3313e-02   -6.8379e-02
  308.5    2.8608e+00    2.6613e+00    7.4935e-02   -6.6297e-02
  311.5    3.0178e+00    2.6613e+00    1.3394e-01   -5.9886e-02
  314.5    3.0452e+00    2.6613e+00    1.4425e-01   -7.4690e-02
  317.5    2.7189e+00    2.6613e+00    2.1641e-02   -9.1863e-02
  320.5    2.3385e+00    2.6613e+00   -1.2130e-01   -1.1231e-01
  323.5    2.1624e+00    2.6613e+00   -1.8747e-01   -1.2262e-01
  326.5    2.2068e+00    2.6613e+00   -1.7080e-01   -1.2936e-01
  329.5    2.5602e+00    2.6613e+00   -3.8011e-02   -1.3188e-01
  332.5    2.6590e+00    2.6613e+00   -8.9997e-04   -1.2621e-01
  335.5    2.5290e+00    2.6613e+00   -4.9721e-02   -1.1982e-01
  338.5    2.4839e+00    2.6613e+00   -6.6677e-02   -1.0580e-01
  341.5    2.4383e+00    2.6613e+00   -8.3821e-02   -6.9319e-02
  344.5    2.5591e+00    2.6613e+00   -3.8437e-02   -4.3874e-02
  347.5    2.6869e+00    2.6613e+00    9.5856e-03   -1.3603e-02
  350.5    2.8638e+00    2.6613e+00    7.6090e-02    8.3093e-03
  353.5    3.2507e+00    2.6613e+00    2.2143e-01    6.5079e-02
  356.5    3.7353e+00    2.6613e+00    4.0355e-01    1.1171e-01
  359.5    4.1976e+00    2.6613e+00    5.7727e-01    1.4673e-01
