   1   120  15.82   30.0    1.0    0.0   ----------------------------
    2.5    4.0168e+00    3.1741e+00    2.6549e-01    7.9703e-02
    5.5    4.0614e+00    3.1741e+00    2.7955e-01    8.9743e-02
    8.5    4.0349e+00    3.1741e+00    2.7122e-01    8.1535e-02
   11.5    3.7183e+00    3.1741e+00    1.7148e-01    4.3014e-02
   14.5    3.2596e+00    3.1741e+00    2.6939e-02   -1.1028e-02
   17.5    2.8082e+00    3.1741e+00   -1.1527e-01   -5.6685e-02
   20.5    2.5523e+00    3.1741e+00   -1.9590e-01   -7.2070e-02
   23.5    2.4083e+00    3.1741e+00   -2.4127e-01   -7.8056e-02
   26.5    2.4123e+00    3.1741e+00   -2.4000e-01   -7.6352e-02
   29.5    2.4716e+00    3.1741e+00   -2.2131e-01   -8.7337e-02
   32.5    2.5892e+00    3.1741e+00   -1.8425e-01   -9.1148e-02
   35.5    2.8168e+00    3.1741e+00   -1.1255e-01   -8.1315e-02
   38.5    3.0753e+00    3.1741e+00   -3.1110e-02   -5.6700e-02
   41.5    3.3003e+00    3.1741e+00    3.9762e-02   -2.3083e-02
   44.5    3.3375e+00    3.1741e+00    5.1486e-02    1.6590e-03
   47.5    3.3455e+00    3.1741e+00    5.4005e-02    1.8323e-02
   50.5    3.2595e+00    3.1741e+00    2.6908e-02    1.2507e-02
   53.5    3.1817e+00    3.1741e+00    2.4116e-03   -4.5615e-03
   56.5    3.0460e+00    3.1741e+00   -4.0346e-02   -2.9961e-02
   59.5    2.8937e+00    3.1741e+00   -8.8317e-02   -4.4170e-02
   62.5    2.7880e+00    3.1741e+00   -1.2163e-01   -4.5849e-02
   65.5    2.6855e+00    3.1741e+00   -1.5393e-01   -3.4435e-02
   68.5    2.6195e+00    3.1741e+00   -1.7471e-01   -1.9596e-02
   71.5    2.6547e+00    3.1741e+00   -1.6362e-01   -6.7365e-03
   74.5    2.7472e+00    3.1741e+00   -1.3450e-01    7.2020e-03
   77.5    3.0501e+00    3.1741e+00   -3.9061e-02    2.6837e-02
   80.5    3.4176e+00    3.1741e+00    7.6731e-02    6.2876e-02
   83.5    3.7773e+00    3.1741e+00    1.9004e-01    1.1053e-01
   86.5    4.0860e+00    3.1741e+00    2.8731e-01    1.4540e-01
   89.5    4.2450e+00    3.1741e+00    3.3741e-01    1.5625e-01
   92.5    4.2980e+00    3.1741e+00    3.5409e-01    1.4761e-01
   95.5    4.2103e+00    3.1741e+00    3.2648e-01    1.3318e-01
   98.5    3.9219e+00    3.1741e+00    2.3559e-01    7.6059e-02
  101.5    3.5774e+00    3.1741e+00    1.2707e-01    3.5220e-02
  104.5    3.1312e+00    3.1741e+00   -1.3506e-02   -1.4037e-02
  107.5    2.8172e+00    3.1741e+00   -1.1243e-01   -1.7085e-02
  110.5    2.5842e+00    3.1741e+00   -1.8585e-01   -4.0263e-02
  113.5    2.4838e+00    3.1741e+00   -2.1748e-01   -6.5798e-02
  116.5    2.4896e+00    3.1741e+00   -2.1565e-01   -1.0371e-01
  119.5    2.6330e+00    3.1741e+00   -1.7047e-01   -1.1083e-01
  122.5    2.8333e+00    3.1741e+00   -1.0737e-01   -9.4988e-02
  125.5    3.0422e+00    3.1741e+00   -4.1532e-02   -5.4154e-02
  128.5    3.2131e+00    3.1741e+00    1.2302e-02    1.5155e-02
  131.5    3.3457e+00    3.1741e+00    5.4061e-02    2.1197e-02
  134.5    3.2590e+00    3.1741e+00    2.6757e-02    1.8032e-02
  137.5    3.2044e+00    3.1741e+00    9.5475e-03    1.1580e-02
  140.5    2.9989e+00    3.1741e+00   -5.5193e-02   -1.7602e-02
  143.5    2.8248e+00    3.1741e+00   -1.1002e-01   -4.3238e-02
  146.5    2.7507e+00    3.1741e+00   -1.3339e-01   -4.9114e-02
  149.5    2.6022e+00    3.1741e+00   -1.8018e-01   -4.4946e-02
  152.5    2.5263e+00    3.1741e+00   -2.0408e-01   -3.2473e-02
  155.5    2.4540e+00    3.1741e+00   -2.2685e-01   -4.2739e-02
  158.5    2.6358e+00    3.1741e+00   -1.6957e-01   -5.0957e-02
  161.5    2.8844e+00    3.1741e+00   -9.1252e-02   -5.7035e-02
  164.5    3.3327e+00    3.1741e+00    4.9965e-02   -2.9778e-02
  167.5    3.8420e+00    3.1741e+00    2.1043e-01    2.7790e-02
  170.5    4.2330e+00    3.1741e+00    3.3364e-01    8.4118e-02
  173.5    4.2895e+00    3.1741e+00    3.5143e-01    1.0643e-01
  176.5    4.2217e+00    3.1741e+00    3.3005e-01    9.4872e-02
  179.5    4.1562e+00    3.1741e+00    3.0942e-01    8.1013e-02
  182.5    4.2177e+00    3.1741e+00    3.2881e-01    7.9704e-02
  185.5    4.2968e+00    3.1741e+00    3.5371e-01    8.9743e-02
  188.5    4.3308e+00    3.1741e+00    3.6442e-01    8.1534e-02
  191.5    4.0211e+00    3.1741e+00    2.6687e-01    4.3012e-02
  194.5    3.5283e+00    3.1741e+00    1.1161e-01   -1.1029e-02
  197.5    3.0304e+00    3.1741e+00   -4.5268e-02   -5.6684e-02
  200.5    2.6787e+00    3.1741e+00   -1.5605e-01   -7.2070e-02
  203.5    2.5069e+00    3.1741e+00   -2.1018e-01   -7.8055e-02
  206.5    2.4721e+00    3.1741e+00   -2.2116e-01   -7.6351e-02
  209.5    2.5568e+00    3.1741e+00   -1.9447e-01   -8.7337e-02
  212.5    2.6829e+00    3.1741e+00   -1.5476e-01   -9.1148e-02
  215.5    2.7891e+00    3.1741e+00   -1.2129e-01   -8.1314e-02
  218.5    2.9161e+00    3.1741e+00   -8.1277e-02   -5.6700e-02
  221.5    3.1332e+00    3.1741e+00   -1.2889e-02   -2.3083e-02
  224.5    3.2557e+00    3.1741e+00    2.5725e-02    1.6600e-03
  227.5    3.3350e+00    3.1741e+00    5.0706e-02    1.8323e-02
  230.5    3.2885e+00    3.1741e+00    3.6068e-02    1.2506e-02
  233.5    3.1069e+00    3.1741e+00   -2.1155e-02   -4.5620e-03
  236.5    2.9417e+00    3.1741e+00   -7.3215e-02   -2.9965e-02
  239.5    2.7058e+00    3.1741e+00   -1.4753e-01   -4.4172e-02
  242.5    2.4915e+00    3.1741e+00   -2.1504e-01   -4.5849e-02
  245.5    2.4431e+00    3.1741e+00   -2.3028e-01   -3.4435e-02
  248.5    2.4628e+00    3.1741e+00   -2.2408e-01   -1.9596e-02
  251.5    2.6529e+00    3.1741e+00   -1.6419e-01   -6.7359e-03
  254.5    2.9535e+00    3.1741e+00   -6.9491e-02    7.2025e-03
  257.5    3.2858e+00    3.1741e+00    3.5216e-02    2.6838e-02
  260.5    3.6385e+00    3.1741e+00    1.4633e-01    6.2877e-02
  263.5    3.9116e+00    3.1741e+00    2.3236e-01    1.1053e-01
  266.5    4.0985e+00    3.1741e+00    2.9124e-01    1.4540e-01
  269.5    4.1323e+00    3.1741e+00    3.0189e-01    1.5625e-01
  272.5    4.0486e+00    3.1741e+00    2.7553e-01    1.4761e-01
  275.5    3.7462e+00    3.1741e+00    1.8026e-01    1.3318e-01
  278.5    3.3745e+00    3.1741e+00    6.3135e-02    7.6059e-02
  281.5    3.0253e+00    3.1741e+00   -4.6856e-02    3.5218e-02
  284.5    2.6861e+00    3.1741e+00   -1.5373e-01   -1.4038e-02
  287.5    2.6043e+00    3.1741e+00   -1.7950e-01   -1.7085e-02
  290.5    2.5756e+00    3.1741e+00   -1.8856e-01   -4.0265e-02
  293.5    2.6183e+00    3.1741e+00   -1.7509e-01   -6.5796e-02
  296.5    2.6965e+00    3.1741e+00   -1.5047e-01   -1.0371e-01
  299.5    2.8109e+00    3.1741e+00   -1.1442e-01   -1.1083e-01
  302.5    2.9471e+00    3.1741e+00   -7.1500e-02   -9.4990e-02
  305.5    3.1553e+00    3.1741e+00   -5.9135e-03   -5.4152e-02
  308.5    3.2456e+00    3.1741e+00    2.2550e-02    1.5154e-02
  311.5    3.3147e+00    3.1741e+00    4.4315e-02    2.1197e-02
  314.5    3.3518e+00    3.1741e+00    5.6007e-02    1.8032e-02
  317.5    3.3153e+00    3.1741e+00    4.4491e-02    1.1580e-02
  320.5    3.1573e+00    3.1741e+00   -5.2971e-03   -1.7601e-02
  323.5    2.9157e+00    3.1741e+00   -8.1401e-02   -4.3236e-02
  326.5    2.6689e+00    3.1741e+00   -1.5914e-01   -4.9113e-02
  329.5    2.4811e+00    3.1741e+00   -2.1832e-01   -4.4945e-02
  332.5    2.4311e+00    3.1741e+00   -2.3407e-01   -3.2472e-02
  335.5    2.4108e+00    3.1741e+00   -2.4046e-01   -4.2738e-02
  338.5    2.4722e+00    3.1741e+00   -2.2112e-01   -5.0956e-02
  341.5    2.7167e+00    3.1741e+00   -1.4410e-01   -5.7035e-02
  344.5    3.0763e+00    3.1741e+00   -3.0806e-02   -2.9778e-02
  347.5    3.5898e+00    3.1741e+00    1.3098e-01    2.7789e-02
  350.5    3.9761e+00    3.1741e+00    2.5270e-01    8.4118e-02
  353.5    4.1060e+00    3.1741e+00    2.9360e-01    1.0643e-01
  356.5    4.0509e+00    3.1741e+00    2.7624e-01    9.4871e-02
  359.5    3.9973e+00    3.1741e+00    2.5937e-01    8.1013e-02
   2   120  15.82   33.0    1.0    0.0   ----------------------------
    2.5    4.3333e+00    3.4959e+00    2.3956e-01    1.9795e-02
    5.5    4.5129e+00    3.4959e+00    2.9093e-01    6.8721e-02
    8.5    4.5616e+00    3.4959e+00    3.0485e-01    8.6441e-02
   11.5    4.3157e+00    3.4959e+00    2.3450e-01    6.9374e-02
   14.5    3.7617e+00    3.4959e+00    7.6048e-02    2.5392e-02
   17.5    3.2127e+00    3.4959e+00   -8.1012e-02   -2.9918e-03
   20.5    2.8651e+00    3.4959e+00   -1.8044e-01   -1.9975e-02
   23.5    2.7277e+00    3.4959e+00   -2.1975e-01   -3.7602e-02
   26.5    2.7428e+00    3.4959e+00   -2.1540e-01   -5.7280e-02
   29.5    2.7954e+00    3.4959e+00   -2.0038e-01   -7.9958e-02
   32.5    2.8842e+00    3.4959e+00   -1.7498e-01   -8.0483e-02
   35.5    2.9776e+00    3.4959e+00   -1.4826e-01   -6.5392e-02
   38.5    3.1701e+00    3.4959e+00   -9.3188e-02   -4.0800e-02
   41.5    3.3307e+00    3.4959e+00   -4.7245e-02   -2.8692e-02
   44.5    3.4001e+00    3.4959e+00   -2.7386e-02   -2.2406e-02
   47.5    3.4501e+00    3.4959e+00   -1.3082e-02   -2.0490e-02
   50.5    3.3686e+00    3.4959e+00   -3.6418e-02   -1.7572e-02
   53.5    3.3025e+00    3.4959e+00   -5.5309e-02   -2.8306e-02
   56.5    3.2126e+00    3.4959e+00   -8.1032e-02   -4.6789e-02
   59.5    3.1646e+00    3.4959e+00   -9.4758e-02   -5.7478e-02
   62.5    3.0856e+00    3.4959e+00   -1.1736e-01   -5.0004e-02
   65.5    3.0280e+00    3.4959e+00   -1.3384e-01   -2.1764e-02
   68.5    3.0220e+00    3.4959e+00   -1.3556e-01   -2.7371e-05
   71.5    3.0947e+00    3.4959e+00   -1.1475e-01    1.9800e-02
   74.5    3.2404e+00    3.4959e+00   -7.3075e-02    2.6109e-02
   77.5    3.5604e+00    3.4959e+00    1.8472e-02    4.9371e-02
   80.5    3.8564e+00    3.4959e+00    1.0313e-01    6.7714e-02
   83.5    4.2172e+00    3.4959e+00    2.0633e-01    8.7031e-02
   86.5    4.4540e+00    3.4959e+00    2.7408e-01    1.0122e-01
   89.5    4.5810e+00    3.4959e+00    3.1039e-01    1.0517e-01
   92.5    4.6251e+00    3.4959e+00    3.2302e-01    1.0859e-01
   95.5    4.5084e+00    3.4959e+00    2.8965e-01    1.0698e-01
   98.5    4.2309e+00    3.4959e+00    2.1026e-01    1.0316e-01
  101.5    3.8893e+00    3.4959e+00    1.1254e-01    7.7403e-02
  104.5    3.5118e+00    3.4959e+00    4.5682e-03    3.0569e-02
  107.5    3.2808e+00    3.4959e+00   -6.1524e-02   -6.4170e-03
  110.5    3.0456e+00    3.4959e+00   -1.2880e-01   -2.2563e-02
  113.5    2.9437e+00    3.4959e+00   -1.5794e-01   -3.7033e-02
  116.5    2.8447e+00    3.4959e+00   -1.8627e-01   -5.8210e-02
  119.5    2.9093e+00    3.4959e+00   -1.6778e-01   -8.7822e-02
  122.5    3.0852e+00    3.4959e+00   -1.1747e-01   -9.6643e-02
  125.5    3.2464e+00    3.4959e+00   -7.1347e-02   -8.5553e-02
  128.5    3.4543e+00    3.4959e+00   -1.1890e-02   -1.9825e-02
  131.5    3.5292e+00    3.4959e+00    9.5404e-03   -1.2086e-02
  134.5    3.5339e+00    3.4959e+00    1.0868e-02   -1.0427e-03
  137.5    3.4973e+00    3.4959e+00    4.0007e-04    5.7627e-03
  140.5    3.3753e+00    3.4959e+00   -3.4496e-02   -1.4087e-02
  143.5    3.1777e+00    3.4959e+00   -9.1017e-02   -5.0052e-02
  146.5    3.0957e+00    3.4959e+00   -1.1446e-01   -8.3336e-02
  149.5    2.9386e+00    3.4959e+00   -1.5941e-01   -8.7035e-02
  152.5    2.7813e+00    3.4959e+00   -2.0440e-01   -7.8703e-02
  155.5    2.7393e+00    3.4959e+00   -2.1642e-01   -4.8016e-02
  158.5    2.8089e+00    3.4959e+00   -1.9650e-01   -2.6271e-02
  161.5    3.1277e+00    3.4959e+00   -1.0533e-01   -2.6531e-03
  164.5    3.6845e+00    3.4959e+00    5.3954e-02    2.4185e-02
  167.5    4.3416e+00    3.4959e+00    2.4193e-01    7.5095e-02
  170.5    4.7733e+00    3.4959e+00    3.6542e-01    1.0166e-01
  173.5    4.8372e+00    3.4959e+00    3.8370e-01    9.0284e-02
  176.5    4.6482e+00    3.4959e+00    3.2963e-01    3.5810e-02
  179.5    4.2878e+00    3.4959e+00    2.2653e-01    9.7238e-03
  182.5    4.5062e+00    3.4959e+00    2.8901e-01    1.9796e-02
  185.5    4.7273e+00    3.4959e+00    3.5226e-01    6.8722e-02
  188.5    4.8386e+00    3.4959e+00    3.8409e-01    8.6441e-02
  191.5    4.4977e+00    3.4959e+00    2.8659e-01    6.9373e-02
  194.5    3.9027e+00    3.4959e+00    1.1638e-01    2.5392e-02
  197.5    3.2956e+00    3.4959e+00   -5.7299e-02   -2.9917e-03
  200.5    2.8960e+00    3.4959e+00   -1.7158e-01   -1.9976e-02
  203.5    2.7682e+00    3.4959e+00   -2.0814e-01   -3.7601e-02
  206.5    2.7977e+00    3.4959e+00   -1.9970e-01   -5.7278e-02
  209.5    2.9252e+00    3.4959e+00   -1.6323e-01   -7.9958e-02
  212.5    3.0977e+00    3.4959e+00   -1.1390e-01   -8.0483e-02
  215.5    3.1679e+00    3.4959e+00   -9.3810e-02   -6.5391e-02
  218.5    3.3412e+00    3.4959e+00   -4.4232e-02   -4.0800e-02
  221.5    3.4408e+00    3.4959e+00   -1.5763e-02   -2.8692e-02
  224.5    3.5569e+00    3.4959e+00    1.7450e-02   -2.2405e-02
  227.5    3.5317e+00    3.4959e+00    1.0265e-02   -2.0490e-02
  230.5    3.4999e+00    3.4959e+00    1.1528e-03   -1.7573e-02
  233.5    3.3087e+00    3.4959e+00   -5.3552e-02   -2.8306e-02
  236.5    3.1218e+00    3.4959e+00   -1.0700e-01   -4.6792e-02
  239.5    2.9505e+00    3.4959e+00   -1.5599e-01   -5.7480e-02
  242.5    2.8115e+00    3.4959e+00   -1.9576e-01   -5.0003e-02
  245.5    2.7889e+00    3.4959e+00   -2.0223e-01   -2.1764e-02
  248.5    2.8646e+00    3.4959e+00   -1.8057e-01   -2.8038e-05
  251.5    3.0816e+00    3.4959e+00   -1.1851e-01    1.9801e-02
  254.5    3.3070e+00    3.4959e+00   -5.4033e-02    2.6109e-02
  257.5    3.5982e+00    3.4959e+00    2.9273e-02    4.9371e-02
  260.5    3.8807e+00    3.4959e+00    1.1009e-01    6.7713e-02
  263.5    4.1565e+00    3.4959e+00    1.8897e-01    8.7031e-02
  266.5    4.3884e+00    3.4959e+00    2.5531e-01    1.0122e-01
  269.5    4.4591e+00    3.4959e+00    2.7553e-01    1.0517e-01
  272.5    4.4681e+00    3.4959e+00    2.7810e-01    1.0859e-01
  275.5    4.2139e+00    3.4959e+00    2.0541e-01    1.0698e-01
  278.5    3.8995e+00    3.4959e+00    1.1546e-01    1.0316e-01
  281.5    3.5602e+00    3.4959e+00    1.8417e-02    7.7402e-02
  284.5    3.2060e+00    3.4959e+00   -8.2918e-02    3.0569e-02
  287.5    3.0123e+00    3.4959e+00   -1.3833e-01   -6.4167e-03
  290.5    2.9070e+00    3.4959e+00   -1.6845e-01   -2.2565e-02
  293.5    2.8950e+00    3.4959e+00   -1.7188e-01   -3.7031e-02
  296.5    2.8883e+00    3.4959e+00   -1.7379e-01   -5.8210e-02
  299.5    2.9575e+00    3.4959e+00   -1.5401e-01   -8.7821e-02
  302.5    3.1160e+00    3.4959e+00   -1.0866e-01   -9.6644e-02
  305.5    3.3118e+00    3.4959e+00   -5.2641e-02   -8.5552e-02
  308.5    3.3759e+00    3.4959e+00   -3.4310e-02   -1.9826e-02
  311.5    3.4536e+00    3.4959e+00   -1.2088e-02   -1.2086e-02
  314.5    3.4195e+00    3.4959e+00   -2.1848e-02   -1.0425e-03
  317.5    3.3527e+00    3.4959e+00   -4.0947e-02    5.7631e-03
  320.5    3.2158e+00    3.4959e+00   -8.0105e-02   -1.4086e-02
  323.5    3.0256e+00    3.4959e+00   -1.3452e-01   -5.0050e-02
  326.5    2.9179e+00    3.4959e+00   -1.6533e-01   -8.3336e-02
  329.5    2.7946e+00    3.4959e+00   -2.0059e-01   -8.7035e-02
  332.5    2.7681e+00    3.4959e+00   -2.0818e-01   -7.8703e-02
  335.5    2.7412e+00    3.4959e+00   -2.1589e-01   -4.8016e-02
  338.5    2.8029e+00    3.4959e+00   -1.9823e-01   -2.6271e-02
  341.5    3.1215e+00    3.4959e+00   -1.0707e-01   -2.6531e-03
  344.5    3.5704e+00    3.4959e+00    2.1322e-02    2.4185e-02
  347.5    4.1750e+00    3.4959e+00    1.9428e-01    7.5095e-02
  350.5    4.5674e+00    3.4959e+00    3.0650e-01    1.0166e-01
  353.5    4.6133e+00    3.4959e+00    3.1964e-01    9.0285e-02
  356.5    4.4312e+00    3.4959e+00    2.6754e-01    3.5811e-02
  359.5    4.2301e+00    3.4959e+00    2.1002e-01    9.7238e-03
   3   120  15.82   36.0    1.0    0.0   ----------------------------
    2.5    3.9505e+00    3.4021e+00    1.6121e-01    5.7670e-02
    5.5    4.2071e+00    3.4021e+00    2.3664e-01    6.6014e-02
    8.5    4.1948e+00    3.4021e+00    2.3301e-01    5.7710e-02
   11.5    3.9704e+00    3.4021e+00    1.6705e-01    2.2969e-02
   14.5    3.4890e+00    3.4021e+00    2.5555e-02   -1.4802e-02
   17.5    3.1188e+00    3.4021e+00   -8.3268e-02   -3.4702e-02
   20.5    2.8923e+00    3.4021e+00   -1.4985e-01   -4.7409e-02
   23.5    2.9760e+00    3.4021e+00   -1.2525e-01   -4.8136e-02
   26.5    3.0682e+00    3.4021e+00   -9.8130e-02   -5.7689e-02
   29.5    2.9687e+00    3.4021e+00   -1.2738e-01   -6.3000e-02
   32.5    2.9010e+00    3.4021e+00   -1.4729e-01   -6.6462e-02
   35.5    2.8747e+00    3.4021e+00   -1.5502e-01   -6.0956e-02
   38.5    3.0030e+00    3.4021e+00   -1.1729e-01   -5.4059e-02
   41.5    3.2085e+00    3.4021e+00   -5.6894e-02   -3.6706e-02
   44.5    3.4114e+00    3.4021e+00    2.7455e-03   -2.3561e-02
   47.5    3.4795e+00    3.4021e+00    2.2760e-02   -1.6575e-02
   50.5    3.3662e+00    3.4021e+00   -1.0536e-02   -2.3586e-02
   53.5    3.1996e+00    3.4021e+00   -5.9526e-02   -3.4848e-02
   56.5    3.0034e+00    3.4021e+00   -1.1718e-01   -4.8625e-02
   59.5    3.0713e+00    3.4021e+00   -9.7228e-02   -5.3447e-02
   62.5    3.0589e+00    3.4021e+00   -1.0088e-01   -4.4520e-02
   65.5    3.0599e+00    3.4021e+00   -1.0056e-01    3.0708e-03
   68.5    3.0410e+00    3.4021e+00   -1.0613e-01    3.1918e-02
   71.5    3.1136e+00    3.4021e+00   -8.4781e-02    4.2175e-02
   74.5    3.1814e+00    3.4021e+00   -6.4875e-02    2.2922e-02
   77.5    3.4307e+00    3.4021e+00    8.4165e-03    3.0111e-02
   80.5    3.6350e+00    3.4021e+00    6.8465e-02    5.9835e-02
   83.5    3.9230e+00    3.4021e+00    1.5312e-01    1.0184e-01
   86.5    4.1533e+00    3.4021e+00    2.2082e-01    1.2896e-01
   89.5    4.3334e+00    3.4021e+00    2.7375e-01    1.5247e-01
   92.5    4.3847e+00    3.4021e+00    2.8885e-01    1.4503e-01
   95.5    4.2640e+00    3.4021e+00    2.5337e-01    1.2191e-01
   98.5    3.8480e+00    3.4021e+00    1.3107e-01    7.3016e-02
  101.5    3.4946e+00    3.4021e+00    2.7197e-02    3.1332e-02
  104.5    3.2418e+00    3.4021e+00   -4.7119e-02    6.4785e-04
  107.5    3.0968e+00    3.4021e+00   -8.9717e-02    3.8899e-03
  110.5    3.0579e+00    3.4021e+00   -1.0116e-01    9.3906e-03
  113.5    3.0392e+00    3.4021e+00   -1.0665e-01   -6.4269e-04
  116.5    3.0260e+00    3.4021e+00   -1.1053e-01   -4.7797e-02
  119.5    3.1145e+00    3.4021e+00   -8.4530e-02   -5.6501e-02
  122.5    3.1256e+00    3.4021e+00   -8.1254e-02   -6.6311e-02
  125.5    3.2493e+00    3.4021e+00   -4.4906e-02   -4.9786e-02
  128.5    3.4253e+00    3.4021e+00    6.8194e-03    8.2517e-04
  131.5    3.5526e+00    3.4021e+00    4.4238e-02    5.1801e-03
  134.5    3.6712e+00    3.4021e+00    7.9105e-02    1.4820e-02
  137.5    3.5314e+00    3.4021e+00    3.8027e-02    1.2293e-02
  140.5    3.3016e+00    3.4021e+00   -2.9529e-02   -7.4498e-03
  143.5    3.1006e+00    3.4021e+00   -8.8621e-02   -3.7501e-02
  146.5    3.0984e+00    3.4021e+00   -8.9264e-02   -5.7555e-02
  149.5    3.0502e+00    3.4021e+00   -1.0343e-01   -5.9000e-02
  152.5    3.0146e+00    3.4021e+00   -1.1389e-01   -5.3851e-02
  155.5    2.9350e+00    3.4021e+00   -1.3729e-01   -4.7431e-02
  158.5    2.9105e+00    3.4021e+00   -1.4449e-01   -5.8355e-02
  161.5    3.0351e+00    3.4021e+00   -1.0786e-01   -6.1731e-02
  164.5    3.3389e+00    3.4021e+00   -1.8560e-02   -4.9885e-02
  167.5    3.8091e+00    3.4021e+00    1.1966e-01   -7.9608e-03
  170.5    4.2112e+00    3.4021e+00    2.3785e-01    3.1782e-02
  173.5    4.3264e+00    3.4021e+00    2.7170e-01    5.6914e-02
  176.5    4.1838e+00    3.4021e+00    2.2980e-01    5.7184e-02
  179.5    3.9208e+00    3.4021e+00    1.5247e-01    4.8955e-02
  182.5    4.0915e+00    3.4021e+00    2.0265e-01    5.7670e-02
  185.5    4.2631e+00    3.4021e+00    2.5308e-01    6.6014e-02
  188.5    4.2552e+00    3.4021e+00    2.5077e-01    5.7709e-02
  191.5    3.9806e+00    3.4021e+00    1.7006e-01    2.2968e-02
  194.5    3.4557e+00    3.4021e+00    1.5767e-02   -1.4802e-02
  197.5    3.1771e+00    3.4021e+00   -6.6115e-02   -3.4702e-02
  200.5    2.9036e+00    3.4021e+00   -1.4653e-01   -4.7410e-02
  203.5    2.9313e+00    3.4021e+00   -1.3839e-01   -4.8135e-02
  206.5    2.9641e+00    3.4021e+00   -1.2874e-01   -5.7688e-02
  209.5    3.0730e+00    3.4021e+00   -9.6715e-02   -6.2999e-02
  212.5    3.0757e+00    3.4021e+00   -9.5930e-02   -6.6463e-02
  215.5    3.0906e+00    3.4021e+00   -9.1544e-02   -6.0955e-02
  218.5    3.2595e+00    3.4021e+00   -4.1903e-02   -5.4059e-02
  221.5    3.4550e+00    3.4021e+00    1.5572e-02   -3.6707e-02
  224.5    3.6965e+00    3.4021e+00    8.6533e-02   -2.3559e-02
  227.5    3.5983e+00    3.4021e+00    5.7670e-02   -1.6574e-02
  230.5    3.4912e+00    3.4021e+00    2.6194e-02   -2.3587e-02
  233.5    3.3137e+00    3.4021e+00   -2.5967e-02   -3.4849e-02
  236.5    3.1580e+00    3.4021e+00   -7.1743e-02   -4.8628e-02
  239.5    3.0900e+00    3.4021e+00   -9.1739e-02   -5.3447e-02
  242.5    2.9899e+00    3.4021e+00   -1.2115e-01   -4.4520e-02
  245.5    2.8546e+00    3.4021e+00   -1.6093e-01    3.0714e-03
  248.5    2.8406e+00    3.4021e+00   -1.6502e-01    3.1917e-02
  251.5    2.9358e+00    3.4021e+00   -1.3706e-01    4.2176e-02
  254.5    3.1118e+00    3.4021e+00   -8.5331e-02    2.2922e-02
  257.5    3.3214e+00    3.4021e+00   -2.3720e-02    3.0111e-02
  260.5    3.6192e+00    3.4021e+00    6.3827e-02    5.9835e-02
  263.5    4.0577e+00    3.4021e+00    1.9272e-01    1.0184e-01
  266.5    4.3235e+00    3.4021e+00    2.7084e-01    1.2896e-01
  269.5    4.4064e+00    3.4021e+00    2.9521e-01    1.5247e-01
  272.5    4.4255e+00    3.4021e+00    3.0084e-01    1.4503e-01
  275.5    4.1535e+00    3.4021e+00    2.2088e-01    1.2192e-01
  278.5    3.8899e+00    3.4021e+00    1.4339e-01    7.3017e-02
  281.5    3.5830e+00    3.4021e+00    5.3197e-02    3.1331e-02
  284.5    3.2800e+00    3.4021e+00   -3.5884e-02    6.4720e-04
  287.5    3.0468e+00    3.4021e+00   -1.0442e-01    3.8903e-03
  290.5    2.9330e+00    3.4021e+00   -1.3787e-01    9.3887e-03
  293.5    2.8229e+00    3.4021e+00   -1.7024e-01   -6.4101e-04
  296.5    2.8294e+00    3.4021e+00   -1.6833e-01   -4.7798e-02
  299.5    2.8330e+00    3.4021e+00   -1.6728e-01   -5.6501e-02
  302.5    2.9220e+00    3.4021e+00   -1.4110e-01   -6.6312e-02
  305.5    3.1217e+00    3.4021e+00   -8.2413e-02   -4.9785e-02
  308.5    3.3545e+00    3.4021e+00   -1.3980e-02    8.2478e-04
  311.5    3.4691e+00    3.4021e+00    1.9704e-02    5.1803e-03
  314.5    3.4927e+00    3.4021e+00    2.6654e-02    1.4820e-02
  317.5    3.2717e+00    3.4021e+00   -3.8327e-02    1.2294e-02
  320.5    3.0973e+00    3.4021e+00   -8.9591e-02   -7.4489e-03
  323.5    2.9230e+00    3.4021e+00   -1.4081e-01   -3.7499e-02
  326.5    2.8686e+00    3.4021e+00   -1.5681e-01   -5.7554e-02
  329.5    2.8987e+00    3.4021e+00   -1.4795e-01   -5.9000e-02
  332.5    3.0041e+00    3.4021e+00   -1.1696e-01   -5.3850e-02
  335.5    3.0070e+00    3.4021e+00   -1.1614e-01   -4.7431e-02
  338.5    2.9039e+00    3.4021e+00   -1.4642e-01   -5.8354e-02
  341.5    3.0118e+00    3.4021e+00   -1.1472e-01   -6.1730e-02
  344.5    3.3555e+00    3.4021e+00   -1.3674e-02   -4.9885e-02
  347.5    3.8530e+00    3.4021e+00    1.3254e-01   -7.9613e-03
  350.5    4.2081e+00    3.4021e+00    2.3694e-01    3.1783e-02
  353.5    4.2980e+00    3.4021e+00    2.6334e-01    5.6914e-02
  356.5    4.0909e+00    3.4021e+00    2.0249e-01    5.7184e-02
  359.5    3.8708e+00    3.4021e+00    1.3778e-01    4.8955e-02
   4   120  15.82   39.0    1.0    0.0   ----------------------------
    2.5    3.4510e+00    3.1968e+00    7.9536e-02    3.8342e-02
    5.5    3.6371e+00    3.1968e+00    1.3776e-01    3.6679e-02
    8.5    3.4451e+00    3.1968e+00    7.7685e-02    1.0805e-02
   11.5    3.1396e+00    3.1968e+00   -1.7877e-02   -3.2642e-02
   14.5    2.7859e+00    3.1968e+00   -1.2851e-01   -8.0200e-02
   17.5    2.7088e+00    3.1968e+00   -1.5263e-01   -9.8815e-02
   20.5    2.7342e+00    3.1968e+00   -1.4470e-01   -1.0573e-01
   23.5    2.9084e+00    3.1968e+00   -9.0197e-02   -9.0441e-02
   26.5    3.0024e+00    3.1968e+00   -6.0805e-02   -7.2723e-02
   29.5    2.7881e+00    3.1968e+00   -1.2784e-01   -4.7007e-02
   32.5    2.7500e+00    3.1968e+00   -1.3975e-01   -2.9704e-02
   35.5    2.8520e+00    3.1968e+00   -1.0785e-01   -5.2998e-03
   38.5    3.3352e+00    3.1968e+00    4.3324e-02    2.6255e-02
   41.5    3.8836e+00    3.1968e+00    2.1487e-01    7.1447e-02
   44.5    4.3533e+00    3.1968e+00    3.6179e-01    9.9364e-02
   47.5    4.4088e+00    3.1968e+00    3.7914e-01    1.1299e-01
   50.5    4.0902e+00    3.1968e+00    2.7947e-01    1.1300e-01
   53.5    3.5375e+00    3.1968e+00    1.0659e-01    8.9467e-02
   56.5    3.0928e+00    3.1968e+00   -3.2525e-02    4.6339e-02
   59.5    2.9055e+00    3.1968e+00   -9.1098e-02    2.8007e-03
   62.5    2.8085e+00    3.1968e+00   -1.2146e-01   -1.8722e-02
   65.5    2.8919e+00    3.1968e+00   -9.5377e-02   -2.6506e-02
   68.5    2.9264e+00    3.1968e+00   -8.4562e-02   -4.1044e-02
   71.5    2.8459e+00    3.1968e+00   -1.0976e-01   -5.4255e-02
   74.5    2.8249e+00    3.1968e+00   -1.1632e-01   -5.5393e-02
   77.5    2.8900e+00    3.1968e+00   -9.5967e-02   -3.0499e-02
   80.5    3.0637e+00    3.1968e+00   -4.1606e-02    2.4667e-02
   83.5    3.3582e+00    3.1968e+00    5.0509e-02    9.1569e-02
   86.5    3.5663e+00    3.1968e+00    1.1559e-01    1.4702e-01
   89.5    3.7375e+00    3.1968e+00    1.6916e-01    1.7085e-01
   92.5    3.7788e+00    3.1968e+00    1.8207e-01    1.5808e-01
   95.5    3.6444e+00    3.1968e+00    1.4003e-01    1.1153e-01
   98.5    3.1963e+00    3.1968e+00   -1.5694e-04    3.9604e-02
  101.5    2.8454e+00    3.1968e+00   -1.0990e-01   -2.7814e-02
  104.5    2.6495e+00    3.1968e+00   -1.7120e-01   -7.6723e-02
  107.5    2.6791e+00    3.1968e+00   -1.6194e-01   -8.7618e-02
  110.5    2.7409e+00    3.1968e+00   -1.4261e-01   -7.8385e-02
  113.5    2.7494e+00    3.1968e+00   -1.3995e-01   -6.8897e-02
  116.5    2.7815e+00    3.1968e+00   -1.2991e-01   -7.0487e-02
  119.5    2.8854e+00    3.1968e+00   -9.7400e-02   -6.7876e-02
  122.5    3.0860e+00    3.1968e+00   -3.4645e-02   -4.3563e-02
  125.5    3.4166e+00    3.1968e+00    6.8778e-02   -1.3859e-03
  128.5    3.8328e+00    3.1968e+00    1.9896e-01    1.2334e-01
  131.5    4.1931e+00    3.1968e+00    3.1167e-01    1.1815e-01
  134.5    4.4004e+00    3.1968e+00    3.7652e-01    1.0206e-01
  137.5    4.1700e+00    3.1968e+00    3.0446e-01    8.7877e-02
  140.5    3.6127e+00    3.1968e+00    1.3013e-01    4.8323e-02
  143.5    3.0344e+00    3.1968e+00   -5.0796e-02    4.9667e-03
  146.5    2.7539e+00    3.1968e+00   -1.3854e-01   -3.9901e-02
  149.5    2.6894e+00    3.1968e+00   -1.5871e-01   -6.7620e-02
  152.5    2.6912e+00    3.1968e+00   -1.5814e-01   -8.8931e-02
  155.5    2.7591e+00    3.1968e+00   -1.3691e-01   -1.0892e-01
  158.5    2.7203e+00    3.1968e+00   -1.4903e-01   -1.1281e-01
  161.5    2.6811e+00    3.1968e+00   -1.6131e-01   -1.1465e-01
  164.5    2.6661e+00    3.1968e+00   -1.6599e-01   -9.5119e-02
  167.5    2.8712e+00    3.1968e+00   -1.0185e-01   -5.4849e-02
  170.5    3.1584e+00    3.1968e+00   -1.2002e-02    1.4691e-04
  173.5    3.3875e+00    3.1968e+00    5.9657e-02    3.8976e-02
  176.5    3.4785e+00    3.1968e+00    8.8144e-02    4.3813e-02
  179.5    3.3906e+00    3.1968e+00    6.0631e-02    3.6085e-02
  182.5    3.4534e+00    3.1968e+00    8.0299e-02    3.8342e-02
  185.5    3.4603e+00    3.1968e+00    8.2451e-02    3.6679e-02
  188.5    3.2447e+00    3.1968e+00    1.4984e-02    1.0805e-02
  191.5    2.9801e+00    3.1968e+00   -6.7777e-02   -3.2644e-02
  194.5    2.6882e+00    3.1968e+00   -1.5908e-01   -8.0200e-02
  197.5    2.6850e+00    3.1968e+00   -1.6010e-01   -9.8814e-02
  200.5    2.6746e+00    3.1968e+00   -1.6335e-01   -1.0573e-01
  203.5    2.7351e+00    3.1968e+00   -1.4442e-01   -9.0440e-02
  206.5    2.7458e+00    3.1968e+00   -1.4107e-01   -7.2723e-02
  209.5    2.7050e+00    3.1968e+00   -1.5381e-01   -4.7004e-02
  212.5    2.6977e+00    3.1968e+00   -1.5610e-01   -2.9706e-02
  215.5    2.8648e+00    3.1968e+00   -1.0383e-01   -5.2986e-03
  218.5    3.4421e+00    3.1968e+00    7.6763e-02    2.6255e-02
  221.5    4.0278e+00    3.1968e+00    2.5997e-01    7.1447e-02
  224.5    4.4443e+00    3.1968e+00    3.9025e-01    9.9365e-02
  227.5    4.3460e+00    3.1968e+00    3.5951e-01    1.1299e-01
  230.5    3.9628e+00    3.1968e+00    2.3962e-01    1.1300e-01
  233.5    3.5016e+00    3.1968e+00    9.5353e-02    8.9466e-02
  236.5    3.1289e+00    3.1968e+00   -2.1225e-02    4.6337e-02
  239.5    2.9341e+00    3.1968e+00   -8.2154e-02    2.7995e-03
  242.5    2.8009e+00    3.1968e+00   -1.2382e-01   -1.8724e-02
  245.5    2.6577e+00    3.1968e+00   -1.6863e-01   -2.6507e-02
  248.5    2.5930e+00    3.1968e+00   -1.8885e-01   -4.1044e-02
  251.5    2.5646e+00    3.1968e+00   -1.9775e-01   -5.4254e-02
  254.5    2.5892e+00    3.1968e+00   -1.9006e-01   -5.5393e-02
  257.5    2.7739e+00    3.1968e+00   -1.3227e-01   -3.0499e-02
  260.5    3.1146e+00    3.1968e+00   -2.5688e-02    2.4668e-02
  263.5    3.5917e+00    3.1968e+00    1.2356e-01    9.1570e-02
  266.5    3.8981e+00    3.1968e+00    2.1939e-01    1.4702e-01
  269.5    3.9602e+00    3.1968e+00    2.3882e-01    1.7085e-01
  272.5    3.8428e+00    3.1968e+00    2.0211e-01    1.5808e-01
  275.5    3.6085e+00    3.1968e+00    1.2880e-01    1.1152e-01
  278.5    3.3336e+00    3.1968e+00    4.2814e-02    3.9606e-02
  281.5    3.0726e+00    3.1968e+00   -3.8849e-02   -2.7817e-02
  284.5    2.9566e+00    3.1968e+00   -7.5116e-02   -7.6725e-02
  287.5    2.8657e+00    3.1968e+00   -1.0356e-01   -8.7619e-02
  290.5    2.8727e+00    3.1968e+00   -1.0137e-01   -7.8386e-02
  293.5    2.7792e+00    3.1968e+00   -1.3061e-01   -6.8898e-02
  296.5    2.6459e+00    3.1968e+00   -1.7230e-01   -7.0487e-02
  299.5    2.6818e+00    3.1968e+00   -1.6107e-01   -6.7876e-02
  302.5    2.8795e+00    3.1968e+00   -9.9244e-02   -4.3564e-02
  305.5    3.2754e+00    3.1968e+00    2.4606e-02   -1.3854e-03
  308.5    3.9176e+00    3.1968e+00    2.2548e-01    1.2334e-01
  311.5    4.3175e+00    3.1968e+00    3.5059e-01    1.1815e-01
  314.5    4.4369e+00    3.1968e+00    3.8795e-01    1.0206e-01
  317.5    4.0996e+00    3.1968e+00    2.8243e-01    8.7877e-02
  320.5    3.5548e+00    3.1968e+00    1.1201e-01    4.8324e-02
  323.5    3.0140e+00    3.1968e+00   -5.7175e-02    4.9687e-03
  326.5    2.7483e+00    3.1968e+00   -1.4028e-01   -3.9899e-02
  329.5    2.7175e+00    3.1968e+00   -1.4993e-01   -6.7620e-02
  332.5    2.9119e+00    3.1968e+00   -8.9096e-02   -8.8929e-02
  335.5    2.9606e+00    3.1968e+00   -7.3875e-02   -1.0892e-01
  338.5    2.7848e+00    3.1968e+00   -1.2888e-01   -1.1281e-01
  341.5    2.6932e+00    3.1968e+00   -1.5753e-01   -1.1465e-01
  344.5    2.7590e+00    3.1968e+00   -1.3693e-01   -9.5119e-02
  347.5    3.0125e+00    3.1968e+00   -5.7642e-02   -5.4851e-02
  350.5    3.3595e+00    3.1968e+00    5.0924e-02    1.4625e-04
  353.5    3.6180e+00    3.1968e+00    1.3176e-01    3.8976e-02
  356.5    3.5511e+00    3.1968e+00    1.1084e-01    4.3812e-02
  359.5    3.4063e+00    3.1968e+00    6.5537e-02    3.6085e-02
   5   120  15.82   42.0    1.0    0.0   ----------------------------
    2.5    2.8922e+00    3.2771e+00   -1.1746e-01   -6.1704e-02
    5.5    3.0821e+00    3.2771e+00   -5.9505e-02   -6.1037e-02
    8.5    2.9261e+00    3.2771e+00   -1.0711e-01   -7.0092e-02
   11.5    2.6699e+00    3.2771e+00   -1.8530e-01   -7.0460e-02
   14.5    2.5149e+00    3.2771e+00   -2.3261e-01   -6.1875e-02
   17.5    2.5526e+00    3.2771e+00   -2.2110e-01   -3.8886e-02
   20.5    2.6274e+00    3.2771e+00   -1.9826e-01   -2.0445e-02
   23.5    2.7281e+00    3.2771e+00   -1.6755e-01   -2.0393e-02
   26.5    2.7896e+00    3.2771e+00   -1.4876e-01   -2.6790e-02
   29.5    2.7295e+00    3.2771e+00   -1.6711e-01   -3.2154e-02
   32.5    2.9171e+00    3.2771e+00   -1.0986e-01   -2.3276e-02
   35.5    3.3776e+00    3.2771e+00    3.0653e-02    7.7243e-04
   38.5    4.0399e+00    3.2771e+00    2.3276e-01    3.7658e-02
   41.5    4.8723e+00    3.2771e+00    4.8674e-01    1.0800e-01
   44.5    5.6833e+00    3.2771e+00    7.3422e-01    1.7597e-01
   47.5    5.7486e+00    3.2771e+00    7.5415e-01    2.1904e-01
   50.5    5.2309e+00    3.2771e+00    5.9619e-01    2.0194e-01
   53.5    4.3734e+00    3.2771e+00    3.3453e-01    1.4490e-01
   56.5    3.6602e+00    3.2771e+00    1.1690e-01    9.4779e-02
   59.5    3.1195e+00    3.2771e+00   -4.8100e-02    5.7205e-02
   62.5    2.9341e+00    3.2771e+00   -1.0468e-01    3.7653e-02
   65.5    2.9570e+00    3.2771e+00   -9.7691e-02    3.0374e-02
   68.5    2.9093e+00    3.2771e+00   -1.1226e-01    3.2946e-02
   71.5    2.7085e+00    3.2771e+00   -1.7353e-01    1.4725e-02
   74.5    2.4892e+00    3.2771e+00   -2.4043e-01   -2.9214e-02
   77.5    2.3413e+00    3.2771e+00   -2.8557e-01   -7.1088e-02
   80.5    2.4888e+00    3.2771e+00   -2.4057e-01   -6.3386e-02
   83.5    2.7186e+00    3.2771e+00   -1.7043e-01   -3.0841e-02
   86.5    2.9736e+00    3.2771e+00   -9.2612e-02   -3.7740e-03
   89.5    3.0735e+00    3.2771e+00   -6.2144e-02   -1.2124e-02
   92.5    3.0716e+00    3.2771e+00   -6.2709e-02   -2.3508e-02
   95.5    2.9599e+00    3.2771e+00   -9.6809e-02   -4.5321e-02
   98.5    2.6108e+00    3.2771e+00   -2.0333e-01   -6.8761e-02
  101.5    2.4356e+00    3.2771e+00   -2.5679e-01   -9.5209e-02
  104.5    2.4585e+00    3.2771e+00   -2.4982e-01   -1.0180e-01
  107.5    2.5429e+00    3.2771e+00   -2.2405e-01   -7.5714e-02
  110.5    2.6231e+00    3.2771e+00   -1.9956e-01   -4.7153e-02
  113.5    2.6279e+00    3.2771e+00   -1.9811e-01   -1.2051e-02
  116.5    2.7674e+00    3.2771e+00   -1.5553e-01   -1.4134e-03
  119.5    3.0597e+00    3.2771e+00   -6.6350e-02    5.1242e-03
  122.5    3.5423e+00    3.2771e+00    8.0915e-02    1.3036e-02
  125.5    4.1406e+00    3.2771e+00    2.6347e-01    6.4037e-02
  128.5    4.8613e+00    3.2771e+00    4.8341e-01    1.5070e-01
  131.5    5.5342e+00    3.2771e+00    6.8872e-01    2.0922e-01
  134.5    5.9040e+00    3.2771e+00    8.0157e-01    2.0458e-01
  137.5    5.4337e+00    3.2771e+00    6.5807e-01    1.4493e-01
  140.5    4.4666e+00    3.2771e+00    3.6296e-01    5.9922e-02
  143.5    3.5495e+00    3.2771e+00    8.3115e-02    2.5862e-03
  146.5    2.9651e+00    3.2771e+00   -9.5226e-02   -3.2202e-02
  149.5    2.6832e+00    3.2771e+00   -1.8124e-01   -4.7429e-02
  152.5    2.6832e+00    3.2771e+00   -1.8124e-01   -5.6831e-02
  155.5    2.7614e+00    3.2771e+00   -1.5737e-01   -6.0535e-02
  158.5    2.8235e+00    3.2771e+00   -1.3843e-01   -6.3704e-02
  161.5    2.8485e+00    3.2771e+00   -1.3079e-01   -7.3450e-02
  164.5    2.6868e+00    3.2771e+00   -1.8012e-01   -9.3504e-02
  167.5    2.6169e+00    3.2771e+00   -2.0148e-01   -1.0142e-01
  170.5    2.7716e+00    3.2771e+00   -1.5426e-01   -9.9979e-02
  173.5    2.8936e+00    3.2771e+00   -1.1702e-01   -8.0247e-02
  176.5    2.9088e+00    3.2771e+00   -1.1241e-01   -6.8835e-02
  179.5    2.9492e+00    3.2771e+00   -1.0006e-01   -6.3482e-02
  182.5    2.8804e+00    3.2771e+00   -1.2106e-01   -6.1704e-02
  185.5    2.9327e+00    3.2771e+00   -1.0511e-01   -6.1037e-02
  188.5    2.7983e+00    3.2771e+00   -1.4610e-01   -7.0091e-02
  191.5    2.6141e+00    3.2771e+00   -2.0233e-01   -7.0460e-02
  194.5    2.6320e+00    3.2771e+00   -1.9687e-01   -6.1875e-02
  197.5    2.7980e+00    3.2771e+00   -1.4620e-01   -3.8884e-02
  200.5    2.8076e+00    3.2771e+00   -1.4327e-01   -2.0446e-02
  203.5    2.8033e+00    3.2771e+00   -1.4457e-01   -2.0392e-02
  206.5    2.7504e+00    3.2771e+00   -1.6074e-01   -2.6792e-02
  209.5    2.6694e+00    3.2771e+00   -1.8546e-01   -3.2152e-02
  212.5    2.8134e+00    3.2771e+00   -1.4152e-01   -2.3277e-02
  215.5    3.2804e+00    3.2771e+00    9.8181e-04    7.7332e-04
  218.5    4.2061e+00    3.2771e+00    2.8348e-01    3.7657e-02
  221.5    5.1662e+00    3.2771e+00    5.7645e-01    1.0800e-01
  224.5    5.9292e+00    3.2771e+00    8.0925e-01    1.7597e-01
  227.5    5.8599e+00    3.2771e+00    7.8812e-01    2.1904e-01
  230.5    5.0935e+00    3.2771e+00    5.5425e-01    2.0194e-01
  233.5    4.3388e+00    3.2771e+00    3.2395e-01    1.4490e-01
  236.5    3.6861e+00    3.2771e+00    1.2478e-01    9.4779e-02
  239.5    3.1795e+00    3.2771e+00   -2.9796e-02    5.7205e-02
  242.5    2.8324e+00    3.2771e+00   -1.3572e-01    3.7652e-02
  245.5    2.6136e+00    3.2771e+00   -2.0248e-01    3.0374e-02
  248.5    2.5058e+00    3.2771e+00   -2.3538e-01    3.2947e-02
  251.5    2.5090e+00    3.2771e+00   -2.3439e-01    1.4727e-02
  254.5    2.4724e+00    3.2771e+00   -2.4557e-01   -2.9216e-02
  257.5    2.4581e+00    3.2771e+00   -2.4992e-01   -7.1090e-02
  260.5    2.5909e+00    3.2771e+00   -2.0941e-01   -6.3385e-02
  263.5    3.0126e+00    3.2771e+00   -8.0732e-02   -3.0842e-02
  266.5    3.2409e+00    3.2771e+00   -1.1070e-02   -3.7745e-03
  269.5    3.2540e+00    3.2771e+00   -7.0481e-03   -1.2124e-02
  272.5    3.2036e+00    3.2771e+00   -2.2453e-02   -2.3509e-02
  275.5    2.9843e+00    3.2771e+00   -8.9353e-02   -4.5322e-02
  278.5    2.7020e+00    3.2771e+00   -1.7550e-01   -6.8760e-02
  281.5    2.4849e+00    3.2771e+00   -2.4176e-01   -9.5211e-02
  284.5    2.5310e+00    3.2771e+00   -2.2767e-01   -1.0180e-01
  287.5    2.7071e+00    3.2771e+00   -1.7393e-01   -7.5717e-02
  290.5    2.8586e+00    3.2771e+00   -1.2771e-01   -4.7153e-02
  293.5    2.8705e+00    3.2771e+00   -1.2409e-01   -1.2055e-02
  296.5    2.7964e+00    3.2771e+00   -1.4670e-01   -1.4145e-03
  299.5    2.9366e+00    3.2771e+00   -1.0392e-01    5.1216e-03
  302.5    3.3336e+00    3.2771e+00    1.7223e-02    1.3037e-02
  305.5    3.9878e+00    3.2771e+00    2.1686e-01    6.4035e-02
  308.5    4.9189e+00    3.2771e+00    5.0098e-01    1.5069e-01
  311.5    5.5578e+00    3.2771e+00    6.9591e-01    2.0922e-01
  314.5    5.8175e+00    3.2771e+00    7.7517e-01    2.0458e-01
  317.5    5.1889e+00    3.2771e+00    5.8337e-01    1.4493e-01
  320.5    4.3182e+00    3.2771e+00    3.1768e-01    5.9923e-02
  323.5    3.5750e+00    3.2771e+00    9.0886e-02    2.5870e-03
  326.5    3.0347e+00    3.2771e+00   -7.3983e-02   -3.2201e-02
  329.5    2.7394e+00    3.2771e+00   -1.6408e-01   -4.7430e-02
  332.5    2.8033e+00    3.2771e+00   -1.4458e-01   -5.6831e-02
  335.5    2.7709e+00    3.2771e+00   -1.5447e-01   -6.0535e-02
  338.5    2.6794e+00    3.2771e+00   -1.8239e-01   -6.3704e-02
  341.5    2.6123e+00    3.2771e+00   -2.0287e-01   -7.3451e-02
  344.5    2.5477e+00    3.2771e+00   -2.2260e-01   -9.3504e-02
  347.5    2.5735e+00    3.2771e+00   -2.1470e-01   -1.0142e-01
  350.5    2.8221e+00    3.2771e+00   -1.3886e-01   -9.9979e-02
  353.5    3.0583e+00    3.2771e+00   -6.6791e-02   -8.0247e-02
  356.5    2.9456e+00    3.2771e+00   -1.0117e-01   -6.8836e-02
  359.5    2.8576e+00    3.2771e+00   -1.2802e-01   -6.3482e-02
   6   120  15.82   45.0    1.0    0.0   ----------------------------
    2.5    2.6899e+00    3.2022e+00   -1.5997e-01   -9.7915e-02
    5.5    2.8053e+00    3.2022e+00   -1.2392e-01   -7.2325e-02
    8.5    2.7778e+00    3.2022e+00   -1.3251e-01   -4.8737e-02
   11.5    2.5620e+00    3.2022e+00   -1.9992e-01   -3.3372e-02
   14.5    2.4658e+00    3.2022e+00   -2.2997e-01   -2.7700e-02
   17.5    2.4891e+00    3.2022e+00   -2.2268e-01   -1.8945e-02
   20.5    2.4100e+00    3.2022e+00   -2.4738e-01   -1.2473e-02
   23.5    2.4944e+00    3.2022e+00   -2.2104e-01   -1.1067e-02
   26.5    2.6401e+00    3.2022e+00   -1.7551e-01   -1.0267e-02
   29.5    2.7765e+00    3.2022e+00   -1.3293e-01   -9.6554e-03
   32.5    3.0499e+00    3.2022e+00   -4.7568e-02   -1.7342e-02
   35.5    3.4712e+00    3.2022e+00    8.4016e-02   -6.5889e-03
   38.5    4.1376e+00    3.2022e+00    2.9214e-01    4.0849e-02
   41.5    5.0775e+00    3.2022e+00    5.8563e-01    1.4681e-01
   44.5    6.1259e+00    3.2022e+00    9.1305e-01    2.5187e-01
   47.5    6.1691e+00    3.2022e+00    9.2653e-01    2.9445e-01
   50.5    5.5204e+00    3.2022e+00    7.2395e-01    2.3958e-01
   53.5    4.4987e+00    3.2022e+00    4.0488e-01    1.3661e-01
   56.5    3.6389e+00    3.2022e+00    1.3640e-01    5.6851e-02
   59.5    3.1076e+00    3.2022e+00   -2.9521e-02    2.4482e-02
   62.5    2.8841e+00    3.2022e+00   -9.9335e-02    1.5389e-02
   65.5    2.8321e+00    3.2022e+00   -1.1557e-01    9.3737e-03
   68.5    2.6248e+00    3.2022e+00   -1.8029e-01    8.6916e-03
   71.5    2.3454e+00    3.2022e+00   -2.6755e-01    3.8044e-03
   74.5    2.1794e+00    3.2022e+00   -3.1941e-01   -1.2940e-02
   77.5    2.1458e+00    3.2022e+00   -3.2989e-01   -2.7818e-02
   80.5    2.2355e+00    3.2022e+00   -3.0187e-01   -2.6951e-02
   83.5    2.3033e+00    3.2022e+00   -2.8071e-01   -2.8310e-02
   86.5    2.3346e+00    3.2022e+00   -2.7094e-01   -4.7782e-02
   89.5    2.3427e+00    3.2022e+00   -2.6841e-01   -7.1484e-02
   92.5    2.4101e+00    3.2022e+00   -2.4737e-01   -7.2644e-02
   95.5    2.4380e+00    3.2022e+00   -2.3865e-01   -6.1694e-02
   98.5    2.3219e+00    3.2022e+00   -2.7489e-01   -5.3414e-02
  101.5    2.2079e+00    3.2022e+00   -3.1051e-01   -5.4859e-02
  104.5    2.2387e+00    3.2022e+00   -3.0088e-01   -4.9355e-02
  107.5    2.2998e+00    3.2022e+00   -2.8179e-01   -4.2501e-02
  110.5    2.3620e+00    3.2022e+00   -2.6239e-01   -3.0944e-02
  113.5    2.4034e+00    3.2022e+00   -2.4945e-01   -2.4283e-02
  116.5    2.7346e+00    3.2022e+00   -1.4601e-01   -2.4856e-02
  119.5    3.1244e+00    3.2022e+00   -2.4294e-02   -2.4371e-02
  122.5    3.6814e+00    3.2022e+00    1.4964e-01   -3.9962e-03
  125.5    4.3359e+00    3.2022e+00    3.5404e-01    4.1642e-02
  128.5    5.2478e+00    3.2022e+00    6.3883e-01    1.1532e-01
  131.5    6.2428e+00    3.2022e+00    9.4955e-01    2.0912e-01
  134.5    6.6103e+00    3.2022e+00    1.0643e+00    2.3288e-01
  137.5    5.8889e+00    3.2022e+00    8.3904e-01    1.6572e-01
  140.5    4.6167e+00    3.2022e+00    4.4175e-01    5.9683e-02
  143.5    3.5108e+00    3.2022e+00    9.6379e-02   -3.0325e-02
  146.5    2.9640e+00    3.2022e+00   -7.4384e-02   -7.7185e-02
  149.5    2.6651e+00    3.2022e+00   -1.6772e-01   -8.2754e-02
  152.5    2.6195e+00    3.2022e+00   -1.8196e-01   -9.2482e-02
  155.5    2.5062e+00    3.2022e+00   -2.1734e-01   -8.0354e-02
  158.5    2.5164e+00    3.2022e+00   -2.1417e-01   -7.5126e-02
  161.5    2.6923e+00    3.2022e+00   -1.5921e-01   -6.0084e-02
  164.5    2.6569e+00    3.2022e+00   -1.7028e-01   -6.3917e-02
  167.5    2.6622e+00    3.2022e+00   -1.6862e-01   -7.9427e-02
  170.5    2.7751e+00    3.2022e+00   -1.3338e-01   -8.4339e-02
  173.5    2.7753e+00    3.2022e+00   -1.3332e-01   -9.5994e-02
  176.5    2.6631e+00    3.2022e+00   -1.6836e-01   -1.0124e-01
  179.5    2.6855e+00    3.2022e+00   -1.6134e-01   -1.0531e-01
  182.5    2.5994e+00    3.2022e+00   -1.8825e-01   -9.7914e-02
  185.5    2.7213e+00    3.2022e+00   -1.5016e-01   -7.2325e-02
  188.5    2.7682e+00    3.2022e+00   -1.3553e-01   -4.8735e-02
  191.5    2.7197e+00    3.2022e+00   -1.5067e-01   -3.3371e-02
  194.5    2.7087e+00    3.2022e+00   -1.5410e-01   -2.7700e-02
  197.5    2.7439e+00    3.2022e+00   -1.4312e-01   -1.8943e-02
  200.5    2.5548e+00    3.2022e+00   -2.0217e-01   -1.2474e-02
  203.5    2.5002e+00    3.2022e+00   -2.1923e-01   -1.1067e-02
  206.5    2.5748e+00    3.2022e+00   -1.9591e-01   -1.0268e-02
  209.5    2.6547e+00    3.2022e+00   -1.7096e-01   -9.6531e-03
  212.5    2.8333e+00    3.2022e+00   -1.1519e-01   -1.7344e-02
  215.5    3.2449e+00    3.2022e+00    1.3336e-02   -6.5874e-03
  218.5    4.1137e+00    3.2022e+00    2.8467e-01    4.0848e-02
  221.5    5.3577e+00    3.2022e+00    6.7315e-01    1.4682e-01
  224.5    6.4981e+00    3.2022e+00    1.0293e+00    2.5187e-01
  227.5    6.4342e+00    3.2022e+00    1.0093e+00    2.9445e-01
  230.5    5.4951e+00    3.2022e+00    7.1606e-01    2.3958e-01
  233.5    4.5623e+00    3.2022e+00    4.2476e-01    1.3661e-01
  236.5    3.8126e+00    3.2022e+00    1.9064e-01    5.6851e-02
  239.5    3.2137e+00    3.2022e+00    3.5921e-03    2.4483e-02
  242.5    2.7838e+00    3.2022e+00   -1.3065e-01    1.5388e-02
  245.5    2.4653e+00    3.2022e+00   -2.3012e-01    9.3742e-03
  248.5    2.3125e+00    3.2022e+00   -2.7783e-01    8.6928e-03
  251.5    2.3110e+00    3.2022e+00   -2.7829e-01    3.8057e-03
  254.5    2.2973e+00    3.2022e+00   -2.8259e-01   -1.2942e-02
  257.5    2.2586e+00    3.2022e+00   -2.9467e-01   -2.7820e-02
  260.5    2.4016e+00    3.2022e+00   -2.5001e-01   -2.6952e-02
  263.5    2.5558e+00    3.2022e+00   -2.0185e-01   -2.8312e-02
  266.5    2.6578e+00    3.2022e+00   -1.7000e-01   -4.7782e-02
  269.5    2.5339e+00    3.2022e+00   -2.0870e-01   -7.1484e-02
  272.5    2.4890e+00    3.2022e+00   -2.2273e-01   -7.2645e-02
  275.5    2.5465e+00    3.2022e+00   -2.0475e-01   -6.1696e-02
  278.5    2.4464e+00    3.2022e+00   -2.3603e-01   -5.3414e-02
  281.5    2.2396e+00    3.2022e+00   -3.0061e-01   -5.4861e-02
  284.5    2.2060e+00    3.2022e+00   -3.1108e-01   -4.9356e-02
  287.5    2.3539e+00    3.2022e+00   -2.6491e-01   -4.2505e-02
  290.5    2.5854e+00    3.2022e+00   -1.9261e-01   -3.0944e-02
  293.5    2.7000e+00    3.2022e+00   -1.5682e-01   -2.4287e-02
  296.5    2.7231e+00    3.2022e+00   -1.4962e-01   -2.4858e-02
  299.5    2.9470e+00    3.2022e+00   -7.9691e-02   -2.4373e-02
  302.5    3.3780e+00    3.2022e+00    5.4904e-02   -3.9962e-03
  305.5    4.0643e+00    3.2022e+00    2.6923e-01    4.1640e-02
  308.5    5.1170e+00    3.2022e+00    5.9798e-01    1.1532e-01
  311.5    5.9520e+00    3.2022e+00    8.5875e-01    2.0912e-01
  314.5    6.2423e+00    3.2022e+00    9.4939e-01    2.3289e-01
  317.5    5.4260e+00    3.2022e+00    6.9446e-01    1.6572e-01
  320.5    4.3935e+00    3.2022e+00    3.7204e-01    5.9685e-02
  323.5    3.6061e+00    3.2022e+00    1.2614e-01   -3.0323e-02
  326.5    3.1423e+00    3.2022e+00   -1.8703e-02   -7.7184e-02
  329.5    2.8135e+00    3.2022e+00   -1.2139e-01   -8.2754e-02
  332.5    2.6995e+00    3.2022e+00   -1.5699e-01   -9.2482e-02
  335.5    2.5698e+00    3.2022e+00   -1.9748e-01   -8.0355e-02
  338.5    2.4691e+00    3.2022e+00   -2.2893e-01   -7.5128e-02
  341.5    2.5351e+00    3.2022e+00   -2.0831e-01   -6.0085e-02
  344.5    2.5236e+00    3.2022e+00   -2.1191e-01   -6.3918e-02
  347.5    2.5220e+00    3.2022e+00   -2.1242e-01   -7.9428e-02
  350.5    2.6822e+00    3.2022e+00   -1.6237e-01   -8.4340e-02
  353.5    2.8109e+00    3.2022e+00   -1.2218e-01   -9.5993e-02
  356.5    2.6970e+00    3.2022e+00   -1.5775e-01   -1.0124e-01
  359.5    2.6985e+00    3.2022e+00   -1.5728e-01   -1.0531e-01
   7   120  15.82   48.0    1.0    0.0   ----------------------------
    2.5    3.1163e+00    3.0341e+00    2.7096e-02    9.1230e-03
    5.5    2.9530e+00    3.0341e+00   -2.6735e-02   -1.8692e-02
    8.5    2.7380e+00    3.0341e+00   -9.7593e-02   -4.8409e-02
   11.5    2.4505e+00    3.0341e+00   -1.9235e-01   -5.7382e-02
   14.5    2.4188e+00    3.0341e+00   -2.0280e-01   -3.7564e-02
   17.5    2.4948e+00    3.0341e+00   -1.7774e-01   -2.4491e-02
   20.5    2.4464e+00    3.0341e+00   -1.9370e-01   -2.0236e-02
   23.5    2.4231e+00    3.0341e+00   -2.0139e-01   -2.1554e-02
   26.5    2.5693e+00    3.0341e+00   -1.5319e-01   -1.2404e-02
   29.5    2.6736e+00    3.0341e+00   -1.1883e-01    8.0831e-03
   32.5    2.7777e+00    3.0341e+00   -8.4511e-02    1.9120e-02
   35.5    3.1932e+00    3.0341e+00    5.2439e-02    3.6402e-02
   38.5    3.8152e+00    3.0341e+00    2.5744e-01    6.7071e-02
   41.5    4.6957e+00    3.0341e+00    5.4762e-01    1.2083e-01
   44.5    5.6912e+00    3.0341e+00    8.7574e-01    1.7847e-01
   47.5    5.7338e+00    3.0341e+00    8.8978e-01    1.9601e-01
   50.5    5.0177e+00    3.0341e+00    6.5376e-01    1.6657e-01
   53.5    4.0384e+00    3.0341e+00    3.3097e-01    1.0602e-01
   56.5    3.2093e+00    3.0341e+00    5.7745e-02    5.7138e-02
   59.5    2.8398e+00    3.0341e+00   -6.4059e-02    2.4427e-02
   62.5    2.7395e+00    3.0341e+00   -9.7090e-02    1.4064e-02
   65.5    2.6660e+00    3.0341e+00   -1.2132e-01    2.5654e-03
   68.5    2.3752e+00    3.0341e+00   -2.1719e-01   -1.0874e-02
   71.5    2.1498e+00    3.0341e+00   -2.9146e-01   -2.6857e-02
   74.5    2.1335e+00    3.0341e+00   -2.9685e-01   -3.7020e-02
   77.5    2.1607e+00    3.0341e+00   -2.8786e-01   -2.7175e-02
   80.5    2.4016e+00    3.0341e+00   -2.0848e-01   -1.1244e-02
   83.5    2.4472e+00    3.0341e+00   -1.9343e-01    1.6418e-02
   86.5    2.3752e+00    3.0341e+00   -2.1718e-01    2.6459e-02
   89.5    2.3756e+00    3.0341e+00   -2.1705e-01    2.7764e-02
   92.5    2.4263e+00    3.0341e+00   -2.0034e-01    2.1751e-02
   95.5    2.4139e+00    3.0341e+00   -2.0440e-01    9.1975e-03
   98.5    2.3079e+00    3.0341e+00   -2.3934e-01   -1.4116e-02
  101.5    2.0468e+00    3.0341e+00   -3.2539e-01   -5.6106e-02
  104.5    2.0151e+00    3.0341e+00   -3.3586e-01   -8.3665e-02
  107.5    2.1314e+00    3.0341e+00   -2.9754e-01   -9.2597e-02
  110.5    2.1821e+00    3.0341e+00   -2.8082e-01   -7.5542e-02
  113.5    2.3476e+00    3.0341e+00   -2.2628e-01   -5.6018e-02
  116.5    2.5746e+00    3.0341e+00   -1.5146e-01   -3.9634e-02
  119.5    2.8404e+00    3.0341e+00   -6.3863e-02   -2.8651e-02
  122.5    3.2923e+00    3.0341e+00    8.5090e-02   -1.4899e-02
  125.5    3.8539e+00    3.0341e+00    2.7017e-01    1.5446e-02
  128.5    4.7124e+00    3.0341e+00    5.5312e-01    5.6518e-02
  131.5    5.6688e+00    3.0341e+00    8.6835e-01    1.2900e-01
  134.5    6.0148e+00    3.0341e+00    9.8239e-01    1.5775e-01
  137.5    5.2724e+00    3.0341e+00    7.3770e-01    1.2802e-01
  140.5    4.1765e+00    3.0341e+00    3.7651e-01    5.1505e-02
  143.5    3.2294e+00    3.0341e+00    6.4344e-02   -1.3524e-02
  146.5    2.7633e+00    3.0341e+00   -8.9270e-02   -5.9174e-02
  149.5    2.5452e+00    3.0341e+00   -1.6115e-01   -6.7957e-02
  152.5    2.4594e+00    3.0341e+00   -1.8942e-01   -8.0253e-02
  155.5    2.3430e+00    3.0341e+00   -2.2780e-01   -8.8975e-02
  158.5    2.3068e+00    3.0341e+00   -2.3972e-01   -8.4822e-02
  161.5    2.3815e+00    3.0341e+00   -2.1509e-01   -7.6148e-02
  164.5    2.4808e+00    3.0341e+00   -1.8236e-01   -7.0082e-02
  167.5    2.4265e+00    3.0341e+00   -2.0026e-01   -9.2387e-02
  170.5    2.5614e+00    3.0341e+00   -1.5580e-01   -9.6484e-02
  173.5    2.7277e+00    3.0341e+00   -1.0098e-01   -7.7242e-02
  176.5    2.8425e+00    3.0341e+00   -6.3144e-02   -2.7240e-02
  179.5    3.0590e+00    3.0341e+00    8.1887e-03    3.7036e-03
  182.5    2.9134e+00    3.0341e+00   -3.9798e-02    9.1237e-03
  185.5    2.7553e+00    3.0341e+00   -9.1904e-02   -1.8693e-02
  188.5    2.6395e+00    3.0341e+00   -1.3005e-01   -4.8407e-02
  191.5    2.5107e+00    3.0341e+00   -1.7252e-01   -5.7382e-02
  194.5    2.5719e+00    3.0341e+00   -1.5236e-01   -3.7563e-02
  197.5    2.5298e+00    3.0341e+00   -1.6621e-01   -2.4489e-02
  200.5    2.3473e+00    3.0341e+00   -2.2636e-01   -2.0236e-02
  203.5    2.3368e+00    3.0341e+00   -2.2984e-01   -2.1553e-02
  206.5    2.4533e+00    3.0341e+00   -1.9142e-01   -1.2405e-02
  209.5    2.5795e+00    3.0341e+00   -1.4983e-01    8.0855e-03
  212.5    2.7806e+00    3.0341e+00   -8.3546e-02    1.9119e-02
  215.5    3.0300e+00    3.0341e+00   -1.3545e-03    3.6403e-02
  218.5    3.7188e+00    3.0341e+00    2.2565e-01    6.7071e-02
  221.5    4.8343e+00    3.0341e+00    5.9330e-01    1.2083e-01
  224.5    5.8256e+00    3.0341e+00    9.2004e-01    1.7847e-01
  227.5    5.8222e+00    3.0341e+00    9.1891e-01    1.9601e-01
  230.5    4.8718e+00    3.0341e+00    6.0568e-01    1.6657e-01
  233.5    4.1072e+00    3.0341e+00    3.5365e-01    1.0601e-01
  236.5    3.4535e+00    3.0341e+00    1.3821e-01    5.7138e-02
  239.5    2.9458e+00    3.0341e+00   -2.9098e-02    2.4426e-02
  242.5    2.6500e+00    3.0341e+00   -1.2660e-01    1.4063e-02
  245.5    2.3990e+00    3.0341e+00   -2.0932e-01    2.5655e-03
  248.5    2.1986e+00    3.0341e+00   -2.7538e-01   -1.0873e-02
  251.5    2.1463e+00    3.0341e+00   -2.9262e-01   -2.6856e-02
  254.5    2.1087e+00    3.0341e+00   -3.0502e-01   -3.7021e-02
  257.5    2.0612e+00    3.0341e+00   -3.2066e-01   -2.7177e-02
  260.5    2.3160e+00    3.0341e+00   -2.3668e-01   -1.1243e-02
  263.5    2.5092e+00    3.0341e+00   -1.7299e-01    1.6415e-02
  266.5    2.5510e+00    3.0341e+00   -1.5922e-01    2.6460e-02
  269.5    2.5359e+00    3.0341e+00   -1.6420e-01    2.7763e-02
  272.5    2.5206e+00    3.0341e+00   -1.6924e-01    2.1750e-02
  275.5    2.6377e+00    3.0341e+00   -1.3065e-01    9.1953e-03
  278.5    2.6266e+00    3.0341e+00   -1.3430e-01   -1.4116e-02
  281.5    2.3678e+00    3.0341e+00   -2.1962e-01   -5.6109e-02
  284.5    2.1927e+00    3.0341e+00   -2.7732e-01   -8.3667e-02
  287.5    2.1455e+00    3.0341e+00   -2.9289e-01   -9.2600e-02
  290.5    2.3194e+00    3.0341e+00   -2.3555e-01   -7.5543e-02
  293.5    2.4896e+00    3.0341e+00   -1.7946e-01   -5.6020e-02
  296.5    2.6093e+00    3.0341e+00   -1.4001e-01   -3.9634e-02
  299.5    2.7705e+00    3.0341e+00   -8.6893e-02   -2.8652e-02
  302.5    3.0223e+00    3.0341e+00   -3.9048e-03   -1.4899e-02
  305.5    3.6950e+00    3.0341e+00    2.1780e-01    1.5445e-02
  308.5    4.5537e+00    3.0341e+00    5.0083e-01    5.6518e-02
  311.5    5.4259e+00    3.0341e+00    7.8829e-01    1.2900e-01
  314.5    5.7982e+00    3.0341e+00    9.1098e-01    1.5775e-01
  317.5    5.0624e+00    3.0341e+00    6.6847e-01    1.2803e-01
  320.5    4.1439e+00    3.0341e+00    3.6575e-01    5.1506e-02
  323.5    3.2794e+00    3.0341e+00    8.0822e-02   -1.3522e-02
  326.5    2.8700e+00    3.0341e+00   -5.4101e-02   -5.9173e-02
  329.5    2.6510e+00    3.0341e+00   -1.2628e-01   -6.7957e-02
  332.5    2.6285e+00    3.0341e+00   -1.3369e-01   -8.0252e-02
  335.5    2.4665e+00    3.0341e+00   -1.8708e-01   -8.8975e-02
  338.5    2.4443e+00    3.0341e+00   -1.9440e-01   -8.4823e-02
  341.5    2.5524e+00    3.0341e+00   -1.5877e-01   -7.6148e-02
  344.5    2.5355e+00    3.0341e+00   -1.6434e-01   -7.0083e-02
  347.5    2.4441e+00    3.0341e+00   -1.9446e-01   -9.2389e-02
  350.5    2.6583e+00    3.0341e+00   -1.2388e-01   -9.6485e-02
  353.5    2.8813e+00    3.0341e+00   -5.0361e-02   -7.7242e-02
  356.5    3.0567e+00    3.0341e+00    7.4483e-03   -2.7242e-02
  359.5    3.2192e+00    3.0341e+00    6.1007e-02    3.7034e-03
   8   120  15.82   51.0    1.0    0.0   ----------------------------
    2.5    3.3429e+00    2.8391e+00    1.7746e-01    7.8302e-02
    5.5    2.9672e+00    2.8391e+00    4.5129e-02    4.0622e-02
    8.5    2.6244e+00    2.8391e+00   -7.5595e-02   -5.8083e-04
   11.5    2.4220e+00    2.8391e+00   -1.4692e-01   -2.8387e-02
   14.5    2.4588e+00    2.8391e+00   -1.3395e-01   -2.2632e-02
   17.5    2.5814e+00    2.8391e+00   -9.0747e-02    6.9719e-03
   20.5    2.5371e+00    2.8391e+00   -1.0637e-01    1.8474e-02
   23.5    2.5269e+00    2.8391e+00   -1.0997e-01    1.3462e-02
   26.5    2.6935e+00    2.8391e+00   -5.1268e-02   -1.2045e-04
   29.5    2.7783e+00    2.8391e+00   -2.1396e-02    8.3175e-03
   32.5    2.6471e+00    2.8391e+00   -6.7615e-02    1.7584e-02
   35.5    2.7675e+00    2.8391e+00   -2.5211e-02    3.6784e-02
   38.5    3.1038e+00    2.8391e+00    9.3242e-02    5.5891e-02
   41.5    3.6966e+00    2.8391e+00    3.0206e-01    8.6956e-02
   44.5    4.3589e+00    2.8391e+00    5.3534e-01    9.9715e-02
   47.5    4.2525e+00    2.8391e+00    4.9786e-01    1.0363e-01
   50.5    3.8100e+00    2.8391e+00    3.4198e-01    8.6144e-02
   53.5    3.2341e+00    2.8391e+00    1.3914e-01    5.6673e-02
   56.5    2.6270e+00    2.8391e+00   -7.4698e-02    3.0858e-02
   59.5    2.4489e+00    2.8391e+00   -1.3743e-01    4.3354e-03
   62.5    2.6013e+00    2.8391e+00   -8.3762e-02   -3.1791e-04
   65.5    2.6113e+00    2.8391e+00   -8.0217e-02   -7.7942e-03
   68.5    2.3492e+00    2.8391e+00   -1.7255e-01   -4.5597e-03
   71.5    2.1650e+00    2.8391e+00   -2.3741e-01   -1.3458e-02
   74.5    2.1860e+00    2.8391e+00   -2.3001e-01   -2.3601e-02
   77.5    2.3163e+00    2.8391e+00   -1.8413e-01   -3.0762e-02
   80.5    2.7025e+00    2.8391e+00   -4.8092e-02   -1.6366e-02
   83.5    3.0315e+00    2.8391e+00    6.7791e-02    3.2932e-02
   86.5    3.1792e+00    2.8391e+00    1.1981e-01    1.0490e-01
   89.5    3.2580e+00    2.8391e+00    1.4756e-01    1.6247e-01
   92.5    3.1798e+00    2.8391e+00    1.2003e-01    1.4012e-01
   95.5    2.9617e+00    2.8391e+00    4.3211e-02    6.7918e-02
   98.5    2.6831e+00    2.8391e+00   -5.4928e-02   -2.2048e-02
  101.5    2.3860e+00    2.8391e+00   -1.5957e-01   -6.3336e-02
  104.5    2.2116e+00    2.8391e+00   -2.2099e-01   -8.4587e-02
  107.5    2.2184e+00    2.8391e+00   -2.1861e-01   -8.8849e-02
  110.5    2.3647e+00    2.8391e+00   -1.6709e-01   -8.9706e-02
  113.5    2.5497e+00    2.8391e+00   -1.0193e-01   -8.8175e-02
  116.5    2.6420e+00    2.8391e+00   -6.9394e-02   -8.2415e-02
  119.5    2.6194e+00    2.8391e+00   -7.7365e-02   -7.4223e-02
  122.5    2.7897e+00    2.8391e+00   -1.7380e-02   -5.6310e-02
  125.5    3.0138e+00    2.8391e+00    6.1563e-02   -3.6252e-02
  128.5    3.4979e+00    2.8391e+00    2.3205e-01   -1.7945e-02
  131.5    4.0341e+00    2.8391e+00    4.2092e-01    2.1817e-02
  134.5    4.1909e+00    2.8391e+00    4.7615e-01    3.8684e-02
  137.5    3.8475e+00    2.8391e+00    3.5522e-01    2.3383e-02
  140.5    3.2134e+00    2.8391e+00    1.3186e-01   -3.7910e-03
  143.5    2.7466e+00    2.8391e+00   -3.2556e-02   -2.7096e-02
  146.5    2.5599e+00    2.8391e+00   -9.8331e-02   -3.8218e-02
  149.5    2.4178e+00    2.8391e+00   -1.4838e-01   -5.2292e-02
  152.5    2.4951e+00    2.8391e+00   -1.2114e-01   -6.7635e-02
  155.5    2.5063e+00    2.8391e+00   -1.1720e-01   -7.6663e-02
  158.5    2.4347e+00    2.8391e+00   -1.4244e-01   -6.8795e-02
  161.5    2.4210e+00    2.8391e+00   -1.4724e-01   -6.0734e-02
  164.5    2.4425e+00    2.8391e+00   -1.3969e-01   -6.8755e-02
  167.5    2.3381e+00    2.8391e+00   -1.7644e-01   -8.1946e-02
  170.5    2.4054e+00    2.8391e+00   -1.5276e-01   -6.1904e-02
  173.5    2.7182e+00    2.8391e+00   -4.2559e-02   -1.2470e-02
  176.5    3.1145e+00    2.8391e+00    9.7028e-02    5.4599e-02
  179.5    3.4133e+00    2.8391e+00    2.0228e-01    8.1199e-02
  182.5    3.3266e+00    2.8391e+00    1.7172e-01    7.8303e-02
  185.5    2.9087e+00    2.8391e+00    2.4514e-02    4.0621e-02
  188.5    2.5456e+00    2.8391e+00   -1.0336e-01   -5.7984e-04
  191.5    2.3875e+00    2.8391e+00   -1.5907e-01   -2.8387e-02
  194.5    2.4497e+00    2.8391e+00   -1.3714e-01   -2.2632e-02
  197.5    2.4679e+00    2.8391e+00   -1.3073e-01    6.9737e-03
  200.5    2.3388e+00    2.8391e+00   -1.7621e-01    1.8473e-02
  203.5    2.3888e+00    2.8391e+00   -1.5858e-01    1.3464e-02
  206.5    2.5303e+00    2.8391e+00   -1.0874e-01   -1.2060e-04
  209.5    2.5676e+00    2.8391e+00   -9.5626e-02    8.3194e-03
  212.5    2.5892e+00    2.8391e+00   -8.8018e-02    1.7583e-02
  215.5    2.6632e+00    2.8391e+00   -6.1931e-02    3.6785e-02
  218.5    2.9781e+00    2.8391e+00    4.8959e-02    5.5891e-02
  221.5    3.5917e+00    2.8391e+00    2.6510e-01    8.6956e-02
  224.5    4.0793e+00    2.8391e+00    4.3684e-01    9.9716e-02
  227.5    4.0670e+00    2.8391e+00    4.3252e-01    1.0363e-01
  230.5    3.5566e+00    2.8391e+00    2.5272e-01    8.6144e-02
  233.5    3.1357e+00    2.8391e+00    1.0447e-01    5.6672e-02
  236.5    2.8811e+00    2.8391e+00    1.4816e-02    3.0858e-02
  239.5    2.6826e+00    2.8391e+00   -5.5114e-02    4.3335e-03
  242.5    2.6235e+00    2.8391e+00   -7.5916e-02   -3.1760e-04
  245.5    2.4526e+00    2.8391e+00   -1.3611e-01   -7.7936e-03
  248.5    2.3105e+00    2.8391e+00   -1.8617e-01   -4.5593e-03
  251.5    2.1797e+00    2.8391e+00   -2.3226e-01   -1.3459e-02
  254.5    2.2121e+00    2.8391e+00   -2.2083e-01   -2.3602e-02
  257.5    2.3333e+00    2.8391e+00   -1.7814e-01   -3.0762e-02
  260.5    2.5615e+00    2.8391e+00   -9.7768e-02   -1.6366e-02
  263.5    2.8026e+00    2.8391e+00   -1.2832e-02    3.2929e-02
  266.5    3.1366e+00    2.8391e+00    1.0479e-01    1.0490e-01
  269.5    3.2915e+00    2.8391e+00    1.5935e-01    1.6247e-01
  272.5    3.2272e+00    2.8391e+00    1.3672e-01    1.4012e-01
  275.5    3.1406e+00    2.8391e+00    1.0620e-01    6.7915e-02
  278.5    2.8525e+00    2.8391e+00    4.7362e-03   -2.2047e-02
  281.5    2.4553e+00    2.8391e+00   -1.3517e-01   -6.3338e-02
  284.5    2.2272e+00    2.8391e+00   -2.1552e-01   -8.4589e-02
  287.5    2.1083e+00    2.8391e+00   -2.5740e-01   -8.8849e-02
  290.5    2.2247e+00    2.8391e+00   -2.1641e-01   -8.9708e-02
  293.5    2.4237e+00    2.8391e+00   -1.4630e-01   -8.8175e-02
  296.5    2.4927e+00    2.8391e+00   -1.2199e-01   -8.2415e-02
  299.5    2.4189e+00    2.8391e+00   -1.4801e-01   -7.4224e-02
  302.5    2.4594e+00    2.8391e+00   -1.3371e-01   -5.6310e-02
  305.5    2.8794e+00    2.8391e+00    1.4224e-02   -3.6251e-02
  308.5    3.4715e+00    2.8391e+00    2.2276e-01   -1.7946e-02
  311.5    3.9414e+00    2.8391e+00    3.8826e-01    2.1817e-02
  314.5    4.3799e+00    2.8391e+00    5.4272e-01    3.8684e-02
  317.5    3.9580e+00    2.8391e+00    3.9414e-01    2.3383e-02
  320.5    3.3294e+00    2.8391e+00    1.7272e-01   -3.7906e-03
  323.5    2.8426e+00    2.8391e+00    1.2376e-03   -2.7094e-02
  326.5    2.7469e+00    2.8391e+00   -3.2449e-02   -3.8218e-02
  329.5    2.7785e+00    2.8391e+00   -2.1331e-02   -5.2292e-02
  332.5    2.7221e+00    2.8391e+00   -4.1189e-02   -6.7635e-02
  335.5    2.5365e+00    2.8391e+00   -1.0657e-01   -7.6662e-02
  338.5    2.4883e+00    2.8391e+00   -1.2355e-01   -6.8795e-02
  341.5    2.5314e+00    2.8391e+00   -1.0835e-01   -6.0734e-02
  344.5    2.5573e+00    2.8391e+00   -9.9230e-02   -6.8756e-02
  347.5    2.4764e+00    2.8391e+00   -1.2774e-01   -8.1947e-02
  350.5    2.5900e+00    2.8391e+00   -8.7713e-02   -6.1905e-02
  353.5    2.8828e+00    2.8391e+00    1.5394e-02   -1.2470e-02
  356.5    3.2845e+00    2.8391e+00    1.5690e-01    5.4597e-02
  359.5    3.5233e+00    2.8391e+00    2.4102e-01    8.1198e-02
   9   120  15.82   54.0    1.0    0.0   ----------------------------
    2.5    3.2084e+00    2.5699e+00    2.4845e-01    1.1304e-01
    5.5    2.7897e+00    2.5699e+00    8.5526e-02    9.9161e-02
    8.5    2.5197e+00    2.5699e+00   -1.9560e-02    7.0306e-02
   11.5    2.4179e+00    2.5699e+00   -5.9140e-02    5.2116e-02
   14.5    2.4202e+00    2.5699e+00   -5.8254e-02    3.6003e-02
   17.5    2.4013e+00    2.5699e+00   -6.5609e-02    3.3551e-02
   20.5    2.4751e+00    2.5699e+00   -3.6899e-02    4.1024e-02
   23.5    2.5227e+00    2.5699e+00   -1.8378e-02    5.3896e-02
   26.5    2.6463e+00    2.5699e+00    2.9708e-02    5.5224e-02
   29.5    2.7918e+00    2.5699e+00    8.6330e-02    4.3955e-02
   32.5    2.6577e+00    2.5699e+00    3.4149e-02    3.2279e-02
   35.5    2.4489e+00    2.5699e+00   -4.7073e-02    2.9755e-02
   38.5    2.3960e+00    2.5699e+00   -6.7676e-02    3.5536e-02
   41.5    2.6272e+00    2.5699e+00    2.2298e-02    4.5669e-02
   44.5    2.8963e+00    2.5699e+00    1.2701e-01    5.2004e-02
   47.5    2.8000e+00    2.5699e+00    8.9508e-02    5.4890e-02
   50.5    2.6400e+00    2.5699e+00    2.7276e-02    4.9510e-02
   53.5    2.4349e+00    2.5699e+00   -5.2534e-02    3.3996e-02
   56.5    2.1833e+00    2.5699e+00   -1.5045e-01    1.5303e-02
   59.5    2.1252e+00    2.5699e+00   -1.7305e-01    7.8063e-03
   62.5    2.2596e+00    2.5699e+00   -1.2074e-01    2.0777e-02
   65.5    2.3363e+00    2.5699e+00   -9.0903e-02    3.5961e-02
   68.5    2.2851e+00    2.5699e+00   -1.1083e-01    3.1312e-02
   71.5    2.2611e+00    2.5699e+00   -1.2017e-01    1.6594e-02
   74.5    2.2987e+00    2.5699e+00   -1.0554e-01    1.8401e-03
   77.5    2.2649e+00    2.5699e+00   -1.1870e-01    2.2696e-03
   80.5    2.6048e+00    2.5699e+00    1.3564e-02    8.7907e-03
   83.5    3.0671e+00    2.5699e+00    1.9347e-01    4.3447e-02
   86.5    3.4379e+00    2.5699e+00    3.3774e-01    7.2639e-02
   89.5    3.5484e+00    2.5699e+00    3.8074e-01    9.6578e-02
   92.5    3.4112e+00    2.5699e+00    3.2735e-01    8.2105e-02
   95.5    3.0396e+00    2.5699e+00    1.8274e-01    4.8163e-02
   98.5    2.7791e+00    2.5699e+00    8.1385e-02   -6.0769e-03
  101.5    2.5528e+00    2.5699e+00   -6.6573e-03   -5.3398e-02
  104.5    2.4180e+00    2.5699e+00   -5.9102e-02   -8.4097e-02
  107.5    2.2533e+00    2.5699e+00   -1.2322e-01   -8.2476e-02
  110.5    2.2904e+00    2.5699e+00   -1.0877e-01   -7.9318e-02
  113.5    2.5288e+00    2.5699e+00   -1.5983e-02   -6.9929e-02
  116.5    2.6230e+00    2.5699e+00    2.0670e-02   -7.3251e-02
  119.5    2.5161e+00    2.5699e+00   -2.0953e-02   -8.4609e-02
  122.5    2.3133e+00    2.5699e+00   -9.9871e-02   -8.8831e-02
  125.5    2.1594e+00    2.5699e+00   -1.5976e-01   -7.5394e-02
  128.5    2.2821e+00    2.5699e+00   -1.1200e-01   -5.4914e-02
  131.5    2.4776e+00    2.5699e+00   -3.5919e-02   -3.9292e-02
  134.5    2.6654e+00    2.5699e+00    3.7169e-02   -3.3536e-02
  137.5    2.6165e+00    2.5699e+00    1.8130e-02   -4.5796e-02
  140.5    2.3861e+00    2.5699e+00   -7.1517e-02   -7.0801e-02
  143.5    2.2575e+00    2.5699e+00   -1.2155e-01   -9.4124e-02
  146.5    2.3245e+00    2.5699e+00   -9.5517e-02   -9.5873e-02
  149.5    2.4623e+00    2.5699e+00   -4.1873e-02   -8.4221e-02
  152.5    2.5212e+00    2.5699e+00   -1.8945e-02   -7.2599e-02
  155.5    2.6534e+00    2.5699e+00    3.2469e-02   -6.3698e-02
  158.5    2.5572e+00    2.5699e+00   -4.9385e-03   -6.2330e-02
  161.5    2.3425e+00    2.5699e+00   -8.8494e-02   -7.0326e-02
  164.5    2.4192e+00    2.5699e+00   -5.8631e-02   -7.6544e-02
  167.5    2.3232e+00    2.5699e+00   -9.5993e-02   -6.2001e-02
  170.5    2.3993e+00    2.5699e+00   -6.6391e-02   -1.5020e-02
  173.5    2.6909e+00    2.5699e+00    4.7086e-02    3.3112e-02
  176.5    3.1031e+00    2.5699e+00    2.0746e-01    8.2616e-02
  179.5    3.4384e+00    2.5699e+00    3.3793e-01    1.0724e-01
  182.5    3.2967e+00    2.5699e+00    2.8282e-01    1.1304e-01
  185.5    2.9104e+00    2.5699e+00    1.3249e-01    9.9161e-02
  188.5    2.5421e+00    2.5699e+00   -1.0807e-02    7.0307e-02
  191.5    2.3056e+00    2.5699e+00   -1.0284e-01    5.2116e-02
  194.5    2.3545e+00    2.5699e+00   -8.3828e-02    3.6003e-02
  197.5    2.2797e+00    2.5699e+00   -1.1292e-01    3.3553e-02
  200.5    2.3615e+00    2.5699e+00   -8.1093e-02    4.1023e-02
  203.5    2.5104e+00    2.5699e+00   -2.3170e-02    5.3898e-02
  206.5    2.5622e+00    2.5699e+00   -3.0012e-03    5.5224e-02
  209.5    2.6271e+00    2.5699e+00    2.2247e-02    4.3956e-02
  212.5    2.4995e+00    2.5699e+00   -2.7393e-02    3.2278e-02
  215.5    2.2949e+00    2.5699e+00   -1.0702e-01    2.9755e-02
  218.5    2.3667e+00    2.5699e+00   -7.9063e-02    3.5537e-02
  221.5    2.5777e+00    2.5699e+00    3.0192e-03    4.5669e-02
  224.5    2.6672e+00    2.5699e+00    3.7848e-02    5.2004e-02
  227.5    2.5847e+00    2.5699e+00    5.7679e-03    5.4889e-02
  230.5    2.3432e+00    2.5699e+00   -8.8232e-02    4.9510e-02
  233.5    2.1860e+00    2.5699e+00   -1.4941e-01    3.3996e-02
  236.5    2.2162e+00    2.5699e+00   -1.3764e-01    1.5302e-02
  239.5    2.4273e+00    2.5699e+00   -5.5488e-02    7.8036e-03
  242.5    2.5662e+00    2.5699e+00   -1.4373e-03    2.0778e-02
  245.5    2.4564e+00    2.5699e+00   -4.4167e-02    3.5962e-02
  248.5    2.2944e+00    2.5699e+00   -1.0720e-01    3.1313e-02
  251.5    2.2498e+00    2.5699e+00   -1.2455e-01    1.6590e-02
  254.5    2.3496e+00    2.5699e+00   -8.5714e-02    1.8395e-03
  257.5    2.4627e+00    2.5699e+00   -4.1709e-02    2.2689e-03
  260.5    2.6828e+00    2.5699e+00    4.3925e-02    8.7906e-03
  263.5    2.9069e+00    2.5699e+00    1.3111e-01    4.3442e-02
  266.5    3.2661e+00    2.5699e+00    2.7091e-01    7.2640e-02
  269.5    3.5026e+00    2.5699e+00    3.6291e-01    9.6578e-02
  272.5    3.3975e+00    2.5699e+00    3.2202e-01    8.2104e-02
  275.5    3.1097e+00    2.5699e+00    2.1004e-01    4.8158e-02
  278.5    2.7383e+00    2.5699e+00    6.5511e-02   -6.0771e-03
  281.5    2.3675e+00    2.5699e+00   -7.8760e-02   -5.3400e-02
  284.5    2.3087e+00    2.5699e+00   -1.0163e-01   -8.4098e-02
  287.5    2.2529e+00    2.5699e+00   -1.2335e-01   -8.2476e-02
  290.5    2.2639e+00    2.5699e+00   -1.1909e-01   -7.9319e-02
  293.5    2.2623e+00    2.5699e+00   -1.1968e-01   -6.9928e-02
  296.5    2.2350e+00    2.5699e+00   -1.3031e-01   -7.3251e-02
  299.5    2.1038e+00    2.5699e+00   -1.8137e-01   -8.4609e-02
  302.5    2.1108e+00    2.5699e+00   -1.7864e-01   -8.8832e-02
  305.5    2.3535e+00    2.5699e+00   -8.4204e-02   -7.5392e-02
  308.5    2.5111e+00    2.5699e+00   -2.2893e-02   -5.4914e-02
  311.5    2.6728e+00    2.5699e+00    4.0032e-02   -3.9293e-02
  314.5    2.9270e+00    2.5699e+00    1.3896e-01   -3.3537e-02
  317.5    2.7294e+00    2.5699e+00    6.2062e-02   -4.5796e-02
  320.5    2.5123e+00    2.5699e+00   -2.2421e-02   -7.0801e-02
  323.5    2.4638e+00    2.5699e+00   -4.1280e-02   -9.4123e-02
  326.5    2.6605e+00    2.5699e+00    3.5257e-02   -9.5873e-02
  329.5    2.7745e+00    2.5699e+00    7.9593e-02   -8.4221e-02
  332.5    2.6482e+00    2.5699e+00    3.0467e-02   -7.2600e-02
  335.5    2.4449e+00    2.5699e+00   -4.8635e-02   -6.3697e-02
  338.5    2.3887e+00    2.5699e+00   -7.0503e-02   -6.2330e-02
  341.5    2.2733e+00    2.5699e+00   -1.1542e-01   -7.0325e-02
  344.5    2.3468e+00    2.5699e+00   -8.6815e-02   -7.6546e-02
  347.5    2.3905e+00    2.5699e+00   -6.9832e-02   -6.2001e-02
  350.5    2.5340e+00    2.5699e+00   -1.3968e-02   -1.5022e-02
  353.5    2.7505e+00    2.5699e+00    7.0261e-02    3.3112e-02
  356.5    3.1761e+00    2.5699e+00    2.3588e-01    8.2614e-02
  359.5    3.4585e+00    2.5699e+00    3.4577e-01    1.0724e-01
  10   120  15.82   57.0    1.0    0.0   ----------------------------
    2.5    3.2334e+00    2.4798e+00    3.0388e-01    1.4960e-01
    5.5    2.6867e+00    2.4798e+00    8.3445e-02    1.4640e-01
    8.5    2.3145e+00    2.4798e+00   -6.6678e-02    1.2056e-01
   11.5    2.2510e+00    2.4798e+00   -9.2282e-02    1.0506e-01
   14.5    2.3160e+00    2.4798e+00   -6.6056e-02    9.3687e-02
   17.5    2.3687e+00    2.4798e+00   -4.4797e-02    7.9819e-02
   20.5    2.4801e+00    2.4798e+00    1.3471e-04    6.2864e-02
   23.5    2.5414e+00    2.4798e+00    2.4821e-02    5.0229e-02
   26.5    2.4890e+00    2.4798e+00    3.7032e-03    5.9502e-02
   29.5    2.5754e+00    2.4798e+00    3.8567e-02    7.2473e-02
   32.5    2.5533e+00    2.4798e+00    2.9650e-02    7.3672e-02
   35.5    2.4277e+00    2.4798e+00   -2.1026e-02    7.2645e-02
   38.5    2.2104e+00    2.4798e+00   -1.0862e-01    5.9301e-02
   41.5    2.2526e+00    2.4798e+00   -9.1615e-02    5.8199e-02
   44.5    2.4013e+00    2.4798e+00   -3.1668e-02    5.9322e-02
   47.5    2.3882e+00    2.4798e+00   -3.6956e-02    7.7978e-02
   50.5    2.4658e+00    2.4798e+00   -5.6321e-03    7.0136e-02
   53.5    2.4471e+00    2.4798e+00   -1.3172e-02    5.6512e-02
   56.5    2.1793e+00    2.4798e+00   -1.2117e-01    3.1354e-02
   59.5    2.0270e+00    2.4798e+00   -1.8260e-01    2.2201e-02
   62.5    2.1169e+00    2.4798e+00   -1.4633e-01    1.0720e-02
   65.5    2.1783e+00    2.4798e+00   -1.2160e-01   -7.2439e-03
   68.5    2.3275e+00    2.4798e+00   -6.1408e-02   -1.4181e-02
   71.5    2.4907e+00    2.4798e+00    4.4036e-03   -3.2952e-03
   74.5    2.5322e+00    2.4798e+00    2.1130e-02    1.2453e-02
   77.5    2.3820e+00    2.4798e+00   -3.9455e-02    1.7791e-02
   80.5    2.4342e+00    2.4798e+00   -1.8398e-02    1.1627e-02
   83.5    2.9377e+00    2.4798e+00    1.8466e-01    2.4748e-02
   86.5    3.3246e+00    2.4798e+00    3.4067e-01    4.0306e-02
   89.5    3.3562e+00    2.4798e+00    3.5340e-01    4.1223e-02
   92.5    3.2701e+00    2.4798e+00    3.1871e-01    2.6062e-02
   95.5    3.0072e+00    2.4798e+00    2.1268e-01   -2.8608e-03
   98.5    2.6134e+00    2.4798e+00    5.3890e-02   -2.7674e-02
  101.5    2.4860e+00    2.4798e+00    2.4803e-03   -4.5036e-02
  104.5    2.4670e+00    2.4798e+00   -5.1622e-03   -5.7990e-02
  107.5    2.3416e+00    2.4798e+00   -5.5724e-02   -7.1829e-02
  110.5    2.2744e+00    2.4798e+00   -8.2826e-02   -9.4843e-02
  113.5    2.3482e+00    2.4798e+00   -5.3061e-02   -1.0924e-01
  116.5    2.5298e+00    2.4798e+00    2.0173e-02   -9.6502e-02
  119.5    2.4088e+00    2.4798e+00   -2.8630e-02   -9.3731e-02
  122.5    2.1971e+00    2.4798e+00   -1.1399e-01   -7.7914e-02
  125.5    2.0535e+00    2.4798e+00   -1.7189e-01   -6.8381e-02
  128.5    2.0722e+00    2.4798e+00   -1.6437e-01   -6.6296e-02
  131.5    2.2668e+00    2.4798e+00   -8.5911e-02   -5.9885e-02
  134.5    2.3108e+00    2.4798e+00   -6.8153e-02   -7.4690e-02
  137.5    2.2932e+00    2.4798e+00   -7.5251e-02   -9.1863e-02
  140.5    2.2014e+00    2.4798e+00   -1.1228e-01   -1.1231e-01
  143.5    2.2150e+00    2.4798e+00   -1.0679e-01   -1.2263e-01
  146.5    2.2889e+00    2.4798e+00   -7.6981e-02   -1.2936e-01
  149.5    2.4885e+00    2.4798e+00    3.4996e-03   -1.3188e-01
  152.5    2.6024e+00    2.4798e+00    4.9450e-02   -1.2621e-01
  155.5    2.6976e+00    2.4798e+00    8.7817e-02   -1.1982e-01
  158.5    2.6803e+00    2.4798e+00    8.0871e-02   -1.0580e-01
  161.5    2.4765e+00    2.4798e+00   -1.3417e-03   -6.9320e-02
  164.5    2.4021e+00    2.4798e+00   -3.1337e-02   -4.3870e-02
  167.5    2.1544e+00    2.4798e+00   -1.3123e-01   -1.3603e-02
  170.5    2.1957e+00    2.4798e+00   -1.1457e-01    8.3124e-03
  173.5    2.5503e+00    2.4798e+00    2.8448e-02    6.5079e-02
  176.5    3.1117e+00    2.4798e+00    2.5483e-01    1.1171e-01
  179.5    3.5139e+00    2.4798e+00    4.1702e-01    1.4674e-01
  182.5    3.3389e+00    2.4798e+00    3.4644e-01    1.4960e-01
  185.5    2.8077e+00    2.4798e+00    1.3222e-01    1.4640e-01
  188.5    2.2848e+00    2.4798e+00   -7.8639e-02    1.2056e-01
  191.5    2.0752e+00    2.4798e+00   -1.6316e-01    1.0506e-01
  194.5    2.1989e+00    2.4798e+00   -1.1327e-01    9.3687e-02
  197.5    2.3745e+00    2.4798e+00   -4.2449e-02    7.9820e-02
  200.5    2.5590e+00    2.4798e+00    3.1944e-02    6.2863e-02
  203.5    2.6331e+00    2.4798e+00    6.1801e-02    5.0231e-02
  206.5    2.6755e+00    2.4798e+00    7.8907e-02    5.9503e-02
  209.5    2.6604e+00    2.4798e+00    7.2813e-02    7.2474e-02
  212.5    2.4300e+00    2.4798e+00   -2.0096e-02    7.3672e-02
  215.5    2.2368e+00    2.4798e+00   -9.7991e-02    7.2645e-02
  218.5    2.1510e+00    2.4798e+00   -1.3259e-01    5.9302e-02
  221.5    2.2574e+00    2.4798e+00   -8.9692e-02    5.8199e-02
  224.5    2.2903e+00    2.4798e+00   -7.6405e-02    5.9321e-02
  227.5    2.3261e+00    2.4798e+00   -6.1996e-02    7.7977e-02
  230.5    2.1725e+00    2.4798e+00   -1.2391e-01    7.0138e-02
  233.5    2.0575e+00    2.4798e+00   -1.7028e-01    5.6512e-02
  236.5    2.0868e+00    2.4798e+00   -1.5848e-01    3.1354e-02
  239.5    2.3834e+00    2.4798e+00   -3.8874e-02    2.2197e-02
  242.5    2.6468e+00    2.4798e+00    6.7339e-02    1.0721e-02
  245.5    2.4217e+00    2.4798e+00   -2.3416e-02   -7.2425e-03
  248.5    2.3107e+00    2.4798e+00   -6.8198e-02   -1.4179e-02
  251.5    2.2728e+00    2.4798e+00   -8.3458e-02   -3.3007e-03
  254.5    2.3718e+00    2.4798e+00   -4.3557e-02    1.2452e-02
  257.5    2.3931e+00    2.4798e+00   -3.4972e-02    1.7790e-02
  260.5    2.4878e+00    2.4798e+00    3.2097e-03    1.1627e-02
  263.5    2.8104e+00    2.4798e+00    1.3333e-01    2.4741e-02
  266.5    3.0680e+00    2.4798e+00    2.3721e-01    4.0308e-02
  269.5    3.1196e+00    2.4798e+00    2.5801e-01    4.1222e-02
  272.5    3.0967e+00    2.4798e+00    2.4879e-01    2.6061e-02
  275.5    2.9510e+00    2.4798e+00    1.9002e-01   -2.8666e-03
  278.5    2.5608e+00    2.4798e+00    3.2648e-02   -2.7674e-02
  281.5    2.3456e+00    2.4798e+00   -5.4136e-02   -4.5038e-02
  284.5    2.4646e+00    2.4798e+00   -6.1111e-03   -5.7991e-02
  287.5    2.4243e+00    2.4798e+00   -2.2366e-02   -7.1830e-02
  290.5    2.3676e+00    2.4798e+00   -4.5235e-02   -9.4844e-02
  293.5    2.2653e+00    2.4798e+00   -8.6499e-02   -1.0924e-01
  296.5    2.2103e+00    2.4798e+00   -1.0869e-01   -9.6502e-02
  299.5    2.0645e+00    2.4798e+00   -1.6749e-01   -9.3730e-02
  302.5    2.1151e+00    2.4798e+00   -1.4708e-01   -7.7914e-02
  305.5    2.3686e+00    2.4798e+00   -4.4838e-02   -6.8379e-02
  308.5    2.4953e+00    2.4798e+00    6.2610e-03   -6.6297e-02
  311.5    2.3910e+00    2.4798e+00   -3.5818e-02   -5.9886e-02
  314.5    2.4441e+00    2.4798e+00   -1.4383e-02   -7.4690e-02
  317.5    2.3729e+00    2.4798e+00   -4.3097e-02   -9.1863e-02
  320.5    2.2838e+00    2.4798e+00   -7.9033e-02   -1.1231e-01
  323.5    2.4211e+00    2.4798e+00   -2.3683e-02   -1.2262e-01
  326.5    2.5861e+00    2.4798e+00    4.2872e-02   -1.2936e-01
  329.5    2.6411e+00    2.4798e+00    6.5049e-02   -1.3188e-01
  332.5    2.4349e+00    2.4798e+00   -1.8124e-02   -1.2621e-01
  335.5    2.4508e+00    2.4798e+00   -1.1698e-02   -1.1982e-01
  338.5    2.4493e+00    2.4798e+00   -1.2317e-02   -1.0580e-01
  341.5    2.2849e+00    2.4798e+00   -7.8612e-02   -6.9319e-02
  344.5    2.2462e+00    2.4798e+00   -9.4197e-02   -4.3874e-02
  347.5    2.1773e+00    2.4798e+00   -1.2199e-01   -1.3603e-02
  350.5    2.2566e+00    2.4798e+00   -8.9997e-02    8.3093e-03
  353.5    2.5690e+00    2.4798e+00    3.5977e-02    6.5079e-02
  356.5    3.1681e+00    2.4798e+00    2.7755e-01    1.1171e-01
  359.5    3.5587e+00    2.4798e+00    4.3507e-01    1.4673e-01
