   223    26     0     datakind beginning-row multi-curves
-----------------------------------------------------------------
Calculation of photoelectron diffraction and dichroism
MSCD Parallel  Version 1.37 Yufeng Chen and Michel A Van Hove
Lawrence Berkeley National Laboratory (LBNL), Berkeley, CA 94720
Copyright (c) Van Hove Group 1997-1998. All rights reserved
-----------------------------------------------------------------
 angle-resolved photoemission extended fine structure (ARPEFS)
 multiple scattering calculation of Ga2O3(100)
 calculated by Yosef (UFJ-PPGCAS) on Aug 18, 2025

   initial angular momentum (li) = 0   msorder=  8   raorder= 4
   photon polarization angle (polar,azimuth) =(   0.0   0.0 ) (deg)

   radius, depth and lattice constant=  10.0,  11.0 and   3.04 angstrom
   cluster size= 206 atoms and spacings=  0.00  1.61  0.94  0.00 angs
   inner potential=  4.0 V  debye and sample temperature= 237, 300 K
   number of valence electrons=  24     bandgap energy=   4.70 eV
   density of bulk=   5.88 g/cm3     molecular weight= 187.44 amu
   effective weight for kind 1-2 =   16.0   69.7 amu
   half aperture angle=    3.0 deg            pathcut=     0.0010

   photoemission azimuthal scan curves
     parameters: curve point theta phi weightc weighte
     columns: phi intensity background chical chiexp
    10  1200    1   10  120 1200  ncurve npoint nk ntheta nphi nangle
   1   120  15.82   30.0    1.0    0.0   ----------------------------
    2.5    4.0458e+00    3.3476e+00    2.0856e-01    7.9703e-02
    5.5    4.1432e+00    3.3476e+00    2.3764e-01    8.9743e-02
    8.5    4.1096e+00    3.3476e+00    2.2761e-01    8.1535e-02
   11.5    3.8542e+00    3.3476e+00    1.5133e-01    4.3014e-02
   14.5    3.4497e+00    3.3476e+00    3.0498e-02   -1.1028e-02
   17.5    3.0616e+00    3.3476e+00   -8.5437e-02   -5.6685e-02
   20.5    2.8176e+00    3.3476e+00   -1.5834e-01   -7.2070e-02
   23.5    2.7391e+00    3.3476e+00   -1.8177e-01   -7.8056e-02
   26.5    2.8606e+00    3.3476e+00   -1.4548e-01   -7.6352e-02
   29.5    2.9878e+00    3.3476e+00   -1.0750e-01   -8.7337e-02
   32.5    3.1808e+00    3.3476e+00   -4.9844e-02   -9.1148e-02
   35.5    3.3044e+00    3.3476e+00   -1.2902e-02   -8.1315e-02
   38.5    3.4811e+00    3.3476e+00    3.9874e-02   -5.6700e-02
   41.5    3.5295e+00    3.3476e+00    5.4343e-02   -2.3083e-02
   44.5    3.4845e+00    3.3476e+00    4.0879e-02    1.6590e-03
   47.5    3.4255e+00    3.3476e+00    2.3255e-02    1.8323e-02
   50.5    3.3619e+00    3.3476e+00    4.2735e-03    1.2507e-02
   53.5    3.3268e+00    3.3476e+00   -6.2311e-03   -4.5615e-03
   56.5    3.2234e+00    3.3476e+00   -3.7120e-02   -2.9961e-02
   59.5    3.0328e+00    3.3476e+00   -9.4045e-02   -4.4170e-02
   62.5    2.8186e+00    3.3476e+00   -1.5804e-01   -4.5849e-02
   65.5    2.6283e+00    3.3476e+00   -2.1488e-01   -3.4435e-02
   68.5    2.4897e+00    3.3476e+00   -2.5627e-01   -1.9596e-02
   71.5    2.5512e+00    3.3476e+00   -2.3791e-01   -6.7365e-03
   74.5    2.7838e+00    3.3476e+00   -1.6842e-01    7.2020e-03
   77.5    3.1609e+00    3.3476e+00   -5.5775e-02    2.6837e-02
   80.5    3.6858e+00    3.3476e+00    1.0102e-01    6.2876e-02
   83.5    4.0670e+00    3.3476e+00    2.1490e-01    1.1053e-01
   86.5    4.2417e+00    3.3476e+00    2.6707e-01    1.4540e-01
   89.5    4.2774e+00    3.3476e+00    2.7774e-01    1.5625e-01
   92.5    4.2700e+00    3.3476e+00    2.7554e-01    1.4761e-01
   95.5    4.1075e+00    3.3476e+00    2.2700e-01    1.3318e-01
   98.5    3.9499e+00    3.3476e+00    1.7992e-01    7.6059e-02
  101.5    3.6942e+00    3.3476e+00    1.0352e-01    3.5220e-02
  104.5    3.3700e+00    3.3476e+00    6.6960e-03   -1.4037e-02
  107.5    3.0741e+00    3.3476e+00   -8.1708e-02   -1.7085e-02
  110.5    2.8081e+00    3.3476e+00   -1.6116e-01   -4.0263e-02
  113.5    2.6189e+00    3.3476e+00   -2.1769e-01   -6.5798e-02
  116.5    2.6200e+00    3.3476e+00   -2.1736e-01   -1.0371e-01
  119.5    2.6775e+00    3.3476e+00   -2.0019e-01   -1.1083e-01
  122.5    2.8890e+00    3.3476e+00   -1.3701e-01   -9.4988e-02
  125.5    3.0979e+00    3.3476e+00   -7.4594e-02   -5.4154e-02
  128.5    3.3002e+00    3.3476e+00   -1.4164e-02    1.5155e-02
  131.5    3.4045e+00    3.3476e+00    1.7005e-02    2.1197e-02
  134.5    3.3488e+00    3.3476e+00    3.6430e-04    1.8032e-02
  137.5    3.3217e+00    3.3476e+00   -7.7523e-03    1.1580e-02
  140.5    3.4053e+00    3.3476e+00    1.7221e-02   -1.7602e-02
  143.5    3.5138e+00    3.3476e+00    4.9633e-02   -4.3238e-02
  146.5    3.5052e+00    3.3476e+00    4.7062e-02   -4.9114e-02
  149.5    3.3824e+00    3.3476e+00    1.0390e-02   -4.4946e-02
  152.5    3.0438e+00    3.3476e+00   -9.0744e-02   -3.2473e-02
  155.5    2.7117e+00    3.3476e+00   -1.8997e-01   -4.2739e-02
  158.5    2.6100e+00    3.3476e+00   -2.2034e-01   -5.0957e-02
  161.5    2.7846e+00    3.3476e+00   -1.6820e-01   -5.7035e-02
  164.5    3.1966e+00    3.3476e+00   -4.5102e-02   -2.9778e-02
  167.5    3.6477e+00    3.3476e+00    8.9651e-02    2.7790e-02
  170.5    4.0260e+00    3.3476e+00    2.0264e-01    8.4118e-02
  173.5    4.1422e+00    3.3476e+00    2.3735e-01    1.0643e-01
  176.5    4.0968e+00    3.3476e+00    2.2378e-01    9.4872e-02
  179.5    4.0473e+00    3.3476e+00    2.0901e-01    8.1013e-02
  182.5    4.0613e+00    3.3476e+00    2.1318e-01    7.9704e-02
  185.5    4.1531e+00    3.3476e+00    2.4061e-01    8.9743e-02
  188.5    4.1034e+00    3.3476e+00    2.2576e-01    8.1534e-02
  191.5    3.8167e+00    3.3476e+00    1.4013e-01    4.3012e-02
  194.5    3.3284e+00    3.3476e+00   -5.7462e-03   -1.1029e-02
  197.5    2.9218e+00    3.3476e+00   -1.2719e-01   -5.6684e-02
  200.5    2.6242e+00    3.3476e+00   -2.1611e-01   -7.2070e-02
  203.5    2.6367e+00    3.3476e+00   -2.1236e-01   -7.8055e-02
  206.5    2.8838e+00    3.3476e+00   -1.3856e-01   -7.6351e-02
  209.5    3.3071e+00    3.3476e+00   -1.2105e-02   -8.7337e-02
  212.5    3.4659e+00    3.3476e+00    3.5324e-02   -9.1148e-02
  215.5    3.5126e+00    3.3476e+00    4.9296e-02   -8.1314e-02
  218.5    3.4693e+00    3.3476e+00    3.6356e-02   -5.6700e-02
  221.5    3.3628e+00    3.3476e+00    4.5429e-03   -2.3083e-02
  224.5    3.3287e+00    3.3476e+00   -5.6576e-03    1.6600e-03
  227.5    3.4081e+00    3.3476e+00    1.8053e-02    1.8323e-02
  230.5    3.3410e+00    3.3476e+00   -1.9935e-03    1.2506e-02
  233.5    3.1490e+00    3.3476e+00   -5.9347e-02   -4.5620e-03
  236.5    2.9905e+00    3.3476e+00   -1.0668e-01   -2.9965e-02
  239.5    2.7579e+00    3.3476e+00   -1.7618e-01   -4.4172e-02
  242.5    2.6242e+00    3.3476e+00   -2.1610e-01   -4.5849e-02
  245.5    2.6309e+00    3.3476e+00   -2.1409e-01   -3.4435e-02
  248.5    2.7220e+00    3.3476e+00   -1.8689e-01   -1.9596e-02
  251.5    2.9872e+00    3.3476e+00   -1.0765e-01   -6.7359e-03
  254.5    3.2679e+00    3.3476e+00   -2.3810e-02    7.2025e-03
  257.5    3.5979e+00    3.3476e+00    7.4759e-02    2.6838e-02
  260.5    3.8387e+00    3.3476e+00    1.4670e-01    6.2877e-02
  263.5    4.0782e+00    3.3476e+00    2.1824e-01    1.1053e-01
  266.5    4.2206e+00    3.3476e+00    2.6078e-01    1.4540e-01
  269.5    4.2759e+00    3.3476e+00    2.7729e-01    1.5625e-01
  272.5    4.2973e+00    3.3476e+00    2.8370e-01    1.4761e-01
  275.5    4.1368e+00    3.3476e+00    2.3573e-01    1.3318e-01
  278.5    3.8784e+00    3.3476e+00    1.5856e-01    7.6059e-02
  281.5    3.3603e+00    3.3476e+00    3.7977e-03    3.5218e-02
  284.5    2.9012e+00    3.3476e+00   -1.3335e-01   -1.4038e-02
  287.5    2.6220e+00    3.3476e+00   -2.1676e-01   -1.7085e-02
  290.5    2.4770e+00    3.3476e+00   -2.6008e-01   -4.0265e-02
  293.5    2.5405e+00    3.3476e+00   -2.4110e-01   -6.5796e-02
  296.5    2.7253e+00    3.3476e+00   -1.8591e-01   -1.0371e-01
  299.5    2.9440e+00    3.3476e+00   -1.2058e-01   -1.1083e-01
  302.5    3.1842e+00    3.3476e+00   -4.8803e-02   -9.4990e-02
  305.5    3.3007e+00    3.3476e+00   -1.4021e-02   -5.4152e-02
  308.5    3.3990e+00    3.3476e+00    1.5345e-02    1.5154e-02
  311.5    3.4500e+00    3.3476e+00    3.0591e-02    2.1197e-02
  314.5    3.4909e+00    3.3476e+00    4.2786e-02    1.8032e-02
  317.5    3.5433e+00    3.3476e+00    5.8448e-02    1.1580e-02
  320.5    3.5078e+00    3.3476e+00    4.7860e-02   -1.7601e-02
  323.5    3.3670e+00    3.3476e+00    5.7786e-03   -4.3236e-02
  326.5    3.1916e+00    3.3476e+00   -4.6613e-02   -4.9113e-02
  329.5    3.0193e+00    3.3476e+00   -9.8085e-02   -4.4945e-02
  332.5    2.8590e+00    3.3476e+00   -1.4595e-01   -3.2472e-02
  335.5    2.7681e+00    3.3476e+00   -1.7311e-01   -4.2738e-02
  338.5    2.7372e+00    3.3476e+00   -1.8235e-01   -5.0956e-02
  341.5    2.9622e+00    3.3476e+00   -1.1514e-01   -5.7035e-02
  344.5    3.3199e+00    3.3476e+00   -8.2804e-03   -2.9778e-02
  347.5    3.7260e+00    3.3476e+00    1.1303e-01    2.7789e-02
  350.5    4.0665e+00    3.3476e+00    2.1474e-01    8.4118e-02
  353.5    4.1825e+00    3.3476e+00    2.4940e-01    1.0643e-01
  356.5    4.0492e+00    3.3476e+00    2.0956e-01    9.4871e-02
  359.5    4.0520e+00    3.3476e+00    2.1042e-01    8.1013e-02
   2   120  15.82   33.0    1.0    0.0   ----------------------------
    2.5    4.8024e+00    3.4068e+00    4.0966e-01    1.9795e-02
    5.5    4.8205e+00    3.4068e+00    4.1496e-01    6.8721e-02
    8.5    4.7109e+00    3.4068e+00    3.8278e-01    8.6441e-02
   11.5    4.3084e+00    3.4068e+00    2.6464e-01    6.9374e-02
   14.5    3.7784e+00    3.4068e+00    1.0908e-01    2.5392e-02
   17.5    3.3840e+00    3.4068e+00   -6.6961e-03   -2.9918e-03
   20.5    3.1035e+00    3.4068e+00   -8.9037e-02   -1.9975e-02
   23.5    3.0431e+00    3.4068e+00   -1.0674e-01   -3.7602e-02
   26.5    3.0207e+00    3.4068e+00   -1.1333e-01   -5.7280e-02
   29.5    3.0137e+00    3.4068e+00   -1.1540e-01   -7.9958e-02
   32.5    3.0328e+00    3.4068e+00   -1.0979e-01   -8.0483e-02
   35.5    3.0155e+00    3.4068e+00   -1.1485e-01   -6.5392e-02
   38.5    3.0778e+00    3.4068e+00   -9.6567e-02   -4.0800e-02
   41.5    3.1830e+00    3.4068e+00   -6.5704e-02   -2.8692e-02
   44.5    3.1981e+00    3.4068e+00   -6.1250e-02   -2.2406e-02
   47.5    3.2023e+00    3.4068e+00   -6.0027e-02   -2.0490e-02
   50.5    3.1173e+00    3.4068e+00   -8.4964e-02   -1.7572e-02
   53.5    3.0582e+00    3.4068e+00   -1.0233e-01   -2.8306e-02
   56.5    2.9133e+00    3.4068e+00   -1.4485e-01   -4.6789e-02
   59.5    2.7643e+00    3.4068e+00   -1.8858e-01   -5.7478e-02
   62.5    2.6453e+00    3.4068e+00   -2.2351e-01   -5.0004e-02
   65.5    2.6048e+00    3.4068e+00   -2.3542e-01   -2.1764e-02
   68.5    2.6123e+00    3.4068e+00   -2.3320e-01   -2.7371e-05
   71.5    2.7278e+00    3.4068e+00   -1.9931e-01    1.9800e-02
   74.5    3.0221e+00    3.4068e+00   -1.1292e-01    2.6109e-02
   77.5    3.4446e+00    3.4068e+00    1.1088e-02    4.9371e-02
   80.5    4.0315e+00    3.4068e+00    1.8337e-01    6.7714e-02
   83.5    4.3541e+00    3.4068e+00    2.7807e-01    8.7031e-02
   86.5    4.4139e+00    3.4068e+00    2.9561e-01    1.0122e-01
   89.5    4.3654e+00    3.4068e+00    2.8137e-01    1.0517e-01
   92.5    4.3483e+00    3.4068e+00    2.7635e-01    1.0859e-01
   95.5    4.2964e+00    3.4068e+00    2.6112e-01    1.0698e-01
   98.5    4.1002e+00    3.4068e+00    2.0353e-01    1.0316e-01
  101.5    3.7939e+00    3.4068e+00    1.1363e-01    7.7403e-02
  104.5    3.5074e+00    3.4068e+00    2.9523e-02    3.0569e-02
  107.5    3.2258e+00    3.4068e+00   -5.3131e-02   -6.4170e-03
  110.5    2.9212e+00    3.4068e+00   -1.4255e-01   -2.2563e-02
  113.5    2.6754e+00    3.4068e+00   -2.1470e-01   -3.7033e-02
  116.5    2.6136e+00    3.4068e+00   -2.3284e-01   -5.8210e-02
  119.5    2.6732e+00    3.4068e+00   -2.1532e-01   -8.7822e-02
  122.5    2.9157e+00    3.4068e+00   -1.4416e-01   -9.6643e-02
  125.5    3.0707e+00    3.4068e+00   -9.8667e-02   -8.5553e-02
  128.5    3.1531e+00    3.4068e+00   -7.4473e-02   -1.9825e-02
  131.5    3.1427e+00    3.4068e+00   -7.7507e-02   -1.2086e-02
  134.5    3.0712e+00    3.4068e+00   -9.8510e-02   -1.0427e-03
  137.5    3.0812e+00    3.4068e+00   -9.5561e-02    5.7627e-03
  140.5    3.2205e+00    3.4068e+00   -5.4673e-02   -1.4087e-02
  143.5    3.2330e+00    3.4068e+00   -5.1006e-02   -5.0052e-02
  146.5    3.1957e+00    3.4068e+00   -6.1961e-02   -8.3336e-02
  149.5    3.0355e+00    3.4068e+00   -1.0898e-01   -8.7035e-02
  152.5    2.7556e+00    3.4068e+00   -1.9114e-01   -7.8703e-02
  155.5    2.6212e+00    3.4068e+00   -2.3059e-01   -4.8016e-02
  158.5    2.6870e+00    3.4068e+00   -2.1129e-01   -2.6271e-02
  161.5    2.9790e+00    3.4068e+00   -1.2556e-01   -2.6531e-03
  164.5    3.3958e+00    3.4068e+00   -3.2407e-03    2.4185e-02
  167.5    3.9686e+00    3.4068e+00    1.6489e-01    7.5095e-02
  170.5    4.4435e+00    3.4068e+00    3.0429e-01    1.0166e-01
  173.5    4.4490e+00    3.4068e+00    3.0591e-01    9.0284e-02
  176.5    4.3301e+00    3.4068e+00    2.7103e-01    3.5810e-02
  179.5    4.2139e+00    3.4068e+00    2.3690e-01    9.7238e-03
  182.5    4.2650e+00    3.4068e+00    2.5192e-01    1.9796e-02
  185.5    4.4459e+00    3.4068e+00    3.0501e-01    6.8722e-02
  188.5    4.5119e+00    3.4068e+00    3.2438e-01    8.6441e-02
  191.5    4.1763e+00    3.4068e+00    2.2587e-01    6.9373e-02
  194.5    3.5992e+00    3.4068e+00    5.6472e-02    2.5392e-02
  197.5    3.1284e+00    3.4068e+00   -8.1713e-02   -2.9917e-03
  200.5    2.7448e+00    3.4068e+00   -1.9431e-01   -1.9976e-02
  203.5    2.6397e+00    3.4068e+00   -2.2517e-01   -3.7601e-02
  206.5    2.6806e+00    3.4068e+00   -2.1315e-01   -5.7278e-02
  209.5    2.9804e+00    3.4068e+00   -1.2517e-01   -7.9958e-02
  212.5    3.1531e+00    3.4068e+00   -7.4475e-02   -8.0483e-02
  215.5    3.2148e+00    3.4068e+00   -5.6356e-02   -6.5391e-02
  218.5    3.2347e+00    3.4068e+00   -5.0505e-02   -4.0800e-02
  221.5    3.1398e+00    3.4068e+00   -7.8364e-02   -2.8692e-02
  224.5    3.0518e+00    3.4068e+00   -1.0419e-01   -2.2405e-02
  227.5    3.1691e+00    3.4068e+00   -6.9773e-02   -2.0490e-02
  230.5    3.1487e+00    3.4068e+00   -7.5772e-02   -1.7573e-02
  233.5    3.1590e+00    3.4068e+00   -7.2746e-02   -2.8306e-02
  236.5    2.9939e+00    3.4068e+00   -1.2120e-01   -4.6792e-02
  239.5    2.7979e+00    3.4068e+00   -1.7874e-01   -5.7480e-02
  242.5    2.6300e+00    3.4068e+00   -2.2801e-01   -5.0003e-02
  245.5    2.6339e+00    3.4068e+00   -2.2687e-01   -2.1764e-02
  248.5    2.8240e+00    3.4068e+00   -1.7108e-01   -2.8038e-05
  251.5    3.1381e+00    3.4068e+00   -7.8863e-02    1.9801e-02
  254.5    3.4106e+00    3.4068e+00    1.1284e-03    2.6109e-02
  257.5    3.7191e+00    3.4068e+00    9.1683e-02    4.9371e-02
  260.5    3.9804e+00    3.4068e+00    1.6837e-01    6.7713e-02
  263.5    4.3181e+00    3.4068e+00    2.6751e-01    8.7031e-02
  266.5    4.3408e+00    3.4068e+00    2.7415e-01    1.0122e-01
  269.5    4.3614e+00    3.4068e+00    2.8021e-01    1.0517e-01
  272.5    4.4429e+00    3.4068e+00    3.0412e-01    1.0859e-01
  275.5    4.3391e+00    3.4068e+00    2.7365e-01    1.0698e-01
  278.5    4.1895e+00    3.4068e+00    2.2975e-01    1.0316e-01
  281.5    3.6551e+00    3.4068e+00    7.2883e-02    7.7402e-02
  284.5    3.1344e+00    3.4068e+00   -7.9954e-02    3.0569e-02
  287.5    2.7866e+00    3.4068e+00   -1.8206e-01   -6.4167e-03
  290.5    2.6187e+00    3.4068e+00   -2.3133e-01   -2.2565e-02
  293.5    2.5635e+00    3.4068e+00   -2.4753e-01   -3.7031e-02
  296.5    2.5960e+00    3.4068e+00   -2.3800e-01   -5.8210e-02
  299.5    2.6970e+00    3.4068e+00   -2.0834e-01   -8.7821e-02
  302.5    2.8676e+00    3.4068e+00   -1.5828e-01   -9.6644e-02
  305.5    3.0645e+00    3.4068e+00   -1.0049e-01   -8.5552e-02
  308.5    3.1535e+00    3.4068e+00   -7.4339e-02   -1.9826e-02
  311.5    3.2068e+00    3.4068e+00   -5.8711e-02   -1.2086e-02
  314.5    3.2608e+00    3.4068e+00   -4.2849e-02   -1.0425e-03
  317.5    3.2589e+00    3.4068e+00   -4.3412e-02    5.7631e-03
  320.5    3.1782e+00    3.4068e+00   -6.7110e-02   -1.4086e-02
  323.5    3.0673e+00    3.4068e+00   -9.9648e-02   -5.0050e-02
  326.5    3.0607e+00    3.4068e+00   -1.0159e-01   -8.3336e-02
  329.5    3.0293e+00    3.4068e+00   -1.1080e-01   -8.7035e-02
  332.5    2.9984e+00    3.4068e+00   -1.1989e-01   -7.8703e-02
  335.5    3.0156e+00    3.4068e+00   -1.1483e-01   -4.8016e-02
  338.5    3.0680e+00    3.4068e+00   -9.9456e-02   -2.6271e-02
  341.5    3.2583e+00    3.4068e+00   -4.3603e-02   -2.6531e-03
  344.5    3.6376e+00    3.4068e+00    6.7757e-02    2.4185e-02
  347.5    4.1207e+00    3.4068e+00    2.0957e-01    7.5095e-02
  350.5    4.5978e+00    3.4068e+00    3.4960e-01    1.0166e-01
  353.5    4.8499e+00    3.4068e+00    4.2361e-01    9.0285e-02
  356.5    4.7963e+00    3.4068e+00    4.0787e-01    3.5811e-02
  359.5    4.8231e+00    3.4068e+00    4.1574e-01    9.7238e-03
   3   120  15.82   36.0    1.0    0.0   ----------------------------
    2.5    4.5992e+00    3.3148e+00    3.8748e-01    5.7670e-02
    5.5    4.7106e+00    3.3148e+00    4.2107e-01    6.6014e-02
    8.5    4.6381e+00    3.3148e+00    3.9921e-01    5.7710e-02
   11.5    4.2346e+00    3.3148e+00    2.7748e-01    2.2969e-02
   14.5    3.6093e+00    3.3148e+00    8.8845e-02   -1.4802e-02
   17.5    3.1359e+00    3.3148e+00   -5.3976e-02   -3.4702e-02
   20.5    2.8462e+00    3.3148e+00   -1.4135e-01   -4.7409e-02
   23.5    2.8960e+00    3.3148e+00   -1.2635e-01   -4.8136e-02
   26.5    2.9052e+00    3.3148e+00   -1.2356e-01   -5.7689e-02
   29.5    2.8170e+00    3.3148e+00   -1.5016e-01   -6.3000e-02
   32.5    2.7505e+00    3.3148e+00   -1.7024e-01   -6.6462e-02
   35.5    2.7150e+00    3.3148e+00   -1.8096e-01   -6.0956e-02
   38.5    2.7861e+00    3.3148e+00   -1.5949e-01   -5.4059e-02
   41.5    2.9576e+00    3.3148e+00   -1.0776e-01   -3.6706e-02
   44.5    3.1912e+00    3.3148e+00   -3.7275e-02   -2.3561e-02
   47.5    3.2736e+00    3.3148e+00   -1.2441e-02   -1.6575e-02
   50.5    3.1448e+00    3.3148e+00   -5.1274e-02   -2.3586e-02
   53.5    2.9514e+00    3.3148e+00   -1.0964e-01   -3.4848e-02
   56.5    2.6703e+00    3.3148e+00   -1.9444e-01   -4.8625e-02
   59.5    2.4527e+00    3.3148e+00   -2.6009e-01   -5.3447e-02
   62.5    2.3973e+00    3.3148e+00   -2.7678e-01   -4.4520e-02
   65.5    2.5767e+00    3.3148e+00   -2.2267e-01    3.0708e-03
   68.5    2.7162e+00    3.3148e+00   -1.8059e-01    3.1918e-02
   71.5    2.7566e+00    3.3148e+00   -1.6841e-01    4.2175e-02
   74.5    2.9056e+00    3.3148e+00   -1.2345e-01    2.2922e-02
   77.5    3.2713e+00    3.3148e+00   -1.3140e-02    3.0111e-02
   80.5    3.7912e+00    3.3148e+00    1.4373e-01    5.9835e-02
   83.5    4.0927e+00    3.3148e+00    2.3468e-01    1.0184e-01
   86.5    4.1631e+00    3.3148e+00    2.5591e-01    1.2896e-01
   89.5    4.0848e+00    3.3148e+00    2.3230e-01    1.5247e-01
   92.5    4.0557e+00    3.3148e+00    2.2350e-01    1.4503e-01
   95.5    4.1267e+00    3.3148e+00    2.4492e-01    1.2191e-01
   98.5    3.8363e+00    3.3148e+00    1.5733e-01    7.3016e-02
  101.5    3.6051e+00    3.3148e+00    8.7575e-02    3.1332e-02
  104.5    3.4166e+00    3.3148e+00    3.0713e-02    6.4785e-04
  107.5    3.1594e+00    3.3148e+00   -4.6886e-02    3.8899e-03
  110.5    3.0234e+00    3.3148e+00   -8.7907e-02    9.3906e-03
  113.5    2.8647e+00    3.3148e+00   -1.3578e-01   -6.4269e-04
  116.5    2.7960e+00    3.3148e+00   -1.5653e-01   -4.7797e-02
  119.5    2.8600e+00    3.3148e+00   -1.3720e-01   -5.6501e-02
  122.5    3.0067e+00    3.3148e+00   -9.2953e-02   -6.6311e-02
  125.5    3.1251e+00    3.3148e+00   -5.7240e-02   -4.9786e-02
  128.5    3.1500e+00    3.3148e+00   -4.9732e-02    8.2517e-04
  131.5    3.1959e+00    3.3148e+00   -3.5865e-02    5.1801e-03
  134.5    3.2835e+00    3.3148e+00   -9.4355e-03    1.4820e-02
  137.5    3.2741e+00    3.3148e+00   -1.2288e-02    1.2293e-02
  140.5    3.3065e+00    3.3148e+00   -2.5024e-03   -7.4498e-03
  143.5    3.1767e+00    3.3148e+00   -4.1649e-02   -3.7501e-02
  146.5    3.0468e+00    3.3148e+00   -8.0857e-02   -5.7555e-02
  149.5    2.8768e+00    3.3148e+00   -1.3212e-01   -5.9000e-02
  152.5    2.7897e+00    3.3148e+00   -1.5842e-01   -5.3851e-02
  155.5    2.7246e+00    3.3148e+00   -1.7804e-01   -4.7431e-02
  158.5    2.7853e+00    3.3148e+00   -1.5973e-01   -5.8355e-02
  161.5    2.9703e+00    3.3148e+00   -1.0393e-01   -6.1731e-02
  164.5    3.2619e+00    3.3148e+00   -1.5967e-02   -4.9885e-02
  167.5    3.7317e+00    3.3148e+00    1.2576e-01   -7.9608e-03
  170.5    4.1552e+00    3.3148e+00    2.5352e-01    3.1782e-02
  173.5    4.2520e+00    3.3148e+00    2.8272e-01    5.6914e-02
  176.5    4.1828e+00    3.3148e+00    2.6186e-01    5.7184e-02
  179.5    4.0354e+00    3.3148e+00    2.1739e-01    4.8955e-02
  182.5    4.1206e+00    3.3148e+00    2.4308e-01    5.7670e-02
  185.5    4.2533e+00    3.3148e+00    2.8311e-01    6.6014e-02
  188.5    4.2293e+00    3.3148e+00    2.7587e-01    5.7709e-02
  191.5    3.9153e+00    3.3148e+00    1.8116e-01    2.2968e-02
  194.5    3.3582e+00    3.3148e+00    1.3097e-02   -1.4802e-02
  197.5    3.1030e+00    3.3148e+00   -6.3884e-02   -3.4702e-02
  200.5    2.8000e+00    3.3148e+00   -1.5529e-01   -4.7410e-02
  203.5    2.7319e+00    3.3148e+00   -1.7586e-01   -4.8135e-02
  206.5    2.7279e+00    3.3148e+00   -1.7705e-01   -5.7688e-02
  209.5    2.8625e+00    3.3148e+00   -1.3645e-01   -6.2999e-02
  212.5    2.9988e+00    3.3148e+00   -9.5322e-02   -6.6463e-02
  215.5    3.2262e+00    3.3148e+00   -2.6727e-02   -6.0955e-02
  218.5    3.3898e+00    3.3148e+00    2.2621e-02   -5.4059e-02
  221.5    3.3497e+00    3.3148e+00    1.0521e-02   -3.6707e-02
  224.5    3.3931e+00    3.3148e+00    2.3632e-02   -2.3559e-02
  227.5    3.3188e+00    3.3148e+00    1.2007e-03   -1.6574e-02
  230.5    3.2060e+00    3.3148e+00   -3.2829e-02   -2.3587e-02
  233.5    3.1891e+00    3.3148e+00   -3.7915e-02   -3.4849e-02
  236.5    3.0658e+00    3.3148e+00   -7.5114e-02   -4.8628e-02
  239.5    2.9603e+00    3.3148e+00   -1.0696e-01   -5.3447e-02
  242.5    2.8014e+00    3.3148e+00   -1.5488e-01   -4.4520e-02
  245.5    2.8435e+00    3.3148e+00   -1.4219e-01    3.0714e-03
  248.5    3.0016e+00    3.3148e+00   -9.4500e-02    3.1917e-02
  251.5    3.1126e+00    3.3148e+00   -6.0997e-02    4.2176e-02
  254.5    3.3668e+00    3.3148e+00    1.5681e-02    2.2922e-02
  257.5    3.5251e+00    3.3148e+00    6.3455e-02    3.0111e-02
  260.5    3.7405e+00    3.3148e+00    1.2841e-01    5.9835e-02
  263.5    4.0559e+00    3.3148e+00    2.2357e-01    1.0184e-01
  266.5    4.0254e+00    3.3148e+00    2.1437e-01    1.2896e-01
  269.5    4.1006e+00    3.3148e+00    2.3705e-01    1.5247e-01
  272.5    4.2014e+00    3.3148e+00    2.6746e-01    1.4503e-01
  275.5    4.1475e+00    3.3148e+00    2.5122e-01    1.2192e-01
  278.5    3.9817e+00    3.3148e+00    2.0118e-01    7.3017e-02
  281.5    3.4487e+00    3.3148e+00    4.0404e-02    3.1331e-02
  284.5    3.0360e+00    3.3148e+00   -8.4110e-02    6.4720e-04
  287.5    2.8154e+00    3.3148e+00   -1.5067e-01    3.8903e-03
  290.5    2.7628e+00    3.3148e+00   -1.6652e-01    9.3887e-03
  293.5    2.6720e+00    3.3148e+00   -1.9393e-01   -6.4101e-04
  296.5    2.4719e+00    3.3148e+00   -2.5430e-01   -4.7798e-02
  299.5    2.4646e+00    3.3148e+00   -2.5650e-01   -5.6501e-02
  302.5    2.6398e+00    3.3148e+00   -2.0365e-01   -6.6312e-02
  305.5    2.8664e+00    3.3148e+00   -1.3527e-01   -4.9785e-02
  308.5    3.0746e+00    3.3148e+00   -7.2462e-02    8.2478e-04
  311.5    3.1988e+00    3.3148e+00   -3.4981e-02    5.1803e-03
  314.5    3.2048e+00    3.3148e+00   -3.3188e-02    1.4820e-02
  317.5    3.0154e+00    3.3148e+00   -9.0337e-02    1.2294e-02
  320.5    2.8415e+00    3.3148e+00   -1.4280e-01   -7.4489e-03
  323.5    2.7699e+00    3.3148e+00   -1.6437e-01   -3.7499e-02
  326.5    2.7946e+00    3.3148e+00   -1.5695e-01   -5.7554e-02
  329.5    2.8655e+00    3.3148e+00   -1.3555e-01   -5.9000e-02
  332.5    2.9169e+00    3.3148e+00   -1.2004e-01   -5.3850e-02
  335.5    2.9346e+00    3.3148e+00   -1.1469e-01   -4.7431e-02
  338.5    2.8603e+00    3.3148e+00   -1.3712e-01   -5.8354e-02
  341.5    2.9821e+00    3.3148e+00   -1.0038e-01   -6.1730e-02
  344.5    3.4219e+00    3.3148e+00    3.2316e-02   -4.9885e-02
  347.5    4.0183e+00    3.3148e+00    2.1223e-01   -7.9613e-03
  350.5    4.5500e+00    3.3148e+00    3.7263e-01    3.1783e-02
  353.5    4.7455e+00    3.3148e+00    4.3162e-01    5.6914e-02
  356.5    4.6442e+00    3.3148e+00    4.0104e-01    5.7184e-02
  359.5    4.5409e+00    3.3148e+00    3.6990e-01    4.8955e-02
   4   120  15.82   39.0    1.0    0.0   ----------------------------
    2.5    3.7067e+00    3.2654e+00    1.3513e-01    3.8342e-02
    5.5    3.9878e+00    3.2654e+00    2.2123e-01    3.6679e-02
    8.5    3.9716e+00    3.2654e+00    2.1627e-01    1.0805e-02
   11.5    3.6270e+00    3.2654e+00    1.1072e-01   -3.2642e-02
   14.5    3.1349e+00    3.2654e+00   -3.9957e-02   -8.0200e-02
   17.5    2.8145e+00    3.2654e+00   -1.3809e-01   -9.8815e-02
   20.5    2.6770e+00    3.2654e+00   -1.8020e-01   -1.0573e-01
   23.5    2.8182e+00    3.2654e+00   -1.3695e-01   -9.0441e-02
   26.5    2.8328e+00    3.2654e+00   -1.3247e-01   -7.2723e-02
   29.5    2.7833e+00    3.2654e+00   -1.4765e-01   -4.7007e-02
   32.5    2.8159e+00    3.2654e+00   -1.3766e-01   -2.9704e-02
   35.5    2.8907e+00    3.2654e+00   -1.1475e-01   -5.2998e-03
   38.5    3.2027e+00    3.2654e+00   -1.9210e-02    2.6255e-02
   41.5    3.6358e+00    3.2654e+00    1.1342e-01    7.1447e-02
   44.5    4.1135e+00    3.2654e+00    2.5970e-01    9.9364e-02
   47.5    4.2637e+00    3.2654e+00    3.0570e-01    1.1299e-01
   50.5    3.9781e+00    3.2654e+00    2.1824e-01    1.1300e-01
   53.5    3.4648e+00    3.2654e+00    6.1073e-02    8.9467e-02
   56.5    2.9234e+00    3.2654e+00   -1.0473e-01    4.6339e-02
   59.5    2.5756e+00    3.2654e+00   -2.1125e-01    2.8007e-03
   62.5    2.4200e+00    3.2654e+00   -2.5890e-01   -1.8722e-02
   65.5    2.6219e+00    3.2654e+00   -1.9708e-01   -2.6506e-02
   68.5    2.8344e+00    3.2654e+00   -1.3198e-01   -4.1044e-02
   71.5    2.7787e+00    3.2654e+00   -1.4905e-01   -5.4255e-02
   74.5    2.7058e+00    3.2654e+00   -1.7136e-01   -5.5393e-02
   77.5    2.8946e+00    3.2654e+00   -1.1357e-01   -3.0499e-02
   80.5    3.3668e+00    3.2654e+00    3.1049e-02    2.4667e-02
   83.5    3.7250e+00    3.2654e+00    1.4074e-01    9.1569e-02
   86.5    3.9477e+00    3.2654e+00    2.0894e-01    1.4702e-01
   89.5    3.9192e+00    3.2654e+00    2.0021e-01    1.7085e-01
   92.5    3.9337e+00    3.2654e+00    2.0467e-01    1.5808e-01
   95.5    3.9012e+00    3.2654e+00    1.9469e-01    1.1153e-01
   98.5    3.5662e+00    3.2654e+00    9.2100e-02    3.9604e-02
  101.5    3.2701e+00    3.2654e+00    1.4474e-03   -2.7814e-02
  104.5    3.1033e+00    3.2654e+00   -4.9651e-02   -7.6723e-02
  107.5    2.8847e+00    3.2654e+00   -1.1660e-01   -8.7618e-02
  110.5    2.7754e+00    3.2654e+00   -1.5007e-01   -7.8385e-02
  113.5    2.6793e+00    3.2654e+00   -1.7948e-01   -6.8897e-02
  116.5    2.7526e+00    3.2654e+00   -1.5706e-01   -7.0487e-02
  119.5    2.9154e+00    3.2654e+00   -1.0720e-01   -6.7876e-02
  122.5    3.1992e+00    3.2654e+00   -2.0278e-02   -4.3563e-02
  125.5    3.5355e+00    3.2654e+00    8.2706e-02   -1.3859e-03
  128.5    3.8096e+00    3.2654e+00    1.6664e-01    1.2334e-01
  131.5    4.1123e+00    3.2654e+00    2.5934e-01    1.1815e-01
  134.5    4.2707e+00    3.2654e+00    3.0786e-01    1.0206e-01
  137.5    4.0274e+00    3.2654e+00    2.3335e-01    8.7877e-02
  140.5    3.6167e+00    3.2654e+00    1.0758e-01    4.8323e-02
  143.5    3.0145e+00    3.2654e+00   -7.6838e-02    4.9667e-03
  146.5    2.7626e+00    3.2654e+00   -1.5399e-01   -3.9901e-02
  149.5    2.6682e+00    3.2654e+00   -1.8290e-01   -6.7620e-02
  152.5    2.7257e+00    3.2654e+00   -1.6529e-01   -8.8931e-02
  155.5    2.7551e+00    3.2654e+00   -1.5627e-01   -1.0892e-01
  158.5    2.7589e+00    3.2654e+00   -1.5513e-01   -1.1281e-01
  161.5    2.6705e+00    3.2654e+00   -1.8220e-01   -1.1465e-01
  164.5    2.7507e+00    3.2654e+00   -1.5762e-01   -9.5119e-02
  167.5    3.0971e+00    3.2654e+00   -5.1542e-02   -5.4849e-02
  170.5    3.5764e+00    3.2654e+00    9.5228e-02    1.4691e-04
  173.5    3.7143e+00    3.2654e+00    1.3745e-01    3.8976e-02
  176.5    3.7513e+00    3.2654e+00    1.4880e-01    4.3813e-02
  179.5    3.6103e+00    3.2654e+00    1.0563e-01    3.6085e-02
  182.5    3.6798e+00    3.2654e+00    1.2691e-01    3.8342e-02
  185.5    3.7491e+00    3.2654e+00    1.4812e-01    3.6679e-02
  188.5    3.6652e+00    3.2654e+00    1.2243e-01    1.0805e-02
  191.5    3.2763e+00    3.2654e+00    3.3178e-03   -3.2644e-02
  194.5    2.8019e+00    3.2654e+00   -1.4195e-01   -8.0200e-02
  197.5    2.6606e+00    3.2654e+00   -1.8523e-01   -9.8814e-02
  200.5    2.7395e+00    3.2654e+00   -1.6106e-01   -1.0573e-01
  203.5    2.7742e+00    3.2654e+00   -1.5043e-01   -9.0440e-02
  206.5    2.7633e+00    3.2654e+00   -1.5375e-01   -7.2723e-02
  209.5    2.6753e+00    3.2654e+00   -1.8071e-01   -4.7004e-02
  212.5    2.7477e+00    3.2654e+00   -1.5855e-01   -2.9706e-02
  215.5    2.9623e+00    3.2654e+00   -9.2813e-02   -5.2986e-03
  218.5    3.4891e+00    3.2654e+00    6.8514e-02    2.6255e-02
  221.5    3.9625e+00    3.2654e+00    2.1346e-01    7.1447e-02
  224.5    4.3237e+00    3.2654e+00    3.2410e-01    9.9365e-02
  227.5    4.2226e+00    3.2654e+00    2.9312e-01    1.1299e-01
  230.5    4.0033e+00    3.2654e+00    2.2597e-01    1.1300e-01
  233.5    3.7118e+00    3.2654e+00    1.3671e-01    8.9466e-02
  236.5    3.3519e+00    3.2654e+00    2.6479e-02    4.6337e-02
  239.5    3.0348e+00    3.2654e+00   -7.0628e-02    2.7995e-03
  242.5    2.8193e+00    3.2654e+00   -1.3663e-01   -1.8724e-02
  245.5    2.7081e+00    3.2654e+00   -1.7069e-01   -2.6507e-02
  248.5    2.8191e+00    3.2654e+00   -1.3667e-01   -4.1044e-02
  251.5    2.8544e+00    3.2654e+00   -1.2588e-01   -5.4254e-02
  254.5    3.0300e+00    3.2654e+00   -7.2094e-02   -5.5393e-02
  257.5    3.1773e+00    3.2654e+00   -2.6970e-02   -3.0499e-02
  260.5    3.4048e+00    3.2654e+00    4.2685e-02    2.4668e-02
  263.5    3.7814e+00    3.2654e+00    1.5801e-01    9.1570e-02
  266.5    3.8632e+00    3.2654e+00    1.8305e-01    1.4702e-01
  269.5    3.9067e+00    3.2654e+00    1.9640e-01    1.7085e-01
  272.5    3.9611e+00    3.2654e+00    2.1304e-01    1.5808e-01
  275.5    3.8118e+00    3.2654e+00    1.6734e-01    1.1152e-01
  278.5    3.4966e+00    3.2654e+00    7.0809e-02    3.9606e-02
  281.5    3.0327e+00    3.2654e+00   -7.1263e-02   -2.7817e-02
  284.5    2.7770e+00    3.2654e+00   -1.4957e-01   -7.6725e-02
  287.5    2.7742e+00    3.2654e+00   -1.5044e-01   -8.7619e-02
  290.5    2.8783e+00    3.2654e+00   -1.1856e-01   -7.8386e-02
  293.5    2.7563e+00    3.2654e+00   -1.5590e-01   -6.8898e-02
  296.5    2.5185e+00    3.2654e+00   -2.2873e-01   -7.0487e-02
  299.5    2.5097e+00    3.2654e+00   -2.3142e-01   -6.7876e-02
  302.5    2.7582e+00    3.2654e+00   -1.5534e-01   -4.3564e-02
  305.5    3.2634e+00    3.2654e+00   -6.3318e-04   -1.3854e-03
  308.5    3.8412e+00    3.2654e+00    1.7632e-01    1.2334e-01
  311.5    4.1779e+00    3.2654e+00    2.7944e-01    1.1815e-01
  314.5    4.1875e+00    3.2654e+00    2.8238e-01    1.0206e-01
  317.5    3.7701e+00    3.2654e+00    1.5454e-01    8.7877e-02
  320.5    3.3141e+00    3.2654e+00    1.4921e-02    4.8324e-02
  323.5    2.9561e+00    3.2654e+00   -9.4716e-02    4.9687e-03
  326.5    2.8265e+00    3.2654e+00   -1.3442e-01   -3.9899e-02
  329.5    2.7967e+00    3.2654e+00   -1.4355e-01   -6.7620e-02
  332.5    2.8179e+00    3.2654e+00   -1.3706e-01   -8.8929e-02
  335.5    2.8264e+00    3.2654e+00   -1.3444e-01   -1.0892e-01
  338.5    2.7085e+00    3.2654e+00   -1.7054e-01   -1.1281e-01
  341.5    2.7395e+00    3.2654e+00   -1.6107e-01   -1.1465e-01
  344.5    3.0183e+00    3.2654e+00   -7.5677e-02   -9.5119e-02
  347.5    3.4642e+00    3.2654e+00    6.0865e-02   -5.4851e-02
  350.5    3.8500e+00    3.2654e+00    1.7902e-01    1.4625e-04
  353.5    4.0045e+00    3.2654e+00    2.2633e-01    3.8976e-02
  356.5    3.8058e+00    3.2654e+00    1.6549e-01    4.3812e-02
  359.5    3.6073e+00    3.2654e+00    1.0469e-01    3.6085e-02
   5   120  15.82   42.0    1.0    0.0   ----------------------------
    2.5    3.0452e+00    3.4188e+00   -1.0926e-01   -6.1704e-02
    5.5    3.1440e+00    3.4188e+00   -8.0359e-02   -6.1037e-02
    8.5    2.9438e+00    3.4188e+00   -1.3893e-01   -7.0092e-02
   11.5    2.6467e+00    3.4188e+00   -2.2584e-01   -7.0460e-02
   14.5    2.4233e+00    3.4188e+00   -2.9118e-01   -6.1875e-02
   17.5    2.4356e+00    3.4188e+00   -2.8758e-01   -3.8886e-02
   20.5    2.5374e+00    3.4188e+00   -2.5781e-01   -2.0445e-02
   23.5    2.7414e+00    3.4188e+00   -1.9813e-01   -2.0393e-02
   26.5    2.8464e+00    3.4188e+00   -1.6743e-01   -2.6790e-02
   29.5    2.8518e+00    3.4188e+00   -1.6584e-01   -3.2154e-02
   32.5    3.1225e+00    3.4188e+00   -8.6642e-02   -2.3276e-02
   35.5    3.6338e+00    3.4188e+00    6.2897e-02    7.7243e-04
   38.5    4.2355e+00    3.4188e+00    2.3891e-01    3.7658e-02
   41.5    4.9750e+00    3.4188e+00    4.5520e-01    1.0800e-01
   44.5    5.6819e+00    3.4188e+00    6.6199e-01    1.7597e-01
   47.5    5.8391e+00    3.4188e+00    7.0795e-01    2.1904e-01
   50.5    5.3559e+00    3.4188e+00    5.6662e-01    2.0194e-01
   53.5    4.5498e+00    3.4188e+00    3.3084e-01    1.4490e-01
   56.5    3.7551e+00    3.4188e+00    9.8377e-02    9.4779e-02
   59.5    3.0426e+00    3.4188e+00   -1.1003e-01    5.7205e-02
   62.5    2.6047e+00    3.4188e+00   -2.3812e-01    3.7653e-02
   65.5    2.7147e+00    3.4188e+00   -2.0594e-01    3.0374e-02
   68.5    2.9451e+00    3.4188e+00   -1.3854e-01    3.2946e-02
   71.5    3.0327e+00    3.4188e+00   -1.1293e-01    1.4725e-02
   74.5    2.9398e+00    3.4188e+00   -1.4009e-01   -2.9214e-02
   77.5    2.9421e+00    3.4188e+00   -1.3942e-01   -7.1088e-02
   80.5    3.1342e+00    3.4188e+00   -8.3225e-02   -6.3386e-02
   83.5    3.3635e+00    3.4188e+00   -1.6157e-02   -3.0841e-02
   86.5    3.5413e+00    3.4188e+00    3.5842e-02   -3.7740e-03
   89.5    3.4776e+00    3.4188e+00    1.7226e-02   -1.2124e-02
   92.5    3.5118e+00    3.4188e+00    2.7209e-02   -2.3508e-02
   95.5    3.4164e+00    3.4188e+00   -6.7598e-04   -4.5321e-02
   98.5    3.1503e+00    3.4188e+00   -7.8537e-02   -6.8761e-02
  101.5    2.9545e+00    3.4188e+00   -1.3578e-01   -9.5209e-02
  104.5    2.9702e+00    3.4188e+00   -1.3120e-01   -1.0180e-01
  107.5    2.8973e+00    3.4188e+00   -1.5252e-01   -7.5714e-02
  110.5    2.7282e+00    3.4188e+00   -2.0200e-01   -4.7153e-02
  113.5    2.6833e+00    3.4188e+00   -2.1513e-01   -1.2051e-02
  116.5    2.7703e+00    3.4188e+00   -1.8969e-01   -1.4134e-03
  119.5    3.0726e+00    3.4188e+00   -1.0126e-01    5.1242e-03
  122.5    3.7513e+00    3.4188e+00    9.7277e-02    1.3036e-02
  125.5    4.3458e+00    3.4188e+00    2.7116e-01    6.4037e-02
  128.5    4.9940e+00    3.4188e+00    4.6076e-01    1.5070e-01
  131.5    5.6764e+00    3.4188e+00    6.6037e-01    2.0922e-01
  134.5    5.9753e+00    3.4188e+00    7.4779e-01    2.0458e-01
  137.5    5.5865e+00    3.4188e+00    6.3408e-01    1.4493e-01
  140.5    4.6341e+00    3.4188e+00    3.5548e-01    5.9922e-02
  143.5    3.6384e+00    3.4188e+00    6.4241e-02    2.5862e-03
  146.5    2.9580e+00    3.4188e+00   -1.3479e-01   -3.2202e-02
  149.5    2.6906e+00    3.4188e+00   -2.1299e-01   -4.7429e-02
  152.5    2.8355e+00    3.4188e+00   -1.7061e-01   -5.6831e-02
  155.5    2.8449e+00    3.4188e+00   -1.6785e-01   -6.0535e-02
  158.5    2.7755e+00    3.4188e+00   -1.8817e-01   -6.3704e-02
  161.5    2.4753e+00    3.4188e+00   -2.7598e-01   -7.3450e-02
  164.5    2.4953e+00    3.4188e+00   -2.7011e-01   -9.3504e-02
  167.5    2.5735e+00    3.4188e+00   -2.4725e-01   -1.0142e-01
  170.5    2.8981e+00    3.4188e+00   -1.5229e-01   -9.9979e-02
  173.5    3.0864e+00    3.4188e+00   -9.7216e-02   -8.0247e-02
  176.5    3.1589e+00    3.4188e+00   -7.6016e-02   -6.8835e-02
  179.5    3.1430e+00    3.4188e+00   -8.0670e-02   -6.3482e-02
  182.5    3.1621e+00    3.4188e+00   -7.5071e-02   -6.1704e-02
  185.5    3.1105e+00    3.4188e+00   -9.0163e-02   -6.1037e-02
  188.5    3.0155e+00    3.4188e+00   -1.1795e-01   -7.0091e-02
  191.5    2.7074e+00    3.4188e+00   -2.0809e-01   -7.0460e-02
  194.5    2.4605e+00    3.4188e+00   -2.8030e-01   -6.1875e-02
  197.5    2.4870e+00    3.4188e+00   -2.7253e-01   -3.8884e-02
  200.5    2.7167e+00    3.4188e+00   -2.0535e-01   -2.0446e-02
  203.5    2.8100e+00    3.4188e+00   -1.7807e-01   -2.0392e-02
  206.5    2.8605e+00    3.4188e+00   -1.6330e-01   -2.6792e-02
  209.5    2.7172e+00    3.4188e+00   -2.0522e-01   -3.2152e-02
  212.5    2.8267e+00    3.4188e+00   -1.7319e-01   -2.3277e-02
  215.5    3.3837e+00    3.4188e+00   -1.0263e-02    7.7332e-04
  218.5    4.2844e+00    3.4188e+00    2.5320e-01    3.7657e-02
  221.5    5.1859e+00    3.4188e+00    5.1689e-01    1.0800e-01
  224.5    5.9488e+00    3.4188e+00    7.4005e-01    1.7597e-01
  227.5    5.8503e+00    3.4188e+00    7.1124e-01    2.1904e-01
  230.5    5.2008e+00    3.4188e+00    5.2125e-01    2.0194e-01
  233.5    4.6056e+00    3.4188e+00    3.4715e-01    1.4490e-01
  236.5    3.9585e+00    3.4188e+00    1.5786e-01    9.4779e-02
  239.5    3.3657e+00    3.4188e+00   -1.5511e-02    5.7205e-02
  242.5    2.8635e+00    3.4188e+00   -1.6241e-01    3.7652e-02
  245.5    2.6398e+00    3.4188e+00   -2.2783e-01    3.0374e-02
  248.5    2.7575e+00    3.4188e+00   -1.9342e-01    3.2947e-02
  251.5    2.7970e+00    3.4188e+00   -1.8187e-01    1.4727e-02
  254.5    2.9101e+00    3.4188e+00   -1.4878e-01   -2.9216e-02
  257.5    2.9011e+00    3.4188e+00   -1.5141e-01   -7.1090e-02
  260.5    2.9582e+00    3.4188e+00   -1.3470e-01   -6.3385e-02
  263.5    3.3475e+00    3.4188e+00   -2.0831e-02   -3.0842e-02
  266.5    3.4947e+00    3.4188e+00    2.2207e-02   -3.7745e-03
  269.5    3.4236e+00    3.4188e+00    1.4243e-03   -1.2124e-02
  272.5    3.4791e+00    3.4188e+00    1.7653e-02   -2.3509e-02
  275.5    3.3411e+00    3.4188e+00   -2.2705e-02   -4.5322e-02
  278.5    3.1073e+00    3.4188e+00   -9.1108e-02   -6.8760e-02
  281.5    2.8520e+00    3.4188e+00   -1.6578e-01   -9.5211e-02
  284.5    2.8850e+00    3.4188e+00   -1.5611e-01   -1.0180e-01
  287.5    2.9753e+00    3.4188e+00   -1.2971e-01   -7.5717e-02
  290.5    2.9614e+00    3.4188e+00   -1.3378e-01   -4.7153e-02
  293.5    2.7960e+00    3.4188e+00   -1.8215e-01   -1.2055e-02
  296.5    2.5751e+00    3.4188e+00   -2.4678e-01   -1.4145e-03
  299.5    2.8284e+00    3.4188e+00   -1.7268e-01    5.1216e-03
  302.5    3.4810e+00    3.4188e+00    1.8193e-02    1.3037e-02
  305.5    4.3065e+00    3.4188e+00    2.5967e-01    6.4035e-02
  308.5    5.2081e+00    3.4188e+00    5.2339e-01    1.5069e-01
  311.5    5.9075e+00    3.4188e+00    7.2795e-01    2.0922e-01
  314.5    5.9209e+00    3.4188e+00    7.3190e-01    2.0458e-01
  317.5    5.3489e+00    3.4188e+00    5.6457e-01    1.4493e-01
  320.5    4.5053e+00    3.4188e+00    3.1780e-01    5.9923e-02
  323.5    3.8137e+00    3.4188e+00    1.1554e-01    2.5870e-03
  326.5    3.2926e+00    3.4188e+00   -3.6905e-02   -3.2201e-02
  329.5    2.9073e+00    3.4188e+00   -1.4961e-01   -4.7430e-02
  332.5    2.8827e+00    3.4188e+00   -1.5680e-01   -5.6831e-02
  335.5    2.8056e+00    3.4188e+00   -1.7934e-01   -6.0535e-02
  338.5    2.6143e+00    3.4188e+00   -2.3531e-01   -6.3704e-02
  341.5    2.4747e+00    3.4188e+00   -2.7614e-01   -7.3451e-02
  344.5    2.4397e+00    3.4188e+00   -2.8639e-01   -9.3504e-02
  347.5    2.5319e+00    3.4188e+00   -2.5940e-01   -1.0142e-01
  350.5    2.8403e+00    3.4188e+00   -1.6921e-01   -9.9979e-02
  353.5    3.1057e+00    3.4188e+00   -9.1559e-02   -8.0247e-02
  356.5    3.0929e+00    3.4188e+00   -9.5329e-02   -6.8836e-02
  359.5    3.0258e+00    3.4188e+00   -1.1494e-01   -6.3482e-02
   6   120  15.82   45.0    1.0    0.0   ----------------------------
    2.5    2.9361e+00    3.4609e+00   -1.5164e-01   -9.7915e-02
    5.5    2.8954e+00    3.4609e+00   -1.6340e-01   -7.2325e-02
    8.5    2.6003e+00    3.4609e+00   -2.4869e-01   -4.8737e-02
   11.5    2.2553e+00    3.4609e+00   -3.4837e-01   -3.3372e-02
   14.5    2.1777e+00    3.4609e+00   -3.7079e-01   -2.7700e-02
   17.5    2.3477e+00    3.4609e+00   -3.2166e-01   -1.8945e-02
   20.5    2.5119e+00    3.4609e+00   -2.7422e-01   -1.2473e-02
   23.5    2.7643e+00    3.4609e+00   -2.0129e-01   -1.1067e-02
   26.5    2.9418e+00    3.4609e+00   -1.4999e-01   -1.0267e-02
   29.5    3.0038e+00    3.4609e+00   -1.3208e-01   -9.6554e-03
   32.5    3.3584e+00    3.4609e+00   -2.9615e-02   -1.7342e-02
   35.5    4.0452e+00    3.4609e+00    1.6881e-01   -6.5889e-03
   38.5    4.9660e+00    3.4609e+00    4.3487e-01    4.0849e-02
   41.5    5.9427e+00    3.4609e+00    7.1709e-01    1.4681e-01
   44.5    6.7791e+00    3.4609e+00    9.5874e-01    2.5187e-01
   47.5    6.8365e+00    3.4609e+00    9.7534e-01    2.9445e-01
   50.5    6.1217e+00    3.4609e+00    7.6879e-01    2.3958e-01
   53.5    4.9909e+00    3.4609e+00    4.4206e-01    1.3661e-01
   56.5    3.9965e+00    3.4609e+00    1.5473e-01    5.6851e-02
   59.5    3.1478e+00    3.4609e+00   -9.0482e-02    2.4482e-02
   62.5    2.6369e+00    3.4609e+00   -2.3810e-01    1.5389e-02
   65.5    2.6717e+00    3.4609e+00   -2.2804e-01    9.3737e-03
   68.5    2.9231e+00    3.4609e+00   -1.5541e-01    8.6916e-03
   71.5    3.0535e+00    3.4609e+00   -1.1773e-01    3.8044e-03
   74.5    3.0445e+00    3.4609e+00   -1.2033e-01   -1.2940e-02
   77.5    3.0135e+00    3.4609e+00   -1.2928e-01   -2.7818e-02
   80.5    3.0285e+00    3.4609e+00   -1.2494e-01   -2.6951e-02
   83.5    3.0595e+00    3.4609e+00   -1.1599e-01   -2.8310e-02
   86.5    3.0510e+00    3.4609e+00   -1.1845e-01   -4.7782e-02
   89.5    2.8937e+00    3.4609e+00   -1.6391e-01   -7.1484e-02
   92.5    2.9507e+00    3.4609e+00   -1.4742e-01   -7.2644e-02
   95.5    2.8345e+00    3.4609e+00   -1.8100e-01   -6.1694e-02
   98.5    2.7659e+00    3.4609e+00   -2.0082e-01   -5.3414e-02
  101.5    2.6984e+00    3.4609e+00   -2.2034e-01   -5.4859e-02
  104.5    2.8771e+00    3.4609e+00   -1.6869e-01   -4.9355e-02
  107.5    3.0032e+00    3.4609e+00   -1.3227e-01   -4.2501e-02
  110.5    2.7786e+00    3.4609e+00   -1.9715e-01   -3.0944e-02
  113.5    2.6115e+00    3.4609e+00   -2.4545e-01   -2.4283e-02
  116.5    2.6408e+00    3.4609e+00   -2.3697e-01   -2.4856e-02
  119.5    2.9214e+00    3.4609e+00   -1.5588e-01   -2.4371e-02
  122.5    3.5431e+00    3.4609e+00    2.3731e-02   -3.9962e-03
  125.5    4.2897e+00    3.4609e+00    2.3945e-01    4.1642e-02
  128.5    5.2948e+00    3.4609e+00    5.2987e-01    1.1532e-01
  131.5    6.3486e+00    3.4609e+00    8.3437e-01    2.0912e-01
  134.5    6.6353e+00    3.4609e+00    9.1720e-01    2.3288e-01
  137.5    6.2722e+00    3.4609e+00    8.1230e-01    1.6572e-01
  140.5    5.0435e+00    3.4609e+00    4.5726e-01    5.9683e-02
  143.5    3.8501e+00    3.4609e+00    1.1244e-01   -3.0325e-02
  146.5    3.0875e+00    3.4609e+00   -1.0792e-01   -7.7185e-02
  149.5    2.7040e+00    3.4609e+00   -2.1870e-01   -8.2754e-02
  152.5    2.7026e+00    3.4609e+00   -2.1910e-01   -9.2482e-02
  155.5    2.6589e+00    3.4609e+00   -2.3173e-01   -8.0354e-02
  158.5    2.5627e+00    3.4609e+00   -2.5953e-01   -7.5126e-02
  161.5    2.4392e+00    3.4609e+00   -2.9523e-01   -6.0084e-02
  164.5    2.5327e+00    3.4609e+00   -2.6819e-01   -6.3917e-02
  167.5    2.4180e+00    3.4609e+00   -3.0135e-01   -7.9427e-02
  170.5    2.5007e+00    3.4609e+00   -2.7746e-01   -8.4339e-02
  173.5    2.6860e+00    3.4609e+00   -2.2391e-01   -9.5994e-02
  176.5    2.8653e+00    3.4609e+00   -1.7211e-01   -1.0124e-01
  179.5    2.9573e+00    3.4609e+00   -1.4551e-01   -1.0531e-01
  182.5    2.9096e+00    3.4609e+00   -1.5931e-01   -9.7914e-02
  185.5    2.7084e+00    3.4609e+00   -2.1743e-01   -7.2325e-02
  188.5    2.5147e+00    3.4609e+00   -2.7342e-01   -4.8735e-02
  191.5    2.4508e+00    3.4609e+00   -2.9187e-01   -3.3371e-02
  194.5    2.4785e+00    3.4609e+00   -2.8387e-01   -2.7700e-02
  197.5    2.4656e+00    3.4609e+00   -2.8760e-01   -1.8943e-02
  200.5    2.5236e+00    3.4609e+00   -2.7083e-01   -1.2474e-02
  203.5    2.6404e+00    3.4609e+00   -2.3707e-01   -1.1067e-02
  206.5    2.6952e+00    3.4609e+00   -2.2124e-01   -1.0268e-02
  209.5    2.6771e+00    3.4609e+00   -2.2648e-01   -9.6531e-03
  212.5    2.9024e+00    3.4609e+00   -1.6138e-01   -1.7344e-02
  215.5    3.5112e+00    3.4609e+00    1.4532e-02   -6.5874e-03
  218.5    4.5252e+00    3.4609e+00    3.0750e-01    4.0848e-02
  221.5    5.7622e+00    3.4609e+00    6.6492e-01    1.4682e-01
  224.5    6.6873e+00    3.4609e+00    9.3223e-01    2.5187e-01
  227.5    6.5678e+00    3.4609e+00    8.9770e-01    2.9445e-01
  230.5    5.5738e+00    3.4609e+00    6.1048e-01    2.3958e-01
  233.5    4.5412e+00    3.4609e+00    3.1212e-01    1.3661e-01
  236.5    3.7492e+00    3.4609e+00    8.3302e-02    5.6851e-02
  239.5    3.1874e+00    3.4609e+00   -7.9044e-02    2.4483e-02
  242.5    2.6419e+00    3.4609e+00   -2.3664e-01    1.5388e-02
  245.5    2.5332e+00    3.4609e+00   -2.6805e-01    9.3742e-03
  248.5    2.7151e+00    3.4609e+00   -2.1550e-01    8.6928e-03
  251.5    2.9321e+00    3.4609e+00   -1.5279e-01    3.8057e-03
  254.5    2.9271e+00    3.4609e+00   -1.5424e-01   -1.2942e-02
  257.5    2.7199e+00    3.4609e+00   -2.1412e-01   -2.7820e-02
  260.5    2.7261e+00    3.4609e+00   -2.1232e-01   -2.6952e-02
  263.5    2.8318e+00    3.4609e+00   -1.8177e-01   -2.8312e-02
  266.5    2.9391e+00    3.4609e+00   -1.5079e-01   -4.7782e-02
  269.5    2.8195e+00    3.4609e+00   -1.8533e-01   -7.1484e-02
  272.5    2.9126e+00    3.4609e+00   -1.5844e-01   -7.2645e-02
  275.5    3.0018e+00    3.4609e+00   -1.3266e-01   -6.1696e-02
  278.5    3.0302e+00    3.4609e+00   -1.2446e-01   -5.3414e-02
  281.5    2.9510e+00    3.4609e+00   -1.4735e-01   -5.4861e-02
  284.5    3.0550e+00    3.4609e+00   -1.1728e-01   -4.9356e-02
  287.5    3.0807e+00    3.4609e+00   -1.0988e-01   -4.2505e-02
  290.5    2.9030e+00    3.4609e+00   -1.6121e-01   -3.0944e-02
  293.5    2.7450e+00    3.4609e+00   -2.0686e-01   -2.4287e-02
  296.5    2.5702e+00    3.4609e+00   -2.5737e-01   -2.4858e-02
  299.5    2.9320e+00    3.4609e+00   -1.5284e-01   -2.4373e-02
  302.5    3.7146e+00    3.4609e+00    7.3282e-02   -3.9962e-03
  305.5    4.7278e+00    3.4609e+00    3.6605e-01    4.1640e-02
  308.5    6.0380e+00    3.4609e+00    7.4461e-01    1.1532e-01
  311.5    7.0217e+00    3.4609e+00    1.0288e+00    2.0912e-01
  314.5    7.1091e+00    3.4609e+00    1.0541e+00    2.3289e-01
  317.5    6.3848e+00    3.4609e+00    8.4482e-01    1.6572e-01
  320.5    5.4017e+00    3.4609e+00    5.6075e-01    5.9685e-02
  323.5    4.3810e+00    3.4609e+00    2.6584e-01   -3.0323e-02
  326.5    3.5779e+00    3.4609e+00    3.3791e-02   -7.7184e-02
  329.5    3.0701e+00    3.4609e+00   -1.1294e-01   -8.2754e-02
  332.5    2.9048e+00    3.4609e+00   -1.6070e-01   -9.2482e-02
  335.5    2.7921e+00    3.4609e+00   -1.9326e-01   -8.0355e-02
  338.5    2.6189e+00    3.4609e+00   -2.4331e-01   -7.5128e-02
  341.5    2.4322e+00    3.4609e+00   -2.9726e-01   -6.0085e-02
  344.5    2.2263e+00    3.4609e+00   -3.5673e-01   -6.3918e-02
  347.5    2.2058e+00    3.4609e+00   -3.6266e-01   -7.9428e-02
  350.5    2.4772e+00    3.4609e+00   -2.8423e-01   -8.4340e-02
  353.5    2.8120e+00    3.4609e+00   -1.8750e-01   -9.5993e-02
  356.5    2.9398e+00    3.4609e+00   -1.5058e-01   -1.0124e-01
  359.5    2.9690e+00    3.4609e+00   -1.4213e-01   -1.0531e-01
   7   120  15.82   48.0    1.0    0.0   ----------------------------
    2.5    3.1604e+00    3.3839e+00   -6.6043e-02    9.1230e-03
    5.5    2.9164e+00    3.3839e+00   -1.3815e-01   -1.8692e-02
    8.5    2.6406e+00    3.3839e+00   -2.1965e-01   -4.8409e-02
   11.5    2.3569e+00    3.3839e+00   -3.0350e-01   -5.7382e-02
   14.5    2.3782e+00    3.3839e+00   -2.9718e-01   -3.7564e-02
   17.5    2.6174e+00    3.3839e+00   -2.2652e-01   -2.4491e-02
   20.5    2.7230e+00    3.3839e+00   -1.9530e-01   -2.0236e-02
   23.5    2.8016e+00    3.3839e+00   -1.7207e-01   -2.1554e-02
   26.5    3.0193e+00    3.3839e+00   -1.0775e-01   -1.2404e-02
   29.5    3.0672e+00    3.3839e+00   -9.3582e-02    8.0831e-03
   32.5    3.2672e+00    3.3839e+00   -3.4487e-02    1.9120e-02
   35.5    3.9303e+00    3.3839e+00    1.6149e-01    3.6402e-02
   38.5    4.7938e+00    3.3839e+00    4.1666e-01    6.7071e-02
   41.5    5.8211e+00    3.3839e+00    7.2026e-01    1.2083e-01
   44.5    6.5365e+00    3.3839e+00    9.3167e-01    1.7847e-01
   47.5    6.5056e+00    3.3839e+00    9.2252e-01    1.9601e-01
   50.5    5.6953e+00    3.3839e+00    6.8307e-01    1.6657e-01
   53.5    4.5672e+00    3.3839e+00    3.4970e-01    1.0602e-01
   56.5    3.6072e+00    3.3839e+00    6.5985e-02    5.7138e-02
   59.5    2.9061e+00    3.3839e+00   -1.4119e-01    2.4427e-02
   62.5    2.5980e+00    3.3839e+00   -2.3225e-01    1.4064e-02
   65.5    2.6480e+00    3.3839e+00   -2.1747e-01    2.5654e-03
   68.5    2.7714e+00    3.3839e+00   -1.8100e-01   -1.0874e-02
   71.5    2.8254e+00    3.3839e+00   -1.6504e-01   -2.6857e-02
   74.5    2.7830e+00    3.3839e+00   -1.7758e-01   -3.7020e-02
   77.5    2.7933e+00    3.3839e+00   -1.7454e-01   -2.7175e-02
   80.5    2.8201e+00    3.3839e+00   -1.6660e-01   -1.1244e-02
   83.5    2.9048e+00    3.3839e+00   -1.4158e-01    1.6418e-02
   86.5    2.8792e+00    3.3839e+00   -1.4913e-01    2.6459e-02
   89.5    2.7660e+00    3.3839e+00   -1.8261e-01    2.7764e-02
   92.5    2.8114e+00    3.3839e+00   -1.6919e-01    2.1751e-02
   95.5    2.6906e+00    3.3839e+00   -2.0487e-01    9.1975e-03
   98.5    2.5594e+00    3.3839e+00   -2.4364e-01   -1.4116e-02
  101.5    2.4995e+00    3.3839e+00   -2.6134e-01   -5.6106e-02
  104.5    2.6648e+00    3.3839e+00   -2.1249e-01   -8.3665e-02
  107.5    2.9165e+00    3.3839e+00   -1.3813e-01   -9.2597e-02
  110.5    2.7917e+00    3.3839e+00   -1.7500e-01   -7.5542e-02
  113.5    2.6272e+00    3.3839e+00   -2.2362e-01   -5.6018e-02
  116.5    2.7140e+00    3.3839e+00   -1.9797e-01   -3.9634e-02
  119.5    2.8782e+00    3.3839e+00   -1.4944e-01   -2.8651e-02
  122.5    3.3075e+00    3.3839e+00   -2.2558e-02   -1.4899e-02
  125.5    3.9946e+00    3.3839e+00    1.8047e-01    1.5446e-02
  128.5    5.0434e+00    3.3839e+00    4.9043e-01    5.6518e-02
  131.5    6.2109e+00    3.3839e+00    8.3543e-01    1.2900e-01
  134.5    6.5819e+00    3.3839e+00    9.4508e-01    1.5775e-01
  137.5    6.0468e+00    3.3839e+00    7.8694e-01    1.2802e-01
  140.5    4.8426e+00    3.3839e+00    4.3108e-01    5.1505e-02
  143.5    3.6820e+00    3.3839e+00    8.8096e-02   -1.3524e-02
  146.5    2.9704e+00    3.3839e+00   -1.2218e-01   -5.9174e-02
  149.5    2.7475e+00    3.3839e+00   -1.8805e-01   -6.7957e-02
  152.5    2.6080e+00    3.3839e+00   -2.2929e-01   -8.0253e-02
  155.5    2.3724e+00    3.3839e+00   -2.9890e-01   -8.8975e-02
  158.5    2.3968e+00    3.3839e+00   -2.9171e-01   -8.4822e-02
  161.5    2.6528e+00    3.3839e+00   -2.1606e-01   -7.6148e-02
  164.5    2.7760e+00    3.3839e+00   -1.7964e-01   -7.0082e-02
  167.5    2.4912e+00    3.3839e+00   -2.6381e-01   -9.2387e-02
  170.5    2.5063e+00    3.3839e+00   -2.5933e-01   -9.6484e-02
  173.5    2.7292e+00    3.3839e+00   -1.9348e-01   -7.7242e-02
  176.5    3.0398e+00    3.3839e+00   -1.0170e-01   -2.7240e-02
  179.5    3.2209e+00    3.3839e+00   -4.8167e-02    3.7036e-03
  182.5    3.1460e+00    3.3839e+00   -7.0306e-02    9.1237e-03
  185.5    2.7862e+00    3.3839e+00   -1.7663e-01   -1.8693e-02
  188.5    2.5805e+00    3.3839e+00   -2.3741e-01   -4.8407e-02
  191.5    2.4535e+00    3.3839e+00   -2.7494e-01   -5.7382e-02
  194.5    2.6816e+00    3.3839e+00   -2.0755e-01   -3.7563e-02
  197.5    2.6981e+00    3.3839e+00   -2.0265e-01   -2.4489e-02
  200.5    2.4865e+00    3.3839e+00   -2.6520e-01   -2.0236e-02
  203.5    2.3471e+00    3.3839e+00   -3.0639e-01   -2.1553e-02
  206.5    2.4767e+00    3.3839e+00   -2.6810e-01   -1.2405e-02
  209.5    2.6885e+00    3.3839e+00   -2.0549e-01    8.0855e-03
  212.5    2.8344e+00    3.3839e+00   -1.6237e-01    1.9119e-02
  215.5    3.3838e+00    3.3839e+00   -9.6560e-06    3.6403e-02
  218.5    4.3172e+00    3.3839e+00    2.7581e-01    6.7071e-02
  221.5    5.5520e+00    3.3839e+00    6.4073e-01    1.2083e-01
  224.5    6.4788e+00    3.3839e+00    9.1460e-01    1.7847e-01
  227.5    6.4597e+00    3.3839e+00    9.0897e-01    1.9601e-01
  230.5    5.3498e+00    3.3839e+00    5.8097e-01    1.6657e-01
  233.5    4.3116e+00    3.3839e+00    2.7415e-01    1.0601e-01
  236.5    3.5140e+00    3.3839e+00    3.8461e-02    5.7138e-02
  239.5    2.9863e+00    3.3839e+00   -1.1749e-01    2.4426e-02
  242.5    2.7169e+00    3.3839e+00   -1.9711e-01    1.4063e-02
  245.5    2.6350e+00    3.3839e+00   -2.2131e-01    2.5655e-03
  248.5    2.7219e+00    3.3839e+00   -1.9564e-01   -1.0873e-02
  251.5    2.9271e+00    3.3839e+00   -1.3499e-01   -2.6856e-02
  254.5    2.7723e+00    3.3839e+00   -1.8072e-01   -3.7021e-02
  257.5    2.5502e+00    3.3839e+00   -2.4635e-01   -2.7177e-02
  260.5    2.6257e+00    3.3839e+00   -2.2406e-01   -1.1243e-02
  263.5    2.7015e+00    3.3839e+00   -2.0164e-01    1.6415e-02
  266.5    2.7497e+00    3.3839e+00   -1.8740e-01    2.6460e-02
  269.5    2.7181e+00    3.3839e+00   -1.9675e-01    2.7763e-02
  272.5    2.7774e+00    3.3839e+00   -1.7921e-01    2.1750e-02
  275.5    2.9332e+00    3.3839e+00   -1.3319e-01    9.1953e-03
  278.5    2.9905e+00    3.3839e+00   -1.1626e-01   -1.4116e-02
  281.5    2.8383e+00    3.3839e+00   -1.6123e-01   -5.6109e-02
  284.5    2.8302e+00    3.3839e+00   -1.6361e-01   -8.3667e-02
  287.5    2.8323e+00    3.3839e+00   -1.6299e-01   -9.2600e-02
  290.5    2.7226e+00    3.3839e+00   -1.9543e-01   -7.5543e-02
  293.5    2.7091e+00    3.3839e+00   -1.9941e-01   -5.6020e-02
  296.5    2.6144e+00    3.3839e+00   -2.2739e-01   -3.9634e-02
  299.5    2.8118e+00    3.3839e+00   -1.6906e-01   -2.8652e-02
  302.5    3.3792e+00    3.3839e+00   -1.3847e-03   -1.4899e-02
  305.5    4.3340e+00    3.3839e+00    2.8077e-01    1.5445e-02
  308.5    5.6499e+00    3.3839e+00    6.6965e-01    5.6518e-02
  311.5    6.6709e+00    3.3839e+00    9.7138e-01    1.2900e-01
  314.5    6.8664e+00    3.3839e+00    1.0292e+00    1.5775e-01
  317.5    6.2366e+00    3.3839e+00    8.4305e-01    1.2803e-01
  320.5    5.2241e+00    3.3839e+00    5.4381e-01    5.1506e-02
  323.5    4.2561e+00    3.3839e+00    2.5775e-01   -1.3522e-02
  326.5    3.4831e+00    3.3839e+00    2.9332e-02   -5.9173e-02
  329.5    3.0510e+00    3.3839e+00   -9.8381e-02   -6.7957e-02
  332.5    2.9416e+00    3.3839e+00   -1.3071e-01   -8.0252e-02
  335.5    2.7981e+00    3.3839e+00   -1.7311e-01   -8.8975e-02
  338.5    2.7324e+00    3.3839e+00   -1.9253e-01   -8.4823e-02
  341.5    2.6969e+00    3.3839e+00   -2.0300e-01   -7.6148e-02
  344.5    2.4874e+00    3.3839e+00   -2.6492e-01   -7.0083e-02
  347.5    2.3539e+00    3.3839e+00   -3.0437e-01   -9.2389e-02
  350.5    2.5228e+00    3.3839e+00   -2.5447e-01   -9.6485e-02
  353.5    2.8555e+00    3.3839e+00   -1.5616e-01   -7.7242e-02
  356.5    3.0904e+00    3.3839e+00   -8.6725e-02   -2.7242e-02
  359.5    3.2497e+00    3.3839e+00   -3.9649e-02    3.7034e-03
   8   120  15.82   51.0    1.0    0.0   ----------------------------
    2.5    3.5300e+00    3.1564e+00    1.1835e-01    7.8302e-02
    5.5    3.0177e+00    3.1564e+00   -4.3925e-02    4.0622e-02
    8.5    2.6499e+00    3.1564e+00   -1.6047e-01   -5.8083e-04
   11.5    2.4322e+00    3.1564e+00   -2.2944e-01   -2.8387e-02
   14.5    2.4676e+00    3.1564e+00   -2.1823e-01   -2.2632e-02
   17.5    2.5754e+00    3.1564e+00   -1.8407e-01    6.9719e-03
   20.5    2.5977e+00    3.1564e+00   -1.7700e-01    1.8474e-02
   23.5    2.5697e+00    3.1564e+00   -1.8588e-01    1.3462e-02
   26.5    2.7526e+00    3.1564e+00   -1.2793e-01   -1.2045e-04
   29.5    2.9127e+00    3.1564e+00   -7.7198e-02    8.3175e-03
   32.5    2.9733e+00    3.1564e+00   -5.8018e-02    1.7584e-02
   35.5    3.2767e+00    3.1564e+00    3.8120e-02    3.6784e-02
   38.5    3.8923e+00    3.1564e+00    2.3315e-01    5.5891e-02
   41.5    4.6939e+00    3.1564e+00    4.8711e-01    8.6956e-02
   44.5    5.3121e+00    3.1564e+00    6.8296e-01    9.9715e-02
   47.5    5.2758e+00    3.1564e+00    6.7147e-01    1.0363e-01
   50.5    4.6419e+00    3.1564e+00    4.7064e-01    8.6144e-02
   53.5    3.8499e+00    3.1564e+00    2.1973e-01    5.6673e-02
   56.5    3.0310e+00    3.1564e+00   -3.9737e-02    3.0858e-02
   59.5    2.5833e+00    3.1564e+00   -1.8156e-01    4.3354e-03
   62.5    2.4406e+00    3.1564e+00   -2.2677e-01   -3.1791e-04
   65.5    2.5581e+00    3.1564e+00   -1.8954e-01   -7.7942e-03
   68.5    2.6441e+00    3.1564e+00   -1.6231e-01   -4.5597e-03
   71.5    2.6549e+00    3.1564e+00   -1.5890e-01   -1.3458e-02
   74.5    2.6697e+00    3.1564e+00   -1.5419e-01   -2.3601e-02
   77.5    2.6042e+00    3.1564e+00   -1.7496e-01   -3.0762e-02
   80.5    2.7823e+00    3.1564e+00   -1.1853e-01   -1.6366e-02
   83.5    3.1086e+00    3.1564e+00   -1.5126e-02    3.2932e-02
   86.5    3.3962e+00    3.1564e+00    7.5970e-02    1.0490e-01
   89.5    3.4427e+00    3.1564e+00    9.0709e-02    1.6247e-01
   92.5    3.4033e+00    3.1564e+00    7.8215e-02    1.4012e-01
   95.5    3.1904e+00    3.1564e+00    1.0767e-02    6.7918e-02
   98.5    2.8060e+00    3.1564e+00   -1.1102e-01   -2.2048e-02
  101.5    2.5775e+00    3.1564e+00   -1.8341e-01   -6.3336e-02
  104.5    2.6760e+00    3.1564e+00   -1.5220e-01   -8.4587e-02
  107.5    2.8500e+00    3.1564e+00   -9.7084e-02   -8.8849e-02
  110.5    2.8508e+00    3.1564e+00   -9.6816e-02   -8.9706e-02
  113.5    2.7237e+00    3.1564e+00   -1.3709e-01   -8.8175e-02
  116.5    2.7307e+00    3.1564e+00   -1.3485e-01   -8.2415e-02
  119.5    2.7657e+00    3.1564e+00   -1.2378e-01   -7.4223e-02
  122.5    3.0010e+00    3.1564e+00   -4.9216e-02   -5.6310e-02
  125.5    3.3331e+00    3.1564e+00    5.5974e-02   -3.6252e-02
  128.5    4.0197e+00    3.1564e+00    2.7352e-01   -1.7945e-02
  131.5    4.6913e+00    3.1564e+00    4.8627e-01    2.1817e-02
  134.5    4.7558e+00    3.1564e+00    5.0673e-01    3.8684e-02
  137.5    4.4955e+00    3.1564e+00    4.2424e-01    2.3383e-02
  140.5    3.7236e+00    3.1564e+00    1.7969e-01   -3.7910e-03
  143.5    3.0314e+00    3.1564e+00   -3.9593e-02   -2.7096e-02
  146.5    2.8679e+00    3.1564e+00   -9.1387e-02   -3.8218e-02
  149.5    2.8693e+00    3.1564e+00   -9.0942e-02   -5.2292e-02
  152.5    2.6879e+00    3.1564e+00   -1.4844e-01   -6.7635e-02
  155.5    2.3991e+00    3.1564e+00   -2.3993e-01   -7.6663e-02
  158.5    2.2171e+00    3.1564e+00   -2.9759e-01   -6.8795e-02
  161.5    2.4240e+00    3.1564e+00   -2.3202e-01   -6.0734e-02
  164.5    2.5797e+00    3.1564e+00   -1.8272e-01   -6.8755e-02
  167.5    2.4513e+00    3.1564e+00   -2.2339e-01   -8.1946e-02
  170.5    2.6500e+00    3.1564e+00   -1.6044e-01   -6.1904e-02
  173.5    3.2195e+00    3.1564e+00    1.9979e-02   -1.2470e-02
  176.5    3.7691e+00    3.1564e+00    1.9410e-01    5.4599e-02
  179.5    4.0160e+00    3.1564e+00    2.7235e-01    8.1199e-02
  182.5    3.9137e+00    3.1564e+00    2.3994e-01    7.8303e-02
  185.5    3.4260e+00    3.1564e+00    8.5430e-02    4.0621e-02
  188.5    2.8504e+00    3.1564e+00   -9.6958e-02   -5.7984e-04
  191.5    2.4085e+00    3.1564e+00   -2.3695e-01   -2.8387e-02
  194.5    2.5320e+00    3.1564e+00   -1.9782e-01   -2.2632e-02
  197.5    2.4597e+00    3.1564e+00   -2.2071e-01    6.9737e-03
  200.5    2.2388e+00    3.1564e+00   -2.9070e-01    1.8473e-02
  203.5    2.3022e+00    3.1564e+00   -2.7061e-01    1.3464e-02
  206.5    2.5499e+00    3.1564e+00   -1.9215e-01   -1.2060e-04
  209.5    2.8274e+00    3.1564e+00   -1.0424e-01    8.3194e-03
  212.5    2.8694e+00    3.1564e+00   -9.0913e-02    1.7583e-02
  215.5    2.9571e+00    3.1564e+00   -6.3134e-02    3.6785e-02
  218.5    3.4280e+00    3.1564e+00    8.6046e-02    5.5891e-02
  221.5    4.1187e+00    3.1564e+00    3.0488e-01    8.6956e-02
  224.5    4.6194e+00    3.1564e+00    4.6352e-01    9.9716e-02
  227.5    4.6877e+00    3.1564e+00    4.8516e-01    1.0363e-01
  230.5    4.1427e+00    3.1564e+00    3.1247e-01    8.6144e-02
  233.5    3.5095e+00    3.1564e+00    1.1187e-01    5.6672e-02
  236.5    3.1517e+00    3.1564e+00   -1.4892e-03    3.0858e-02
  239.5    2.8355e+00    3.1564e+00   -1.0168e-01    4.3335e-03
  242.5    2.6590e+00    3.1564e+00   -1.5758e-01   -3.1760e-04
  245.5    2.6737e+00    3.1564e+00   -1.5292e-01   -7.7936e-03
  248.5    2.8184e+00    3.1564e+00   -1.0709e-01   -4.5593e-03
  251.5    2.8282e+00    3.1564e+00   -1.0397e-01   -1.3459e-02
  254.5    2.7656e+00    3.1564e+00   -1.2382e-01   -2.3602e-02
  257.5    2.5340e+00    3.1564e+00   -1.9718e-01   -3.0762e-02
  260.5    2.7485e+00    3.1564e+00   -1.2922e-01   -1.6366e-02
  263.5    3.0549e+00    3.1564e+00   -3.2139e-02    3.2929e-02
  266.5    3.2826e+00    3.1564e+00    3.9998e-02    1.0490e-01
  269.5    3.4664e+00    3.1564e+00    9.8227e-02    1.6247e-01
  272.5    3.3837e+00    3.1564e+00    7.2021e-02    1.4012e-01
  275.5    3.2565e+00    3.1564e+00    3.1716e-02    6.7915e-02
  278.5    3.0081e+00    3.1564e+00   -4.6977e-02   -2.2047e-02
  281.5    2.7249e+00    3.1564e+00   -1.3670e-01   -6.3338e-02
  284.5    2.5903e+00    3.1564e+00   -1.7936e-01   -8.4589e-02
  287.5    2.5571e+00    3.1564e+00   -1.8988e-01   -8.8849e-02
  290.5    2.5820e+00    3.1564e+00   -1.8197e-01   -8.9708e-02
  293.5    2.5825e+00    3.1564e+00   -1.8183e-01   -8.8175e-02
  296.5    2.4566e+00    3.1564e+00   -2.2171e-01   -8.2415e-02
  299.5    2.4694e+00    3.1564e+00   -2.1765e-01   -7.4224e-02
  302.5    2.8524e+00    3.1564e+00   -9.6323e-02   -5.6310e-02
  305.5    3.6400e+00    3.1564e+00    1.5320e-01   -3.6251e-02
  308.5    4.7301e+00    3.1564e+00    4.9858e-01   -1.7946e-02
  311.5    5.4831e+00    3.1564e+00    7.3716e-01    2.1817e-02
  314.5    5.7751e+00    3.1564e+00    8.2964e-01    3.8684e-02
  317.5    5.1748e+00    3.1564e+00    6.3946e-01    2.3383e-02
  320.5    4.3404e+00    3.1564e+00    3.7513e-01   -3.7906e-03
  323.5    3.4907e+00    3.1564e+00    1.0590e-01   -2.7094e-02
  326.5    3.0279e+00    3.1564e+00   -4.0696e-02   -3.8218e-02
  329.5    2.8634e+00    3.1564e+00   -9.2821e-02   -5.2292e-02
  332.5    2.7551e+00    3.1564e+00   -1.2713e-01   -6.7635e-02
  335.5    2.5874e+00    3.1564e+00   -1.8027e-01   -7.6662e-02
  338.5    2.5290e+00    3.1564e+00   -1.9878e-01   -6.8795e-02
  341.5    2.5897e+00    3.1564e+00   -1.7955e-01   -6.0734e-02
  344.5    2.5144e+00    3.1564e+00   -2.0339e-01   -6.8756e-02
  347.5    2.4376e+00    3.1564e+00   -2.2774e-01   -8.1947e-02
  350.5    2.5520e+00    3.1564e+00   -1.9148e-01   -6.1905e-02
  353.5    2.8769e+00    3.1564e+00   -8.8535e-02   -1.2470e-02
  356.5    3.4022e+00    3.1564e+00    7.7881e-02    5.4597e-02
  359.5    3.7608e+00    3.1564e+00    1.9150e-01    8.1198e-02
   9   120  15.82   54.0    1.0    0.0   ----------------------------
    2.5    4.1088e+00    2.8848e+00    4.2425e-01    1.1304e-01
    5.5    3.3457e+00    2.8848e+00    1.5975e-01    9.9161e-02
    8.5    2.8267e+00    2.8848e+00   -2.0145e-02    7.0306e-02
   11.5    2.5482e+00    2.8848e+00   -1.1670e-01    5.2116e-02
   14.5    2.4134e+00    2.8848e+00   -1.6344e-01    3.6003e-02
   17.5    2.2727e+00    2.8848e+00   -2.1218e-01    3.3551e-02
   20.5    2.2675e+00    2.8848e+00   -2.1401e-01    4.1024e-02
   23.5    2.3600e+00    2.8848e+00   -1.8192e-01    5.3896e-02
   26.5    2.6046e+00    2.8848e+00   -9.7154e-02    5.5224e-02
   29.5    2.6631e+00    2.8848e+00   -7.6883e-02    4.3955e-02
   32.5    2.4885e+00    2.8848e+00   -1.3740e-01    3.2279e-02
   35.5    2.4174e+00    2.8848e+00   -1.6203e-01    2.9755e-02
   38.5    2.6676e+00    2.8848e+00   -7.5297e-02    3.5536e-02
   41.5    3.2192e+00    2.8848e+00    1.1589e-01    4.5669e-02
   44.5    3.7559e+00    2.8848e+00    3.0195e-01    5.2004e-02
   47.5    3.8384e+00    2.8848e+00    3.3053e-01    5.4890e-02
   50.5    3.5184e+00    2.8848e+00    2.1963e-01    4.9510e-02
   53.5    3.1319e+00    2.8848e+00    8.5636e-02    3.3996e-02
   56.5    2.5735e+00    2.8848e+00   -1.0793e-01    1.5303e-02
   59.5    2.3260e+00    2.8848e+00   -1.9372e-01    7.8063e-03
   62.5    2.3570e+00    2.8848e+00   -1.8297e-01    2.0777e-02
   65.5    2.4991e+00    2.8848e+00   -1.3372e-01    3.5961e-02
   68.5    2.6333e+00    2.8848e+00   -8.7211e-02    3.1312e-02
   71.5    2.7989e+00    2.8848e+00   -2.9784e-02    1.6594e-02
   74.5    2.7682e+00    2.8848e+00   -4.0441e-02    1.8401e-03
   77.5    2.5613e+00    2.8848e+00   -1.1217e-01    2.2696e-03
   80.5    2.6705e+00    2.8848e+00   -7.4305e-02    8.7907e-03
   83.5    3.1580e+00    2.8848e+00    9.4699e-02    4.3447e-02
   86.5    3.7159e+00    2.8848e+00    2.8806e-01    7.2639e-02
   89.5    4.0486e+00    2.8848e+00    4.0341e-01    9.6578e-02
   92.5    3.9704e+00    2.8848e+00    3.7629e-01    8.2105e-02
   95.5    3.5651e+00    2.8848e+00    2.3581e-01    4.8163e-02
   98.5    2.9183e+00    2.8848e+00    1.1591e-02   -6.0769e-03
  101.5    2.6032e+00    2.8848e+00   -9.7616e-02   -5.3398e-02
  104.5    2.5587e+00    2.8848e+00   -1.1304e-01   -8.4097e-02
  107.5    2.6778e+00    2.8848e+00   -7.1776e-02   -8.2476e-02
  110.5    2.8324e+00    2.8848e+00   -1.8171e-02   -7.9318e-02
  113.5    2.7467e+00    2.8848e+00   -4.7898e-02   -6.9929e-02
  116.5    2.7304e+00    2.8848e+00   -5.3548e-02   -7.3251e-02
  119.5    2.6385e+00    2.8848e+00   -8.5385e-02   -8.4609e-02
  122.5    2.5782e+00    2.8848e+00   -1.0628e-01   -8.8831e-02
  125.5    2.6400e+00    2.8848e+00   -8.4884e-02   -7.5394e-02
  128.5    2.9704e+00    2.8848e+00    2.9654e-02   -5.4914e-02
  131.5    3.2080e+00    2.8848e+00    1.1200e-01   -3.9292e-02
  134.5    3.2132e+00    2.8848e+00    1.1381e-01   -3.3536e-02
  137.5    3.0340e+00    2.8848e+00    5.1696e-02   -4.5796e-02
  140.5    2.6656e+00    2.8848e+00   -7.6007e-02   -7.0801e-02
  143.5    2.4584e+00    2.8848e+00   -1.4781e-01   -9.4124e-02
  146.5    2.6369e+00    2.8848e+00   -8.5940e-02   -9.5873e-02
  149.5    3.0257e+00    2.8848e+00    4.8841e-02   -8.4221e-02
  152.5    3.0290e+00    2.8848e+00    4.9955e-02   -7.2599e-02
  155.5    2.5658e+00    2.8848e+00   -1.1059e-01   -6.3698e-02
  158.5    2.2301e+00    2.8848e+00   -2.2698e-01   -6.2330e-02
  161.5    2.0939e+00    2.8848e+00   -2.7417e-01   -7.0326e-02
  164.5    2.2001e+00    2.8848e+00   -2.3736e-01   -7.6544e-02
  167.5    2.2577e+00    2.8848e+00   -2.1740e-01   -6.2001e-02
  170.5    2.6661e+00    2.8848e+00   -7.5843e-02   -1.5020e-02
  173.5    3.2252e+00    2.8848e+00    1.1798e-01    3.3112e-02
  176.5    3.8667e+00    2.8848e+00    3.4035e-01    8.2616e-02
  179.5    4.1964e+00    2.8848e+00    4.5464e-01    1.0724e-01
  182.5    4.0072e+00    2.8848e+00    3.8906e-01    1.1304e-01
  185.5    3.4260e+00    2.8848e+00    1.8757e-01    9.9161e-02
  188.5    2.9320e+00    2.8848e+00    1.6329e-02    7.0307e-02
  191.5    2.3023e+00    2.8848e+00   -2.0193e-01    5.2116e-02
  194.5    2.2156e+00    2.8848e+00   -2.3199e-01    3.6003e-02
  197.5    2.1225e+00    2.8848e+00   -2.6425e-01    3.3553e-02
  200.5    2.1864e+00    2.8848e+00   -2.4212e-01    4.1023e-02
  203.5    2.4031e+00    2.8848e+00   -1.6699e-01    5.3898e-02
  206.5    2.8405e+00    2.8848e+00   -1.5357e-02    5.5224e-02
  209.5    3.1136e+00    2.8848e+00    7.9287e-02    4.3956e-02
  212.5    2.8184e+00    2.8848e+00   -2.3036e-02    3.2278e-02
  215.5    2.5982e+00    2.8848e+00   -9.9380e-02    2.9755e-02
  218.5    2.6048e+00    2.8848e+00   -9.7080e-02    3.5537e-02
  221.5    2.8687e+00    2.8848e+00   -5.5964e-03    4.5669e-02
  224.5    3.1390e+00    2.8848e+00    8.8110e-02    5.2004e-02
  227.5    3.1852e+00    2.8848e+00    1.0411e-01    5.4889e-02
  230.5    3.0979e+00    2.8848e+00    7.3844e-02    4.9510e-02
  233.5    2.8458e+00    2.8848e+00   -1.3549e-02    3.3996e-02
  236.5    2.6292e+00    2.8848e+00   -8.8628e-02    1.5302e-02
  239.5    2.6243e+00    2.8848e+00   -9.0300e-02    7.8036e-03
  242.5    2.6783e+00    2.8848e+00   -7.1590e-02    2.0778e-02
  245.5    2.6882e+00    2.8848e+00   -6.8180e-02    3.5962e-02
  248.5    2.8032e+00    2.8848e+00   -2.8314e-02    3.1313e-02
  251.5    2.6635e+00    2.8848e+00   -7.6715e-02    1.6590e-02
  254.5    2.5189e+00    2.8848e+00   -1.2685e-01    1.8395e-03
  257.5    2.5100e+00    2.8848e+00   -1.2993e-01    2.2689e-03
  260.5    2.7992e+00    2.8848e+00   -2.9689e-02    8.7906e-03
  263.5    3.4527e+00    2.8848e+00    1.9685e-01    4.3442e-02
  266.5    3.8618e+00    2.8848e+00    3.3864e-01    7.2640e-02
  269.5    4.0653e+00    2.8848e+00    4.0920e-01    9.6578e-02
  272.5    3.8082e+00    2.8848e+00    3.2008e-01    8.2104e-02
  275.5    3.3307e+00    2.8848e+00    1.5456e-01    4.8158e-02
  278.5    2.8174e+00    2.8848e+00   -2.3398e-02   -6.0771e-03
  281.5    2.5563e+00    2.8848e+00   -1.1387e-01   -5.3400e-02
  284.5    2.5850e+00    2.8848e+00   -1.0393e-01   -8.4098e-02
  287.5    2.6597e+00    2.8848e+00   -7.8049e-02   -8.2476e-02
  290.5    2.6472e+00    2.8848e+00   -8.2395e-02   -7.9319e-02
  293.5    2.5442e+00    2.8848e+00   -1.1809e-01   -6.9928e-02
  296.5    2.4107e+00    2.8848e+00   -1.6436e-01   -7.3251e-02
  299.5    2.3274e+00    2.8848e+00   -1.9324e-01   -8.4609e-02
  302.5    2.4298e+00    2.8848e+00   -1.5773e-01   -8.8832e-02
  305.5    2.9983e+00    2.8848e+00    3.9337e-02   -7.5392e-02
  308.5    3.6244e+00    2.8848e+00    2.5636e-01   -5.4914e-02
  311.5    3.9554e+00    2.8848e+00    3.7109e-01   -3.9293e-02
  314.5    4.1182e+00    2.8848e+00    4.2751e-01   -3.3537e-02
  317.5    3.6586e+00    2.8848e+00    2.6823e-01   -4.5796e-02
  320.5    2.9805e+00    2.8848e+00    3.3166e-02   -7.0801e-02
  323.5    2.4797e+00    2.8848e+00   -1.4043e-01   -9.4123e-02
  326.5    2.4461e+00    2.8848e+00   -1.5210e-01   -9.5873e-02
  329.5    2.6618e+00    2.8848e+00   -7.7304e-02   -8.4221e-02
  332.5    2.6644e+00    2.8848e+00   -7.6426e-02   -7.2600e-02
  335.5    2.4376e+00    2.8848e+00   -1.5504e-01   -6.3697e-02
  338.5    2.2854e+00    2.8848e+00   -2.0778e-01   -6.2330e-02
  341.5    2.2224e+00    2.8848e+00   -2.2964e-01   -7.0325e-02
  344.5    2.3441e+00    2.8848e+00   -1.8746e-01   -7.6546e-02
  347.5    2.4901e+00    2.8848e+00   -1.3684e-01   -6.2001e-02
  350.5    2.7123e+00    2.8848e+00   -5.9826e-02   -1.5022e-02
  353.5    3.1390e+00    2.8848e+00    8.8107e-02    3.3112e-02
  356.5    3.8697e+00    2.8848e+00    3.4140e-01    8.2614e-02
  359.5    4.4145e+00    2.8848e+00    5.3023e-01    1.0724e-01
  10   120  15.82   57.0    1.0    0.0   ----------------------------
    2.5    4.0736e+00    2.6782e+00    5.2105e-01    1.4960e-01
    5.5    3.3889e+00    2.6782e+00    2.6537e-01    1.4640e-01
    8.5    2.9021e+00    2.6782e+00    8.3631e-02    1.2056e-01
   11.5    2.7041e+00    2.6782e+00    9.6754e-03    1.0506e-01
   14.5    2.5403e+00    2.6782e+00   -5.1475e-02    9.3687e-02
   17.5    2.3582e+00    2.6782e+00   -1.1945e-01    7.9819e-02
   20.5    2.3725e+00    2.6782e+00   -1.1414e-01    6.2864e-02
   23.5    2.4885e+00    2.6782e+00   -7.0828e-02    5.0229e-02
   26.5    2.5927e+00    2.6782e+00   -3.1921e-02    5.9502e-02
   29.5    2.5468e+00    2.6782e+00   -4.9038e-02    7.2473e-02
   32.5    2.2669e+00    2.6782e+00   -1.5357e-01    7.3672e-02
   35.5    2.1403e+00    2.6782e+00   -2.0083e-01    7.2645e-02
   38.5    2.2666e+00    2.6782e+00   -1.5366e-01    5.9301e-02
   41.5    2.6093e+00    2.6782e+00   -2.5696e-02    5.8199e-02
   44.5    3.0021e+00    2.6782e+00    1.2096e-01    5.9322e-02
   47.5    3.1114e+00    2.6782e+00    1.6177e-01    7.7978e-02
   50.5    3.0714e+00    2.6782e+00    1.4684e-01    7.0136e-02
   53.5    2.8490e+00    2.6782e+00    6.3774e-02    5.6512e-02
   56.5    2.3873e+00    2.6782e+00   -1.0861e-01    3.1354e-02
   59.5    2.2504e+00    2.6782e+00   -1.5972e-01    2.2201e-02
   62.5    2.3642e+00    2.6782e+00   -1.1721e-01    1.0720e-02
   65.5    2.4897e+00    2.6782e+00   -7.0349e-02   -7.2439e-03
   68.5    2.6260e+00    2.6782e+00   -1.9463e-02   -1.4181e-02
   71.5    2.8412e+00    2.6782e+00    6.0866e-02   -3.2952e-03
   74.5    2.8954e+00    2.6782e+00    8.1125e-02    1.2453e-02
   77.5    2.6931e+00    2.6782e+00    5.5828e-03    1.7791e-02
   80.5    2.6207e+00    2.6782e+00   -2.1461e-02    1.1627e-02
   83.5    2.9162e+00    2.6782e+00    8.8894e-02    2.4748e-02
   86.5    3.3525e+00    2.6782e+00    2.5181e-01    4.0306e-02
   89.5    3.7234e+00    2.6782e+00    3.9028e-01    4.1223e-02
   92.5    3.5884e+00    2.6782e+00    3.3988e-01    2.6062e-02
   95.5    3.1688e+00    2.6782e+00    1.8320e-01   -2.8608e-03
   98.5    2.5653e+00    2.6782e+00   -4.2141e-02   -2.7674e-02
  101.5    2.2908e+00    2.6782e+00   -1.4465e-01   -4.5036e-02
  104.5    2.3014e+00    2.6782e+00   -1.4067e-01   -5.7990e-02
  107.5    2.3489e+00    2.6782e+00   -1.2293e-01   -7.1829e-02
  110.5    2.6048e+00    2.6782e+00   -2.7403e-02   -9.4843e-02
  113.5    2.7157e+00    2.6782e+00    1.4003e-02   -1.0924e-01
  116.5    2.7301e+00    2.6782e+00    1.9395e-02   -9.6502e-02
  119.5    2.4794e+00    2.6782e+00   -7.4231e-02   -9.3731e-02
  122.5    2.2784e+00    2.6782e+00   -1.4926e-01   -7.7914e-02
  125.5    2.3634e+00    2.6782e+00   -1.1754e-01   -6.8381e-02
  128.5    2.5582e+00    2.6782e+00   -4.4782e-02   -6.6296e-02
  131.5    2.7087e+00    2.6782e+00    1.1395e-02   -5.9885e-02
  134.5    2.6489e+00    2.6782e+00   -1.0919e-02   -7.4690e-02
  137.5    2.4831e+00    2.6782e+00   -7.2829e-02   -9.1863e-02
  140.5    2.1972e+00    2.6782e+00   -1.7957e-01   -1.1231e-01
  143.5    2.0695e+00    2.6782e+00   -2.2726e-01   -1.2263e-01
  146.5    2.3248e+00    2.6782e+00   -1.3196e-01   -1.2936e-01
  149.5    2.8244e+00    2.6782e+00    5.4608e-02   -1.3188e-01
  152.5    2.8159e+00    2.6782e+00    5.1450e-02   -1.2621e-01
  155.5    2.5095e+00    2.6782e+00   -6.2970e-02   -1.1982e-01
  158.5    2.2414e+00    2.6782e+00   -1.6306e-01   -1.0580e-01
  161.5    2.1082e+00    2.6782e+00   -2.1280e-01   -6.9320e-02
  164.5    2.1382e+00    2.6782e+00   -2.0161e-01   -4.3870e-02
  167.5    2.1507e+00    2.6782e+00   -1.9695e-01   -1.3603e-02
  170.5    2.4015e+00    2.6782e+00   -1.0328e-01    8.3124e-03
  173.5    2.9736e+00    2.6782e+00    1.1031e-01    6.5079e-02
  176.5    3.5344e+00    2.6782e+00    3.1971e-01    1.1171e-01
  179.5    3.8599e+00    2.6782e+00    4.4127e-01    1.4674e-01
  182.5    3.6295e+00    2.6782e+00    3.5523e-01    1.4960e-01
  185.5    3.2458e+00    2.6782e+00    2.1195e-01    1.4640e-01
  188.5    2.6551e+00    2.6782e+00   -8.6192e-03    1.2056e-01
  191.5    2.1734e+00    2.6782e+00   -1.8849e-01    1.0506e-01
  194.5    2.1157e+00    2.6782e+00   -2.1003e-01    9.3687e-02
  197.5    2.1272e+00    2.6782e+00   -2.0571e-01    7.9820e-02
  200.5    2.2710e+00    2.6782e+00   -1.5203e-01    6.2863e-02
  203.5    2.4387e+00    2.6782e+00   -8.9424e-02    5.0231e-02
  206.5    2.7657e+00    2.6782e+00    3.2671e-02    5.9503e-02
  209.5    2.9396e+00    2.6782e+00    9.7630e-02    7.2474e-02
  212.5    2.4903e+00    2.6782e+00   -7.0134e-02    7.3672e-02
  215.5    2.0837e+00    2.6782e+00   -2.2197e-01    7.2645e-02
  218.5    2.1426e+00    2.6782e+00   -1.9999e-01    5.9302e-02
  221.5    2.4643e+00    2.6782e+00   -7.9840e-02    5.8199e-02
  224.5    2.6372e+00    2.6782e+00   -1.5307e-02    5.9321e-02
  227.5    2.7453e+00    2.6782e+00    2.5072e-02    7.7977e-02
  230.5    2.7808e+00    2.6782e+00    3.8331e-02    7.0138e-02
  233.5    2.4842e+00    2.6782e+00   -7.2419e-02    5.6512e-02
  236.5    2.2794e+00    2.6782e+00   -1.4888e-01    3.1354e-02
  239.5    2.4259e+00    2.6782e+00   -9.4187e-02    2.2197e-02
  242.5    2.7512e+00    2.6782e+00    2.7268e-02    1.0721e-02
  245.5    2.6715e+00    2.6782e+00   -2.5018e-03   -7.2425e-03
  248.5    2.7055e+00    2.6782e+00    1.0223e-02   -1.4179e-02
  251.5    2.3757e+00    2.6782e+00   -1.1293e-01   -3.3007e-03
  254.5    2.2511e+00    2.6782e+00   -1.5947e-01    1.2452e-02
  257.5    2.2097e+00    2.6782e+00   -1.7491e-01    1.7790e-02
  260.5    2.4702e+00    2.6782e+00   -7.7662e-02    1.1627e-02
  263.5    3.1252e+00    2.6782e+00    1.6691e-01    2.4741e-02
  266.5    3.4511e+00    2.6782e+00    2.8860e-01    4.0308e-02
  269.5    3.6328e+00    2.6782e+00    3.5646e-01    4.1222e-02
  272.5    3.4245e+00    2.6782e+00    2.7869e-01    2.6061e-02
  275.5    3.0677e+00    2.6782e+00    1.4546e-01   -2.8666e-03
  278.5    2.6043e+00    2.6782e+00   -2.7560e-02   -2.7674e-02
  281.5    2.5486e+00    2.6782e+00   -4.8379e-02   -4.5038e-02
  284.5    2.7568e+00    2.6782e+00    2.9378e-02   -5.7991e-02
  287.5    2.7525e+00    2.6782e+00    2.7761e-02   -7.1830e-02
  290.5    2.6576e+00    2.6782e+00   -7.6855e-03   -9.4844e-02
  293.5    2.5629e+00    2.6782e+00   -4.3051e-02   -1.0924e-01
  296.5    2.5191e+00    2.6782e+00   -5.9377e-02   -9.6502e-02
  299.5    2.3689e+00    2.6782e+00   -1.1548e-01   -9.3730e-02
  302.5    2.2909e+00    2.6782e+00   -1.4459e-01   -7.7914e-02
  305.5    2.6196e+00    2.6782e+00   -2.1864e-02   -6.8379e-02
  308.5    2.9648e+00    2.6782e+00    1.0703e-01   -6.6297e-02
  311.5    3.0533e+00    2.6782e+00    1.4007e-01   -5.9886e-02
  314.5    3.0240e+00    2.6782e+00    1.2912e-01   -7.4690e-02
  317.5    2.6855e+00    2.6782e+00    2.7298e-03   -9.1863e-02
  320.5    2.2902e+00    2.6782e+00   -1.4486e-01   -1.1231e-01
  323.5    2.1034e+00    2.6782e+00   -2.1460e-01   -1.2262e-01
  326.5    2.1902e+00    2.6782e+00   -1.8219e-01   -1.2936e-01
  329.5    2.5553e+00    2.6782e+00   -4.5880e-02   -1.3188e-01
  332.5    2.6926e+00    2.6782e+00    5.3951e-03   -1.2621e-01
  335.5    2.5394e+00    2.6782e+00   -5.1803e-02   -1.1982e-01
  338.5    2.4180e+00    2.6782e+00   -9.7147e-02   -1.0580e-01
  341.5    2.3459e+00    2.6782e+00   -1.2406e-01   -6.9319e-02
  344.5    2.4765e+00    2.6782e+00   -7.5288e-02   -4.3874e-02
  347.5    2.6290e+00    2.6782e+00   -1.8369e-02   -1.3603e-02
  350.5    2.8092e+00    2.6782e+00    4.8921e-02    8.3093e-03
  353.5    3.2020e+00    2.6782e+00    1.9561e-01    6.5079e-02
  356.5    3.8484e+00    2.6782e+00    4.3695e-01    1.1171e-01
  359.5    4.4099e+00    2.6782e+00    6.4661e-01    1.4673e-01

fitted parameters ( nfit =  0  nfollow =  0  )

   r-factora =    0.5868   r-factorb =    0.8360

    0     4.00    237.0    3.037           general vinner tdebye lattice
    1  0.00000  0.00000  1.00000  1.90912  layer spacing length units
    2  0.53000  0.50016  1.00000  1.90912  layer spacing length units
    3  0.31000  0.96839  1.00000  1.90912  layer spacing length units
    4  0.00000  1.45275  1.00000  1.90912  layer spacing length units
    5  0.07000  0.71189  1.00000  1.90912  layer spacing length units
    6  0.57491  0.89562  1.00000  1.90912  layer spacing length units
    7  0.01581  0.03820  1.00000  1.90912  layer spacing length units
    8  0.01581  0.66184  1.00000  1.90912  layer spacing length units
    9  0.29799  1.41686  1.00000  1.90912  layer spacing length units
   10  0.38788  1.48864  1.00000  1.90912  layer spacing length units
   11  0.00330  0.69345  1.00000  1.90912  layer spacing length units
   12  0.33289  0.46592  1.00000  1.90912  layer spacing length units
   13  0.21995  1.53276  1.00000  1.90912  layer spacing length units
   14  0.01581  1.84458  1.00000  1.90912  layer spacing length units
   15  0.01581  0.98749  1.00000  1.90912  layer spacing length units
   16  0.57491  1.46427  1.00000  1.90912  layer spacing length units
   17  0.01581  0.72078  1.00000  1.90912  layer spacing length units
   18  0.01581  0.91439  1.00000  1.90912  layer spacing length units
                                           unit: lattice constant

   r-factora=sum((chic-chie)*(chic-chie))/(sum(chic*chic+chie*chie)
   r-factorb=sum(chic*chic-chie*chie)/sum(chic*chic+chie*chie)

This calculation took   10 processor minutes on   10 Linux Cluster
     starting on Mon Aug 18 08:43:51 2025
   and ending on Mon Aug 18 08:44:53 2025

