   223    26     0     datakind beginning-row multi-curves
-----------------------------------------------------------------
Calculation of photoelectron diffraction and dichroism
MSCD Parallel  Version 1.37 Yufeng Chen and Michel A Van Hove
Lawrence Berkeley National Laboratory (LBNL), Berkeley, CA 94720
Copyright (c) Van Hove Group 1997-1998. All rights reserved
-----------------------------------------------------------------
 angle-resolved photoemission extended fine structure (ARPEFS)
 multiple scattering calculation of Ga2O3(100)
 calculated by Yosef (UFJ-PPGCAS) on May 12, 2025

   initial angular momentum (li) = 0   msorder=  6   raorder= 4
   photon polarization angle (polar,azimuth) =(   0.0   0.0 ) (deg)

   radius, depth and lattice constant=  10.0,  11.0 and   3.04 angstrom
   cluster size= 188 atoms and spacings=  1.75  0.00  0.43  1.67 angs
   inner potential=  4.0 V  debye and sample temperature= 237, 300 K
   number of valence electrons=  24     bandgap energy=   4.70 eV
   density of bulk=   5.88 g/cm3     molecular weight= 187.44 amu
   effective weight for kind 1-2 =   16.0   69.7 amu
   half aperture angle=    3.0 deg            pathcut=     0.0010

   photoemission azimuthal scan curves
     parameters: curve point theta phi weightc weighte
     columns: phi intensity background chical chiexp
    10  1200    1   10  120 1200  ncurve npoint nk ntheta nphi nangle
   1   120  15.82   30.0    1.0    0.0   ----------------------------
    2.5    4.0273e+00    3.1082e+00    2.9569e-01    7.9703e-02
    5.5    3.9930e+00    3.1082e+00    2.8465e-01    8.9743e-02
    8.5    3.8836e+00    3.1082e+00    2.4945e-01    8.1535e-02
   11.5    3.5847e+00    3.1082e+00    1.5328e-01    4.3014e-02
   14.5    3.1650e+00    3.1082e+00    1.8259e-02   -1.1028e-02
   17.5    2.8026e+00    3.1082e+00   -9.8325e-02   -5.6685e-02
   20.5    2.5698e+00    3.1082e+00   -1.7323e-01   -7.2070e-02
   23.5    2.4166e+00    3.1082e+00   -2.2252e-01   -7.8056e-02
   26.5    2.3921e+00    3.1082e+00   -2.3041e-01   -7.6352e-02
   29.5    2.4274e+00    3.1082e+00   -2.1904e-01   -8.7337e-02
   32.5    2.5383e+00    3.1082e+00   -1.8337e-01   -9.1148e-02
   35.5    2.7589e+00    3.1082e+00   -1.1238e-01   -8.1315e-02
   38.5    2.9647e+00    3.1082e+00   -4.6193e-02   -5.6700e-02
   41.5    3.1811e+00    3.1082e+00    2.3450e-02   -2.3083e-02
   44.5    3.2647e+00    3.1082e+00    5.0345e-02    1.6590e-03
   47.5    3.2735e+00    3.1082e+00    5.3164e-02    1.8323e-02
   50.5    3.2405e+00    3.1082e+00    4.2539e-02    1.2507e-02
   53.5    3.1517e+00    3.1082e+00    1.3985e-02   -4.5615e-03
   56.5    3.0089e+00    3.1082e+00   -3.1977e-02   -2.9961e-02
   59.5    2.8378e+00    3.1082e+00   -8.7010e-02   -4.4170e-02
   62.5    2.7415e+00    3.1082e+00   -1.1799e-01   -4.5849e-02
   65.5    2.6361e+00    3.1082e+00   -1.5191e-01   -3.4435e-02
   68.5    2.5446e+00    3.1082e+00   -1.8134e-01   -1.9596e-02
   71.5    2.5504e+00    3.1082e+00   -1.7947e-01   -6.7365e-03
   74.5    2.6688e+00    3.1082e+00   -1.4138e-01    7.2020e-03
   77.5    2.9517e+00    3.1082e+00   -5.0378e-02    2.6837e-02
   80.5    3.4140e+00    3.1082e+00    9.8370e-02    6.2876e-02
   83.5    3.7039e+00    3.1082e+00    1.9164e-01    1.1053e-01
   86.5    3.9729e+00    3.1082e+00    2.7817e-01    1.4540e-01
   89.5    4.1214e+00    3.1082e+00    3.2596e-01    1.5625e-01
   92.5    4.1777e+00    3.1082e+00    3.4406e-01    1.4761e-01
   95.5    4.1363e+00    3.1082e+00    3.3074e-01    1.3318e-01
   98.5    3.8400e+00    3.1082e+00    2.3542e-01    7.6059e-02
  101.5    3.4799e+00    3.1082e+00    1.1958e-01    3.5220e-02
  104.5    3.0334e+00    3.1082e+00   -2.4094e-02   -1.4037e-02
  107.5    2.7063e+00    3.1082e+00   -1.2932e-01   -1.7085e-02
  110.5    2.4666e+00    3.1082e+00   -2.0642e-01   -4.0263e-02
  113.5    2.3887e+00    3.1082e+00   -2.3151e-01   -6.5798e-02
  116.5    2.4070e+00    3.1082e+00   -2.2560e-01   -1.0371e-01
  119.5    2.5332e+00    3.1082e+00   -1.8501e-01   -1.1083e-01
  122.5    2.7361e+00    3.1082e+00   -1.1971e-01   -9.4988e-02
  125.5    2.9899e+00    3.1082e+00   -3.8069e-02   -5.4154e-02
  128.5    3.1707e+00    3.1082e+00    2.0078e-02    1.5155e-02
  131.5    3.3109e+00    3.1082e+00    6.5209e-02    2.1197e-02
  134.5    3.2069e+00    3.1082e+00    3.1755e-02    1.8032e-02
  137.5    3.0995e+00    3.1082e+00   -2.8201e-03    1.1580e-02
  140.5    2.9366e+00    3.1082e+00   -5.5229e-02   -1.7602e-02
  143.5    2.7636e+00    3.1082e+00   -1.1088e-01   -4.3238e-02
  146.5    2.6795e+00    3.1082e+00   -1.3793e-01   -4.9114e-02
  149.5    2.5406e+00    3.1082e+00   -1.8263e-01   -4.4946e-02
  152.5    2.4778e+00    3.1082e+00   -2.0283e-01   -3.2473e-02
  155.5    2.4718e+00    3.1082e+00   -2.0476e-01   -4.2739e-02
  158.5    2.6525e+00    3.1082e+00   -1.4664e-01   -5.0957e-02
  161.5    2.9429e+00    3.1082e+00   -5.3204e-02   -5.7035e-02
  164.5    3.3296e+00    3.1082e+00    7.1224e-02   -2.9778e-02
  167.5    3.7712e+00    3.1082e+00    2.1329e-01    2.7790e-02
  170.5    4.0982e+00    3.1082e+00    3.1850e-01    8.4118e-02
  173.5    4.2169e+00    3.1082e+00    3.5669e-01    1.0643e-01
  176.5    4.1388e+00    3.1082e+00    3.3157e-01    9.4872e-02
  179.5    4.1508e+00    3.1082e+00    3.3541e-01    8.1013e-02
  182.5    4.1627e+00    3.1082e+00    3.3925e-01    7.9704e-02
  185.5    4.2015e+00    3.1082e+00    3.5172e-01    8.9743e-02
  188.5    4.2086e+00    3.1082e+00    3.5401e-01    8.1534e-02
  191.5    3.9273e+00    3.1082e+00    2.6351e-01    4.3012e-02
  194.5    3.4844e+00    3.1082e+00    1.2102e-01   -1.1029e-02
  197.5    3.0628e+00    3.1082e+00   -1.4619e-02   -5.6684e-02
  200.5    2.7196e+00    3.1082e+00   -1.2503e-01   -7.2070e-02
  203.5    2.5204e+00    3.1082e+00   -1.8912e-01   -7.8055e-02
  206.5    2.4425e+00    3.1082e+00   -2.1419e-01   -7.6351e-02
  209.5    2.4992e+00    3.1082e+00   -1.9594e-01   -8.7337e-02
  212.5    2.6305e+00    3.1082e+00   -1.5371e-01   -9.1148e-02
  215.5    2.7435e+00    3.1082e+00   -1.1733e-01   -8.1314e-02
  218.5    2.8542e+00    3.1082e+00   -8.1726e-02   -5.6700e-02
  221.5    3.0463e+00    3.1082e+00   -1.9945e-02   -2.3083e-02
  224.5    3.1626e+00    3.1082e+00    1.7500e-02    1.6600e-03
  227.5    3.2743e+00    3.1082e+00    5.3428e-02    1.8323e-02
  230.5    3.2286e+00    3.1082e+00    3.8713e-02    1.2506e-02
  233.5    3.0711e+00    3.1082e+00   -1.1960e-02   -4.5620e-03
  236.5    2.8424e+00    3.1082e+00   -8.5530e-02   -2.9965e-02
  239.5    2.5884e+00    3.1082e+00   -1.6724e-01   -4.4172e-02
  242.5    2.3780e+00    3.1082e+00   -2.3495e-01   -4.5849e-02
  245.5    2.3330e+00    3.1082e+00   -2.4943e-01   -3.4435e-02
  248.5    2.3535e+00    3.1082e+00   -2.4281e-01   -1.9596e-02
  251.5    2.5253e+00    3.1082e+00   -1.8754e-01   -6.7359e-03
  254.5    2.7843e+00    3.1082e+00   -1.0423e-01    7.2025e-03
  257.5    3.1628e+00    3.1082e+00    1.7541e-02    2.6838e-02
  260.5    3.5185e+00    3.1082e+00    1.3198e-01    6.2877e-02
  263.5    3.8233e+00    3.1082e+00    2.3005e-01    1.1053e-01
  266.5    4.0240e+00    3.1082e+00    2.9462e-01    1.4540e-01
  269.5    3.9794e+00    3.1082e+00    2.8029e-01    1.5625e-01
  272.5    3.9552e+00    3.1082e+00    2.7247e-01    1.4761e-01
  275.5    3.6713e+00    3.1082e+00    1.8116e-01    1.3318e-01
  278.5    3.3563e+00    3.1082e+00    7.9809e-02    7.6059e-02
  281.5    2.9658e+00    3.1082e+00   -4.5839e-02    3.5218e-02
  284.5    2.6070e+00    3.1082e+00   -1.6125e-01   -1.4038e-02
  287.5    2.4968e+00    3.1082e+00   -1.9670e-01   -1.7085e-02
  290.5    2.5063e+00    3.1082e+00   -1.9365e-01   -4.0265e-02
  293.5    2.5537e+00    3.1082e+00   -1.7840e-01   -6.5796e-02
  296.5    2.6666e+00    3.1082e+00   -1.4208e-01   -1.0371e-01
  299.5    2.7484e+00    3.1082e+00   -1.1576e-01   -1.1083e-01
  302.5    2.9184e+00    3.1082e+00   -6.1081e-02   -9.4990e-02
  305.5    3.1026e+00    3.1082e+00   -1.8196e-03   -5.4152e-02
  308.5    3.2203e+00    3.1082e+00    3.6058e-02    1.5154e-02
  311.5    3.2492e+00    3.1082e+00    4.5352e-02    2.1197e-02
  314.5    3.2860e+00    3.1082e+00    5.7196e-02    1.8032e-02
  317.5    3.1964e+00    3.1082e+00    2.8365e-02    1.1580e-02
  320.5    3.0549e+00    3.1082e+00   -1.7177e-02   -1.7601e-02
  323.5    2.8092e+00    3.1082e+00   -9.6212e-02   -4.3236e-02
  326.5    2.6253e+00    3.1082e+00   -1.5538e-01   -4.9113e-02
  329.5    2.4417e+00    3.1082e+00   -2.1445e-01   -4.4945e-02
  332.5    2.4013e+00    3.1082e+00   -2.2745e-01   -3.2472e-02
  335.5    2.3995e+00    3.1082e+00   -2.2804e-01   -4.2738e-02
  338.5    2.5125e+00    3.1082e+00   -1.9168e-01   -5.0956e-02
  341.5    2.7122e+00    3.1082e+00   -1.2741e-01   -5.7035e-02
  344.5    3.0262e+00    3.1082e+00   -2.6411e-02   -2.9778e-02
  347.5    3.4702e+00    3.1082e+00    1.1646e-01    2.7789e-02
  350.5    3.8204e+00    3.1082e+00    2.2912e-01    8.4118e-02
  353.5    3.9892e+00    3.1082e+00    2.8344e-01    1.0643e-01
  356.5    4.0187e+00    3.1082e+00    2.9290e-01    9.4871e-02
  359.5    4.0134e+00    3.1082e+00    2.9122e-01    8.1013e-02
   2   120  15.82   33.0    1.0    0.0   ----------------------------
    2.5    4.6037e+00    3.4490e+00    3.3481e-01    1.9795e-02
    5.5    4.6753e+00    3.4490e+00    3.5556e-01    6.8721e-02
    8.5    4.5530e+00    3.4490e+00    3.2009e-01    8.6441e-02
   11.5    4.2324e+00    3.4490e+00    2.2713e-01    6.9374e-02
   14.5    3.6570e+00    3.4490e+00    6.0305e-02    2.5392e-02
   17.5    3.2069e+00    3.4490e+00   -7.0186e-02   -2.9918e-03
   20.5    2.8597e+00    3.4490e+00   -1.7086e-01   -1.9975e-02
   23.5    2.7039e+00    3.4490e+00   -2.1604e-01   -3.7602e-02
   26.5    2.6704e+00    3.4490e+00   -2.2575e-01   -5.7280e-02
   29.5    2.6784e+00    3.4490e+00   -2.2343e-01   -7.9958e-02
   32.5    2.7626e+00    3.4490e+00   -1.9900e-01   -8.0483e-02
   35.5    2.8297e+00    3.4490e+00   -1.7956e-01   -6.5392e-02
   38.5    2.9833e+00    3.4490e+00   -1.3503e-01   -4.0800e-02
   41.5    3.1374e+00    3.4490e+00   -9.0345e-02   -2.8692e-02
   44.5    3.2486e+00    3.4490e+00   -5.8091e-02   -2.2406e-02
   47.5    3.3527e+00    3.4490e+00   -2.7924e-02   -2.0490e-02
   50.5    3.3450e+00    3.4490e+00   -3.0143e-02   -1.7572e-02
   53.5    3.3417e+00    3.4490e+00   -3.1116e-02   -2.8306e-02
   56.5    3.2809e+00    3.4490e+00   -4.8732e-02   -4.6789e-02
   59.5    3.2089e+00    3.4490e+00   -6.9598e-02   -5.7478e-02
   62.5    3.1155e+00    3.4490e+00   -9.6695e-02   -5.0004e-02
   65.5    3.0096e+00    3.4490e+00   -1.2738e-01   -2.1764e-02
   68.5    2.9672e+00    3.4490e+00   -1.3969e-01   -2.7371e-05
   71.5    3.0317e+00    3.4490e+00   -1.2098e-01    1.9800e-02
   74.5    3.2146e+00    3.4490e+00   -6.7965e-02    2.6109e-02
   77.5    3.5829e+00    3.4490e+00    3.8829e-02    4.9371e-02
   80.5    3.9230e+00    3.4490e+00    1.3743e-01    6.7714e-02
   83.5    4.2042e+00    3.4490e+00    2.1896e-01    8.7031e-02
   86.5    4.3776e+00    3.4490e+00    2.6924e-01    1.0122e-01
   89.5    4.4062e+00    3.4490e+00    2.7753e-01    1.0517e-01
   92.5    4.4826e+00    3.4490e+00    2.9968e-01    1.0859e-01
   95.5    4.4729e+00    3.4490e+00    2.9687e-01    1.0698e-01
   98.5    4.2688e+00    3.4490e+00    2.3771e-01    1.0316e-01
  101.5    3.9470e+00    3.4490e+00    1.4439e-01    7.7403e-02
  104.5    3.5918e+00    3.4490e+00    4.1414e-02    3.0569e-02
  107.5    3.2699e+00    3.4490e+00   -5.1914e-02   -6.4170e-03
  110.5    2.9863e+00    3.4490e+00   -1.3414e-01   -2.2563e-02
  113.5    2.8679e+00    3.4490e+00   -1.6848e-01   -3.7033e-02
  116.5    2.8178e+00    3.4490e+00   -1.8300e-01   -5.8210e-02
  119.5    2.9242e+00    3.4490e+00   -1.5216e-01   -8.7822e-02
  122.5    3.0991e+00    3.4490e+00   -1.0145e-01   -9.6643e-02
  125.5    3.2906e+00    3.4490e+00   -4.5927e-02   -8.5553e-02
  128.5    3.3949e+00    3.4490e+00   -1.5672e-02   -1.9825e-02
  131.5    3.4271e+00    3.4490e+00   -6.3564e-03   -1.2086e-02
  134.5    3.2873e+00    3.4490e+00   -4.6869e-02   -1.0427e-03
  137.5    3.1547e+00    3.4490e+00   -8.5330e-02    5.7627e-03
  140.5    3.0330e+00    3.4490e+00   -1.2060e-01   -1.4087e-02
  143.5    2.9628e+00    3.4490e+00   -1.4096e-01   -5.0052e-02
  146.5    2.9338e+00    3.4490e+00   -1.4938e-01   -8.3336e-02
  149.5    2.8414e+00    3.4490e+00   -1.7617e-01   -8.7035e-02
  152.5    2.6763e+00    3.4490e+00   -2.2404e-01   -7.8703e-02
  155.5    2.6765e+00    3.4490e+00   -2.2398e-01   -4.8016e-02
  158.5    2.7813e+00    3.4490e+00   -1.9360e-01   -2.6271e-02
  161.5    3.0433e+00    3.4490e+00   -1.1763e-01   -2.6531e-03
  164.5    3.5005e+00    3.4490e+00    1.4939e-02    2.4185e-02
  167.5    4.1952e+00    3.4490e+00    2.1634e-01    7.5095e-02
  170.5    4.6448e+00    3.4490e+00    3.4671e-01    1.0166e-01
  173.5    4.9395e+00    3.4490e+00    4.3217e-01    9.0284e-02
  176.5    4.8668e+00    3.4490e+00    4.1106e-01    3.5810e-02
  179.5    4.6283e+00    3.4490e+00    3.4193e-01    9.7238e-03
  182.5    4.7950e+00    3.4490e+00    3.9025e-01    1.9796e-02
  185.5    4.8791e+00    3.4490e+00    4.1464e-01    6.8722e-02
  188.5    4.7990e+00    3.4490e+00    3.9142e-01    8.6441e-02
  191.5    4.3348e+00    3.4490e+00    2.5683e-01    6.9373e-02
  194.5    3.7320e+00    3.4490e+00    8.2043e-02    2.5392e-02
  197.5    3.1990e+00    3.4490e+00   -7.2482e-02   -2.9917e-03
  200.5    2.8440e+00    3.4490e+00   -1.7541e-01   -1.9976e-02
  203.5    2.7222e+00    3.4490e+00   -2.1071e-01   -3.7601e-02
  206.5    2.6869e+00    3.4490e+00   -2.2095e-01   -5.7278e-02
  209.5    2.8031e+00    3.4490e+00   -1.8728e-01   -7.9958e-02
  212.5    2.9376e+00    3.4490e+00   -1.4827e-01   -8.0483e-02
  215.5    2.9735e+00    3.4490e+00   -1.3787e-01   -6.5391e-02
  218.5    3.0290e+00    3.4490e+00   -1.2178e-01   -4.0800e-02
  221.5    3.0974e+00    3.4490e+00   -1.0193e-01   -2.8692e-02
  224.5    3.2659e+00    3.4490e+00   -5.3087e-02   -2.2405e-02
  227.5    3.3987e+00    3.4490e+00   -1.4579e-02   -2.0490e-02
  230.5    3.4411e+00    3.4490e+00   -2.2946e-03   -1.7573e-02
  233.5    3.3132e+00    3.4490e+00   -3.9384e-02   -2.8306e-02
  236.5    3.1510e+00    3.4490e+00   -8.6390e-02   -4.6792e-02
  239.5    2.9229e+00    3.4490e+00   -1.5252e-01   -5.7480e-02
  242.5    2.7567e+00    3.4490e+00   -2.0073e-01   -5.0003e-02
  245.5    2.6915e+00    3.4490e+00   -2.1963e-01   -2.1764e-02
  248.5    2.7502e+00    3.4490e+00   -2.0262e-01   -2.8038e-05
  251.5    3.0550e+00    3.4490e+00   -1.1423e-01    1.9801e-02
  254.5    3.3186e+00    3.4490e+00   -3.7803e-02    2.6109e-02
  257.5    3.6919e+00    3.4490e+00    7.0443e-02    4.9371e-02
  260.5    3.9513e+00    3.4490e+00    1.4563e-01    6.7713e-02
  263.5    4.1905e+00    3.4490e+00    2.1499e-01    8.7031e-02
  266.5    4.3361e+00    3.4490e+00    2.5721e-01    1.0122e-01
  269.5    4.3224e+00    3.4490e+00    2.5324e-01    1.0517e-01
  272.5    4.3940e+00    3.4490e+00    2.7400e-01    1.0859e-01
  275.5    4.2003e+00    3.4490e+00    2.1783e-01    1.0698e-01
  278.5    3.9869e+00    3.4490e+00    1.5596e-01    1.0316e-01
  281.5    3.5943e+00    3.4490e+00    4.2135e-02    7.7402e-02
  284.5    3.2037e+00    3.4490e+00   -7.1129e-02    3.0569e-02
  287.5    2.9325e+00    3.4490e+00   -1.4976e-01   -6.4167e-03
  290.5    2.8513e+00    3.4490e+00   -1.7329e-01   -2.2565e-02
  293.5    2.8235e+00    3.4490e+00   -1.8134e-01   -3.7031e-02
  296.5    2.9175e+00    3.4490e+00   -1.5409e-01   -5.8210e-02
  299.5    2.9752e+00    3.4490e+00   -1.3738e-01   -8.7821e-02
  302.5    3.1552e+00    3.4490e+00   -8.5178e-02   -9.6644e-02
  305.5    3.3497e+00    3.4490e+00   -2.8796e-02   -8.5552e-02
  308.5    3.3768e+00    3.4490e+00   -2.0932e-02   -1.9826e-02
  311.5    3.3732e+00    3.4490e+00   -2.1961e-02   -1.2086e-02
  314.5    3.2968e+00    3.4490e+00   -4.4117e-02   -1.0425e-03
  317.5    3.1747e+00    3.4490e+00   -7.9538e-02    5.7631e-03
  320.5    3.0579e+00    3.4490e+00   -1.1340e-01   -1.4086e-02
  323.5    2.8703e+00    3.4490e+00   -1.6777e-01   -5.0050e-02
  326.5    2.7957e+00    3.4490e+00   -1.8941e-01   -8.3336e-02
  329.5    2.6844e+00    3.4490e+00   -2.2170e-01   -8.7035e-02
  332.5    2.6886e+00    3.4490e+00   -2.2046e-01   -7.8703e-02
  335.5    2.7061e+00    3.4490e+00   -2.1540e-01   -4.8016e-02
  338.5    2.8173e+00    3.4490e+00   -1.8315e-01   -2.6271e-02
  341.5    3.0863e+00    3.4490e+00   -1.0515e-01   -2.6531e-03
  344.5    3.5051e+00    3.4490e+00    1.6259e-02    2.4185e-02
  347.5    4.0646e+00    3.4490e+00    1.7849e-01    7.5095e-02
  350.5    4.5069e+00    3.4490e+00    3.0673e-01    1.0166e-01
  353.5    4.7066e+00    3.4490e+00    3.6462e-01    9.0285e-02
  356.5    4.6765e+00    3.4490e+00    3.5591e-01    3.5811e-02
  359.5    4.5470e+00    3.4490e+00    3.1835e-01    9.7238e-03
   3   120  15.82   36.0    1.0    0.0   ----------------------------
    2.5    4.3918e+00    3.4577e+00    2.7014e-01    5.7670e-02
    5.5    4.5422e+00    3.4577e+00    3.1364e-01    6.6014e-02
    8.5    4.4073e+00    3.4577e+00    2.7462e-01    5.7710e-02
   11.5    4.0620e+00    3.4577e+00    1.7476e-01    2.2969e-02
   14.5    3.4845e+00    3.4577e+00    7.7403e-03   -1.4802e-02
   17.5    3.1162e+00    3.4577e+00   -9.8773e-02   -3.4702e-02
   20.5    2.8240e+00    3.4577e+00   -1.8327e-01   -4.7409e-02
   23.5    2.8428e+00    3.4577e+00   -1.7784e-01   -4.8136e-02
   26.5    2.9609e+00    3.4577e+00   -1.4367e-01   -5.7689e-02
   29.5    2.8471e+00    3.4577e+00   -1.7660e-01   -6.3000e-02
   32.5    2.8023e+00    3.4577e+00   -1.8956e-01   -6.6462e-02
   35.5    2.7171e+00    3.4577e+00   -2.1418e-01   -6.0956e-02
   38.5    2.8314e+00    3.4577e+00   -1.8114e-01   -5.4059e-02
   41.5    3.0584e+00    3.4577e+00   -1.1549e-01   -3.6706e-02
   44.5    3.3385e+00    3.4577e+00   -3.4467e-02   -2.3561e-02
   47.5    3.5450e+00    3.4577e+00    2.5254e-02   -1.6575e-02
   50.5    3.4439e+00    3.4577e+00   -3.9877e-03   -2.3586e-02
   53.5    3.3689e+00    3.4577e+00   -2.5692e-02   -3.4848e-02
   56.5    3.1867e+00    3.4577e+00   -7.8378e-02   -4.8625e-02
   59.5    3.1527e+00    3.4577e+00   -8.8209e-02   -5.3447e-02
   62.5    3.1327e+00    3.4577e+00   -9.3994e-02   -4.4520e-02
   65.5    3.1316e+00    3.4577e+00   -9.4307e-02    3.0708e-03
   68.5    3.0876e+00    3.4577e+00   -1.0705e-01    3.1918e-02
   71.5    3.1455e+00    3.4577e+00   -9.0306e-02    4.2175e-02
   74.5    3.2865e+00    3.4577e+00   -4.9511e-02    2.2922e-02
   77.5    3.5304e+00    3.4577e+00    2.1034e-02    3.0111e-02
   80.5    3.7436e+00    3.4577e+00    8.2687e-02    5.9835e-02
   83.5    3.9308e+00    3.4577e+00    1.3682e-01    1.0184e-01
   86.5    4.0966e+00    3.4577e+00    1.8477e-01    1.2896e-01
   89.5    4.2000e+00    3.4577e+00    2.1466e-01    1.5247e-01
   92.5    4.3161e+00    3.4577e+00    2.4824e-01    1.4503e-01
   95.5    4.2778e+00    3.4577e+00    2.3718e-01    1.2191e-01
   98.5    4.0493e+00    3.4577e+00    1.7109e-01    7.3016e-02
  101.5    3.7181e+00    3.4577e+00    7.5291e-02    3.1332e-02
  104.5    3.4687e+00    3.4577e+00    3.1825e-03    6.4785e-04
  107.5    3.2760e+00    3.4577e+00   -5.2558e-02    3.8899e-03
  110.5    3.1455e+00    3.4577e+00   -9.0296e-02    9.3906e-03
  113.5    3.1248e+00    3.4577e+00   -9.6268e-02   -6.4269e-04
  116.5    3.1570e+00    3.4577e+00   -8.6957e-02   -4.7797e-02
  119.5    3.2441e+00    3.4577e+00   -6.1774e-02   -5.6501e-02
  122.5    3.3912e+00    3.4577e+00   -1.9250e-02   -6.6311e-02
  125.5    3.5288e+00    3.4577e+00    2.0545e-02   -4.9786e-02
  128.5    3.6286e+00    3.4577e+00    4.9412e-02    8.2517e-04
  131.5    3.6559e+00    3.4577e+00    5.7312e-02    5.1801e-03
  134.5    3.5479e+00    3.4577e+00    2.6071e-02    1.4820e-02
  137.5    3.2503e+00    3.4577e+00   -5.9981e-02    1.2293e-02
  140.5    3.0794e+00    3.4577e+00   -1.0941e-01   -7.4498e-03
  143.5    2.9392e+00    3.4577e+00   -1.4997e-01   -3.7501e-02
  146.5    3.0173e+00    3.4577e+00   -1.2737e-01   -5.7555e-02
  149.5    2.9739e+00    3.4577e+00   -1.3993e-01   -5.9000e-02
  152.5    2.9478e+00    3.4577e+00   -1.4746e-01   -5.3851e-02
  155.5    2.7882e+00    3.4577e+00   -1.9362e-01   -4.7431e-02
  158.5    2.8185e+00    3.4577e+00   -1.8487e-01   -5.8355e-02
  161.5    2.9873e+00    3.4577e+00   -1.3604e-01   -6.1731e-02
  164.5    3.3376e+00    3.4577e+00   -3.4751e-02   -4.9885e-02
  167.5    3.8756e+00    3.4577e+00    1.2085e-01   -7.9608e-03
  170.5    4.4502e+00    3.4577e+00    2.8704e-01    3.1782e-02
  173.5    4.7160e+00    3.4577e+00    3.6391e-01    5.6914e-02
  176.5    4.6504e+00    3.4577e+00    3.4494e-01    5.7184e-02
  179.5    4.4775e+00    3.4577e+00    2.9492e-01    4.8955e-02
  182.5    4.6010e+00    3.4577e+00    3.3066e-01    5.7670e-02
  185.5    4.6687e+00    3.4577e+00    3.5022e-01    6.6014e-02
  188.5    4.5616e+00    3.4577e+00    3.1926e-01    5.7709e-02
  191.5    4.1113e+00    3.4577e+00    1.8901e-01    2.2968e-02
  194.5    3.4704e+00    3.4577e+00    3.6561e-03   -1.4802e-02
  197.5    3.1628e+00    3.4577e+00   -8.5287e-02   -3.4702e-02
  200.5    2.8356e+00    3.4577e+00   -1.7991e-01   -4.7410e-02
  203.5    2.7658e+00    3.4577e+00   -2.0010e-01   -4.8135e-02
  206.5    2.8649e+00    3.4577e+00   -1.7146e-01   -5.7688e-02
  209.5    2.9804e+00    3.4577e+00   -1.3803e-01   -6.2999e-02
  212.5    2.9958e+00    3.4577e+00   -1.3358e-01   -6.6463e-02
  215.5    2.9797e+00    3.4577e+00   -1.3824e-01   -6.0955e-02
  218.5    3.0331e+00    3.4577e+00   -1.2279e-01   -5.4059e-02
  221.5    3.1943e+00    3.4577e+00   -7.6189e-02   -3.6707e-02
  224.5    3.5126e+00    3.4577e+00    1.5877e-02   -2.3559e-02
  227.5    3.6429e+00    3.4577e+00    5.3547e-02   -1.6574e-02
  230.5    3.6647e+00    3.4577e+00    5.9862e-02   -2.3587e-02
  233.5    3.5922e+00    3.4577e+00    3.8903e-02   -3.4849e-02
  236.5    3.4286e+00    3.4577e+00   -8.4235e-03   -4.8628e-02
  239.5    3.2518e+00    3.4577e+00   -5.9559e-02   -5.3447e-02
  242.5    3.0756e+00    3.4577e+00   -1.1052e-01   -4.4520e-02
  245.5    2.9569e+00    3.4577e+00   -1.4484e-01    3.0714e-03
  248.5    2.9427e+00    3.4577e+00   -1.4893e-01    3.1917e-02
  251.5    3.0864e+00    3.4577e+00   -1.0739e-01    4.2176e-02
  254.5    3.2936e+00    3.4577e+00   -4.7459e-02    2.2922e-02
  257.5    3.5975e+00    3.4577e+00    4.0422e-02    3.0111e-02
  260.5    3.8396e+00    3.4577e+00    1.1043e-01    5.9835e-02
  263.5    4.1670e+00    3.4577e+00    2.0514e-01    1.0184e-01
  266.5    4.3045e+00    3.4577e+00    2.4489e-01    1.2896e-01
  269.5    4.3192e+00    3.4577e+00    2.4914e-01    1.5247e-01
  272.5    4.3221e+00    3.4577e+00    2.4998e-01    1.4503e-01
  275.5    4.1346e+00    3.4577e+00    1.9577e-01    1.2192e-01
  278.5    3.9855e+00    3.4577e+00    1.5265e-01    7.3017e-02
  281.5    3.6673e+00    3.4577e+00    6.0599e-02    3.1331e-02
  284.5    3.3671e+00    3.4577e+00   -2.6197e-02    6.4720e-04
  287.5    3.0916e+00    3.4577e+00   -1.0589e-01    3.8903e-03
  290.5    2.9600e+00    3.4577e+00   -1.4396e-01    9.3887e-03
  293.5    2.8785e+00    3.4577e+00   -1.6750e-01   -6.4101e-04
  296.5    2.9114e+00    3.4577e+00   -1.5800e-01   -4.7798e-02
  299.5    2.9129e+00    3.4577e+00   -1.5756e-01   -5.6501e-02
  302.5    3.0773e+00    3.4577e+00   -1.1002e-01   -6.6312e-02
  305.5    3.2917e+00    3.4577e+00   -4.8010e-02   -4.9785e-02
  308.5    3.4725e+00    3.4577e+00    4.2881e-03    8.2478e-04
  311.5    3.5481e+00    3.4577e+00    2.6129e-02    5.1803e-03
  314.5    3.4493e+00    3.4577e+00   -2.4397e-03    1.4820e-02
  317.5    3.1527e+00    3.4577e+00   -8.8207e-02    1.2294e-02
  320.5    2.9004e+00    3.4577e+00   -1.6117e-01   -7.4489e-03
  323.5    2.7204e+00    3.4577e+00   -2.1324e-01   -3.7499e-02
  326.5    2.7422e+00    3.4577e+00   -2.0693e-01   -5.7554e-02
  329.5    2.7596e+00    3.4577e+00   -2.0191e-01   -5.9000e-02
  332.5    2.9188e+00    3.4577e+00   -1.5585e-01   -5.3850e-02
  335.5    2.8442e+00    3.4577e+00   -1.7743e-01   -4.7431e-02
  338.5    2.8433e+00    3.4577e+00   -1.7768e-01   -5.8354e-02
  341.5    2.9563e+00    3.4577e+00   -1.4500e-01   -6.1730e-02
  344.5    3.3460e+00    3.4577e+00   -3.2303e-02   -4.9885e-02
  347.5    3.9100e+00    3.4577e+00    1.3080e-01   -7.9613e-03
  350.5    4.3904e+00    3.4577e+00    2.6973e-01    3.1783e-02
  353.5    4.5868e+00    3.4577e+00    3.2653e-01    5.6914e-02
  356.5    4.5024e+00    3.4577e+00    3.0214e-01    5.7184e-02
  359.5    4.3333e+00    3.4577e+00    2.5322e-01    4.8955e-02
   4   120  15.82   39.0    1.0    0.0   ----------------------------
    2.5    3.4747e+00    3.2667e+00    6.3682e-02    3.8342e-02
    5.5    3.7042e+00    3.2667e+00    1.3392e-01    3.6679e-02
    8.5    3.5856e+00    3.2667e+00    9.7625e-02    1.0805e-02
   11.5    3.3032e+00    3.2667e+00    1.1160e-02   -3.2642e-02
   14.5    2.9126e+00    3.2667e+00   -1.0840e-01   -8.0200e-02
   17.5    2.7381e+00    3.2667e+00   -1.6180e-01   -9.8815e-02
   20.5    2.7172e+00    3.2667e+00   -1.6823e-01   -1.0573e-01
   23.5    2.8527e+00    3.2667e+00   -1.2673e-01   -9.0441e-02
   26.5    2.9944e+00    3.2667e+00   -8.3366e-02   -7.2723e-02
   29.5    2.7568e+00    3.2667e+00   -1.5609e-01   -4.7007e-02
   32.5    2.6221e+00    3.2667e+00   -1.9734e-01   -2.9704e-02
   35.5    2.6777e+00    3.2667e+00   -1.8031e-01   -5.2998e-03
   38.5    3.2216e+00    3.2667e+00   -1.3792e-02    2.6255e-02
   41.5    3.9808e+00    3.2667e+00    2.1859e-01    7.1447e-02
   44.5    4.5320e+00    3.2667e+00    3.8734e-01    9.9364e-02
   47.5    4.6681e+00    3.2667e+00    4.2900e-01    1.1299e-01
   50.5    4.2718e+00    3.2667e+00    3.0767e-01    1.1300e-01
   53.5    3.5908e+00    3.2667e+00    9.9208e-02    8.9467e-02
   56.5    3.0471e+00    3.2667e+00   -6.7214e-02    4.6339e-02
   59.5    2.8218e+00    3.2667e+00   -1.3621e-01    2.8007e-03
   62.5    2.7481e+00    3.2667e+00   -1.5877e-01   -1.8722e-02
   65.5    2.8910e+00    3.2667e+00   -1.1500e-01   -2.6506e-02
   68.5    2.9335e+00    3.2667e+00   -1.0199e-01   -4.1044e-02
   71.5    2.9002e+00    3.2667e+00   -1.1218e-01   -5.4255e-02
   74.5    2.8945e+00    3.2667e+00   -1.1395e-01   -5.5393e-02
   77.5    3.0241e+00    3.2667e+00   -7.4277e-02   -3.0499e-02
   80.5    3.2229e+00    3.2667e+00   -1.3399e-02    2.4667e-02
   83.5    3.5125e+00    3.2667e+00    7.5248e-02    9.1569e-02
   86.5    3.8236e+00    3.2667e+00    1.7048e-01    1.4702e-01
   89.5    4.0328e+00    3.2667e+00    2.3451e-01    1.7085e-01
   92.5    4.0794e+00    3.2667e+00    2.4878e-01    1.5808e-01
   95.5    3.9001e+00    3.2667e+00    1.9390e-01    1.1153e-01
   98.5    3.4080e+00    3.2667e+00    4.3258e-02    3.9604e-02
  101.5    2.9995e+00    3.2667e+00   -8.1805e-02   -2.7814e-02
  104.5    2.8167e+00    3.2667e+00   -1.3775e-01   -7.6723e-02
  107.5    2.7677e+00    3.2667e+00   -1.5276e-01   -8.7618e-02
  110.5    2.8165e+00    3.2667e+00   -1.3782e-01   -7.8385e-02
  113.5    2.8230e+00    3.2667e+00   -1.3583e-01   -6.8897e-02
  116.5    2.8644e+00    3.2667e+00   -1.2314e-01   -7.0487e-02
  119.5    2.9213e+00    3.2667e+00   -1.0575e-01   -6.7876e-02
  122.5    3.1487e+00    3.2667e+00   -3.6111e-02   -4.3563e-02
  125.5    3.5379e+00    3.2667e+00    8.3021e-02   -1.3859e-03
  128.5    4.0487e+00    3.2667e+00    2.3937e-01    1.2334e-01
  131.5    4.4400e+00    3.2667e+00    3.5915e-01    1.1815e-01
  134.5    4.5268e+00    3.2667e+00    3.8574e-01    1.0206e-01
  137.5    4.1274e+00    3.2667e+00    2.6348e-01    8.7877e-02
  140.5    3.4722e+00    3.2667e+00    6.2918e-02    4.8323e-02
  143.5    2.9016e+00    3.2667e+00   -1.1176e-01    4.9667e-03
  146.5    2.6802e+00    3.2667e+00   -1.7953e-01   -3.9901e-02
  149.5    2.6825e+00    3.2667e+00   -1.7885e-01   -6.7620e-02
  152.5    2.7297e+00    3.2667e+00   -1.6438e-01   -8.8931e-02
  155.5    2.7619e+00    3.2667e+00   -1.5452e-01   -1.0892e-01
  158.5    2.7294e+00    3.2667e+00   -1.6448e-01   -1.1281e-01
  161.5    2.7093e+00    3.2667e+00   -1.7062e-01   -1.1465e-01
  164.5    2.7593e+00    3.2667e+00   -1.5533e-01   -9.5119e-02
  167.5    3.0367e+00    3.2667e+00   -7.0404e-02   -5.4849e-02
  170.5    3.3847e+00    3.2667e+00    3.6113e-02    1.4691e-04
  173.5    3.5663e+00    3.2667e+00    9.1711e-02    3.8976e-02
  176.5    3.5174e+00    3.2667e+00    7.6752e-02    4.3813e-02
  179.5    3.4019e+00    3.2667e+00    4.1402e-02    3.6085e-02
  182.5    3.4701e+00    3.2667e+00    6.2253e-02    3.8342e-02
  185.5    3.5998e+00    3.2667e+00    1.0196e-01    3.6679e-02
  188.5    3.4596e+00    3.2667e+00    5.9064e-02    1.0805e-02
  191.5    3.1542e+00    3.2667e+00   -3.4430e-02   -3.2644e-02
  194.5    2.8058e+00    3.2667e+00   -1.4110e-01   -8.0200e-02
  197.5    2.7006e+00    3.2667e+00   -1.7331e-01   -9.8814e-02
  200.5    2.6899e+00    3.2667e+00   -1.7657e-01   -1.0573e-01
  203.5    2.7096e+00    3.2667e+00   -1.7055e-01   -9.0440e-02
  206.5    2.7752e+00    3.2667e+00   -1.5044e-01   -7.2723e-02
  209.5    2.7207e+00    3.2667e+00   -1.6714e-01   -4.7004e-02
  212.5    2.6574e+00    3.2667e+00   -1.8653e-01   -2.9706e-02
  215.5    2.7704e+00    3.2667e+00   -1.5192e-01   -5.2986e-03
  218.5    3.2558e+00    3.2667e+00   -3.3382e-03    2.6255e-02
  221.5    3.9430e+00    3.2667e+00    2.0704e-01    7.1447e-02
  224.5    4.4759e+00    3.2667e+00    3.7017e-01    9.9365e-02
  227.5    4.5312e+00    3.2667e+00    3.8707e-01    1.1299e-01
  230.5    4.1904e+00    3.2667e+00    2.8276e-01    1.1300e-01
  233.5    3.6611e+00    3.2667e+00    1.2072e-01    8.9466e-02
  236.5    3.2155e+00    3.2667e+00   -1.5676e-02    4.6337e-02
  239.5    2.9683e+00    3.2667e+00   -9.1347e-02    2.7995e-03
  242.5    2.8497e+00    3.2667e+00   -1.2765e-01   -1.8724e-02
  245.5    2.7081e+00    3.2667e+00   -1.7099e-01   -2.6507e-02
  248.5    2.6878e+00    3.2667e+00   -1.7723e-01   -4.1044e-02
  251.5    2.6713e+00    3.2667e+00   -1.8226e-01   -5.4254e-02
  254.5    2.7289e+00    3.2667e+00   -1.6464e-01   -5.5393e-02
  257.5    2.9375e+00    3.2667e+00   -1.0078e-01   -3.0499e-02
  260.5    3.2959e+00    3.2667e+00    8.9368e-03    2.4668e-02
  263.5    3.8084e+00    3.2667e+00    1.6582e-01    9.1570e-02
  266.5    4.1605e+00    3.2667e+00    2.7360e-01    1.4702e-01
  269.5    4.2641e+00    3.2667e+00    3.0534e-01    1.7085e-01
  272.5    4.1019e+00    3.2667e+00    2.5568e-01    1.5808e-01
  275.5    3.7971e+00    3.2667e+00    1.6236e-01    1.1152e-01
  278.5    3.4737e+00    3.2667e+00    6.3377e-02    3.9606e-02
  281.5    3.1588e+00    3.2667e+00   -3.3016e-02   -2.7817e-02
  284.5    3.0272e+00    3.2667e+00   -7.3323e-02   -7.6725e-02
  287.5    2.9135e+00    3.2667e+00   -1.0814e-01   -8.7619e-02
  290.5    2.8925e+00    3.2667e+00   -1.1456e-01   -7.8386e-02
  293.5    2.7932e+00    3.2667e+00   -1.4496e-01   -6.8898e-02
  296.5    2.6046e+00    3.2667e+00   -2.0268e-01   -7.0487e-02
  299.5    2.6132e+00    3.2667e+00   -2.0006e-01   -6.7876e-02
  302.5    2.8018e+00    3.2667e+00   -1.4232e-01   -4.3564e-02
  305.5    3.2933e+00    3.2667e+00    8.1490e-03   -1.3854e-03
  308.5    4.0829e+00    3.2667e+00    2.4985e-01    1.2334e-01
  311.5    4.5822e+00    3.2667e+00    4.0270e-01    1.1815e-01
  314.5    4.6765e+00    3.2667e+00    4.3156e-01    1.0206e-01
  317.5    4.2316e+00    3.2667e+00    2.9538e-01    8.7877e-02
  320.5    3.5074e+00    3.2667e+00    7.3682e-02    4.8324e-02
  323.5    2.8357e+00    3.2667e+00   -1.3193e-01    4.9687e-03
  326.5    2.5708e+00    3.2667e+00   -2.1302e-01   -3.9899e-02
  329.5    2.6408e+00    3.2667e+00   -1.9161e-01   -6.7620e-02
  332.5    2.9231e+00    3.2667e+00   -1.0518e-01   -8.8929e-02
  335.5    2.9079e+00    3.2667e+00   -1.0984e-01   -1.0892e-01
  338.5    2.7615e+00    3.2667e+00   -1.5466e-01   -1.1281e-01
  341.5    2.7049e+00    3.2667e+00   -1.7197e-01   -1.1465e-01
  344.5    2.8548e+00    3.2667e+00   -1.2609e-01   -9.5119e-02
  347.5    3.1621e+00    3.2667e+00   -3.2023e-02   -5.4851e-02
  350.5    3.5302e+00    3.2667e+00    8.0652e-02    1.4625e-04
  353.5    3.7232e+00    3.2667e+00    1.3975e-01    3.8976e-02
  356.5    3.5773e+00    3.2667e+00    9.5082e-02    4.3812e-02
  359.5    3.3785e+00    3.2667e+00    3.4230e-02    3.6085e-02
   5   120  15.82   42.0    1.0    0.0   ----------------------------
    2.5    2.6712e+00    3.3072e+00   -1.9230e-01   -6.1704e-02
    5.5    2.8919e+00    3.3072e+00   -1.2558e-01   -6.1037e-02
    8.5    2.7745e+00    3.3072e+00   -1.6107e-01   -7.0092e-02
   11.5    2.5749e+00    3.3072e+00   -2.2141e-01   -7.0460e-02
   14.5    2.4567e+00    3.3072e+00   -2.5717e-01   -6.1875e-02
   17.5    2.5542e+00    3.3072e+00   -2.2769e-01   -3.8886e-02
   20.5    2.6814e+00    3.3072e+00   -1.8922e-01   -2.0445e-02
   23.5    2.8134e+00    3.3072e+00   -1.4931e-01   -2.0393e-02
   26.5    2.9136e+00    3.3072e+00   -1.1902e-01   -2.6790e-02
   29.5    2.6651e+00    3.3072e+00   -1.9414e-01   -3.2154e-02
   32.5    2.6644e+00    3.3072e+00   -1.9435e-01   -2.3276e-02
   35.5    3.1838e+00    3.3072e+00   -3.7318e-02    7.7243e-04
   38.5    4.1152e+00    3.3072e+00    2.4432e-01    3.7658e-02
   41.5    5.2340e+00    3.3072e+00    5.8261e-01    1.0800e-01
   44.5    6.1121e+00    3.3072e+00    8.4814e-01    1.7597e-01
   47.5    6.1528e+00    3.3072e+00    8.6044e-01    2.1904e-01
   50.5    5.3481e+00    3.3072e+00    6.1710e-01    2.0194e-01
   53.5    4.3144e+00    3.3072e+00    3.0455e-01    1.4490e-01
   56.5    3.4472e+00    3.3072e+00    4.2352e-02    9.4779e-02
   59.5    2.8650e+00    3.3072e+00   -1.3369e-01    5.7205e-02
   62.5    2.6740e+00    3.3072e+00   -1.9146e-01    3.7653e-02
   65.5    2.8693e+00    3.3072e+00   -1.3239e-01    3.0374e-02
   68.5    2.9302e+00    3.3072e+00   -1.1398e-01    3.2946e-02
   71.5    2.8478e+00    3.3072e+00   -1.3890e-01    1.4725e-02
   74.5    2.7095e+00    3.3072e+00   -1.8071e-01   -2.9214e-02
   77.5    2.6480e+00    3.3072e+00   -1.9933e-01   -7.1088e-02
   80.5    2.7984e+00    3.3072e+00   -1.5386e-01   -6.3386e-02
   83.5    3.0826e+00    3.3072e+00   -6.7918e-02   -3.0841e-02
   86.5    3.4019e+00    3.3072e+00    2.8636e-02   -3.7740e-03
   89.5    3.5064e+00    3.3072e+00    6.0228e-02   -1.2124e-02
   92.5    3.4927e+00    3.3072e+00    5.6085e-02   -2.3508e-02
   95.5    3.3289e+00    3.3072e+00    6.5695e-03   -4.5321e-02
   98.5    2.9101e+00    3.3072e+00   -1.2006e-01   -6.8761e-02
  101.5    2.6100e+00    3.3072e+00   -2.1080e-01   -9.5209e-02
  104.5    2.6117e+00    3.3072e+00   -2.1028e-01   -1.0180e-01
  107.5    2.6482e+00    3.3072e+00   -1.9924e-01   -7.5714e-02
  110.5    2.6274e+00    3.3072e+00   -2.0556e-01   -4.7153e-02
  113.5    2.6116e+00    3.3072e+00   -2.1033e-01   -1.2051e-02
  116.5    2.6324e+00    3.3072e+00   -2.0403e-01   -1.4134e-03
  119.5    2.8119e+00    3.3072e+00   -1.4975e-01    5.1242e-03
  122.5    3.2760e+00    3.3072e+00   -9.4246e-03    1.3036e-02
  125.5    4.0213e+00    3.3072e+00    2.1593e-01    6.4037e-02
  128.5    4.8893e+00    3.3072e+00    4.7839e-01    1.5070e-01
  131.5    5.8343e+00    3.3072e+00    7.6412e-01    2.0922e-01
  134.5    6.2849e+00    3.3072e+00    9.0038e-01    2.0458e-01
  137.5    5.6715e+00    3.3072e+00    7.1492e-01    1.4493e-01
  140.5    4.5396e+00    3.3072e+00    3.7264e-01    5.9922e-02
  143.5    3.3981e+00    3.3072e+00    2.7494e-02    2.5862e-03
  146.5    2.6624e+00    3.3072e+00   -1.9497e-01   -3.2202e-02
  149.5    2.5116e+00    3.3072e+00   -2.4055e-01   -4.7429e-02
  152.5    2.7045e+00    3.3072e+00   -1.8223e-01   -5.6831e-02
  155.5    2.8429e+00    3.3072e+00   -1.4038e-01   -6.0535e-02
  158.5    2.8297e+00    3.3072e+00   -1.4438e-01   -6.3704e-02
  161.5    2.7657e+00    3.3072e+00   -1.6373e-01   -7.3450e-02
  164.5    2.5688e+00    3.3072e+00   -2.2326e-01   -9.3504e-02
  167.5    2.4875e+00    3.3072e+00   -2.4785e-01   -1.0142e-01
  170.5    2.6171e+00    3.3072e+00   -2.0867e-01   -9.9979e-02
  173.5    2.7346e+00    3.3072e+00   -1.7314e-01   -8.0247e-02
  176.5    2.7106e+00    3.3072e+00   -1.8040e-01   -6.8835e-02
  179.5    2.7177e+00    3.3072e+00   -1.7824e-01   -6.3482e-02
  182.5    2.6768e+00    3.3072e+00   -1.9060e-01   -6.1704e-02
  185.5    2.7330e+00    3.3072e+00   -1.7361e-01   -6.1037e-02
  188.5    2.6484e+00    3.3072e+00   -1.9919e-01   -7.0091e-02
  191.5    2.4908e+00    3.3072e+00   -2.4686e-01   -7.0460e-02
  194.5    2.5234e+00    3.3072e+00   -2.3698e-01   -6.1875e-02
  197.5    2.6883e+00    3.3072e+00   -1.8713e-01   -3.8884e-02
  200.5    2.8214e+00    3.3072e+00   -1.4690e-01   -2.0446e-02
  203.5    2.8516e+00    3.3072e+00   -1.3775e-01   -2.0392e-02
  206.5    2.8152e+00    3.3072e+00   -1.4875e-01   -2.6792e-02
  209.5    2.5766e+00    3.3072e+00   -2.2091e-01   -3.2152e-02
  212.5    2.5434e+00    3.3072e+00   -2.3094e-01   -2.3277e-02
  215.5    3.0799e+00    3.3072e+00   -6.8722e-02    7.7332e-04
  218.5    4.1799e+00    3.3072e+00    2.6388e-01    3.7657e-02
  221.5    5.3413e+00    3.3072e+00    6.1505e-01    1.0800e-01
  224.5    6.2107e+00    3.3072e+00    8.7795e-01    1.7597e-01
  227.5    6.1488e+00    3.3072e+00    8.5922e-01    2.1904e-01
  230.5    5.1599e+00    3.3072e+00    5.6022e-01    2.0194e-01
  233.5    4.2244e+00    3.3072e+00    2.7735e-01    1.4490e-01
  236.5    3.4573e+00    3.3072e+00    4.5402e-02    9.4779e-02
  239.5    2.9163e+00    3.3072e+00   -1.1820e-01    5.7205e-02
  242.5    2.6717e+00    3.3072e+00   -1.9215e-01    3.7652e-02
  245.5    2.5738e+00    3.3072e+00   -2.2174e-01    3.0374e-02
  248.5    2.5547e+00    3.3072e+00   -2.2754e-01    3.2947e-02
  251.5    2.6101e+00    3.3072e+00   -2.1079e-01    1.4727e-02
  254.5    2.6090e+00    3.3072e+00   -2.1110e-01   -2.9216e-02
  257.5    2.6346e+00    3.3072e+00   -2.0337e-01   -7.1090e-02
  260.5    2.8746e+00    3.3072e+00   -1.3080e-01   -6.3385e-02
  263.5    3.3213e+00    3.3072e+00    4.2603e-03   -3.0842e-02
  266.5    3.6393e+00    3.3072e+00    1.0043e-01   -3.7745e-03
  269.5    3.6897e+00    3.3072e+00    1.1567e-01   -1.2124e-02
  272.5    3.6238e+00    3.3072e+00    9.5744e-02   -2.3509e-02
  275.5    3.3688e+00    3.3072e+00    1.8629e-02   -4.5322e-02
  278.5    2.9971e+00    3.3072e+00   -9.3764e-02   -6.8760e-02
  281.5    2.7771e+00    3.3072e+00   -1.6027e-01   -9.5211e-02
  284.5    2.7586e+00    3.3072e+00   -1.6589e-01   -1.0180e-01
  287.5    2.8403e+00    3.3072e+00   -1.4119e-01   -7.5717e-02
  290.5    2.9371e+00    3.3072e+00   -1.1192e-01   -4.7153e-02
  293.5    2.8196e+00    3.3072e+00   -1.4744e-01   -1.2055e-02
  296.5    2.5948e+00    3.3072e+00   -2.1539e-01   -1.4145e-03
  299.5    2.6509e+00    3.3072e+00   -1.9845e-01    5.1216e-03
  302.5    3.1061e+00    3.3072e+00   -6.0794e-02    1.3037e-02
  305.5    3.8745e+00    3.3072e+00    1.7155e-01    6.4035e-02
  308.5    4.9512e+00    3.3072e+00    4.9711e-01    1.5069e-01
  311.5    5.8575e+00    3.3072e+00    7.7114e-01    2.0922e-01
  314.5    6.2388e+00    3.3072e+00    8.8645e-01    2.0458e-01
  317.5    5.5449e+00    3.3072e+00    6.7661e-01    1.4493e-01
  320.5    4.4768e+00    3.3072e+00    3.5365e-01    5.9923e-02
  323.5    3.4619e+00    3.3072e+00    4.6777e-02    2.5870e-03
  326.5    2.7586e+00    3.3072e+00   -1.6587e-01   -3.2201e-02
  329.5    2.6076e+00    3.3072e+00   -2.1154e-01   -4.7430e-02
  332.5    2.8927e+00    3.3072e+00   -1.2533e-01   -5.6831e-02
  335.5    2.8997e+00    3.3072e+00   -1.2321e-01   -6.0535e-02
  338.5    2.7545e+00    3.3072e+00   -1.6712e-01   -6.3704e-02
  341.5    2.6092e+00    3.3072e+00   -2.1106e-01   -7.3451e-02
  344.5    2.4803e+00    3.3072e+00   -2.5004e-01   -9.3504e-02
  347.5    2.4969e+00    3.3072e+00   -2.4499e-01   -1.0142e-01
  350.5    2.7083e+00    3.3072e+00   -1.8108e-01   -9.9979e-02
  353.5    2.8746e+00    3.3072e+00   -1.3081e-01   -8.0247e-02
  356.5    2.7282e+00    3.3072e+00   -1.7508e-01   -6.8836e-02
  359.5    2.6502e+00    3.3072e+00   -1.9866e-01   -6.3482e-02
   6   120  15.82   45.0    1.0    0.0   ----------------------------
    2.5    2.5084e+00    3.2602e+00   -2.3059e-01   -9.7915e-02
    5.5    2.5326e+00    3.2602e+00   -2.2319e-01   -7.2325e-02
    8.5    2.3997e+00    3.2602e+00   -2.6394e-01   -4.8737e-02
   11.5    2.2633e+00    3.2602e+00   -3.0578e-01   -3.3372e-02
   14.5    2.3010e+00    3.2602e+00   -2.9422e-01   -2.7700e-02
   17.5    2.4220e+00    3.2602e+00   -2.5710e-01   -1.8945e-02
   20.5    2.4411e+00    3.2602e+00   -2.5124e-01   -1.2473e-02
   23.5    2.5354e+00    3.2602e+00   -2.2232e-01   -1.1067e-02
   26.5    2.6717e+00    3.2602e+00   -1.8052e-01   -1.0267e-02
   29.5    2.6744e+00    3.2602e+00   -1.7968e-01   -9.6554e-03
   32.5    2.9045e+00    3.2602e+00   -1.0910e-01   -1.7342e-02
   35.5    3.5036e+00    3.2602e+00    7.4653e-02   -6.5889e-03
   38.5    4.4295e+00    3.2602e+00    3.5866e-01    4.0849e-02
   41.5    5.6206e+00    3.2602e+00    7.2401e-01    1.4681e-01
   44.5    6.5947e+00    3.2602e+00    1.0228e+00    2.5187e-01
   47.5    6.4675e+00    3.2602e+00    9.8375e-01    2.9445e-01
   50.5    5.6433e+00    3.2602e+00    7.3095e-01    2.3958e-01
   53.5    4.4632e+00    3.2602e+00    3.6898e-01    1.3661e-01
   56.5    3.4828e+00    3.2602e+00    6.8271e-02    5.6851e-02
   59.5    2.8925e+00    3.2602e+00   -1.1279e-01    2.4482e-02
   62.5    2.6771e+00    3.2602e+00   -1.7885e-01    1.5389e-02
   65.5    2.7956e+00    3.2602e+00   -1.4250e-01    9.3737e-03
   68.5    2.7027e+00    3.2602e+00   -1.7102e-01    8.6916e-03
   71.5    2.6326e+00    3.2602e+00   -1.9251e-01    3.8044e-03
   74.5    2.6058e+00    3.2602e+00   -2.0074e-01   -1.2940e-02
   77.5    2.5304e+00    3.2602e+00   -2.2384e-01   -2.7818e-02
   80.5    2.5945e+00    3.2602e+00   -2.0421e-01   -2.6951e-02
   83.5    2.6899e+00    3.2602e+00   -1.7492e-01   -2.8310e-02
   86.5    2.7251e+00    3.2602e+00   -1.6413e-01   -4.7782e-02
   89.5    2.7521e+00    3.2602e+00   -1.5587e-01   -7.1484e-02
   92.5    2.8181e+00    3.2602e+00   -1.3562e-01   -7.2644e-02
   95.5    2.8238e+00    3.2602e+00   -1.3386e-01   -6.1694e-02
   98.5    2.6423e+00    3.2602e+00   -1.8953e-01   -5.3414e-02
  101.5    2.5016e+00    3.2602e+00   -2.3269e-01   -5.4859e-02
  104.5    2.5452e+00    3.2602e+00   -2.1932e-01   -4.9355e-02
  107.5    2.5014e+00    3.2602e+00   -2.3275e-01   -4.2501e-02
  110.5    2.4030e+00    3.2602e+00   -2.6293e-01   -3.0944e-02
  113.5    2.3684e+00    3.2602e+00   -2.7354e-01   -2.4283e-02
  116.5    2.5482e+00    3.2602e+00   -2.1839e-01   -2.4856e-02
  119.5    2.8471e+00    3.2602e+00   -1.2672e-01   -2.4371e-02
  122.5    3.3917e+00    3.2602e+00    4.0324e-02   -3.9962e-03
  125.5    4.2171e+00    3.2602e+00    2.9349e-01    4.1642e-02
  128.5    5.3262e+00    3.2602e+00    6.3369e-01    1.1532e-01
  131.5    6.4957e+00    3.2602e+00    9.9242e-01    2.0912e-01
  134.5    7.0365e+00    3.2602e+00    1.1583e+00    2.3288e-01
  137.5    6.3472e+00    3.2602e+00    9.4687e-01    1.6572e-01
  140.5    4.8872e+00    3.2602e+00    4.9905e-01    5.9683e-02
  143.5    3.6020e+00    3.2602e+00    1.0484e-01   -3.0325e-02
  146.5    2.8861e+00    3.2602e+00   -1.1474e-01   -7.7185e-02
  149.5    2.6039e+00    3.2602e+00   -2.0130e-01   -8.2754e-02
  152.5    2.6604e+00    3.2602e+00   -1.8398e-01   -9.2482e-02
  155.5    2.5753e+00    3.2602e+00   -2.1009e-01   -8.0354e-02
  158.5    2.5487e+00    3.2602e+00   -2.1823e-01   -7.5126e-02
  161.5    2.6645e+00    3.2602e+00   -1.8273e-01   -6.0084e-02
  164.5    2.5628e+00    3.2602e+00   -2.1391e-01   -6.3917e-02
  167.5    2.4446e+00    3.2602e+00   -2.5016e-01   -7.9427e-02
  170.5    2.4677e+00    3.2602e+00   -2.4308e-01   -8.4339e-02
  173.5    2.4681e+00    3.2602e+00   -2.4297e-01   -9.5994e-02
  176.5    2.4161e+00    3.2602e+00   -2.5893e-01   -1.0124e-01
  179.5    2.4541e+00    3.2602e+00   -2.4727e-01   -1.0531e-01
  182.5    2.3523e+00    3.2602e+00   -2.7847e-01   -9.7914e-02
  185.5    2.4413e+00    3.2602e+00   -2.5119e-01   -7.2325e-02
  188.5    2.4554e+00    3.2602e+00   -2.4685e-01   -4.8735e-02
  191.5    2.4383e+00    3.2602e+00   -2.5210e-01   -3.3371e-02
  194.5    2.5485e+00    3.2602e+00   -2.1830e-01   -2.7700e-02
  197.5    2.6964e+00    3.2602e+00   -1.7293e-01   -1.8943e-02
  200.5    2.5968e+00    3.2602e+00   -2.0349e-01   -1.2474e-02
  203.5    2.5747e+00    3.2602e+00   -2.1027e-01   -1.1067e-02
  206.5    2.6246e+00    3.2602e+00   -1.9496e-01   -1.0268e-02
  209.5    2.6005e+00    3.2602e+00   -2.0237e-01   -9.6531e-03
  212.5    2.7385e+00    3.2602e+00   -1.6002e-01   -1.7344e-02
  215.5    3.2715e+00    3.2602e+00    3.4521e-03   -6.5874e-03
  218.5    4.2901e+00    3.2602e+00    3.1589e-01    4.0848e-02
  221.5    5.7453e+00    3.2602e+00    7.6226e-01    1.4682e-01
  224.5    6.9144e+00    3.2602e+00    1.1209e+00    2.5187e-01
  227.5    6.7895e+00    3.2602e+00    1.0825e+00    2.9445e-01
  230.5    5.6418e+00    3.2602e+00    7.3051e-01    2.3958e-01
  233.5    4.4831e+00    3.2602e+00    3.7508e-01    1.3661e-01
  236.5    3.6091e+00    3.2602e+00    1.0702e-01    5.6851e-02
  239.5    2.9614e+00    3.2602e+00   -9.1647e-02    2.4483e-02
  242.5    2.5549e+00    3.2602e+00   -2.1635e-01    1.5388e-02
  245.5    2.3887e+00    3.2602e+00   -2.6733e-01    9.3742e-03
  248.5    2.3146e+00    3.2602e+00   -2.9006e-01    8.6928e-03
  251.5    2.4098e+00    3.2602e+00   -2.6084e-01    3.8057e-03
  254.5    2.5579e+00    3.2602e+00   -2.1543e-01   -1.2942e-02
  257.5    2.5697e+00    3.2602e+00   -2.1179e-01   -2.7820e-02
  260.5    2.7163e+00    3.2602e+00   -1.6683e-01   -2.6952e-02
  263.5    2.9174e+00    3.2602e+00   -1.0514e-01   -2.8312e-02
  266.5    3.0137e+00    3.2602e+00   -7.5622e-02   -4.7782e-02
  269.5    2.9072e+00    3.2602e+00   -1.0829e-01   -7.1484e-02
  272.5    2.8840e+00    3.2602e+00   -1.1540e-01   -7.2645e-02
  275.5    2.9415e+00    3.2602e+00   -9.7749e-02   -6.1696e-02
  278.5    2.8234e+00    3.2602e+00   -1.3400e-01   -5.3414e-02
  281.5    2.6682e+00    3.2602e+00   -1.8160e-01   -5.4861e-02
  284.5    2.6370e+00    3.2602e+00   -1.9115e-01   -4.9356e-02
  287.5    2.6819e+00    3.2602e+00   -1.7740e-01   -4.2505e-02
  290.5    2.7216e+00    3.2602e+00   -1.6522e-01   -3.0944e-02
  293.5    2.7006e+00    3.2602e+00   -1.7164e-01   -2.4287e-02
  296.5    2.5835e+00    3.2602e+00   -2.0758e-01   -2.4858e-02
  299.5    2.7400e+00    3.2602e+00   -1.5955e-01   -2.4373e-02
  302.5    3.1835e+00    3.2602e+00   -2.3531e-02   -3.9962e-03
  305.5    3.9537e+00    3.2602e+00    2.1270e-01    4.1640e-02
  308.5    5.1865e+00    3.2602e+00    5.9084e-01    1.1532e-01
  311.5    6.1703e+00    3.2602e+00    8.9261e-01    2.0912e-01
  314.5    6.6234e+00    3.2602e+00    1.0316e+00    2.3289e-01
  317.5    6.0189e+00    3.2602e+00    8.4616e-01    1.6572e-01
  320.5    4.8399e+00    3.2602e+00    4.8452e-01    5.9685e-02
  323.5    3.7432e+00    3.2602e+00    1.4815e-01   -3.0323e-02
  326.5    2.9947e+00    3.2602e+00   -8.1442e-02   -7.7184e-02
  329.5    2.6892e+00    3.2602e+00   -1.7515e-01   -8.2754e-02
  332.5    2.7062e+00    3.2602e+00   -1.6993e-01   -9.2482e-02
  335.5    2.5977e+00    3.2602e+00   -2.0322e-01   -8.0355e-02
  338.5    2.5191e+00    3.2602e+00   -2.2733e-01   -7.5128e-02
  341.5    2.5009e+00    3.2602e+00   -2.3289e-01   -6.0085e-02
  344.5    2.3979e+00    3.2602e+00   -2.6448e-01   -6.3918e-02
  347.5    2.2712e+00    3.2602e+00   -3.0335e-01   -7.9428e-02
  350.5    2.3345e+00    3.2602e+00   -2.8395e-01   -8.4340e-02
  353.5    2.4918e+00    3.2602e+00   -2.3570e-01   -9.5993e-02
  356.5    2.4634e+00    3.2602e+00   -2.4439e-01   -1.0124e-01
  359.5    2.5220e+00    3.2602e+00   -2.2644e-01   -1.0531e-01
   7   120  15.82   48.0    1.0    0.0   ----------------------------
    2.5    3.0288e+00    3.0810e+00   -1.6969e-02    9.1230e-03
    5.5    2.8231e+00    3.0810e+00   -8.3713e-02   -1.8692e-02
    8.5    2.5964e+00    3.0810e+00   -1.5729e-01   -4.8409e-02
   11.5    2.3317e+00    3.0810e+00   -2.4320e-01   -5.7382e-02
   14.5    2.3073e+00    3.0810e+00   -2.5114e-01   -3.7564e-02
   17.5    2.3463e+00    3.0810e+00   -2.3848e-01   -2.4491e-02
   20.5    2.3019e+00    3.0810e+00   -2.5288e-01   -2.0236e-02
   23.5    2.3728e+00    3.0810e+00   -2.2986e-01   -2.1554e-02
   26.5    2.5856e+00    3.0810e+00   -1.6081e-01   -1.2404e-02
   29.5    2.7157e+00    3.0810e+00   -1.1858e-01    8.0831e-03
   32.5    2.8689e+00    3.0810e+00   -6.8858e-02    1.9120e-02
   35.5    3.3700e+00    3.0810e+00    9.3781e-02    3.6402e-02
   38.5    4.1720e+00    3.0810e+00    3.5409e-01    6.7071e-02
   41.5    5.0924e+00    3.0810e+00    6.5282e-01    1.2083e-01
   44.5    5.8879e+00    3.0810e+00    9.1100e-01    1.7847e-01
   47.5    5.7918e+00    3.0810e+00    8.7983e-01    1.9601e-01
   50.5    4.9939e+00    3.0810e+00    6.2085e-01    1.6657e-01
   53.5    3.9530e+00    3.0810e+00    2.8299e-01    1.0602e-01
   56.5    3.0709e+00    3.0810e+00   -3.2791e-03    5.7138e-02
   59.5    2.7964e+00    3.0810e+00   -9.2380e-02    2.4427e-02
   62.5    2.6815e+00    3.0810e+00   -1.2969e-01    1.4064e-02
   65.5    2.6415e+00    3.0810e+00   -1.4266e-01    2.5654e-03
   68.5    2.4078e+00    3.0810e+00   -2.1851e-01   -1.0874e-02
   71.5    2.2702e+00    3.0810e+00   -2.6317e-01   -2.6857e-02
   74.5    2.3508e+00    3.0810e+00   -2.3700e-01   -3.7020e-02
   77.5    2.3966e+00    3.0810e+00   -2.2214e-01   -2.7175e-02
   80.5    2.5316e+00    3.0810e+00   -1.7833e-01   -1.1244e-02
   83.5    2.6033e+00    3.0810e+00   -1.5506e-01    1.6418e-02
   86.5    2.5366e+00    3.0810e+00   -1.7669e-01    2.6459e-02
   89.5    2.5468e+00    3.0810e+00   -1.7339e-01    2.7764e-02
   92.5    2.6374e+00    3.0810e+00   -1.4398e-01    2.1751e-02
   95.5    2.6994e+00    3.0810e+00   -1.2386e-01    9.1975e-03
   98.5    2.5228e+00    3.0810e+00   -1.8118e-01   -1.4116e-02
  101.5    2.2524e+00    3.0810e+00   -2.6896e-01   -5.6106e-02
  104.5    2.2300e+00    3.0810e+00   -2.7621e-01   -8.3665e-02
  107.5    2.1737e+00    3.0810e+00   -2.9451e-01   -9.2597e-02
  110.5    2.1267e+00    3.0810e+00   -3.0974e-01   -7.5542e-02
  113.5    2.2156e+00    3.0810e+00   -2.8090e-01   -5.6018e-02
  116.5    2.4657e+00    3.0810e+00   -1.9970e-01   -3.9634e-02
  119.5    2.7700e+00    3.0810e+00   -1.0094e-01   -2.8651e-02
  122.5    3.1970e+00    3.0810e+00    3.7623e-02   -1.4899e-02
  125.5    3.8519e+00    3.0810e+00    2.5020e-01    1.5446e-02
  128.5    4.7645e+00    3.0810e+00    5.4640e-01    5.6518e-02
  131.5    5.8398e+00    3.0810e+00    8.9541e-01    1.2900e-01
  134.5    6.2626e+00    3.0810e+00    1.0326e+00    1.5775e-01
  137.5    5.5765e+00    3.0810e+00    8.0995e-01    1.2802e-01
  140.5    4.5102e+00    3.0810e+00    4.6385e-01    5.1505e-02
  143.5    3.4364e+00    3.0810e+00    1.1534e-01   -1.3524e-02
  146.5    2.9165e+00    3.0810e+00   -5.3404e-02   -5.9174e-02
  149.5    2.7258e+00    3.0810e+00   -1.1529e-01   -6.7957e-02
  152.5    2.6063e+00    3.0810e+00   -1.5409e-01   -8.0253e-02
  155.5    2.3559e+00    3.0810e+00   -2.3535e-01   -8.8975e-02
  158.5    2.2681e+00    3.0810e+00   -2.6384e-01   -8.4822e-02
  161.5    2.3396e+00    3.0810e+00   -2.4065e-01   -7.6148e-02
  164.5    2.4484e+00    3.0810e+00   -2.0533e-01   -7.0082e-02
  167.5    2.3813e+00    3.0810e+00   -2.2710e-01   -9.2387e-02
  170.5    2.4197e+00    3.0810e+00   -2.1465e-01   -9.6484e-02
  173.5    2.5110e+00    3.0810e+00   -1.8503e-01   -7.7242e-02
  176.5    2.6344e+00    3.0810e+00   -1.4496e-01   -2.7240e-02
  179.5    2.8864e+00    3.0810e+00   -6.3177e-02    3.7036e-03
  182.5    2.7164e+00    3.0810e+00   -1.1834e-01    9.1237e-03
  185.5    2.5519e+00    3.0810e+00   -1.7173e-01   -1.8693e-02
  188.5    2.4730e+00    3.0810e+00   -1.9734e-01   -4.8407e-02
  191.5    2.4199e+00    3.0810e+00   -2.1459e-01   -5.7382e-02
  194.5    2.5496e+00    3.0810e+00   -1.7247e-01   -3.7563e-02
  197.5    2.5116e+00    3.0810e+00   -1.8483e-01   -2.4489e-02
  200.5    2.2916e+00    3.0810e+00   -2.5621e-01   -2.0236e-02
  203.5    2.3216e+00    3.0810e+00   -2.4647e-01   -2.1553e-02
  206.5    2.5527e+00    3.0810e+00   -1.7149e-01   -1.2405e-02
  209.5    2.7540e+00    3.0810e+00   -1.0614e-01    8.0855e-03
  212.5    2.9264e+00    3.0810e+00   -5.0192e-02    1.9119e-02
  215.5    3.2257e+00    3.0810e+00    4.6962e-02    3.6403e-02
  218.5    4.0151e+00    3.0810e+00    3.0317e-01    6.7071e-02
  221.5    5.1474e+00    3.0810e+00    6.7069e-01    1.2083e-01
  224.5    6.0341e+00    3.0810e+00    9.5846e-01    1.7847e-01
  227.5    6.0299e+00    3.0810e+00    9.5711e-01    1.9601e-01
  230.5    4.9323e+00    3.0810e+00    6.0085e-01    1.6657e-01
  233.5    4.0290e+00    3.0810e+00    3.0769e-01    1.0601e-01
  236.5    3.3183e+00    3.0810e+00    7.7001e-02    5.7138e-02
  239.5    2.8379e+00    3.0810e+00   -7.8916e-02    2.4426e-02
  242.5    2.5257e+00    3.0810e+00   -1.8023e-01    1.4063e-02
  245.5    2.2902e+00    3.0810e+00   -2.5669e-01    2.5655e-03
  248.5    2.1243e+00    3.0810e+00   -3.1054e-01   -1.0873e-02
  251.5    2.1573e+00    3.0810e+00   -2.9980e-01   -2.6856e-02
  254.5    2.2353e+00    3.0810e+00   -2.7449e-01   -3.7021e-02
  257.5    2.2659e+00    3.0810e+00   -2.6457e-01   -2.7177e-02
  260.5    2.5362e+00    3.0810e+00   -1.7683e-01   -1.1243e-02
  263.5    2.7897e+00    3.0810e+00   -9.4564e-02    1.6415e-02
  266.5    2.8090e+00    3.0810e+00   -8.8296e-02    2.6460e-02
  269.5    2.7112e+00    3.0810e+00   -1.2002e-01    2.7763e-02
  272.5    2.7006e+00    3.0810e+00   -1.2347e-01    2.1750e-02
  275.5    2.8451e+00    3.0810e+00   -7.6562e-02    9.1953e-03
  278.5    2.7358e+00    3.0810e+00   -1.1207e-01   -1.4116e-02
  281.5    2.5674e+00    3.0810e+00   -1.6669e-01   -5.6109e-02
  284.5    2.4299e+00    3.0810e+00   -2.1134e-01   -8.3667e-02
  287.5    2.3091e+00    3.0810e+00   -2.5055e-01   -9.2600e-02
  290.5    2.3927e+00    3.0810e+00   -2.2343e-01   -7.5543e-02
  293.5    2.4634e+00    3.0810e+00   -2.0047e-01   -5.6020e-02
  296.5    2.5741e+00    3.0810e+00   -1.6454e-01   -3.9634e-02
  299.5    2.6982e+00    3.0810e+00   -1.2427e-01   -2.8652e-02
  302.5    2.8992e+00    3.0810e+00   -5.9007e-02   -1.4899e-02
  305.5    3.5399e+00    3.0810e+00    1.4894e-01    1.5445e-02
  308.5    4.5199e+00    3.0810e+00    4.6701e-01    5.6518e-02
  311.5    5.4584e+00    3.0810e+00    7.7160e-01    1.2900e-01
  314.5    6.0194e+00    3.0810e+00    9.5368e-01    1.5775e-01
  317.5    5.4815e+00    3.0810e+00    7.7912e-01    1.2803e-01
  320.5    4.4944e+00    3.0810e+00    4.5874e-01    5.1506e-02
  323.5    3.5345e+00    3.0810e+00    1.4717e-01   -1.3522e-02
  326.5    2.9464e+00    3.0810e+00   -4.3715e-02   -5.9173e-02
  329.5    2.7267e+00    3.0810e+00   -1.1501e-01   -6.7957e-02
  332.5    2.6573e+00    3.0810e+00   -1.3753e-01   -8.0252e-02
  335.5    2.3986e+00    3.0810e+00   -2.2150e-01   -8.8975e-02
  338.5    2.3313e+00    3.0810e+00   -2.4335e-01   -8.4823e-02
  341.5    2.4056e+00    3.0810e+00   -2.1924e-01   -7.6148e-02
  344.5    2.4336e+00    3.0810e+00   -2.1014e-01   -7.0083e-02
  347.5    2.3270e+00    3.0810e+00   -2.4472e-01   -9.2389e-02
  350.5    2.5369e+00    3.0810e+00   -1.7660e-01   -9.6485e-02
  353.5    2.7523e+00    3.0810e+00   -1.0668e-01   -7.7242e-02
  356.5    2.9310e+00    3.0810e+00   -4.8698e-02   -2.7242e-02
  359.5    3.1312e+00    3.0810e+00    1.6288e-02    3.7034e-03
   8   120  15.82   51.0    1.0    0.0   ----------------------------
    2.5    3.4382e+00    2.9097e+00    1.8163e-01    7.8302e-02
    5.5    3.1626e+00    2.9097e+00    8.6897e-02    4.0622e-02
    8.5    2.8254e+00    2.9097e+00   -2.8972e-02   -5.8083e-04
   11.5    2.5138e+00    2.9097e+00   -1.3608e-01   -2.8387e-02
   14.5    2.4611e+00    2.9097e+00   -1.5417e-01   -2.2632e-02
   17.5    2.5356e+00    2.9097e+00   -1.2859e-01    6.9719e-03
   20.5    2.5368e+00    2.9097e+00   -1.2815e-01    1.8474e-02
   23.5    2.5150e+00    2.9097e+00   -1.3565e-01    1.3462e-02
   26.5    2.7242e+00    2.9097e+00   -6.3752e-02   -1.2045e-04
   29.5    2.8052e+00    2.9097e+00   -3.5914e-02    8.3175e-03
   32.5    2.6991e+00    2.9097e+00   -7.2381e-02    1.7584e-02
   35.5    2.8071e+00    2.9097e+00   -3.5278e-02    3.6784e-02
   38.5    3.2293e+00    2.9097e+00    1.0984e-01    5.5891e-02
   41.5    3.9020e+00    2.9097e+00    3.4104e-01    8.6956e-02
   44.5    4.5049e+00    2.9097e+00    5.4824e-01    9.9715e-02
   47.5    4.3879e+00    2.9097e+00    5.0803e-01    1.0363e-01
   50.5    3.8907e+00    2.9097e+00    3.3716e-01    8.6144e-02
   53.5    3.2095e+00    2.9097e+00    1.0304e-01    5.6673e-02
   56.5    2.5904e+00    2.9097e+00   -1.0973e-01    3.0858e-02
   59.5    2.4878e+00    2.9097e+00   -1.4501e-01    4.3354e-03
   62.5    2.6293e+00    2.9097e+00   -9.6370e-02   -3.1791e-04
   65.5    2.6551e+00    2.9097e+00   -8.7519e-02   -7.7942e-03
   68.5    2.4271e+00    2.9097e+00   -1.6587e-01   -4.5597e-03
   71.5    2.3060e+00    2.9097e+00   -2.0748e-01   -1.3458e-02
   74.5    2.4278e+00    2.9097e+00   -1.6561e-01   -2.3601e-02
   77.5    2.5064e+00    2.9097e+00   -1.3859e-01   -3.0762e-02
   80.5    2.7861e+00    2.9097e+00   -4.2473e-02   -1.6366e-02
   83.5    3.0533e+00    2.9097e+00    4.9342e-02    3.2932e-02
   86.5    3.1328e+00    2.9097e+00    7.6667e-02    1.0490e-01
   89.5    3.1813e+00    2.9097e+00    9.3334e-02    1.6247e-01
   92.5    3.2114e+00    2.9097e+00    1.0367e-01    1.4012e-01
   95.5    3.1399e+00    2.9097e+00    7.9117e-02    6.7918e-02
   98.5    2.8232e+00    2.9097e+00   -2.9726e-02   -2.2048e-02
  101.5    2.4917e+00    2.9097e+00   -1.4367e-01   -6.3336e-02
  104.5    2.3667e+00    2.9097e+00   -1.8661e-01   -8.4587e-02
  107.5    2.3588e+00    2.9097e+00   -1.8935e-01   -8.8849e-02
  110.5    2.4121e+00    2.9097e+00   -1.7102e-01   -8.9706e-02
  113.5    2.5204e+00    2.9097e+00   -1.3380e-01   -8.8175e-02
  116.5    2.5930e+00    2.9097e+00   -1.0883e-01   -8.2415e-02
  119.5    2.5741e+00    2.9097e+00   -1.1534e-01   -7.4223e-02
  122.5    2.7700e+00    2.9097e+00   -4.7998e-02   -5.6310e-02
  125.5    3.0287e+00    2.9097e+00    4.0910e-02   -3.6252e-02
  128.5    3.6071e+00    2.9097e+00    2.3967e-01   -1.7945e-02
  131.5    4.2379e+00    2.9097e+00    4.5647e-01    2.1817e-02
  134.5    4.4390e+00    2.9097e+00    5.2557e-01    3.8684e-02
  137.5    3.9977e+00    2.9097e+00    3.7393e-01    2.3383e-02
  140.5    3.2754e+00    2.9097e+00    1.2569e-01   -3.7910e-03
  143.5    2.7600e+00    2.9097e+00   -5.1458e-02   -2.7096e-02
  146.5    2.6076e+00    2.9097e+00   -1.0381e-01   -3.8218e-02
  149.5    2.5478e+00    2.9097e+00   -1.2437e-01   -5.2292e-02
  152.5    2.6535e+00    2.9097e+00   -8.8046e-02   -6.7635e-02
  155.5    2.5533e+00    2.9097e+00   -1.2250e-01   -7.6663e-02
  158.5    2.4143e+00    2.9097e+00   -1.7025e-01   -6.8795e-02
  161.5    2.3744e+00    2.9097e+00   -1.8399e-01   -6.0734e-02
  164.5    2.4102e+00    2.9097e+00   -1.7166e-01   -6.8755e-02
  167.5    2.3779e+00    2.9097e+00   -1.8277e-01   -8.1946e-02
  170.5    2.4786e+00    2.9097e+00   -1.4818e-01   -6.1904e-02
  173.5    2.7896e+00    2.9097e+00   -4.1265e-02   -1.2470e-02
  176.5    3.2045e+00    2.9097e+00    1.0131e-01    5.4599e-02
  179.5    3.5237e+00    2.9097e+00    2.1101e-01    8.1199e-02
  182.5    3.4153e+00    2.9097e+00    1.7377e-01    7.8303e-02
  185.5    3.0093e+00    2.9097e+00    3.4241e-02    4.0621e-02
  188.5    2.6411e+00    2.9097e+00   -9.2319e-02   -5.7984e-04
  191.5    2.4093e+00    2.9097e+00   -1.7199e-01   -2.8387e-02
  194.5    2.4351e+00    2.9097e+00   -1.6312e-01   -2.2632e-02
  197.5    2.4448e+00    2.9097e+00   -1.5979e-01    6.9737e-03
  200.5    2.3150e+00    2.9097e+00   -2.0440e-01    1.8473e-02
  203.5    2.4082e+00    2.9097e+00   -1.7237e-01    1.3464e-02
  206.5    2.6576e+00    2.9097e+00   -8.6649e-02   -1.2060e-04
  209.5    2.7248e+00    2.9097e+00   -6.3558e-02    8.3194e-03
  212.5    2.6800e+00    2.9097e+00   -7.8952e-02    1.7583e-02
  215.5    2.7116e+00    2.9097e+00   -6.8097e-02    3.6785e-02
  218.5    3.0452e+00    2.9097e+00    4.6572e-02    5.5891e-02
  221.5    3.6989e+00    2.9097e+00    2.7124e-01    8.6956e-02
  224.5    4.2423e+00    2.9097e+00    4.5798e-01    9.9716e-02
  227.5    4.2224e+00    2.9097e+00    4.5113e-01    1.0363e-01
  230.5    3.6296e+00    2.9097e+00    2.4742e-01    8.6144e-02
  233.5    3.1191e+00    2.9097e+00    7.1953e-02    5.6672e-02
  236.5    2.8304e+00    2.9097e+00   -2.7241e-02    3.0858e-02
  239.5    2.6360e+00    2.9097e+00   -9.4054e-02    4.3335e-03
  242.5    2.5608e+00    2.9097e+00   -1.1991e-01   -3.1760e-04
  245.5    2.4635e+00    2.9097e+00   -1.5335e-01   -7.7936e-03
  248.5    2.3584e+00    2.9097e+00   -1.8946e-01   -4.5593e-03
  251.5    2.3424e+00    2.9097e+00   -1.9496e-01   -1.3459e-02
  254.5    2.4275e+00    2.9097e+00   -1.6572e-01   -2.3602e-02
  257.5    2.4629e+00    2.9097e+00   -1.5357e-01   -3.0762e-02
  260.5    2.6872e+00    2.9097e+00   -7.6476e-02   -1.6366e-02
  263.5    3.0202e+00    2.9097e+00    3.7981e-02    3.2929e-02
  266.5    3.2324e+00    2.9097e+00    1.1089e-01    1.0490e-01
  269.5    3.2367e+00    2.9097e+00    1.1237e-01    1.6247e-01
  272.5    3.1763e+00    2.9097e+00    9.1614e-02    1.4012e-01
  275.5    3.1795e+00    2.9097e+00    9.2717e-02    6.7915e-02
  278.5    2.9513e+00    2.9097e+00    1.4285e-02   -2.2047e-02
  281.5    2.6303e+00    2.9097e+00   -9.6024e-02   -6.3338e-02
  284.5    2.4874e+00    2.9097e+00   -1.4515e-01   -8.4589e-02
  287.5    2.3383e+00    2.9097e+00   -1.9638e-01   -8.8849e-02
  290.5    2.3389e+00    2.9097e+00   -1.9618e-01   -8.9708e-02
  293.5    2.4985e+00    2.9097e+00   -1.4134e-01   -8.8175e-02
  296.5    2.5445e+00    2.9097e+00   -1.2551e-01   -8.2415e-02
  299.5    2.4446e+00    2.9097e+00   -1.5985e-01   -7.4224e-02
  302.5    2.4588e+00    2.9097e+00   -1.5497e-01   -5.6310e-02
  305.5    2.8251e+00    2.9097e+00   -2.9080e-02   -3.6251e-02
  308.5    3.5274e+00    2.9097e+00    2.1228e-01   -1.7946e-02
  311.5    4.0722e+00    2.9097e+00    3.9951e-01    2.1817e-02
  314.5    4.5595e+00    2.9097e+00    5.6699e-01    3.8684e-02
  317.5    4.1495e+00    2.9097e+00    4.2611e-01    2.3383e-02
  320.5    3.4426e+00    2.9097e+00    1.8315e-01   -3.7906e-03
  323.5    2.8856e+00    2.9097e+00   -8.2769e-03   -2.7094e-02
  326.5    2.7193e+00    2.9097e+00   -6.5439e-02   -3.8218e-02
  329.5    2.7782e+00    2.9097e+00   -4.5193e-02   -5.2292e-02
  332.5    2.7674e+00    2.9097e+00   -4.8898e-02   -6.7635e-02
  335.5    2.5143e+00    2.9097e+00   -1.3590e-01   -7.6662e-02
  338.5    2.4798e+00    2.9097e+00   -1.4775e-01   -6.8795e-02
  341.5    2.5331e+00    2.9097e+00   -1.2944e-01   -6.0734e-02
  344.5    2.5663e+00    2.9097e+00   -1.1802e-01   -6.8756e-02
  347.5    2.5376e+00    2.9097e+00   -1.2789e-01   -8.1947e-02
  350.5    2.7670e+00    2.9097e+00   -4.9046e-02   -6.1905e-02
  353.5    3.0824e+00    2.9097e+00    5.9353e-02   -1.2470e-02
  356.5    3.4068e+00    2.9097e+00    1.7085e-01    5.4597e-02
  359.5    3.5603e+00    2.9097e+00    2.2358e-01    8.1198e-02
   9   120  15.82   54.0    1.0    0.0   ----------------------------
    2.5    3.3040e+00    2.5760e+00    2.8260e-01    1.1304e-01
    5.5    2.9436e+00    2.5760e+00    1.4268e-01    9.9161e-02
    8.5    2.6133e+00    2.5760e+00    1.4466e-02    7.0306e-02
   11.5    2.4026e+00    2.5760e+00   -6.7311e-02    5.2116e-02
   14.5    2.3538e+00    2.5760e+00   -8.6277e-02    3.6003e-02
   17.5    2.4021e+00    2.5760e+00   -6.7503e-02    3.3551e-02
   20.5    2.5247e+00    2.5760e+00   -1.9906e-02    4.1024e-02
   23.5    2.5701e+00    2.5760e+00   -2.3151e-03    5.3896e-02
   26.5    2.6393e+00    2.5760e+00    2.4576e-02    5.5224e-02
   29.5    2.6978e+00    2.5760e+00    4.7263e-02    4.3955e-02
   32.5    2.4968e+00    2.5760e+00   -3.0770e-02    3.2279e-02
   35.5    2.2912e+00    2.5760e+00   -1.1055e-01    2.9755e-02
   38.5    2.3571e+00    2.5760e+00   -8.5000e-02    3.5536e-02
   41.5    2.6504e+00    2.5760e+00    2.8888e-02    4.5669e-02
   44.5    3.0153e+00    2.5760e+00    1.7053e-01    5.2004e-02
   47.5    2.9899e+00    2.5760e+00    1.6067e-01    5.4890e-02
   50.5    2.7198e+00    2.5760e+00    5.5825e-02    4.9510e-02
   53.5    2.4465e+00    2.5760e+00   -5.0293e-02    3.3996e-02
   56.5    2.0930e+00    2.5760e+00   -1.8749e-01    1.5303e-02
   59.5    2.1022e+00    2.5760e+00   -1.8394e-01    7.8063e-03
   62.5    2.3816e+00    2.5760e+00   -7.5468e-02    2.0777e-02
   65.5    2.5687e+00    2.5760e+00   -2.8536e-03    3.5961e-02
   68.5    2.5375e+00    2.5760e+00   -1.4952e-02    3.1312e-02
   71.5    2.3476e+00    2.5760e+00   -8.8664e-02    1.6594e-02
   74.5    2.2662e+00    2.5760e+00   -1.2027e-01    1.8401e-03
   77.5    2.2536e+00    2.5760e+00   -1.2516e-01    2.2696e-03
   80.5    2.5642e+00    2.5760e+00   -4.5875e-03    8.7907e-03
   83.5    2.9934e+00    2.5760e+00    1.6204e-01    4.3447e-02
   86.5    3.2729e+00    2.5760e+00    2.7053e-01    7.2639e-02
   89.5    3.3947e+00    2.5760e+00    3.1781e-01    9.6578e-02
   92.5    3.3411e+00    2.5760e+00    2.9698e-01    8.2105e-02
   95.5    3.0645e+00    2.5760e+00    1.8964e-01    4.8163e-02
   98.5    2.7844e+00    2.5760e+00    8.0880e-02   -6.0769e-03
  101.5    2.5283e+00    2.5760e+00   -1.8510e-02   -5.3398e-02
  104.5    2.4666e+00    2.5760e+00   -4.2488e-02   -8.4097e-02
  107.5    2.3968e+00    2.5760e+00   -6.9587e-02   -8.2476e-02
  110.5    2.5519e+00    2.5760e+00   -9.3822e-03   -7.9318e-02
  113.5    2.7052e+00    2.5760e+00    5.0156e-02   -6.9929e-02
  116.5    2.6113e+00    2.5760e+00    1.3695e-02   -7.3251e-02
  119.5    2.4240e+00    2.5760e+00   -5.9006e-02   -8.4609e-02
  122.5    2.2642e+00    2.5760e+00   -1.2106e-01   -8.8831e-02
  125.5    2.1409e+00    2.5760e+00   -1.6891e-01   -7.5394e-02
  128.5    2.4068e+00    2.5760e+00   -6.5701e-02   -5.4914e-02
  131.5    2.6915e+00    2.5760e+00    4.4823e-02   -3.9292e-02
  134.5    2.8004e+00    2.5760e+00    8.7112e-02   -3.3536e-02
  137.5    2.5120e+00    2.5760e+00   -2.4857e-02   -4.5796e-02
  140.5    2.2241e+00    2.5760e+00   -1.3663e-01   -7.0801e-02
  143.5    2.0579e+00    2.5760e+00   -2.0112e-01   -9.4124e-02
  146.5    2.1442e+00    2.5760e+00   -1.6762e-01   -9.5873e-02
  149.5    2.3182e+00    2.5760e+00   -1.0007e-01   -8.4221e-02
  152.5    2.4622e+00    2.5760e+00   -4.4203e-02   -7.2599e-02
  155.5    2.6025e+00    2.5760e+00    1.0293e-02   -6.3698e-02
  158.5    2.4994e+00    2.5760e+00   -2.9752e-02   -6.2330e-02
  161.5    2.2696e+00    2.5760e+00   -1.1895e-01   -7.0326e-02
  164.5    2.2772e+00    2.5760e+00   -1.1600e-01   -7.6544e-02
  167.5    2.2818e+00    2.5760e+00   -1.1424e-01   -6.2001e-02
  170.5    2.4534e+00    2.5760e+00   -4.7608e-02   -1.5020e-02
  173.5    2.7668e+00    2.5760e+00    7.4067e-02    3.3112e-02
  176.5    3.2123e+00    2.5760e+00    2.4701e-01    8.2616e-02
  179.5    3.5097e+00    2.5760e+00    3.6244e-01    1.0724e-01
  182.5    3.3971e+00    2.5760e+00    3.1874e-01    1.1304e-01
  185.5    3.0031e+00    2.5760e+00    1.6579e-01    9.9161e-02
  188.5    2.6141e+00    2.5760e+00    1.4776e-02    7.0307e-02
  191.5    2.2854e+00    2.5760e+00   -1.1284e-01    5.2116e-02
  194.5    2.2281e+00    2.5760e+00   -1.3508e-01    3.6003e-02
  197.5    2.1931e+00    2.5760e+00   -1.4865e-01    3.3553e-02
  200.5    2.3044e+00    2.5760e+00   -1.0546e-01    4.1023e-02
  203.5    2.4557e+00    2.5760e+00   -4.6726e-02    5.3898e-02
  206.5    2.4957e+00    2.5760e+00   -3.1172e-02    5.5224e-02
  209.5    2.5151e+00    2.5760e+00   -2.3660e-02    4.3956e-02
  212.5    2.3403e+00    2.5760e+00   -9.1508e-02    3.2278e-02
  215.5    2.1166e+00    2.5760e+00   -1.7835e-01    2.9755e-02
  218.5    2.1849e+00    2.5760e+00   -1.5183e-01    3.5537e-02
  221.5    2.4636e+00    2.5760e+00   -4.3653e-02    4.5669e-02
  224.5    2.7210e+00    2.5760e+00    5.6270e-02    5.2004e-02
  227.5    2.7788e+00    2.5760e+00    7.8698e-02    5.4889e-02
  230.5    2.4755e+00    2.5760e+00   -3.9040e-02    4.9510e-02
  233.5    2.2278e+00    2.5760e+00   -1.3518e-01    3.3996e-02
  236.5    2.1888e+00    2.5760e+00   -1.5030e-01    1.5302e-02
  239.5    2.3542e+00    2.5760e+00   -8.6113e-02    7.8036e-03
  242.5    2.5002e+00    2.5760e+00   -2.9419e-02    2.0778e-02
  245.5    2.5456e+00    2.5760e+00   -1.1805e-02    3.5962e-02
  248.5    2.5378e+00    2.5760e+00   -1.4826e-02    3.1313e-02
  251.5    2.4540e+00    2.5760e+00   -4.7380e-02    1.6590e-02
  254.5    2.4962e+00    2.5760e+00   -3.1005e-02    1.8395e-03
  257.5    2.4962e+00    2.5760e+00   -3.0995e-02    2.2689e-03
  260.5    2.6453e+00    2.5760e+00    2.6881e-02    8.7906e-03
  263.5    2.8819e+00    2.5760e+00    1.1873e-01    4.3442e-02
  266.5    3.1728e+00    2.5760e+00    2.3168e-01    7.2640e-02
  269.5    3.3563e+00    2.5760e+00    3.0291e-01    9.6578e-02
  272.5    3.2052e+00    2.5760e+00    2.4426e-01    8.2104e-02
  275.5    2.9818e+00    2.5760e+00    1.5754e-01    4.8158e-02
  278.5    2.6434e+00    2.5760e+00    2.6163e-02   -6.0771e-03
  281.5    2.3400e+00    2.5760e+00   -9.1611e-02   -5.3400e-02
  284.5    2.2889e+00    2.5760e+00   -1.1144e-01   -8.4098e-02
  287.5    2.2857e+00    2.5760e+00   -1.1269e-01   -8.2476e-02
  290.5    2.4625e+00    2.5760e+00   -4.4061e-02   -7.9319e-02
  293.5    2.5292e+00    2.5760e+00   -1.8187e-02   -6.9928e-02
  296.5    2.4101e+00    2.5760e+00   -6.4423e-02   -7.3251e-02
  299.5    2.1222e+00    2.5760e+00   -1.7618e-01   -8.4609e-02
  302.5    2.0783e+00    2.5760e+00   -1.9322e-01   -8.8832e-02
  305.5    2.3182e+00    2.5760e+00   -1.0007e-01   -7.5392e-02
  308.5    2.5975e+00    2.5760e+00    8.3441e-03   -5.4914e-02
  311.5    2.8400e+00    2.5760e+00    1.0248e-01   -3.9293e-02
  314.5    3.0782e+00    2.5760e+00    1.9493e-01   -3.3537e-02
  317.5    2.7392e+00    2.5760e+00    6.3335e-02   -4.5796e-02
  320.5    2.4390e+00    2.5760e+00   -5.3175e-02   -7.0801e-02
  323.5    2.3282e+00    2.5760e+00   -9.6215e-02   -9.4123e-02
  326.5    2.5122e+00    2.5760e+00   -2.4794e-02   -9.5873e-02
  329.5    2.6718e+00    2.5760e+00    3.7166e-02   -8.4221e-02
  332.5    2.6286e+00    2.5760e+00    2.0416e-02   -7.2600e-02
  335.5    2.5163e+00    2.5760e+00   -2.3192e-02   -6.3697e-02
  338.5    2.4347e+00    2.5760e+00   -5.4861e-02   -6.2330e-02
  341.5    2.3137e+00    2.5760e+00   -1.0185e-01   -7.0325e-02
  344.5    2.2904e+00    2.5760e+00   -1.1089e-01   -7.6546e-02
  347.5    2.3584e+00    2.5760e+00   -8.4492e-02   -6.2001e-02
  350.5    2.5759e+00    2.5760e+00   -5.3406e-05   -1.5022e-02
  353.5    2.8715e+00    2.5760e+00    1.1468e-01    3.3112e-02
  356.5    3.3172e+00    2.5760e+00    2.8773e-01    8.2614e-02
  359.5    3.5520e+00    2.5760e+00    3.7887e-01    1.0724e-01
  10   120  15.82   57.0    1.0    0.0   ----------------------------
    2.5    3.3510e+00    2.4473e+00    3.6927e-01    1.4960e-01
    5.5    2.7269e+00    2.4473e+00    1.1424e-01    1.4640e-01
    8.5    2.2700e+00    2.4473e+00   -7.2463e-02    1.2056e-01
   11.5    2.1703e+00    2.4473e+00   -1.1320e-01    1.0506e-01
   14.5    2.2941e+00    2.4473e+00   -6.2587e-02    9.3687e-02
   17.5    2.4506e+00    2.4473e+00    1.3498e-03    7.9819e-02
   20.5    2.6239e+00    2.4473e+00    7.2157e-02    6.2864e-02
   23.5    2.6894e+00    2.4473e+00    9.8910e-02    5.0229e-02
   26.5    2.5271e+00    2.4473e+00    3.2622e-02    5.9502e-02
   29.5    2.5369e+00    2.4473e+00    3.6611e-02    7.2473e-02
   32.5    2.3833e+00    2.4473e+00   -2.6143e-02    7.3672e-02
   35.5    2.2513e+00    2.4473e+00   -8.0079e-02    7.2645e-02
   38.5    2.1149e+00    2.4473e+00   -1.3583e-01    5.9301e-02
   41.5    2.1462e+00    2.4473e+00   -1.2303e-01    5.8199e-02
   44.5    2.2899e+00    2.4473e+00   -6.4319e-02    5.9322e-02
   47.5    2.2945e+00    2.4473e+00   -6.2437e-02    7.7978e-02
   50.5    2.2679e+00    2.4473e+00   -7.3289e-02    7.0136e-02
   53.5    2.3531e+00    2.4473e+00   -3.8496e-02    5.6512e-02
   56.5    2.1527e+00    2.4473e+00   -1.2039e-01    3.1354e-02
   59.5    2.1268e+00    2.4473e+00   -1.3098e-01    2.2201e-02
   62.5    2.4373e+00    2.4473e+00   -4.0950e-03    1.0720e-02
   65.5    2.6546e+00    2.4473e+00    8.4691e-02   -7.2439e-03
   68.5    2.6747e+00    2.4473e+00    9.2912e-02   -1.4181e-02
   71.5    2.4968e+00    2.4473e+00    2.0233e-02   -3.2952e-03
   74.5    2.2988e+00    2.4473e+00   -6.0679e-02    1.2453e-02
   77.5    2.1223e+00    2.4473e+00   -1.3280e-01    1.7791e-02
   80.5    2.1882e+00    2.4473e+00   -1.0587e-01    1.1627e-02
   83.5    2.6209e+00    2.4473e+00    7.0943e-02    2.4748e-02
   86.5    2.9730e+00    2.4473e+00    2.1480e-01    4.0306e-02
   89.5    3.0847e+00    2.4473e+00    2.6047e-01    4.1223e-02
   92.5    3.0349e+00    2.4473e+00    2.4011e-01    2.6062e-02
   95.5    2.7902e+00    2.4473e+00    1.4013e-01   -2.8608e-03
   98.5    2.4456e+00    2.4473e+00   -7.1168e-04   -2.7674e-02
  101.5    2.4288e+00    2.4473e+00   -7.5697e-03   -4.5036e-02
  104.5    2.4829e+00    2.4473e+00    1.4547e-02   -5.7990e-02
  107.5    2.4962e+00    2.4473e+00    1.9974e-02   -7.1829e-02
  110.5    2.6001e+00    2.4473e+00    6.2443e-02   -9.4843e-02
  113.5    2.7129e+00    2.4473e+00    1.0855e-01   -1.0924e-01
  116.5    2.7282e+00    2.4473e+00    1.1477e-01   -9.6502e-02
  119.5    2.3756e+00    2.4473e+00   -2.9311e-02   -9.3731e-02
  122.5    2.1279e+00    2.4473e+00   -1.3051e-01   -7.7914e-02
  125.5    1.9584e+00    2.4473e+00   -1.9977e-01   -6.8381e-02
  128.5    2.0470e+00    2.4473e+00   -1.6358e-01   -6.6296e-02
  131.5    2.2098e+00    2.4473e+00   -9.7027e-02   -5.9885e-02
  134.5    2.2113e+00    2.4473e+00   -9.6434e-02   -7.4690e-02
  137.5    2.0914e+00    2.4473e+00   -1.4542e-01   -9.1863e-02
  140.5    1.9776e+00    2.4473e+00   -1.9191e-01   -1.1231e-01
  143.5    1.9796e+00    2.4473e+00   -1.9110e-01   -1.2263e-01
  146.5    2.0653e+00    2.4473e+00   -1.5610e-01   -1.2936e-01
  149.5    2.2947e+00    2.4473e+00   -6.2357e-02   -1.3188e-01
  152.5    2.4965e+00    2.4473e+00    2.0102e-02   -1.2621e-01
  155.5    2.7069e+00    2.4473e+00    1.0610e-01   -1.1982e-01
  158.5    2.7548e+00    2.4473e+00    1.2564e-01   -1.0580e-01
  161.5    2.5364e+00    2.4473e+00    3.6402e-02   -6.9320e-02
  164.5    2.3891e+00    2.4473e+00   -2.3768e-02   -4.3870e-02
  167.5    2.0958e+00    2.4473e+00   -1.4364e-01   -1.3603e-02
  170.5    2.1701e+00    2.4473e+00   -1.1326e-01    8.3124e-03
  173.5    2.6207e+00    2.4473e+00    7.0866e-02    6.5079e-02
  176.5    3.2015e+00    2.4473e+00    3.0820e-01    1.1171e-01
  179.5    3.5409e+00    2.4473e+00    4.4686e-01    1.4674e-01
  182.5    3.4211e+00    2.4473e+00    3.9792e-01    1.4960e-01
  185.5    2.8748e+00    2.4473e+00    1.7469e-01    1.4640e-01
  188.5    2.2961e+00    2.4473e+00   -6.1761e-02    1.2056e-01
  191.5    2.0184e+00    2.4473e+00   -1.7527e-01    1.0506e-01
  194.5    2.1663e+00    2.4473e+00   -1.1481e-01    9.3687e-02
  197.5    2.4037e+00    2.4473e+00   -1.7804e-02    7.9820e-02
  200.5    2.6349e+00    2.4473e+00    7.6643e-02    6.2863e-02
  203.5    2.6801e+00    2.4473e+00    9.5119e-02    5.0231e-02
  206.5    2.5784e+00    2.4473e+00    5.3571e-02    5.9503e-02
  209.5    2.4889e+00    2.4473e+00    1.6983e-02    7.2474e-02
  212.5    2.1981e+00    2.4473e+00   -1.0181e-01    7.3672e-02
  215.5    1.9890e+00    2.4473e+00   -1.8729e-01    7.2645e-02
  218.5    1.9247e+00    2.4473e+00   -2.1352e-01    5.9302e-02
  221.5    2.0860e+00    2.4473e+00   -1.4764e-01    5.8199e-02
  224.5    2.2073e+00    2.4473e+00   -9.8067e-02    5.9321e-02
  227.5    2.2869e+00    2.4473e+00   -6.5550e-02    7.7977e-02
  230.5    2.1339e+00    2.4473e+00   -1.2805e-01    7.0138e-02
  233.5    1.9973e+00    2.4473e+00   -1.8389e-01    5.6512e-02
  236.5    2.0374e+00    2.4473e+00   -1.6750e-01    3.1354e-02
  239.5    2.3220e+00    2.4473e+00   -5.1211e-02    2.2197e-02
  242.5    2.7296e+00    2.4473e+00    1.1534e-01    1.0721e-02
  245.5    2.7094e+00    2.4473e+00    1.0711e-01   -7.2425e-03
  248.5    2.6373e+00    2.4473e+00    7.7635e-02   -1.4179e-02
  251.5    2.5067e+00    2.4473e+00    2.4265e-02   -3.3007e-03
  254.5    2.4549e+00    2.4473e+00    3.1052e-03    1.2452e-02
  257.5    2.3288e+00    2.4473e+00   -4.8406e-02    1.7790e-02
  260.5    2.3445e+00    2.4473e+00   -4.1993e-02    1.1627e-02
  263.5    2.6053e+00    2.4473e+00    6.4565e-02    2.4741e-02
  266.5    2.8079e+00    2.4473e+00    1.4733e-01    4.0308e-02
  269.5    2.8795e+00    2.4473e+00    1.7659e-01    4.1222e-02
  272.5    2.7755e+00    2.4473e+00    1.3409e-01    2.6061e-02
  275.5    2.6180e+00    2.4473e+00    6.9763e-02   -2.8666e-03
  278.5    2.2706e+00    2.4473e+00   -7.2216e-02   -2.7674e-02
  281.5    2.0994e+00    2.4473e+00   -1.4216e-01   -4.5038e-02
  284.5    2.1955e+00    2.4473e+00   -1.0290e-01   -5.7991e-02
  287.5    2.3680e+00    2.4473e+00   -3.2420e-02   -7.1830e-02
  290.5    2.6150e+00    2.4473e+00    6.8509e-02   -9.4844e-02
  293.5    2.6959e+00    2.4473e+00    1.0158e-01   -1.0924e-01
  296.5    2.5954e+00    2.4473e+00    6.0521e-02   -9.6502e-02
  299.5    2.2125e+00    2.4473e+00   -9.5950e-02   -9.3730e-02
  302.5    2.0856e+00    2.4473e+00   -1.4780e-01   -7.7914e-02
  305.5    2.3058e+00    2.4473e+00   -5.7815e-02   -6.8379e-02
  308.5    2.3610e+00    2.4473e+00   -3.5263e-02   -6.6297e-02
  311.5    2.2874e+00    2.4473e+00   -6.5353e-02   -5.9886e-02
  314.5    2.3570e+00    2.4473e+00   -3.6898e-02   -7.4690e-02
  317.5    2.2446e+00    2.4473e+00   -8.2832e-02   -9.1863e-02
  320.5    2.1994e+00    2.4473e+00   -1.0131e-01   -1.1231e-01
  323.5    2.2990e+00    2.4473e+00   -6.0586e-02   -1.2262e-01
  326.5    2.4312e+00    2.4473e+00   -6.5866e-03   -1.2936e-01
  329.5    2.5431e+00    2.4473e+00    3.9140e-02   -1.3188e-01
  332.5    2.4690e+00    2.4473e+00    8.8543e-03   -1.2621e-01
  335.5    2.5957e+00    2.4473e+00    6.0635e-02   -1.1982e-01
  338.5    2.6456e+00    2.4473e+00    8.1019e-02   -1.0580e-01
  341.5    2.4083e+00    2.4473e+00   -1.5939e-02   -6.9319e-02
  344.5    2.2680e+00    2.4473e+00   -7.3250e-02   -4.3874e-02
  347.5    2.1260e+00    2.4473e+00   -1.3127e-01   -1.3603e-02
  350.5    2.1871e+00    2.4473e+00   -1.0631e-01    8.3093e-03
  353.5    2.5903e+00    2.4473e+00    5.8423e-02    6.5079e-02
  356.5    3.2574e+00    2.4473e+00    3.3100e-01    1.1171e-01
  359.5    3.6764e+00    2.4473e+00    5.0225e-01    1.4673e-01

fitted parameters ( nfit =  0  nfollow =  0  )

   r-factora =    0.5663   r-factorb =    0.8316

    0     4.00    237.0    3.037           general vinner tdebye lattice
    1  0.57491  0.89562  1.00000  1.90912  layer spacing length units
    2  0.00000  0.03820  1.00000  1.90912  layer spacing length units
    3  0.14000  0.66184  1.00000  1.90912  layer spacing length units
    4  0.55000  1.41686  1.00000  1.90912  layer spacing length units
    5  0.10000  1.48864  1.00000  1.90912  layer spacing length units
    6  0.01000  0.69345  1.00000  1.90912  layer spacing length units
    7  0.41000  0.46592  1.00000  1.90912  layer spacing length units
    8  0.21995  1.53276  1.00000  1.90912  layer spacing length units
    9  0.01581  1.84458  1.00000  1.90912  layer spacing length units
   10  0.01581  0.98749  1.00000  1.90912  layer spacing length units
   11  0.57491  1.46427  1.00000  1.90912  layer spacing length units
   12  0.01581  0.72078  1.00000  1.90912  layer spacing length units
   13  0.01581  0.91439  1.00000  1.90912  layer spacing length units
   14  0.29799  1.98815  1.00000  1.90912  layer spacing length units
   15  0.38788  1.88278  1.00000  1.90912  layer spacing length units
   16  0.00330  0.96148  1.00000  1.90912  layer spacing length units
                                           unit: lattice constant

   r-factora=sum((chic-chie)*(chic-chie))/(sum(chic*chic+chie*chie)
   r-factorb=sum(chic*chic-chie*chie)/sum(chic*chic+chie*chie)

This calculation took    6 processor minutes on    5 Linux Cluster
     starting on Mon May 12 12:00:05 2025
   and ending on Mon May 12 12:01:17 2025

