   223    26     0     datakind beginning-row multi-curves
-----------------------------------------------------------------
Calculation of photoelectron diffraction and dichroism
MSCD Parallel  Version 1.37 Yufeng Chen and Michel A Van Hove
Lawrence Berkeley National Laboratory (LBNL), Berkeley, CA 94720
Copyright (c) Van Hove Group 1997-1998. All rights reserved
-----------------------------------------------------------------
 angle-resolved photoemission extended fine structure (ARPEFS)
 multiple scattering calculation of SiC(0001)-Grafeno
 calculated by LHLima on Jul 21, 2011

   initial angular momentum (li) = 1   msorder=  8   raorder= 4
   photon polarization angle (polar,azimuth) =(  30.0   0.0 ) (deg)

   radius, depth and lattice constant=   9.0,  16.0 and   3.08 angstrom
   cluster size= 329 atoms and spacings=  0.00  0.10  1.96  0.55 angs
   inner potential= 11.7 V  debye and sample temperature= 625, 300 K
   electron wave attenuation due to inelastic process not considered
   density of bulk=   3.21 g/cm3     molecular weight=  40.10 amu
   effective weight for kind 1-3 =   12.0   28.1    0.0 amu
   half aperture angle=    4.0 deg            pathcut=     0.0010

   photoemission azimuthal scan curves
     parameters: curve point theta phi weightc weighte
     columns: phi intensity background chical chiexp
    14   434    1   14   31  434  ncurve npoint nk ntheta nphi nangle
  1   31.0   14.31   33.0   1.0   0.0  ------------------
  41.0   0.0148035   1.3237e-02   2.4038e-01   3.1042e-03
  44.0   0.0152695   1.3237e-02   2.8090e-01   5.1422e-03
  47.0   0.0149465   1.3237e-02   2.3015e-01   6.0804e-03
  50.0   0.0142335   1.3237e-02   1.4625e-01   1.5460e-03
  53.0   0.0129305   1.3237e-02   9.6353e-03   -1.7336e-03
  56.0   0.011439   1.3237e-02   -1.2696e-01   -5.8600e-03
  59.0   0.01000125   1.3237e-02   -2.4423e-01   -3.2960e-03
  62.0   0.00889365   1.3237e-02   -3.2318e-01   -6.7164e-03
  65.0   0.00838425   1.3237e-02   -3.5196e-01   -7.0932e-03
  68.0   0.008097   1.3237e-02   -3.6858e-01   -1.6287e-02
  71.0   0.00840445   1.3237e-02   -3.3992e-01   -1.1751e-02
  74.0   0.0096087   1.3237e-02   -2.1345e-01   -9.6650e-03
  77.0   0.0113165   1.3237e-02   -3.8516e-02   7.9009e-03
  80.0   0.0133745   1.3237e-02   1.3803e-01   8.1987e-03
  83.0   0.015616   1.3237e-02   3.2119e-01   1.2098e-02
  86.0   0.0174255   1.3237e-02   4.8047e-01   9.3598e-03
  89.0   0.0185485   1.3237e-02   5.7963e-01   1.5739e-02
  92.0   0.01831   1.3237e-02   5.5493e-01   1.5328e-02
  95.0   0.0166865   1.3237e-02   4.1244e-01   1.3618e-02
  98.0   0.0148545   1.3237e-02   2.6912e-01   8.7607e-03
  101.0   0.012642   1.3237e-02   7.5832e-02   1.9600e-03
  104.0   0.0107828   1.3237e-02   -9.0256e-02   -3.8686e-03
  107.0   0.0091625   1.3237e-02   -2.5562e-01   -1.4214e-02
  110.0   0.00835435   1.3237e-02   -3.3898e-01   -1.6803e-02
  113.0   0.0081691   1.3237e-02   -3.6470e-01   -1.2676e-02
  116.0   0.0084371   1.3237e-02   -3.4955e-01   -1.0290e-02
  119.0   0.009241   1.3237e-02   -2.9989e-01   -5.8819e-03
  122.0   0.010509   1.3237e-02   -2.0043e-01   -5.0908e-03
  125.0   0.011967   1.3237e-02   -8.4361e-02   1.9394e-03
  128.0   0.0134715   1.3237e-02   6.1485e-02   8.1195e-03
  131.0   0.014631   1.3237e-02   1.9012e-01   1.2329e-02
  2   31.0   14.31   36.0   1.0   0.0  ------------------
  41.0   0.0134075   1.2310e-02   1.9028e-01   -2.7718e-03
  44.0   0.013151   1.2310e-02   1.4286e-01   7.3494e-04
  47.0   0.013312   1.2310e-02   1.5120e-01   6.0242e-03
  50.0   0.013602   1.2310e-02   1.8953e-01   2.3029e-03
  53.0   0.013196   1.2310e-02   1.4002e-01   3.8987e-03
  56.0   0.011986   1.2310e-02   1.5276e-02   2.5493e-03
  59.0   0.0105165   1.2310e-02   -1.2786e-01   -7.2133e-04
  62.0   0.00912525   1.2310e-02   -2.7805e-01   -7.2975e-03
  65.0   0.0083522   1.2310e-02   -3.4176e-01   -1.0496e-02
  68.0   0.007999   1.2310e-02   -3.6417e-01   -9.0570e-03
  71.0   0.00814595   1.2310e-02   -3.2248e-01   -4.9885e-03
  74.0   0.0087911   1.2310e-02   -2.2682e-01   -5.9065e-03
  77.0   0.01003635   1.2310e-02   -8.3871e-02   -1.5394e-04
  80.0   0.01169   1.2310e-02   7.2520e-02   5.6158e-03
  83.0   0.01373   1.2310e-02   2.5560e-01   1.1736e-02
  86.0   0.0154245   1.2310e-02   3.7565e-01   1.3435e-02
  89.0   0.0168405   1.2310e-02   4.9777e-01   1.0596e-02
  92.0   0.0165645   1.2310e-02   4.7108e-01   6.7110e-03
  95.0   0.015135   1.2310e-02   3.6290e-01   8.0899e-04
  98.0   0.013151   1.2310e-02   2.0735e-01   -3.9120e-03
  101.0   0.01109505   1.2310e-02   1.2689e-02   -7.6427e-03
  104.0   0.00958425   1.2310e-02   -1.3252e-01   -8.3040e-03
  107.0   0.0084303   1.2310e-02   -2.8058e-01   -4.3132e-03
  110.0   0.0080899   1.2310e-02   -3.3113e-01   -5.5952e-04
  113.0   0.00808815   1.2310e-02   -3.6351e-01   -4.1757e-04
  116.0   0.00859865   1.2310e-02   -3.3006e-01   7.1002e-04
  119.0   0.00951025   1.2310e-02   -2.3189e-01   -5.0513e-04
  122.0   0.0111435   1.2310e-02   -6.8312e-02   2.3088e-03
  125.0   0.0124825   1.2310e-02   6.5048e-02   -6.1866e-03
  128.0   0.0133575   1.2310e-02   1.5957e-01   -3.1619e-03
  131.0   0.013529   1.2310e-02   1.7367e-01   8.9680e-03
  3   31.0   14.31   39.0   1.0   0.0  ------------------
  41.0   0.012888   1.3036e-02   9.3020e-02   -2.0056e-02
  44.0   0.0125685   1.3036e-02   5.3079e-02   3.7725e-03
  47.0   0.0127295   1.3036e-02   6.8513e-02   1.3499e-02
  50.0   0.013383   1.3036e-02   1.3691e-01   1.3875e-02
  53.0   0.013203   1.3036e-02   1.1375e-01   1.1491e-02
  56.0   0.0120225   1.3036e-02   -6.6426e-03   7.1567e-03
  59.0   0.010541   1.3036e-02   -1.6287e-01   2.6543e-04
  62.0   0.00944265   1.3036e-02   -2.7062e-01   -8.5644e-03
  65.0   0.008996   1.3036e-02   -3.0373e-01   -1.3468e-02
  68.0   0.0085556   1.3036e-02   -3.2705e-01   -1.4614e-02
  71.0   0.0084043   1.3036e-02   -3.0454e-01   -1.4863e-02
  74.0   0.0088517   1.3036e-02   -2.1243e-01   -7.4584e-03
  77.0   0.00985055   1.3036e-02   -8.8156e-02   1.4945e-03
  80.0   0.0111313   1.3036e-02   3.1471e-02   -9.7710e-04
  83.0   0.01357   1.3036e-02   2.8912e-01   2.4500e-04
  86.0   0.0157545   1.3036e-02   4.6888e-01   5.3324e-03
  89.0   0.0171465   1.3036e-02   6.0172e-01   1.9300e-02
  92.0   0.0168115   1.3036e-02   5.6958e-01   1.5403e-02
  95.0   0.014974   1.3036e-02   4.0171e-01   8.8049e-03
  98.0   0.01265685   1.3036e-02   1.9516e-01   -1.1573e-03
  101.0   0.0108476   1.3036e-02   2.1171e-02   -6.7856e-04
  104.0   0.0095374   1.3036e-02   -1.2137e-01   -2.1186e-03
  107.0   0.00845825   1.3036e-02   -2.7380e-01   -2.3207e-03
  110.0   0.0085653   1.3036e-02   -2.9300e-01   -5.9719e-03
  113.0   0.00865855   1.3036e-02   -3.2408e-01   -6.5078e-03
  116.0   0.00909985   1.3036e-02   -2.9823e-01   -3.5371e-03
  119.0   0.00976135   1.3036e-02   -2.3916e-01   -3.1239e-03
  122.0   0.0109445   1.3036e-02   -1.1203e-01   -3.7643e-03
  125.0   0.01253   1.3036e-02   4.4602e-02   -6.4629e-04
  128.0   0.01339   1.3036e-02   1.3204e-01   5.0128e-03
  131.0   0.0131945   1.3036e-02   1.1696e-01   4.1769e-03
  4   31.0   14.31   42.0   1.0   0.0  ------------------
  41.0   0.01292   1.4206e-02   6.0060e-02   1.0168e-02
  44.0   0.01278   1.4206e-02   4.5516e-02   8.0147e-03
  47.0   0.0128735   1.4206e-02   5.4708e-02   2.2814e-03
  50.0   0.0136015   1.4206e-02   1.3249e-01   -1.2264e-03
  53.0   0.0132635   1.4206e-02   1.0468e-01   -1.0988e-02
  56.0   0.011788   1.4206e-02   -4.9544e-02   -1.5191e-02
  59.0   0.010591   1.4206e-02   -1.6749e-01   -1.5519e-02
  62.0   0.01008005   1.4206e-02   -2.3178e-01   -2.8253e-03
  65.0   0.009698   1.4206e-02   -2.8457e-01   3.1515e-03
  68.0   0.00892965   1.4206e-02   -3.7320e-01   2.4601e-04
  71.0   0.0088989   1.4206e-02   -3.1853e-01   -3.2698e-03
  74.0   0.00938805   1.4206e-02   -1.9552e-01   -2.3327e-03
  77.0   0.0103211   1.4206e-02   -5.5887e-02   1.3429e-03
  80.0   0.0115501   1.4206e-02   6.4359e-02   7.7585e-03
  83.0   0.01359465   1.4206e-02   2.6078e-01   1.2038e-02
  86.0   0.0159935   1.4206e-02   4.8109e-01   1.3179e-02
  89.0   0.0178685   1.4206e-02   6.5629e-01   1.5311e-02
  92.0   0.017505   1.4206e-02   6.2934e-01   1.0737e-02
  95.0   0.015347   1.4206e-02   4.2918e-01   7.2184e-03
  98.0   0.01266055   1.4206e-02   1.6379e-01   -4.4528e-03
  101.0   0.0110197   1.4206e-02   1.8422e-02   -8.7694e-03
  104.0   0.00977165   1.4206e-02   -1.2566e-01   -1.0042e-02
  107.0   0.0089469   1.4206e-02   -2.6948e-01   -8.9936e-03
  110.0   0.0089225   1.4206e-02   -3.3813e-01   -3.7287e-03
  113.0   0.009156   1.4206e-02   -3.5062e-01   -3.8640e-03
  116.0   0.00994595   1.4206e-02   -2.5446e-01   -3.2039e-03
  119.0   0.0101108   1.4206e-02   -2.1851e-01   -8.3227e-03
  122.0   0.01087345   1.4206e-02   -1.3926e-01   -4.5142e-03
  125.0   0.0124325   1.4206e-02   1.9976e-02   -1.8786e-03
  128.0   0.013565   1.4206e-02   1.3926e-01   6.2753e-03
  131.0   0.0133535   1.4206e-02   1.1271e-01   1.1385e-02
  5   31.0   14.31   45.0   1.0   0.0  ------------------
  41.0   0.01111085   1.2925e-02   4.2675e-02   9.6499e-03
  44.0   0.0112093   1.2925e-02   7.1046e-02   9.4217e-03
  47.0   0.01093   1.2925e-02   3.1201e-02   1.5478e-03
  50.0   0.0109202   1.2925e-02   1.8301e-02   -7.9220e-03
  53.0   0.01072825   1.2925e-02   -2.2064e-02   -1.4284e-02
  56.0   0.0100451   1.2925e-02   -1.2248e-01   -1.7104e-02
  59.0   0.00984725   1.2925e-02   -1.5519e-01   -9.4452e-03
  62.0   0.0102182   1.2925e-02   -1.2818e-01   -1.0301e-03
  65.0   0.01035595   1.2925e-02   -1.6460e-01   7.3621e-03
  68.0   0.00983305   1.2925e-02   -2.3871e-01   9.3578e-03
  71.0   0.0094978   1.2925e-02   -2.0016e-01   9.3989e-03
  74.0   0.0088154   1.2925e-02   -1.9016e-01   1.3051e-03
  77.0   0.0090908   1.2925e-02   -1.0826e-01   -3.3701e-03
  80.0   0.0102501   1.2925e-02   9.2161e-03   -4.1743e-03
  83.0   0.01250085   1.2925e-02   2.0567e-01   8.5349e-03
  86.0   0.015651   1.2925e-02   5.1210e-01   1.1771e-02
  89.0   0.017447   1.2925e-02   6.6802e-01   9.7356e-03
  92.0   0.017066   1.2925e-02   6.2972e-01   5.4778e-03
  95.0   0.0146425   1.2925e-02   4.0528e-01   -6.3702e-03
  98.0   0.01172675   1.2925e-02   1.2781e-01   -8.0644e-03
  101.0   0.00970455   1.2925e-02   -5.0082e-02   -8.1769e-03
  104.0   0.0089172   1.2925e-02   -1.4216e-01   5.6158e-04
  107.0   0.0087763   1.2925e-02   -2.4096e-01   -7.6727e-04
  110.0   0.0096352   1.2925e-02   -2.2743e-01   -2.8373e-04
  113.0   0.0100872   1.2925e-02   -2.1107e-01   -1.1060e-03
  116.0   0.0103184   1.2925e-02   -1.5019e-01   -5.6280e-03
  119.0   0.01007885   1.2925e-02   -1.3865e-01   -5.4558e-03
  122.0   0.00982345   1.2925e-02   -1.5737e-01   -4.1155e-03
  125.0   0.0103179   1.2925e-02   -7.7962e-02   5.8680e-03
  128.0   0.01082905   1.2925e-02   8.1193e-04   4.9522e-03
  131.0   0.01082085   1.2925e-02   3.8072e-03   2.3497e-03
  6   31.0   14.31   48.0   1.0   0.0  ------------------
  41.0   0.00959265   1.2787e-02   -4.7740e-02   4.4107e-03
  44.0   0.01011835   1.2787e-02   3.0004e-02   4.5571e-04
  47.0   0.0097011   1.2787e-02   -3.4629e-02   -6.2794e-04
  50.0   0.00992535   1.2787e-02   3.8096e-03   1.7697e-04
  53.0   0.00987335   1.2787e-02   -5.6799e-03   -3.4099e-04
  56.0   0.00954615   1.2787e-02   -9.3107e-02   -1.5199e-03
  59.0   0.00936295   1.2787e-02   -1.6647e-01   -1.6011e-03
  62.0   0.0098335   1.2787e-02   -1.3513e-01   -7.3124e-04
  65.0   0.0104176   1.2787e-02   -8.3989e-02   -1.4101e-03
  68.0   0.01022215   1.2787e-02   -9.5193e-02   -2.4945e-03
  71.0   0.0094374   1.2787e-02   -1.2959e-01   -7.3407e-03
  74.0   0.0085367   1.2787e-02   -1.7488e-01   -3.6318e-03
  77.0   0.0087736   1.2787e-02   -1.1957e-01   -3.7120e-03
  80.0   0.0098968   1.2787e-02   -1.6229e-02   -2.3172e-03
  83.0   0.01222215   1.2787e-02   1.4819e-01   3.2948e-04
  86.0   0.0153305   1.2787e-02   4.0169e-01   8.1627e-03
  89.0   0.0174225   1.2787e-02   5.5439e-01   1.6428e-02
  92.0   0.0168175   1.2787e-02   5.2721e-01   9.5016e-03
  95.0   0.01443   1.2787e-02   3.3000e-01   1.4639e-03
  98.0   0.01139915   1.2787e-02   1.0017e-01   -5.1703e-04
  101.0   0.00939835   1.2787e-02   -6.6822e-02   3.9899e-03
  104.0   0.0085453   1.2787e-02   -1.5157e-01   1.2036e-03
  107.0   0.008636   1.2787e-02   -1.8968e-01   -1.0791e-03
  110.0   0.00986175   1.2787e-02   -9.9664e-02   -7.3283e-03
  113.0   0.01041915   1.2787e-02   -8.1782e-02   -6.0139e-03
  116.0   0.0102631   1.2787e-02   -9.3586e-02   -7.2824e-03
  119.0   0.00980335   1.2787e-02   -1.2494e-01   -6.4811e-03
  122.0   0.0092437   1.2787e-02   -1.6305e-01   -7.1728e-03
  125.0   0.0097733   1.2787e-02   -4.2297e-02   1.5359e-03
  128.0   0.01006005   1.2787e-02   1.8996e-02   6.8638e-03
  131.0   0.0099333   1.2787e-02   1.1575e-03   7.0845e-03
  7   31.0   14.31   51.0   1.0   0.0  ------------------
  41.0   0.01075375   1.4207e-02   -1.1934e-01   6.2145e-04
  44.0   0.01181495   1.4207e-02   -1.1856e-02   1.5913e-03
  47.0   0.01177155   1.4207e-02   -2.4931e-02   4.7454e-03
  50.0   0.0118399   1.4207e-02   2.4566e-02   2.5249e-03
  53.0   0.0117695   1.4207e-02   1.0510e-01   1.3933e-04
  56.0   0.0106842   1.4207e-02   1.2093e-03   -6.0418e-03
  59.0   0.0099732   1.4207e-02   -1.3707e-01   1.3383e-04
  62.0   0.00993385   1.4207e-02   -2.1050e-01   -2.4259e-03
  65.0   0.0098001   1.4207e-02   -2.4733e-01   -1.1211e-03
  68.0   0.0098038   1.4207e-02   -2.1158e-01   -5.5489e-03
  71.0   0.0096204   1.4207e-02   -1.8299e-01   -5.9671e-03
  74.0   0.00945375   1.4207e-02   -1.5057e-01   -1.0190e-02
  77.0   0.0095357   1.4207e-02   -1.0544e-01   -1.0921e-02
  80.0   0.01083455   1.4207e-02   6.2182e-03   -2.4093e-03
  83.0   0.013463   1.4207e-02   1.8661e-01   8.7924e-03
  86.0   0.0172965   1.4207e-02   4.6380e-01   1.6374e-02
  89.0   0.0198055   1.4207e-02   6.0343e-01   1.8979e-02
  92.0   0.0191135   1.4207e-02   5.6342e-01   1.6052e-02
  95.0   0.0162965   1.4207e-02   4.0160e-01   8.1034e-03
  98.0   0.01249225   1.4207e-02   1.3273e-01   -1.5129e-03
  101.0   0.01022215   1.4207e-02   -3.4521e-02   -3.8274e-03
  104.0   0.0095836   1.4207e-02   -1.0898e-01   -8.5580e-03
  107.0   0.00951385   1.4207e-02   -1.6456e-01   -1.0714e-02
  110.0   0.00973965   1.4207e-02   -1.9172e-01   -9.2765e-03
  113.0   0.00990095   1.4207e-02   -2.1733e-01   -3.0860e-03
  116.0   0.00977085   1.4207e-02   -2.4555e-01   -1.7609e-03
  119.0   0.00986555   1.4207e-02   -2.0204e-01   -5.8201e-03
  122.0   0.01007975   1.4207e-02   -9.7754e-02   -4.1373e-03
  125.0   0.0112823   1.4207e-02   7.9368e-02   3.9265e-03
  128.0   0.0119889   1.4207e-02   9.9442e-02   7.6448e-03
  131.0   0.0117273   1.4207e-02   -3.4572e-03   3.6930e-03
  8   31.0   14.31   54.0   1.0   0.0  ------------------
  41.0   0.0133245   1.3341e-02   9.1430e-02   4.4360e-03
  44.0   0.014193   1.3341e-02   1.5507e-01   2.8608e-03
  47.0   0.0140025   1.3341e-02   1.3239e-01   -2.3079e-04
  50.0   0.013362   1.3341e-02   8.5946e-02   -1.4448e-03
  53.0   0.01150355   1.3341e-02   -2.3729e-02   -2.5717e-03
  56.0   0.00964575   1.3341e-02   -1.3140e-01   -1.3532e-03
  59.0   0.00948715   1.3341e-02   -1.6548e-01   -1.4179e-03
  62.0   0.0101387   1.3341e-02   -1.7461e-01   -4.1884e-03
  65.0   0.00999295   1.3341e-02   -2.3496e-01   -3.5251e-03
  68.0   0.0102872   1.3341e-02   -1.7669e-01   9.8855e-04
  71.0   0.01112255   1.3341e-02   -5.0162e-02   -1.2738e-03
  74.0   0.01045005   1.3341e-02   -7.8643e-02   -2.7056e-03
  77.0   0.0093859   1.3341e-02   -1.3419e-01   -6.9628e-03
  80.0   0.0099438   1.3341e-02   -5.8710e-02   -4.4340e-03
  83.0   0.0123735   1.3341e-02   1.0430e-01   1.4422e-03
  86.0   0.016005   1.3341e-02   3.9007e-01   7.4981e-03
  89.0   0.018479   1.3341e-02   5.7032e-01   1.7688e-02
  92.0   0.017663   1.3341e-02   5.2222e-01   1.3906e-02
  95.0   0.014667   1.3341e-02   2.8502e-01   8.3605e-03
  98.0   0.01139445   1.3341e-02   3.5223e-02   -1.9311e-03
  101.0   0.0094968   1.3341e-02   -1.2654e-01   -3.1866e-03
  104.0   0.00971255   1.3341e-02   -1.1857e-01   -6.8944e-03
  107.0   0.01069145   1.3341e-02   -8.4987e-02   -6.6263e-03
  110.0   0.01080585   1.3341e-02   -9.2069e-02   -8.4492e-03
  113.0   0.010106   1.3341e-02   -2.1325e-01   -4.0497e-03
  116.0   0.01006705   1.3341e-02   -2.2765e-01   -2.8092e-05
  119.0   0.009914   1.3341e-02   -1.7709e-01   -1.5038e-03
  122.0   0.00951295   1.3341e-02   -1.3756e-01   -3.2159e-03
  125.0   0.01024245   1.3341e-02   -8.4641e-02   -2.7408e-03
  128.0   0.012203   1.3341e-02   6.7346e-03   3.6276e-03
  131.0   0.0136515   1.3341e-02   1.1222e-01   7.9947e-03
  9   31.0   14.31   57.0   1.0   0.0  ------------------
  41.0   0.0154855   1.3287e-02   3.5244e-01   1.2567e-02
  44.0   0.0162965   1.3287e-02   4.3829e-01   6.3767e-03
  47.0   0.015666   1.3287e-02   3.3169e-01   -2.3946e-03
  50.0   0.0135315   1.3287e-02   5.3029e-02   -5.3885e-03
  53.0   0.0108775   1.3287e-02   -1.7461e-01   -1.0010e-02
  56.0   0.0089427   1.3287e-02   -2.3880e-01   -5.7583e-03
  59.0   0.00891785   1.3287e-02   -2.2860e-01   1.3571e-03
  62.0   0.00933415   1.3287e-02   -2.6909e-01   -2.6210e-03
  65.0   0.009722   1.3287e-02   -2.5027e-01   -2.8908e-03
  68.0   0.01038695   1.3287e-02   -1.7780e-01   -3.6587e-03
  71.0   0.01068085   1.3287e-02   -1.2889e-01   3.8281e-03
  74.0   0.0096931   1.3287e-02   -2.4183e-01   -5.7243e-03
  77.0   0.00863285   1.3287e-02   -2.9192e-01   -1.0366e-02
  80.0   0.00905515   1.3287e-02   -1.8130e-01   -1.4722e-02
  83.0   0.01269815   1.3287e-02   1.9762e-01   -3.4963e-03
  86.0   0.01764   1.3287e-02   6.1183e-01   1.5081e-02
  89.0   0.020551   1.3287e-02   8.7683e-01   1.9431e-02
  92.0   0.019667   1.3287e-02   7.7670e-01   2.3208e-02
  95.0   0.015999   1.3287e-02   4.8983e-01   1.0069e-02
  98.0   0.0111828   1.3287e-02   4.1185e-02   7.7529e-03
  101.0   0.0086025   1.3287e-02   -2.3796e-01   2.0840e-03
  104.0   0.0089237   1.3287e-02   -2.8916e-01   6.7137e-03
  107.0   0.00999535   1.3287e-02   -2.1557e-01   6.9251e-03
  110.0   0.0107217   1.3287e-02   -1.1975e-01   -2.2722e-03
  113.0   0.01041655   1.3287e-02   -1.6565e-01   -1.9696e-02
  116.0   0.00964495   1.3287e-02   -2.5008e-01   -2.7700e-02
  119.0   0.0092511   1.3287e-02   -2.5029e-01   -2.3501e-02
  122.0   0.0087868   1.3287e-02   -2.3732e-01   -1.2739e-02
  125.0   0.00923585   1.3287e-02   -2.4536e-01   -2.3082e-03
  128.0   0.0117535   1.3287e-02   -1.2113e-01   1.2784e-02
  131.0   0.0144275   1.3287e-02   1.4592e-01   2.7448e-02
  10   31.0   14.31   60.0   1.0   0.0  ------------------
  41.0   0.014102   1.2968e-02   2.7015e-01   1.7476e-02
  44.0   0.014751   1.2968e-02   3.2926e-01   8.5832e-04
  47.0   0.0139615   1.2968e-02   2.0939e-01   -4.0550e-03
  50.0   0.012416   1.2968e-02   3.4976e-02   -8.3646e-03
  53.0   0.0108461   1.2968e-02   -6.6538e-03   -5.3732e-03
  56.0   0.0092191   1.2968e-02   -9.1229e-02   -5.2254e-03
  59.0   0.00920095   1.2968e-02   -1.5480e-01   1.6761e-04
  62.0   0.00944455   1.2968e-02   -2.1091e-01   -2.7725e-03
  65.0   0.00907565   1.2968e-02   -2.8698e-01   -1.5220e-03
  68.0   0.0091635   1.2968e-02   -2.3242e-01   -1.3854e-03
  71.0   0.00877725   1.2968e-02   -2.6451e-01   -3.7772e-03
  74.0   0.0082858   1.2968e-02   -3.0258e-01   -7.7693e-03
  77.0   0.00744415   1.2968e-02   -3.7167e-01   -8.6174e-03
  80.0   0.00847615   1.2968e-02   -2.1419e-01   -2.4318e-03
  83.0   0.01308115   1.2968e-02   3.1093e-01   1.7123e-03
  86.0   0.0178625   1.2968e-02   7.1159e-01   1.1890e-02
  89.0   0.0201585   1.2968e-02   8.1275e-01   1.9569e-02
  92.0   0.0198475   1.2968e-02   7.9499e-01   2.3731e-02
  95.0   0.016615   1.2968e-02   6.2562e-01   1.4378e-02
  98.0   0.01109105   1.2968e-02   1.1190e-01   -3.0912e-03
  101.0   0.00784155   1.2968e-02   -2.9997e-01   -3.3926e-03
  104.0   0.007659   1.2968e-02   -3.6647e-01   1.1708e-03
  107.0   0.0083126   1.2968e-02   -3.1635e-01   3.5387e-04
  110.0   0.00891905   1.2968e-02   -2.5062e-01   -9.0578e-03
  113.0   0.0092093   1.2968e-02   -2.4186e-01   -1.3404e-02
  116.0   0.00916885   1.2968e-02   -2.7687e-01   -1.5780e-02
  119.0   0.0094885   1.2968e-02   -1.9226e-01   -1.4447e-02
  122.0   0.0089702   1.2968e-02   -1.5612e-01   -1.1050e-02
  125.0   0.00961745   1.2968e-02   -6.4370e-02   1.5328e-03
  128.0   0.0114769   1.2968e-02   7.5182e-03   9.6482e-03
  131.0   0.01299   1.2968e-02   8.1764e-02   1.9248e-02
  11   31.0   14.31   63.0   1.0   0.0  ------------------
  41.0   0.0122547   1.2885e-02   2.0127e-01   -8.7877e-03
  44.0   0.0123974   1.2885e-02   1.6227e-01   6.3227e-03
  47.0   0.01216105   1.2885e-02   1.4963e-01   8.0485e-03
  50.0   0.0115789   1.2885e-02   1.2663e-01   7.4410e-03
  53.0   0.0107132   1.2885e-02   1.5498e-01   1.7707e-03
  56.0   0.00880875   1.2885e-02   -7.2995e-02   5.6271e-04
  59.0   0.00932755   1.2885e-02   -1.1823e-01   -2.8608e-03
  62.0   0.0098847   1.2885e-02   -1.4114e-01   -3.0031e-03
  65.0   0.009427   1.2885e-02   -1.9356e-01   -4.1783e-03
  68.0   0.0086564   1.2885e-02   -2.4877e-01   -7.8430e-03
  71.0   0.0077485   1.2885e-02   -2.9778e-01   -1.1741e-02
  74.0   0.00708355   1.2885e-02   -3.4885e-01   -1.8046e-02
  77.0   0.0065907   1.2885e-02   -4.1269e-01   -1.3212e-02
  80.0   0.0081518   1.2885e-02   -2.1944e-01   -1.4869e-03
  83.0   0.01300535   1.2885e-02   3.6156e-01   1.7330e-02
  86.0   0.016533   1.2885e-02   6.0910e-01   1.8739e-02
  89.0   0.0176655   1.2885e-02   5.7343e-01   1.6933e-02
  92.0   0.017561   1.2885e-02   6.1932e-01   1.6154e-02
  95.0   0.0159885   1.2885e-02   6.4465e-01   1.4303e-02
  98.0   0.0106966   1.2885e-02   8.1554e-02   4.6817e-03
  101.0   0.00739895   1.2885e-02   -3.1223e-01   -6.1844e-03
  104.0   0.00672405   1.2885e-02   -3.9735e-01   -1.2680e-02
  107.0   0.00740595   1.2885e-02   -3.1970e-01   -1.1800e-02
  110.0   0.00795865   1.2885e-02   -3.0101e-01   -8.0556e-03
  113.0   0.00907545   1.2885e-02   -2.0662e-01   -5.4326e-03
  116.0   0.0095923   1.2885e-02   -1.7745e-01   -1.6039e-03
  119.0   0.0099965   1.2885e-02   -1.0444e-01   -1.0643e-02
  122.0   0.0087757   1.2885e-02   -1.4567e-01   -3.1777e-03
  125.0   0.00934015   1.2885e-02   4.8709e-03   3.5628e-03
  128.0   0.0114661   1.2885e-02   2.0484e-01   1.2397e-02
  131.0   0.0116995   1.2885e-02   1.2380e-01   2.5793e-03
  12   31.0   14.31   66.0   1.0   0.0  ------------------
  41.0   0.0102589   1.1773e-02   1.3214e-01   2.9049e-03
  44.0   0.01032485   1.1773e-02   1.3626e-01   3.9729e-03
  47.0   0.0107113   1.1773e-02   2.0701e-01   6.7514e-04
  50.0   0.0108382   1.1773e-02   2.5349e-01   6.4805e-03
  53.0   0.01050515   1.1773e-02   2.4681e-01   -4.3252e-03
  56.0   0.00868815   1.1773e-02   -3.3096e-02   -1.9809e-03
  59.0   0.0080637   1.1773e-02   -1.9000e-01   -6.2368e-03
  62.0   0.0086134   1.1773e-02   -1.5063e-01   -3.0664e-03
  65.0   0.0087982   1.1773e-02   -1.2668e-01   -3.9032e-03
  68.0   0.0090537   1.1773e-02   -8.0003e-02   -5.7862e-03
  71.0   0.00813775   1.1773e-02   -1.6688e-01   -5.3670e-03
  74.0   0.00694015   1.1773e-02   -2.8588e-01   -7.1833e-03
  77.0   0.00599105   1.1773e-02   -4.0389e-01   -4.4552e-03
  80.0   0.0070655   1.1773e-02   -2.4320e-01   -5.9283e-03
  83.0   0.0104671   1.1773e-02   1.9419e-01   1.3460e-03
  86.0   0.01331015   1.1773e-02   4.1422e-01   1.0590e-02
  89.0   0.0144835   1.1773e-02   3.9277e-01   2.2298e-02
  92.0   0.0142305   1.1773e-02   4.0662e-01   2.2379e-02
  95.0   0.0127222   1.1773e-02   3.9909e-01   1.9613e-02
  98.0   0.00884905   1.1773e-02   -9.5590e-03   7.4622e-03
  101.0   0.00655305   1.1773e-02   -3.0990e-01   -6.5072e-03
  104.0   0.00610785   1.1773e-02   -3.8422e-01   -1.5040e-02
  107.0   0.00718115   1.1773e-02   -2.6004e-01   -1.4782e-02
  110.0   0.00840685   1.1773e-02   -1.5633e-01   -6.6614e-03
  113.0   0.00895765   1.1773e-02   -9.7539e-02   -1.0853e-02
  116.0   0.00882205   1.1773e-02   -1.2468e-01   -1.1721e-02
  119.0   0.00844495   1.1773e-02   -1.7806e-01   -5.8572e-03
  122.0   0.00802115   1.1773e-02   -1.8202e-01   4.4457e-03
  125.0   0.0091471   1.1773e-02   5.3791e-02   6.4195e-03
  128.0   0.0110177   1.1773e-02   3.2345e-01   3.9635e-03
  131.0   0.010727   1.1773e-02   2.2279e-01   7.1968e-03
  13   31.0   14.31   69.0   1.0   0.0  ------------------
  41.0   0.008679   1.0873e-02   -6.0625e-02   -7.9901e-03
  44.0   0.0086948   1.0873e-02   -2.7379e-02   -7.3724e-03
  47.0   0.00916345   1.0873e-02   5.8461e-02   1.5296e-04
  50.0   0.0096538   1.0873e-02   1.1634e-01   9.6211e-03
  53.0   0.0093619   1.0873e-02   8.7443e-02   1.6564e-02
  56.0   0.00786455   1.0873e-02   -1.4237e-01   1.2734e-02
  59.0   0.00711955   1.0873e-02   -2.5296e-01   1.3720e-03
  62.0   0.00782005   1.0873e-02   -1.5225e-01   -4.7163e-03
  65.0   0.00949585   1.0873e-02   9.0527e-02   -8.3311e-03
  68.0   0.0102301   1.0873e-02   1.7833e-01   -4.1933e-03
  71.0   0.00919855   1.0873e-02   7.2584e-02   -6.9880e-03
  74.0   0.0076689   1.0873e-02   -9.8198e-02   -7.8850e-03
  77.0   0.006052   1.0873e-02   -3.4025e-01   -1.3524e-02
  80.0   0.00620115   1.0873e-02   -3.1487e-01   -9.8057e-03
  83.0   0.008622   1.0873e-02   2.8832e-02   -8.7448e-04
  86.0   0.0117496   1.0873e-02   3.4157e-01   1.3805e-02
  89.0   0.0141985   1.0873e-02   5.0685e-01   1.5660e-02
  92.0   0.0134305   1.0873e-02   4.4578e-01   1.3352e-02
  95.0   0.0109091   1.0873e-02   2.9417e-01   6.1339e-03
  98.0   0.00743665   1.0873e-02   -1.2266e-01   1.6353e-03
  101.0   0.00589315   1.0873e-02   -3.5405e-01   -3.6359e-03
  104.0   0.00632615   1.0873e-02   -3.0657e-01   -1.4409e-02
  107.0   0.00820235   1.0873e-02   -3.3530e-02   -6.9738e-03
  110.0   0.00973305   1.0873e-02   1.2673e-01   -2.2755e-03
  113.0   0.0102851   1.0873e-02   1.9178e-01   6.2250e-03
  116.0   0.0088401   1.0873e-02   -1.0754e-02   2.5650e-03
  119.0   0.00744295   1.0873e-02   -1.9901e-01   -1.3600e-03
  122.0   0.0070803   1.0873e-02   -2.6454e-01   -1.5545e-03
  125.0   0.0080503   1.0873e-02   -1.0954e-01   1.9677e-03
  128.0   0.00960065   1.0873e-02   1.2008e-01   2.5353e-03
  131.0   0.0097063   1.0873e-02   1.3009e-01   -2.4614e-03
  14   31.0   14.31   72.0   1.0   0.0  ------------------
  41.0   0.00663795   9.9341e-03   -3.2763e-01   3.5745e-03
  44.0   0.00647745   9.9341e-03   -3.7646e-01   -6.8070e-03
  47.0   0.0075828   9.9341e-03   -1.8153e-01   -5.6167e-03
  50.0   0.00814185   9.9341e-03   -2.1034e-02   1.0169e-03
  53.0   0.0080129   9.9341e-03   1.6389e-02   5.0937e-03
  56.0   0.00646035   9.9341e-03   -2.3046e-01   7.3369e-04
  59.0   0.00681135   9.9341e-03   -2.2193e-01   6.2334e-03
  62.0   0.00845305   9.9341e-03   -2.0308e-02   1.8680e-03
  65.0   0.0103776   9.9341e-03   2.8107e-01   5.9861e-03
  68.0   0.0105053   9.9341e-03   3.5362e-01   3.5472e-03
  71.0   0.00906515   9.9341e-03   1.7793e-01   -7.0687e-04
  74.0   0.0083459   9.9341e-03   1.0388e-01   -2.6709e-03
  77.0   0.00659845   9.9341e-03   -2.2787e-01   -7.6318e-03
  80.0   0.0060652   9.9341e-03   -2.8063e-01   -1.2854e-02
  83.0   0.00724045   9.9341e-03   -6.4338e-02   -1.2782e-02
  86.0   0.00999885   9.9341e-03   1.7024e-01   -7.9746e-03
  89.0   0.012775   9.9341e-03   4.5643e-01   1.0228e-02
  92.0   0.01213   9.9341e-03   3.7919e-01   9.7405e-03
  95.0   0.00922   9.9341e-03   1.4865e-01   1.4480e-02
  98.0   0.0065743   9.9341e-03   -1.7836e-01   2.3736e-03
  101.0   0.00592215   9.9341e-03   -3.1593e-01   6.2240e-04
  104.0   0.0071699   9.9341e-03   -1.2430e-01   -6.1356e-04
  107.0   0.0088236   9.9341e-03   1.8234e-01   -2.5014e-03
  110.0   0.0095677   9.9341e-03   2.4774e-01   1.0862e-04
  113.0   0.0108384   9.9341e-03   3.9003e-01   -2.9866e-03
  116.0   0.0098761   9.9341e-03   2.0658e-01   6.4786e-04
  119.0   0.0077338   9.9341e-03   -1.2104e-01   -4.2252e-03
  122.0   0.00638605   9.9341e-03   -2.7962e-01   -1.2407e-03
  125.0   0.0068893   9.9341e-03   -1.5975e-01   -1.8618e-03
  128.0   0.0084866   9.9341e-03   8.7608e-02   3.0257e-03
  131.0   0.0080186   9.9341e-03   -7.0495e-02   1.1886e-03
