   223    26     0     datakind beginning-row multi-curves
-----------------------------------------------------------------
Calculation of photoelectron diffraction and dichroism
MSCD Parallel  Version 1.37 Yufeng Chen and Michel A Van Hove
Lawrence Berkeley National Laboratory (LBNL), Berkeley, CA 94720
Copyright (c) Van Hove Group 1997-1998. All rights reserved
-----------------------------------------------------------------
 angle-resolved photoemission extended fine structure (ARPEFS)
 multiple scattering calculation of SrTiO3(100)-2p
 calculated by Yosef on Jan 24, 2025

   initial angular momentum (li) = 1   msorder=  8   raorder= 4
   photon polarization angle (polar,azimuth) =(   0.0   0.0 ) (deg)

   radius, depth and lattice constant=  15.0,  10.0 and   3.90 angstrom
   cluster size= 370 atoms and spacings=  0.23  1.54  0.00  0.00 angs
   inner potential=  8.0 V  debye and sample temperature=  71, 300 K
   number of valence electrons=   8     bandgap energy=   0.00 eV
   density of bulk=   7.87 g/cm3     molecular weight= 207.33 amu
   effective weight for kind 1-4 =   55.8   87.6   47.9   16.0 amu
   half aperture angle=    3.0 deg            pathcut=     0.0010

   photoemission azimuthal scan curves
     parameters: curve point theta phi weightc weighte
     columns: phi intensity background chical chiexp
    14   434    1   14   31  434  ncurve npoint nk ntheta nphi nangle
   1    31  14.31   33.0    1.0    0.0   ----------------------------
   41.0    1.6702e-03    1.6037e-03    4.1462e-02    3.1042e-03
   44.0    1.6999e-03    1.6037e-03    6.0004e-02    5.1422e-03
   47.0    1.6930e-03    1.6037e-03    5.5698e-02    6.0804e-03
   50.0    1.6518e-03    1.6037e-03    3.0015e-02    1.5460e-03
   53.0    1.5710e-03    1.6037e-03   -2.0369e-02   -1.7336e-03
   56.0    1.4882e-03    1.6037e-03   -7.2012e-02   -5.8600e-03
   59.0    1.4147e-03    1.6037e-03   -1.1782e-01   -3.2960e-03
   62.0    1.3825e-03    1.6037e-03   -1.3792e-01   -6.7164e-03
   65.0    1.3736e-03    1.6037e-03   -1.4346e-01   -7.0932e-03
   68.0    1.4111e-03    1.6037e-03   -1.2009e-01   -1.6287e-02
   71.0    1.4971e-03    1.6037e-03   -6.6449e-02   -1.1751e-02
   74.0    1.5548e-03    1.6037e-03   -3.0501e-02   -9.6650e-03
   77.0    1.6105e-03    1.6037e-03    4.2865e-03    7.9009e-03
   80.0    1.6458e-03    1.6037e-03    2.6275e-02    8.1987e-03
   83.0    1.6781e-03    1.6037e-03    4.6435e-02    1.2098e-02
   86.0    1.7327e-03    1.6037e-03    8.0457e-02    9.3598e-03
   89.0    1.7349e-03    1.6037e-03    8.1843e-02    1.5739e-02
   92.0    1.7301e-03    1.6037e-03    7.8859e-02    1.5328e-02
   95.0    1.7091e-03    1.6037e-03    6.5716e-02    1.3618e-02
   98.0    1.6663e-03    1.6037e-03    3.9064e-02    8.7607e-03
  101.0    1.5986e-03    1.6037e-03   -3.1890e-03    1.9600e-03
  104.0    1.5703e-03    1.6037e-03   -2.0835e-02   -3.8686e-03
  107.0    1.5656e-03    1.6037e-03   -2.3720e-02   -1.4214e-02
  110.0    1.5589e-03    1.6037e-03   -2.7941e-02   -1.6803e-02
  113.0    1.5698e-03    1.6037e-03   -2.1140e-02   -1.2676e-02
  116.0    1.6047e-03    1.6037e-03    6.6781e-04   -1.0290e-02
  119.0    1.6239e-03    1.6037e-03    1.2612e-02   -5.8819e-03
  122.0    1.6451e-03    1.6037e-03    2.5834e-02   -5.0908e-03
  125.0    1.6758e-03    1.6037e-03    4.4980e-02    1.9394e-03
  128.0    1.6872e-03    1.6037e-03    5.2113e-02    8.1195e-03
  131.0    1.6985e-03    1.6037e-03    5.9128e-02    1.2329e-02
   2    31  14.31   36.0    1.0    0.0   ----------------------------
   41.0    1.3551e-03    1.4572e-03   -7.0081e-02   -2.7718e-03
   44.0    1.3814e-03    1.4572e-03   -5.1980e-02    7.3494e-04
   47.0    1.3774e-03    1.4572e-03   -5.4756e-02    6.0242e-03
   50.0    1.3464e-03    1.4572e-03   -7.6005e-02    2.3029e-03
   53.0    1.3212e-03    1.4572e-03   -9.3323e-02    3.8987e-03
   56.0    1.3193e-03    1.4572e-03   -9.4635e-02    2.5493e-03
   59.0    1.3419e-03    1.4572e-03   -7.9113e-02   -7.2133e-04
   62.0    1.4012e-03    1.4572e-03   -3.8411e-02   -7.2975e-03
   65.0    1.4497e-03    1.4572e-03   -5.1652e-03   -1.0496e-02
   68.0    1.4732e-03    1.4572e-03    1.0981e-02   -9.0570e-03
   71.0    1.4751e-03    1.4572e-03    1.2313e-02   -4.9885e-03
   74.0    1.4358e-03    1.4572e-03   -1.4660e-02   -5.9065e-03
   77.0    1.4230e-03    1.4572e-03   -2.3473e-02   -1.5394e-04
   80.0    1.4364e-03    1.4572e-03   -1.4278e-02    5.6158e-03
   83.0    1.4650e-03    1.4572e-03    5.3536e-03    1.1736e-02
   86.0    1.5099e-03    1.4572e-03    3.6189e-02    1.3435e-02
   89.0    1.5410e-03    1.4572e-03    5.7544e-02    1.0596e-02
   92.0    1.5380e-03    1.4572e-03    5.5466e-02    6.7110e-03
   95.0    1.4993e-03    1.4572e-03    2.8887e-02    8.0899e-04
   98.0    1.4415e-03    1.4572e-03   -1.0790e-02   -3.9120e-03
  101.0    1.3917e-03    1.4572e-03   -4.4966e-02   -7.6427e-03
  104.0    1.3681e-03    1.4572e-03   -6.1158e-02   -8.3040e-03
  107.0    1.4123e-03    1.4572e-03   -3.0783e-02   -4.3132e-03
  110.0    1.4809e-03    1.4572e-03    1.6310e-02   -5.5952e-04
  113.0    1.5519e-03    1.4572e-03    6.4976e-02   -4.1757e-04
  116.0    1.5865e-03    1.4572e-03    8.8717e-02    7.1002e-04
  119.0    1.5843e-03    1.4572e-03    8.7235e-02   -5.0513e-04
  122.0    1.5610e-03    1.4572e-03    7.1226e-02    2.3088e-03
  125.0    1.5586e-03    1.4572e-03    6.9582e-02   -6.1866e-03
  128.0    1.5712e-03    1.4572e-03    7.8263e-02   -3.1619e-03
  131.0    1.5745e-03    1.4572e-03    8.0540e-02    8.9680e-03
   3    31  14.31   39.0    1.0    0.0   ----------------------------
   41.0    1.3109e-03    1.4549e-03   -9.8999e-02   -2.0056e-02
   44.0    1.3306e-03    1.4549e-03   -8.5453e-02    3.7725e-03
   47.0    1.3236e-03    1.4549e-03   -9.0245e-02    1.3499e-02
   50.0    1.3480e-03    1.4549e-03   -7.3473e-02    1.3875e-02
   53.0    1.3140e-03    1.4549e-03   -9.6859e-02    1.1491e-02
   56.0    1.3668e-03    1.4549e-03   -6.0593e-02    7.1567e-03
   59.0    1.4393e-03    1.4549e-03   -1.0771e-02    2.6543e-04
   62.0    1.5251e-03    1.4549e-03    4.8227e-02   -8.5644e-03
   65.0    1.5766e-03    1.4549e-03    8.3609e-02   -1.3468e-02
   68.0    1.5293e-03    1.4549e-03    5.1106e-02   -1.4614e-02
   71.0    1.4479e-03    1.4549e-03   -4.8231e-03   -1.4863e-02
   74.0    1.3515e-03    1.4549e-03   -7.1073e-02   -7.4584e-03
   77.0    1.3494e-03    1.4549e-03   -7.2562e-02    1.4945e-03
   80.0    1.3986e-03    1.4549e-03   -3.8733e-02   -9.7710e-04
   83.0    1.4928e-03    1.4549e-03    2.6022e-02    2.4500e-04
   86.0    1.5970e-03    1.4549e-03    9.7664e-02    5.3324e-03
   89.0    1.6440e-03    1.4549e-03    1.2993e-01    1.9300e-02
   92.0    1.6350e-03    1.4549e-03    1.2376e-01    1.5403e-02
   95.0    1.5597e-03    1.4549e-03    7.2013e-02    8.8049e-03
   98.0    1.4671e-03    1.4549e-03    8.3730e-03   -1.1573e-03
  101.0    1.3668e-03    1.4549e-03   -6.0586e-02   -6.7856e-04
  104.0    1.3340e-03    1.4549e-03   -8.3103e-02   -2.1186e-03
  107.0    1.3672e-03    1.4549e-03   -6.0274e-02   -2.3207e-03
  110.0    1.4678e-03    1.4549e-03    8.8297e-03   -5.9719e-03
  113.0    1.5489e-03    1.4549e-03    6.4598e-02   -6.5078e-03
  116.0    1.5778e-03    1.4549e-03    8.4479e-02   -3.5371e-03
  119.0    1.5402e-03    1.4549e-03    5.8623e-02   -3.1239e-03
  122.0    1.5041e-03    1.4549e-03    3.3783e-02   -3.7643e-03
  125.0    1.4777e-03    1.4549e-03    1.5677e-02   -6.4629e-04
  128.0    1.4657e-03    1.4549e-03    7.4283e-03    5.0128e-03
  131.0    1.4454e-03    1.4549e-03   -6.5722e-03    4.1769e-03
   4    31  14.31   42.0    1.0    0.0   ----------------------------
   41.0    1.2967e-03    1.5147e-03   -1.4390e-01    1.0168e-02
   44.0    1.2134e-03    1.5147e-03   -1.9890e-01    8.0147e-03
   47.0    1.2388e-03    1.5147e-03   -1.8211e-01    2.2814e-03
   50.0    1.2973e-03    1.5147e-03   -1.4352e-01   -1.2264e-03
   53.0    1.3887e-03    1.5147e-03   -8.3190e-02   -1.0988e-02
   56.0    1.5062e-03    1.5147e-03   -5.5732e-03   -1.5191e-02
   59.0    1.6314e-03    1.5147e-03    7.7031e-02   -1.5519e-02
   62.0    1.6990e-03    1.5147e-03    1.2171e-01   -2.8253e-03
   65.0    1.7147e-03    1.5147e-03    1.3205e-01    3.1515e-03
   68.0    1.6164e-03    1.5147e-03    6.7156e-02    2.4601e-04
   71.0    1.4781e-03    1.5147e-03   -2.4179e-02   -3.2698e-03
   74.0    1.3629e-03    1.5147e-03   -1.0019e-01   -2.3327e-03
   77.0    1.3559e-03    1.5147e-03   -1.0481e-01    1.3429e-03
   80.0    1.4707e-03    1.5147e-03   -2.9039e-02    7.7585e-03
   83.0    1.6277e-03    1.5147e-03    7.4621e-02    1.2038e-02
   86.0    1.7543e-03    1.5147e-03    1.5819e-01    1.3179e-02
   89.0    1.8233e-03    1.5147e-03    2.0375e-01    1.5311e-02
   92.0    1.8111e-03    1.5147e-03    1.9568e-01    1.0737e-02
   95.0    1.7207e-03    1.5147e-03    1.3601e-01    7.2184e-03
   98.0    1.5563e-03    1.5147e-03    2.7506e-02   -4.4528e-03
  101.0    1.4195e-03    1.5147e-03   -6.2843e-02   -8.7694e-03
  104.0    1.3618e-03    1.5147e-03   -1.0091e-01   -1.0042e-02
  107.0    1.4141e-03    1.5147e-03   -6.6418e-02   -8.9936e-03
  110.0    1.5333e-03    1.5147e-03    1.2303e-02   -3.7287e-03
  113.0    1.6409e-03    1.5147e-03    8.3338e-02   -3.8640e-03
  116.0    1.6660e-03    1.5147e-03    9.9895e-02   -3.2039e-03
  119.0    1.6473e-03    1.5147e-03    8.7586e-02   -8.3227e-03
  122.0    1.5167e-03    1.5147e-03    1.3448e-03   -4.5142e-03
  125.0    1.4266e-03    1.5147e-03   -5.8179e-02   -1.8786e-03
  128.0    1.3695e-03    1.5147e-03   -9.5858e-02    6.2753e-03
  131.0    1.3957e-03    1.5147e-03   -7.8546e-02    1.1385e-02
   5    31  14.31   45.0    1.0    0.0   ----------------------------
   41.0    9.7280e-04    1.5179e-03   -3.5910e-01    9.6499e-03
   44.0    9.4966e-04    1.5179e-03   -3.7434e-01    9.4217e-03
   47.0    9.5303e-04    1.5179e-03   -3.7212e-01    1.5478e-03
   50.0    9.8667e-04    1.5179e-03   -3.4996e-01   -7.9220e-03
   53.0    1.1583e-03    1.5179e-03   -2.3686e-01   -1.4284e-02
   56.0    1.3982e-03    1.5179e-03   -7.8839e-02   -1.7104e-02
   59.0    1.7012e-03    1.5179e-03    1.2080e-01   -9.4452e-03
   62.0    1.8844e-03    1.5179e-03    2.4146e-01   -1.0301e-03
   65.0    1.8919e-03    1.5179e-03    2.4642e-01    7.3621e-03
   68.0    1.7425e-03    1.5179e-03    1.4797e-01    9.3578e-03
   71.0    1.5657e-03    1.5179e-03    3.1551e-02    9.3989e-03
   74.0    1.4232e-03    1.5179e-03   -6.2376e-02    1.3051e-03
   77.0    1.3745e-03    1.5179e-03   -9.4478e-02   -3.3701e-03
   80.0    1.4566e-03    1.5179e-03   -4.0352e-02   -4.1743e-03
   83.0    1.6368e-03    1.5179e-03    7.8391e-02    8.5349e-03
   86.0    1.7918e-03    1.5179e-03    1.8048e-01    1.1771e-02
   89.0    1.8781e-03    1.5179e-03    2.3736e-01    9.7356e-03
   92.0    1.8593e-03    1.5179e-03    2.2491e-01    5.4778e-03
   95.0    1.7436e-03    1.5179e-03    1.4870e-01   -6.3702e-03
   98.0    1.5682e-03    1.5179e-03    3.3186e-02   -8.0644e-03
  101.0    1.4170e-03    1.5179e-03   -6.6439e-02   -8.1769e-03
  104.0    1.3802e-03    1.5179e-03   -9.0712e-02    5.6158e-04
  107.0    1.4900e-03    1.5179e-03   -1.8335e-02   -7.6727e-04
  110.0    1.6500e-03    1.5179e-03    8.7067e-02   -2.8373e-04
  113.0    1.7870e-03    1.5179e-03    1.7731e-01   -1.1060e-03
  116.0    1.8570e-03    1.5179e-03    2.2346e-01   -5.6280e-03
  119.0    1.8144e-03    1.5179e-03    1.9536e-01   -5.4558e-03
  122.0    1.6296e-03    1.5179e-03    7.3645e-02   -4.1155e-03
  125.0    1.4867e-03    1.5179e-03   -2.0541e-02    5.8680e-03
  128.0    1.3485e-03    1.5179e-03   -1.1158e-01    4.9522e-03
  131.0    1.2567e-03    1.5179e-03   -1.7205e-01    2.3497e-03
   6    31  14.31   48.0    1.0    0.0   ----------------------------
   41.0    8.5835e-04    1.4622e-03   -4.1298e-01    4.4107e-03
   44.0    9.2308e-04    1.4622e-03   -3.6871e-01    4.5571e-04
   47.0    9.2513e-04    1.4622e-03   -3.6732e-01   -6.2794e-04
   50.0    8.6637e-04    1.4622e-03   -4.0750e-01    1.7697e-04
   53.0    8.9568e-04    1.4622e-03   -3.8746e-01   -3.4099e-04
   56.0    1.0819e-03    1.4622e-03   -2.6011e-01   -1.5199e-03
   59.0    1.4161e-03    1.4622e-03   -3.1533e-02   -1.6011e-03
   62.0    1.7512e-03    1.4622e-03    1.9760e-01   -7.3124e-04
   65.0    1.8761e-03    1.4622e-03    2.8304e-01   -1.4101e-03
   68.0    1.8431e-03    1.4622e-03    2.6047e-01   -2.4945e-03
   71.0    1.6520e-03    1.4622e-03    1.2979e-01   -7.3407e-03
   74.0    1.4203e-03    1.4622e-03   -2.8680e-02   -3.6318e-03
   77.0    1.3211e-03    1.4622e-03   -9.6539e-02   -3.7120e-03
   80.0    1.3823e-03    1.4622e-03   -5.4642e-02   -2.3172e-03
   83.0    1.5759e-03    1.4622e-03    7.7736e-02    3.2948e-04
   86.0    1.7416e-03    1.4622e-03    1.9109e-01    8.1627e-03
   89.0    1.8713e-03    1.4622e-03    2.7973e-01    1.6428e-02
   92.0    1.8326e-03    1.4622e-03    2.5329e-01    9.5016e-03
   95.0    1.7033e-03    1.4622e-03    1.6486e-01    1.4639e-03
   98.0    1.4808e-03    1.4622e-03    1.2689e-02   -5.1703e-04
  101.0    1.3454e-03    1.4622e-03   -7.9915e-02    3.9899e-03
  104.0    1.3498e-03    1.4622e-03   -7.6916e-02    1.2036e-03
  107.0    1.4838e-03    1.4622e-03    1.4748e-02   -1.0791e-03
  110.0    1.7011e-03    1.4622e-03    1.6333e-01   -7.3283e-03
  113.0    1.8733e-03    1.4622e-03    2.8110e-01   -6.0139e-03
  116.0    1.9231e-03    1.4622e-03    3.1522e-01   -7.2824e-03
  119.0    1.8610e-03    1.4622e-03    2.7268e-01   -6.4811e-03
  122.0    1.6539e-03    1.4622e-03    1.3108e-01   -7.1728e-03
  125.0    1.3828e-03    1.4622e-03   -5.4324e-02    1.5359e-03
  128.0    1.2063e-03    1.4622e-03   -1.7504e-01    6.8638e-03
  131.0    1.1306e-03    1.4622e-03   -2.2680e-01    7.0845e-03
   7    31  14.31   51.0    1.0    0.0   ----------------------------
   41.0    1.2842e-03    1.4511e-03   -1.1505e-01    6.2145e-04
   44.0    1.3975e-03    1.4511e-03   -3.6948e-02    1.5913e-03
   47.0    1.3344e-03    1.4511e-03   -8.0426e-02    4.7454e-03
   50.0    1.2067e-03    1.4511e-03   -1.6840e-01    2.5249e-03
   53.0    1.0126e-03    1.4511e-03   -3.0222e-01    1.3933e-04
   56.0    9.4089e-04    1.4511e-03   -3.5160e-01   -6.0418e-03
   59.0    1.1868e-03    1.4511e-03   -1.8210e-01    1.3383e-04
   62.0    1.5994e-03    1.4511e-03    1.0216e-01   -2.4259e-03
   65.0    1.8087e-03    1.4511e-03    2.4645e-01   -1.1211e-03
   68.0    1.7706e-03    1.4511e-03    2.2020e-01   -5.5489e-03
   71.0    1.6040e-03    1.4511e-03    1.0535e-01   -5.9671e-03
   74.0    1.3837e-03    1.4511e-03   -4.6418e-02   -1.0190e-02
   77.0    1.2238e-03    1.4511e-03   -1.5667e-01   -1.0921e-02
   80.0    1.2507e-03    1.4511e-03   -1.3812e-01   -2.4093e-03
   83.0    1.4336e-03    1.4511e-03   -1.2033e-02    8.7924e-03
   86.0    1.6322e-03    1.4511e-03    1.2480e-01    1.6374e-02
   89.0    1.7636e-03    1.4511e-03    2.1539e-01    1.8979e-02
   92.0    1.7428e-03    1.4511e-03    2.0102e-01    1.6052e-02
   95.0    1.5819e-03    1.4511e-03    9.0137e-02    8.1034e-03
   98.0    1.3671e-03    1.4511e-03   -5.7909e-02   -1.5129e-03
  101.0    1.2481e-03    1.4511e-03   -1.3988e-01   -3.8274e-03
  104.0    1.2673e-03    1.4511e-03   -1.2664e-01   -8.5580e-03
  107.0    1.4373e-03    1.4511e-03   -9.4943e-03   -1.0714e-02
  110.0    1.6659e-03    1.4511e-03    1.4802e-01   -9.2765e-03
  113.0    1.7775e-03    1.4511e-03    2.2492e-01   -3.0860e-03
  116.0    1.8058e-03    1.4511e-03    2.4440e-01   -1.7609e-03
  119.0    1.7549e-03    1.4511e-03    2.0934e-01   -5.8201e-03
  122.0    1.5371e-03    1.4511e-03    5.9246e-02   -4.1373e-03
  125.0    1.2635e-03    1.4511e-03   -1.2926e-01    3.9265e-03
  128.0    1.2631e-03    1.4511e-03   -1.2955e-01    7.6448e-03
  131.0    1.4385e-03    1.4511e-03   -8.7073e-03    3.6930e-03
   8    31  14.31   54.0    1.0    0.0   ----------------------------
   41.0    1.8850e-03    1.4476e-03    3.0216e-01    4.4360e-03
   44.0    2.1188e-03    1.4476e-03    4.6365e-01    2.8608e-03
   47.0    2.1107e-03    1.4476e-03    4.5808e-01   -2.3079e-04
   50.0    1.7644e-03    1.4476e-03    2.1887e-01   -1.4448e-03
   53.0    1.3018e-03    1.4476e-03   -1.0068e-01   -2.5717e-03
   56.0    9.1695e-04    1.4476e-03   -3.6657e-01   -1.3532e-03
   59.0    8.8371e-04    1.4476e-03   -3.8953e-01   -1.4179e-03
   62.0    1.1842e-03    1.4476e-03   -1.8192e-01   -4.1884e-03
   65.0    1.4386e-03    1.4476e-03   -6.2349e-03   -3.5251e-03
   68.0    1.5234e-03    1.4476e-03    5.2402e-02    9.8855e-04
   71.0    1.5047e-03    1.4476e-03    3.9468e-02   -1.2738e-03
   74.0    1.3432e-03    1.4476e-03   -7.2086e-02   -2.7056e-03
   77.0    1.1844e-03    1.4476e-03   -1.8183e-01   -6.9628e-03
   80.0    1.1409e-03    1.4476e-03   -2.1184e-01   -4.4340e-03
   83.0    1.2918e-03    1.4476e-03   -1.0762e-01    1.4422e-03
   86.0    1.5105e-03    1.4476e-03    4.3470e-02    7.4981e-03
   89.0    1.6827e-03    1.4476e-03    1.6242e-01    1.7688e-02
   92.0    1.6326e-03    1.4476e-03    1.2778e-01    1.3906e-02
   95.0    1.4462e-03    1.4476e-03   -9.6273e-04    8.3605e-03
   98.0    1.2150e-03    1.4476e-03   -1.6068e-01   -1.9311e-03
  101.0    1.1620e-03    1.4476e-03   -1.9731e-01   -3.1866e-03
  104.0    1.2479e-03    1.4476e-03   -1.3798e-01   -6.8944e-03
  107.0    1.4071e-03    1.4476e-03   -2.7939e-02   -6.6263e-03
  110.0    1.4940e-03    1.4476e-03    3.2052e-02   -8.4492e-03
  113.0    1.4718e-03    1.4476e-03    1.6743e-02   -4.0497e-03
  116.0    1.5295e-03    1.4476e-03    5.6587e-02   -2.8092e-05
  119.0    1.5661e-03    1.4476e-03    8.1860e-02   -1.5038e-03
  122.0    1.3146e-03    1.4476e-03   -9.1843e-02   -3.2159e-03
  125.0    1.1698e-03    1.4476e-03   -1.9193e-01   -2.7408e-03
  128.0    1.4829e-03    1.4476e-03    2.4382e-02    3.6276e-03
  131.0    1.9500e-03    1.4476e-03    3.4704e-01    7.9947e-03
   9    31  14.31   57.0    1.0    0.0   ----------------------------
   41.0    2.3625e-03    1.4725e-03    6.0448e-01    1.2567e-02
   44.0    2.6281e-03    1.4725e-03    7.8486e-01    6.3767e-03
   47.0    2.5907e-03    1.4725e-03    7.5944e-01   -2.3946e-03
   50.0    2.0808e-03    1.4725e-03    4.1315e-01   -5.3885e-03
   53.0    1.3807e-03    1.4725e-03   -6.2321e-02   -1.0010e-02
   56.0    8.7113e-04    1.4725e-03   -4.0838e-01   -5.7583e-03
   59.0    7.5893e-04    1.4725e-03   -4.8458e-01    1.3571e-03
   62.0    9.3174e-04    1.4725e-03   -3.6722e-01   -2.6210e-03
   65.0    1.0532e-03    1.4725e-03   -2.8474e-01   -2.8908e-03
   68.0    1.2261e-03    1.4725e-03   -1.6731e-01   -3.6587e-03
   71.0    1.3522e-03    1.4725e-03   -8.1707e-02    3.8281e-03
   74.0    1.3466e-03    1.4725e-03   -8.5491e-02   -5.7243e-03
   77.0    1.2288e-03    1.4725e-03   -1.6548e-01   -1.0366e-02
   80.0    1.2130e-03    1.4725e-03   -1.7618e-01   -1.4722e-02
   83.0    1.3679e-03    1.4725e-03   -7.0982e-02   -3.4963e-03
   86.0    1.6933e-03    1.4725e-03    1.4999e-01    1.5081e-02
   89.0    1.8990e-03    1.4725e-03    2.8969e-01    1.9431e-02
   92.0    1.8628e-03    1.4725e-03    2.6512e-01    2.3208e-02
   95.0    1.6045e-03    1.4725e-03    8.9702e-02    1.0069e-02
   98.0    1.3224e-03    1.4725e-03   -1.0193e-01    7.7529e-03
  101.0    1.2102e-03    1.4725e-03   -1.7810e-01    2.0840e-03
  104.0    1.3032e-03    1.4725e-03   -1.1496e-01    6.7137e-03
  107.0    1.3566e-03    1.4725e-03   -7.8670e-02    6.9251e-03
  110.0    1.2784e-03    1.4725e-03   -1.3180e-01   -2.2722e-03
  113.0    1.2154e-03    1.4725e-03   -1.7459e-01   -1.9696e-02
  116.0    1.3114e-03    1.4725e-03   -1.0935e-01   -2.7700e-02
  119.0    1.4385e-03    1.4725e-03   -2.3092e-02   -2.3501e-02
  122.0    1.2145e-03    1.4725e-03   -1.7522e-01   -1.2739e-02
  125.0    1.0640e-03    1.4725e-03   -2.7743e-01   -2.3082e-03
  128.0    1.4052e-03    1.4725e-03   -4.5647e-02    1.2784e-02
  131.0    2.0744e-03    1.4725e-03    4.0878e-01    2.7448e-02
  10    31  14.31   60.0    1.0    0.0   ----------------------------
   41.0    2.2906e-03    1.4861e-03    5.4137e-01    1.7476e-02
   44.0    2.6177e-03    1.4861e-03    7.6150e-01    8.5832e-04
   47.0    2.4810e-03    1.4861e-03    6.6946e-01   -4.0550e-03
   50.0    2.0648e-03    1.4861e-03    3.8941e-01   -8.3646e-03
   53.0    1.4107e-03    1.4861e-03   -5.0759e-02   -5.3732e-03
   56.0    1.0383e-03    1.4861e-03   -3.0135e-01   -5.2254e-03
   59.0    9.5899e-04    1.4861e-03   -3.5469e-01    1.6761e-04
   62.0    9.3342e-04    1.4861e-03   -3.7189e-01   -2.7725e-03
   65.0    9.4385e-04    1.4861e-03   -3.6487e-01   -1.5220e-03
   68.0    1.0515e-03    1.4861e-03   -2.9243e-01   -1.3854e-03
   71.0    1.2202e-03    1.4861e-03   -1.7889e-01   -3.7772e-03
   74.0    1.3136e-03    1.4861e-03   -1.1609e-01   -7.7693e-03
   77.0    1.2933e-03    1.4861e-03   -1.2970e-01   -8.6174e-03
   80.0    1.3244e-03    1.4861e-03   -1.0882e-01   -2.4318e-03
   83.0    1.5831e-03    1.4861e-03    6.5283e-02    1.7123e-03
   86.0    1.9620e-03    1.4861e-03    3.2026e-01    1.1890e-02
   89.0    2.2616e-03    1.4861e-03    5.2183e-01    1.9569e-02
   92.0    2.1190e-03    1.4861e-03    4.2590e-01    2.3731e-02
   95.0    1.8046e-03    1.4861e-03    2.1435e-01    1.4378e-02
   98.0    1.4172e-03    1.4861e-03   -4.6339e-02   -3.0912e-03
  101.0    1.2625e-03    1.4861e-03   -1.5045e-01   -3.3926e-03
  104.0    1.3213e-03    1.4861e-03   -1.1090e-01    1.1708e-03
  107.0    1.2922e-03    1.4861e-03   -1.3044e-01    3.5387e-04
  110.0    1.1575e-03    1.4861e-03   -2.2114e-01   -9.0578e-03
  113.0    1.0972e-03    1.4861e-03   -2.6169e-01   -1.3404e-02
  116.0    1.2174e-03    1.4861e-03   -1.8080e-01   -1.5780e-02
  119.0    1.4779e-03    1.4861e-03   -5.4775e-03   -1.4447e-02
  122.0    1.3972e-03    1.4861e-03   -5.9837e-02   -1.1050e-02
  125.0    1.0734e-03    1.4861e-03   -2.7771e-01    1.5328e-03
  128.0    1.1349e-03    1.4861e-03   -2.3629e-01    9.6482e-03
  131.0    1.5473e-03    1.4861e-03    4.1192e-02    1.9248e-02
  11    31  14.31   63.0    1.0    0.0   ----------------------------
   41.0    2.0433e-03    1.4456e-03    4.1351e-01   -8.7877e-03
   44.0    2.2750e-03    1.4456e-03    5.7380e-01    6.3227e-03
   47.0    2.1278e-03    1.4456e-03    4.7198e-01    8.0485e-03
   50.0    1.8070e-03    1.4456e-03    2.5001e-01    7.4410e-03
   53.0    1.4200e-03    1.4456e-03   -1.7704e-02    1.7707e-03
   56.0    1.2724e-03    1.4456e-03   -1.1976e-01    5.6271e-04
   59.0    1.1912e-03    1.4456e-03   -1.7598e-01   -2.8608e-03
   62.0    1.0293e-03    1.4456e-03   -2.8799e-01   -3.0031e-03
   65.0    9.3675e-04    1.4456e-03   -3.5199e-01   -4.1783e-03
   68.0    1.0326e-03    1.4456e-03   -2.8570e-01   -7.8430e-03
   71.0    1.1772e-03    1.4456e-03   -1.8565e-01   -1.1741e-02
   74.0    1.2397e-03    1.4456e-03   -1.4241e-01   -1.8046e-02
   77.0    1.2013e-03    1.4456e-03   -1.6896e-01   -1.3212e-02
   80.0    1.3213e-03    1.4456e-03   -8.5968e-02   -1.4869e-03
   83.0    1.5848e-03    1.4456e-03    9.6318e-02    1.7330e-02
   86.0    1.9916e-03    1.4456e-03    3.7773e-01    1.8739e-02
   89.0    2.2357e-03    1.4456e-03    5.4661e-01    1.6933e-02
   92.0    2.1099e-03    1.4456e-03    4.5957e-01    1.6154e-02
   95.0    1.8090e-03    1.4456e-03    2.5142e-01    1.4303e-02
   98.0    1.4389e-03    1.4456e-03   -4.5865e-03    4.6817e-03
  101.0    1.2361e-03    1.4456e-03   -1.4494e-01   -6.1844e-03
  104.0    1.1727e-03    1.4456e-03   -1.8874e-01   -1.2680e-02
  107.0    1.1889e-03    1.4456e-03   -1.7756e-01   -1.1800e-02
  110.0    1.1697e-03    1.4456e-03   -1.9082e-01   -8.0556e-03
  113.0    1.0896e-03    1.4456e-03   -2.4623e-01   -5.4326e-03
  116.0    1.1448e-03    1.4456e-03   -2.0806e-01   -1.6039e-03
  119.0    1.4003e-03    1.4456e-03   -3.1337e-02   -1.0643e-02
  122.0    1.6135e-03    1.4456e-03    1.1618e-01   -3.1777e-03
  125.0    1.3598e-03    1.4456e-03   -5.9314e-02    3.5628e-03
  128.0    1.0470e-03    1.4456e-03   -2.7569e-01    1.2397e-02
  131.0    1.1453e-03    1.4456e-03   -2.0774e-01    2.5793e-03
  12    31  14.31   66.0    1.0    0.0   ----------------------------
   41.0    1.6482e-03    1.3452e-03    2.2525e-01    2.9049e-03
   44.0    1.8125e-03    1.3452e-03    3.4737e-01    3.9729e-03
   47.0    1.7579e-03    1.3452e-03    3.0679e-01    6.7514e-04
   50.0    1.4629e-03    1.3452e-03    8.7523e-02    6.4805e-03
   53.0    1.2172e-03    1.3452e-03   -9.5186e-02   -4.3252e-03
   56.0    1.1424e-03    1.3452e-03   -1.5079e-01   -1.9809e-03
   59.0    1.0224e-03    1.3452e-03   -2.3995e-01   -6.2368e-03
   62.0    9.1531e-04    1.3452e-03   -3.1958e-01   -3.0664e-03
   65.0    1.0273e-03    1.3452e-03   -2.3633e-01   -3.9032e-03
   68.0    1.2417e-03    1.3452e-03   -7.6925e-02   -5.7862e-03
   71.0    1.3770e-03    1.3452e-03    2.3671e-02   -5.3670e-03
   74.0    1.2865e-03    1.3452e-03   -4.3621e-02   -7.1833e-03
   77.0    1.1138e-03    1.3452e-03   -1.7204e-01   -4.4552e-03
   80.0    1.1125e-03    1.3452e-03   -1.7303e-01   -5.9283e-03
   83.0    1.3196e-03    1.3452e-03   -1.9028e-02    1.3460e-03
   86.0    1.6540e-03    1.3452e-03    2.2957e-01    1.0590e-02
   89.0    1.9071e-03    1.3452e-03    4.1767e-01    2.2298e-02
   92.0    1.9247e-03    1.3452e-03    4.3077e-01    2.2379e-02
   95.0    1.6227e-03    1.3452e-03    2.0628e-01    1.9613e-02
   98.0    1.3131e-03    1.3452e-03   -2.3872e-02    7.4622e-03
  101.0    1.1257e-03    1.3452e-03   -1.6317e-01   -6.5072e-03
  104.0    1.1421e-03    1.3452e-03   -1.5101e-01   -1.5040e-02
  107.0    1.2546e-03    1.3452e-03   -6.7336e-02   -1.4782e-02
  110.0    1.3957e-03    1.3452e-03    3.7504e-02   -6.6614e-03
  113.0    1.2591e-03    1.3452e-03   -6.3999e-02   -1.0853e-02
  116.0    1.0689e-03    1.3452e-03   -2.0537e-01   -1.1721e-02
  119.0    1.1498e-03    1.3452e-03   -1.4530e-01   -5.8572e-03
  122.0    1.4828e-03    1.3452e-03    1.0226e-01    4.4457e-03
  125.0    1.5061e-03    1.3452e-03    1.1960e-01    6.4195e-03
  128.0    1.3169e-03    1.3452e-03   -2.1013e-02    3.9635e-03
  131.0    1.1209e-03    1.3452e-03   -1.6674e-01    7.1968e-03
  13    31  14.31   69.0    1.0    0.0   ----------------------------
   41.0    1.4334e-03    1.3374e-03    7.1846e-02   -7.9901e-03
   44.0    1.5811e-03    1.3374e-03    1.8226e-01   -7.3724e-03
   47.0    1.5834e-03    1.3374e-03    1.8400e-01    1.5296e-04
   50.0    1.2524e-03    1.3374e-03   -6.3555e-02    9.6211e-03
   53.0    9.6808e-04    1.3374e-03   -2.7612e-01    1.6564e-02
   56.0    8.1517e-04    1.3374e-03   -3.9046e-01    1.2734e-02
   59.0    8.1123e-04    1.3374e-03   -3.9341e-01    1.3720e-03
   62.0    9.6302e-04    1.3374e-03   -2.7990e-01   -4.7163e-03
   65.0    1.2221e-03    1.3374e-03   -8.6192e-02   -8.3311e-03
   68.0    1.5068e-03    1.3374e-03    1.2673e-01   -4.1933e-03
   71.0    1.4931e-03    1.3374e-03    1.1648e-01   -6.9880e-03
   74.0    1.3919e-03    1.3374e-03    4.0800e-02   -7.8850e-03
   77.0    1.1117e-03    1.3374e-03   -1.6872e-01   -1.3524e-02
   80.0    9.6415e-04    1.3374e-03   -2.7907e-01   -9.8057e-03
   83.0    1.1931e-03    1.3374e-03   -1.0783e-01   -8.7448e-04
   86.0    1.6659e-03    1.3374e-03    2.4563e-01    1.3805e-02
   89.0    2.0594e-03    1.3374e-03    5.3994e-01    1.5660e-02
   92.0    2.1289e-03    1.3374e-03    5.9184e-01    1.3352e-02
   95.0    1.7250e-03    1.3374e-03    2.8989e-01    6.1339e-03
   98.0    1.2106e-03    1.3374e-03   -9.4753e-02    1.6353e-03
  101.0    1.0497e-03    1.3374e-03   -2.1508e-01   -3.6359e-03
  104.0    1.2212e-03    1.3374e-03   -8.6820e-02   -1.4409e-02
  107.0    1.3457e-03    1.3374e-03    6.2683e-03   -6.9738e-03
  110.0    1.5844e-03    1.3374e-03    1.8473e-01   -2.2755e-03
  113.0    1.5508e-03    1.3374e-03    1.5957e-01    6.2250e-03
  116.0    1.1670e-03    1.3374e-03   -1.2737e-01    2.5650e-03
  119.0    9.9319e-04    1.3374e-03   -2.5735e-01   -1.3600e-03
  122.0    1.1080e-03    1.3374e-03   -1.7151e-01   -1.5545e-03
  125.0    1.3296e-03    1.3374e-03   -5.8064e-03    1.9677e-03
  128.0    1.4984e-03    1.3374e-03    1.2038e-01    2.5353e-03
  131.0    1.5294e-03    1.3374e-03    1.4358e-01   -2.4614e-03
  14    31  14.31   72.0    1.0    0.0   ----------------------------
   41.0    1.3000e-03    1.2629e-03    2.9314e-02    3.5745e-03
   44.0    1.3809e-03    1.2629e-03    9.3441e-02   -6.8070e-03
   47.0    1.3798e-03    1.2629e-03    9.2558e-02   -5.6167e-03
   50.0    1.1677e-03    1.2629e-03   -7.5388e-02    1.0169e-03
   53.0    7.7146e-04    1.2629e-03   -3.8915e-01    5.0937e-03
   56.0    6.0398e-04    1.2629e-03   -5.2177e-01    7.3369e-04
   59.0    7.1679e-04    1.2629e-03   -4.3244e-01    6.2334e-03
   62.0    9.4241e-04    1.2629e-03   -2.5379e-01    1.8680e-03
   65.0    1.2691e-03    1.2629e-03    4.8761e-03    5.9861e-03
   68.0    1.5297e-03    1.2629e-03    2.1123e-01    3.5472e-03
   71.0    1.4175e-03    1.2629e-03    1.2242e-01   -7.0687e-04
   74.0    1.3721e-03    1.2629e-03    8.6403e-02   -2.6709e-03
   77.0    1.3325e-03    1.2629e-03    5.5099e-02   -7.6318e-03
   80.0    1.1051e-03    1.2629e-03   -1.2496e-01   -1.2854e-02
   83.0    1.1711e-03    1.2629e-03   -7.2702e-02   -1.2782e-02
   86.0    1.5462e-03    1.2629e-03    2.2425e-01   -7.9746e-03
   89.0    1.7793e-03    1.2629e-03    4.0889e-01    1.0228e-02
   92.0    1.7550e-03    1.2629e-03    3.8964e-01    9.7405e-03
   95.0    1.5291e-03    1.2629e-03    2.1073e-01    1.4480e-02
   98.0    1.2594e-03    1.2629e-03   -2.8383e-03    2.3736e-03
  101.0    1.2983e-03    1.2629e-03    2.8006e-02    6.2240e-04
  104.0    1.3823e-03    1.2629e-03    9.4502e-02   -6.1356e-04
  107.0    1.3183e-03    1.2629e-03    4.3803e-02   -2.5014e-03
  110.0    1.4714e-03    1.2629e-03    1.6509e-01    1.0862e-04
  113.0    1.5096e-03    1.2629e-03    1.9534e-01   -2.9866e-03
  116.0    1.1956e-03    1.2629e-03   -5.3307e-02    6.4786e-04
  119.0    1.0188e-03    1.2629e-03   -1.9328e-01   -4.2252e-03
  122.0    9.6406e-04    1.2629e-03   -2.3665e-01   -1.2407e-03
  125.0    9.5172e-04    1.2629e-03   -2.4642e-01   -1.8618e-03
  128.0    1.1620e-03    1.2629e-03   -7.9960e-02    3.0257e-03
  131.0    1.5497e-03    1.2629e-03    2.2707e-01    1.1886e-03

fitted parameters ( nfit =  0  nfollow =  0  )

   r-factora =    0.9721   r-factorb =    0.9966

    0     8.00     71.0    3.905           general vinner tdebye lattice
    1  0.05900  2.91548  2.23607  2.23607  layer spacing length units
    2  0.39500  0.50000  1.00000  1.00000  layer spacing length units
    3  0.00000  0.50000  1.00000  1.00000  layer spacing length units
    4  0.00000  0.00000  1.00000  1.00000  layer spacing length units
    5  0.49730  0.70711  1.00000  1.00000  layer spacing length units
    6  0.00000  0.00000  1.00000  1.00000  layer spacing length units
    7  0.50615  0.00000  1.00000  1.00000  layer spacing length units
    8  0.00000  0.50000  1.00000  1.00000  layer spacing length units
    9  0.00000  0.50000  1.00000  1.00000  layer spacing length units
   10  0.50000  0.70711  1.00000  1.00000  layer spacing length units
   11  0.00000  0.50000  1.00000  1.00000  layer spacing length units
   12  0.00000  0.50000  1.00000  1.00000  layer spacing length units
   13  0.50000  0.70711  1.00000  1.00000  layer spacing length units
   14  0.00000  0.00000  1.00000  1.00000  layer spacing length units
                                           unit: lattice constant

   r-factora=sum((chic-chie)*(chic-chie))/(sum(chic*chic+chie*chie)
   r-factorb=sum(chic*chic-chie*chie)/sum(chic*chic+chie*chie)

This calculation took    8 processor minutes on    5 Linux Cluster
     starting on Fri Jan 24 10:11:11 2025
   and ending on Fri Jan 24 10:12:52 2025

